-----------------------------------------------------------------------------------------------------------------------------------------------------
Name                              MW       Cp@298K        H@298K        G@298K        S@298K      Cp@1000K       H@1000K       G@1000K       S@1000K 
                           [kg/kmol]   [cal/mol/K]    [kcal/mol]    [kcal/mol]   [cal/mol/K]   [cal/mol/K]    [kcal/mol]    [kcal/mol]   [cal/mol/K] 
-----------------------------------------------------------------------------------------------------------------------------------------------------
NC16H34                     226.4480       88.6710      -89.4333     -146.8446      192.6554      202.1707       19.5961     -347.2135      366.8097
N2                           28.0140        6.9601       -0.0010      -13.6455       45.7869        7.8072        5.1295      -49.3995       54.5290
NC16H34(L)                  226.4480       88.6710      -89.4333     -146.8446      192.6554      202.1707       19.5961     -347.2135      366.8097
-----------------------------------------------------------------------------------------------------------------------------------------------------

 ====================================================================================================
   THERMO TABLE FOR MOLECULE NC16H34
 ====================================================================================================
   Elemental Composition:
     C 16.0000
     H 34.0000
   Formation Enthalpy at 298K =          -89.4333 kcal/mol
   Formation Free Gibbs Energy at 298K = -146.8446 kcal/mol
   Molecular Weight =                    226.4480 kg/kmol
 -----------------------------------------------------------------------------------------------------
   Temperature       Cp             H             G            S             DH            DG         
       [K]       [cal/mol/K]    [kcal/mol]    [kcal/mol]  [cal/(mol-K)]  [kcal/mol]     [kcal/mol]    
 -----------------------------------------------------------------------------------------------------
     300.0000      89.1913       -89.2554      -147.2305     193.2502      0.1779        -0.3859       
     600.0000      152.3417      -52.3302      -217.9534     276.0386      37.1031       -71.1088      
     800.0000      181.0922      -18.8392      -278.0505     324.0141      70.5941       -131.2059     
     1000.0000     202.1707      19.5961       -347.2135     366.8097      109.0294      -200.3689     
     1200.0000     217.6722      61.6582       -424.4748     405.1109      151.0915      -277.6302     
     1400.0000     229.2336      106.4051      -509.0024     439.5767      195.8384      -362.1578     
     1600.0000     237.8618      153.1428      -600.0871     470.7687      242.5761      -453.2425     
     1800.0000     244.9171      201.4450      -697.1266     499.2064      290.8783      -550.2820     
     2000.0000     250.6230      251.0197      -799.6148     525.3172      340.4530      -652.7702     
     2200.0000     255.1857      301.6180      -907.1202     549.4264      391.0513      -760.2756     
     2400.0000     258.7948      353.0305      -1019.2692    571.7915      442.4638      -872.4246     
     2600.0000     261.6224      405.0839      -1135.7346    592.6225      494.5172      -988.8900     
 -----------------------------------------------------------------------------------------------------


 ====================================================================================================
   THERMO TABLE FOR MOLECULE N2
 ====================================================================================================
   Elemental Composition:
     N 2.0000
   Formation Enthalpy at 298K =          -0.0010 kcal/mol
   Formation Free Gibbs Energy at 298K = -13.6455 kcal/mol
   Molecular Weight =                    28.0140 kg/kmol
 -----------------------------------------------------------------------------------------------------
   Temperature       Cp             H             G            S             DH            DG         
       [K]       [cal/mol/K]    [kcal/mol]    [kcal/mol]  [cal/(mol-K)]  [kcal/mol]     [kcal/mol]    
 -----------------------------------------------------------------------------------------------------
     300.0000      6.9604        0.0129        -13.7372      45.8335       0.0139        -0.0916       
     600.0000      7.1917        2.1263        -28.2983      50.7077       2.1274        -14.6528      
     800.0000      7.5111        3.5955        -38.6595      52.8187       3.5965        -25.0140      
     1000.0000     7.8072        5.1295        -49.3995      54.5290       5.1305        -35.7540      
     1200.0000     8.0375        6.7147        -60.4535      55.9734       6.7157        -46.8079      
     1400.0000     8.2274        8.3418        -71.7762      57.2272       8.3428        -58.1307      
     1600.0000     8.3824        10.0033       -83.3347      58.3363       10.0043       -69.6892      
     1800.0000     8.5073        11.6927       -95.1031      59.3310       11.6938       -81.4576      
     2000.0000     8.6068        13.4045       -107.0609     60.2327       13.4056       -93.4154      
     2200.0000     8.6851        15.1340       -119.1911     61.0569       15.1351       -105.5455     
     2400.0000     8.7461        16.8774       -131.4793     61.8153       16.8784       -117.8338     
     2600.0000     8.7934        18.6315       -143.9134     62.5173       18.6326       -130.2679     
 -----------------------------------------------------------------------------------------------------


 ====================================================================================================
   THERMO TABLE FOR MOLECULE NC16H34(L)
 ====================================================================================================
   Elemental Composition:
     C 16.0000
     H 34.0000
   Formation Enthalpy at 298K =          -89.4333 kcal/mol
   Formation Free Gibbs Energy at 298K = -146.8446 kcal/mol
   Molecular Weight =                    226.4480 kg/kmol
 -----------------------------------------------------------------------------------------------------
   Temperature       Cp             H             G            S             DH            DG         
       [K]       [cal/mol/K]    [kcal/mol]    [kcal/mol]  [cal/(mol-K)]  [kcal/mol]     [kcal/mol]    
 -----------------------------------------------------------------------------------------------------
     300.0000      89.1913       -89.2554      -147.2305     193.2502      0.1779        -0.3859       
     600.0000      152.3417      -52.3302      -217.9534     276.0386      37.1031       -71.1088      
     800.0000      181.0922      -18.8392      -278.0505     324.0141      70.5941       -131.2059     
     1000.0000     202.1707      19.5961       -347.2135     366.8097      109.0294      -200.3689     
     1200.0000     217.6722      61.6582       -424.4748     405.1109      151.0915      -277.6302     
     1400.0000     229.2336      106.4051      -509.0024     439.5767      195.8384      -362.1578     
     1600.0000     237.8618      153.1428      -600.0871     470.7687      242.5761      -453.2425     
     1800.0000     244.9171      201.4450      -697.1266     499.2064      290.8783      -550.2820     
     2000.0000     250.6230      251.0197      -799.6148     525.3172      340.4530      -652.7702     
     2200.0000     255.1857      301.6180      -907.1202     549.4264      391.0513      -760.2756     
     2400.0000     258.7948      353.0305      -1019.2692    571.7915      442.4638      -872.4246     
     2600.0000     261.6224      405.0839      -1135.7346    592.6225      494.5172      -988.8900     
 -----------------------------------------------------------------------------------------------------


