 ----------------------------------------------------------------------------------------------------------------------------------------------------------------------------------------------------------------------------------------------------------
                     SPECIFIC HEAT COEFFICIENTS                                                                     

             Cp = A + B*T + C*T^2 + D*T^3 + E*T^4  [J/kg/K]                                                         

    Species                      Cp(298K)         Cp(1000K)          LT-HT            A(LT)            B(LT)            C(LT)            D(LT)            E(LT)             A(HT)           B(HT)            C(HT)            D(HT)           E(HT)      
 ----------------------------------------------------------------------------------------------------------------------------------------------------------------------------------------------------------------------------------------------------------

    1. CH3CO2H                  1.055999e+03     2.321219e+03     1.000000e+03     3.862188e+02     1.384463e+00     4.743063e-03    -7.047762e-06     2.855236e-09     1.062062e+03     1.871247e+00    -7.280960e-04     1.236653e-07    -7.659027e-12
    2. N2                       1.039619e+03     1.166151e+03     1.000000e+03     1.049484e+03    -4.697429e-02    -1.267275e-04     7.050185e-07    -4.146493e-10     8.719975e+02     4.209706e-01    -1.493721e-04     2.396798e-08    -1.412943e-12
    3. CH3CO2H(L)               1.055999e+03     2.321219e+03     1.000000e+03     3.862188e+02     1.384463e+00     4.743063e-03    -7.047762e-06     2.855236e-09     1.062062e+03     1.871247e+00    -7.280960e-04     1.236653e-07    -7.659027e-12

 ----------------------------------------------------------------------------------------------------------------------------------------------------------------------------------------------------------------------------------------------------------


 -------------------------------------------------------------------------------------------------------------------------------------------------------------------------------------------------------------------------------------------------------------------------------------------
                           ENTHALPY COEFFICIENTS                                                                     

             H/(RT) = A + B*T + C*T^2 + D*T^3 + E*T^4 + F/T  [-]                                                         

    Species                   H(298K)[J/kmol]  H(1000K)[J/kmol]      LT-HT            A(LT)            B(LT)            C(LT)            D(LT)            E(LT)           F(LT)             A(HT)            B(HT)            C(HT)           D(HT)             E(HT)            F(HT)      
 -------------------------------------------------------------------------------------------------------------------------------------------------------------------------------------------------------------------------------------------------------------------------------------------

    1. CH3CO2H                 -4.322561e+08    -3.564269e+08     1.000000e+03     2.789502e+00     4.999709e-03     1.141907e-05    -1.272578e-08     4.124444e-12    -5.347525e+04     7.670846e+00     6.757630e-03    -1.752914e-06     2.232961e-10    -1.106361e-14    -5.575610e+04
    2. N2                      -4.368615e+03     2.146391e+07     1.000000e+03     3.536035e+00    -7.913547e-05    -1.423281e-07     5.938565e-10    -2.794164e-13    -1.047496e+03     2.938030e+00     7.091902e-04    -1.677603e-07     2.018889e-11    -9.521286e-16    -9.171810e+02
    3. CH3CO2H(L)              -4.322561e+08    -3.564269e+08     1.000000e+03     2.789502e+00     4.999709e-03     1.141907e-05    -1.272578e-08     4.124444e-12    -5.347525e+04     7.670846e+00     6.757630e-03    -1.752914e-06     2.232961e-10    -1.106361e-14    -5.575610e+04

 -------------------------------------------------------------------------------------------------------------------------------------------------------------------------------------------------------------------------------------------------------------------------------------------


 -------------------------------------------------------------------------------------------------------------------------------------------------------------------------------------------------------------------------------------------------------------------------------------------
                             ENTROPY COEFFICIENTS                                                                     

             S/R = A*lnT + B*T + C*T^2 + D*T^3 + E*T^4 + F  [-]                                                         

    Species                 S(298K)[J/kmol/K] S(1000K)[J/kmol/K]     LT-HT            A(LT)            B(LT)            C(LT)            D(LT)            E(LT)           F(LT)             A(HT)            B(HT)            C(HT)           D(HT)             E(HT)            F(HT)      
 -------------------------------------------------------------------------------------------------------------------------------------------------------------------------------------------------------------------------------------------------------------------------------------------

    1. CH3CO2H                  2.834393e+05     4.048343e+05     1.000000e+03     2.789502e+00     9.999417e-03     1.712861e-05    -1.696771e-08     5.155555e-12     1.410531e+01     7.670846e+00     1.351526e-02    -2.629372e-06     2.977282e-10    -1.382951e-14    -1.546773e+01
    2. N2                       1.915921e+05     2.281728e+05     1.000000e+03     3.536035e+00    -1.582709e-04    -2.134921e-07     7.918086e-10    -3.492705e-13     2.946037e+00     2.938030e+00     1.418380e-03    -2.516405e-07     2.691852e-11    -1.190161e-15     5.955220e+00
    3. CH3CO2H(L)               2.834393e+05     4.048343e+05     1.000000e+03     2.789502e+00     9.999417e-03     1.712861e-05    -1.696771e-08     5.155555e-12     1.410531e+01     7.670846e+00     1.351526e-02    -2.629372e-06     2.977282e-10    -1.382951e-14    -1.546773e+01

 -------------------------------------------------------------------------------------------------------------------------------------------------------------------------------------------------------------------------------------------------------------------------------------------


