-----------------------------------------------------------------------------------------------------------------------------------------------------
Name                              MW       Cp@298K        H@298K        G@298K        S@298K      Cp@1000K       H@1000K       G@1000K       S@1000K 
                           [kg/kmol]   [cal/mol/K]    [kcal/mol]    [kcal/mol]   [cal/mol/K]   [cal/mol/K]    [kcal/mol]    [kcal/mol]   [cal/mol/K] 
-----------------------------------------------------------------------------------------------------------------------------------------------------
CH3CO2H                      60.0520       15.1550     -103.3011     -123.4866       67.7367       33.3125      -85.1793     -181.9271       96.7478
N2                           28.0140        6.9601       -0.0010      -13.6455       45.7869        7.8072        5.1295      -49.3995       54.5290
CH3CO2H(L)                   60.0520       15.1550     -103.3011     -123.4866       67.7367       33.3125      -85.1793     -181.9271       96.7478
-----------------------------------------------------------------------------------------------------------------------------------------------------

 ====================================================================================================
   THERMO TABLE FOR MOLECULE CH3CO2H
 ====================================================================================================
   Elemental Composition:
     C 2.0000
     H 4.0000
     O 2.0000
   Formation Enthalpy at 298K =          -103.3011 kcal/mol
   Formation Free Gibbs Energy at 298K = -123.4866 kcal/mol
   Molecular Weight =                    60.0520 kg/kmol
 -----------------------------------------------------------------------------------------------------
   Temperature       Cp             H             G            S             DH            DG         
       [K]       [cal/mol/K]    [kcal/mol]    [kcal/mol]  [cal/(mol-K)]  [kcal/mol]     [kcal/mol]    
 -----------------------------------------------------------------------------------------------------
     300.0000      15.2306       -103.2707     -123.6222     67.8383       0.0304        -0.1356       
     600.0000      25.4322       -97.0921      -146.1138     81.7027       6.2089        -22.6272      
     800.0000      30.0000       -91.5177      -163.2693     89.6895       11.7833       -39.7827      
     1000.0000     33.3125       -85.1793      -181.9271     96.7478       18.1217       -58.4405      
     1200.0000     35.2599       -78.3149      -201.9150     103.0001      24.9862       -78.4284      
     1400.0000     36.8061       -71.1021      -223.0809     108.5563      32.1990       -99.5943      
     1600.0000     38.0090       -63.6153      -245.3003     113.5531      39.6857       -121.8137     
     1800.0000     38.9220       -55.9178      -268.4712     118.0852      47.3832       -144.9846     
     2000.0000     39.5945       -48.0625      -292.5081     122.2228      55.2385       -169.0215     
     2200.0000     40.0716       -40.0930      -317.3377     126.0203      63.2080       -193.8511     
     2400.0000     40.3941       -32.0442      -342.8965     129.5218      71.2569       -219.4099     
     2600.0000     40.5986       -23.9433      -369.1291     132.7638      79.3578       -245.6425     
 -----------------------------------------------------------------------------------------------------


 ====================================================================================================
   THERMO TABLE FOR MOLECULE N2
 ====================================================================================================
   Elemental Composition:
     N 2.0000
   Formation Enthalpy at 298K =          -0.0010 kcal/mol
   Formation Free Gibbs Energy at 298K = -13.6455 kcal/mol
   Molecular Weight =                    28.0140 kg/kmol
 -----------------------------------------------------------------------------------------------------
   Temperature       Cp             H             G            S             DH            DG         
       [K]       [cal/mol/K]    [kcal/mol]    [kcal/mol]  [cal/(mol-K)]  [kcal/mol]     [kcal/mol]    
 -----------------------------------------------------------------------------------------------------
     300.0000      6.9604        0.0129        -13.7372      45.8335       0.0139        -0.0916       
     600.0000      7.1917        2.1263        -28.2983      50.7077       2.1274        -14.6528      
     800.0000      7.5111        3.5955        -38.6595      52.8187       3.5965        -25.0140      
     1000.0000     7.8072        5.1295        -49.3995      54.5290       5.1305        -35.7540      
     1200.0000     8.0375        6.7147        -60.4535      55.9734       6.7157        -46.8079      
     1400.0000     8.2274        8.3418        -71.7762      57.2272       8.3428        -58.1307      
     1600.0000     8.3824        10.0033       -83.3347      58.3363       10.0043       -69.6892      
     1800.0000     8.5073        11.6927       -95.1031      59.3310       11.6938       -81.4576      
     2000.0000     8.6068        13.4045       -107.0609     60.2327       13.4056       -93.4154      
     2200.0000     8.6851        15.1340       -119.1911     61.0569       15.1351       -105.5455     
     2400.0000     8.7461        16.8774       -131.4793     61.8153       16.8784       -117.8338     
     2600.0000     8.7934        18.6315       -143.9134     62.5173       18.6326       -130.2679     
 -----------------------------------------------------------------------------------------------------


 ====================================================================================================
   THERMO TABLE FOR MOLECULE CH3CO2H(L)
 ====================================================================================================
   Elemental Composition:
     C 2.0000
     H 4.0000
     O 2.0000
   Formation Enthalpy at 298K =          -103.3011 kcal/mol
   Formation Free Gibbs Energy at 298K = -123.4866 kcal/mol
   Molecular Weight =                    60.0520 kg/kmol
 -----------------------------------------------------------------------------------------------------
   Temperature       Cp             H             G            S             DH            DG         
       [K]       [cal/mol/K]    [kcal/mol]    [kcal/mol]  [cal/(mol-K)]  [kcal/mol]     [kcal/mol]    
 -----------------------------------------------------------------------------------------------------
     300.0000      15.2306       -103.2707     -123.6222     67.8383       0.0304        -0.1356       
     600.0000      25.4322       -97.0921      -146.1138     81.7027       6.2089        -22.6272      
     800.0000      30.0000       -91.5177      -163.2693     89.6895       11.7833       -39.7827      
     1000.0000     33.3125       -85.1793      -181.9271     96.7478       18.1217       -58.4405      
     1200.0000     35.2599       -78.3149      -201.9150     103.0001      24.9862       -78.4284      
     1400.0000     36.8061       -71.1021      -223.0809     108.5563      32.1990       -99.5943      
     1600.0000     38.0090       -63.6153      -245.3003     113.5531      39.6857       -121.8137     
     1800.0000     38.9220       -55.9178      -268.4712     118.0852      47.3832       -144.9846     
     2000.0000     39.5945       -48.0625      -292.5081     122.2228      55.2385       -169.0215     
     2200.0000     40.0716       -40.0930      -317.3377     126.0203      63.2080       -193.8511     
     2400.0000     40.3941       -32.0442      -342.8965     129.5218      71.2569       -219.4099     
     2600.0000     40.5986       -23.9433      -369.1291     132.7638      79.3578       -245.6425     
 -----------------------------------------------------------------------------------------------------


