------------------------------
  Elements     Atomic Weight  
------------------------------
  1.	C         12.01099968
  2.	H          1.00800002
------------------------------


----------------------------------------------------------------------------------------------
                                                Molecular        Temperature        Elements
  Species                  Phase  Charge         weight         Low      High       C       H
----------------------------------------------------------------------------------------------
    1. NC7H16                G      0          100.204998    300.00   4000.00       7      16
----------------------------------------------------------------------------------------------

----------------------------------------------------------------------------------------------
                                                Molecular        Temperature        Elements
  Species                  Phase  Charge         weight         Low      High       C       H
----------------------------------------------------------------------------------------------
    1. NC7H16                G      0          100.204998    300.00   4000.00       7      16
----------------------------------------------------------------------------------------------

------------------------------------------------------------------------------------------------------------------
  Species                  Shape       eps/kb          sigma             mu           alfa        zRot298         
------------------------------------------------------------------------------------------------------------------
    1. NC7H16                2       459.9800         6.3100         0.0000         0.0000         1.0000
------------------------------------------------------------------------------------------------------------------


------------------------------------------------------------------------------------------------------------------
  Species                  Shape       eps/kb          sigma             mu           alfa        zRot298         
------------------------------------------------------------------------------------------------------------------
    1. NC7H16                2       459.9800         6.3100         0.0000         0.0000         1.0000
------------------------------------------------------------------------------------------------------------------


---------------------------------------------------------------------------------------
                                  CHEMICAL REACTIONS                                   

                          Units: [mol, cm3, s] and [cal/mol]                           
---------------------------------------------------------------------------------------


