------------------------------
  Elements     Atomic Weight  
------------------------------
  1.	C         12.01099968
  2.	H          1.00800002
------------------------------


----------------------------------------------------------------------------------------------
                                                Molecular        Temperature        Elements
  Species                  Phase  Charge         weight         Low      High       C       H
----------------------------------------------------------------------------------------------
    1. NC7H16                G      0          100.204998    300.00   3500.00       7      16
    2. NC7H16(L)             L      0          100.204998    300.00   3500.00       7      16
----------------------------------------------------------------------------------------------

----------------------------------------------------------------------------------------------
                                                Molecular        Temperature        Elements
  Species                  Phase  Charge         weight         Low      High       C       H
----------------------------------------------------------------------------------------------
    1. NC7H16                G      0          100.204998    300.00   3500.00       7      16
    2. NC7H16(L)             L      0          100.204998    300.00   3500.00       7      16
----------------------------------------------------------------------------------------------

---------------------------------------------------------------------------------------
                                LIQUID MECHANISM                                       
---------------------------------------------------------------------------------------

       Number of materials:       1
       Number of liquid species:   1

       Materials: 
       LIQUIDMIX

       ------------------------------------------------------------------------------------------------------------------
       LIQUIDMIX               global-index    liquid-index    local-index     
       ------------------------------------------------------------------------------------------------------------------
       NC7H16(L)               2               1               1               

--------------------------------------------------------------------------------------------------------
                                  CHEMICAL REACTIONS                                                  

                         Units: [kmol, m3, s] and [cal/mol]                                           
--------------------------------------------------------------------------------------------------------


