-----------------------------------------------------------------------------------------------------------------------------------------------------
Name                              MW       Cp@298K        H@298K        G@298K        S@298K      Cp@1000K       H@1000K       G@1000K       S@1000K 
                           [kg/kmol]   [cal/mol/K]    [kcal/mol]    [kcal/mol]   [cal/mol/K]   [cal/mol/K]    [kcal/mol]    [kcal/mol]   [cal/mol/K] 
-----------------------------------------------------------------------------------------------------------------------------------------------------
NC7H16                      100.2050       39.5680      -45.0105      -75.4781      102.2402       91.1739        3.9157     -176.3749      180.2907
NC7H16(L)                   100.2050       40.1057      -44.5325      -75.4821      103.8578       91.5813        4.7629     -177.7926      182.5554
-----------------------------------------------------------------------------------------------------------------------------------------------------

 ====================================================================================================
   THERMO TABLE FOR MOLECULE NC7H16
 ====================================================================================================
   Elemental Composition:
     C 7.0000
     H 16.0000
   Formation Enthalpy at 298K =          -45.0105 kcal/mol
   Formation Free Gibbs Energy at 298K = -75.4781 kcal/mol
   Molecular Weight =                    100.2050 kg/kmol
 -----------------------------------------------------------------------------------------------------
   Temperature       Cp             H             G            S             DH            DG         
       [K]       [cal/mol/K]    [kcal/mol]    [kcal/mol]  [cal/(mol-K)]  [kcal/mol]     [kcal/mol]    
 -----------------------------------------------------------------------------------------------------
     300.0000      39.7974       -44.9312      -75.6828      102.5056      0.0794        -0.2047       
     600.0000      68.2414       -28.4404      -112.1218     139.4689      16.5701       -36.6437      
     800.0000      81.4823       -13.4013      -142.2093     161.0100      31.6092       -66.7312      
     1000.0000     91.1739       3.9157        -176.3749     180.2907      48.9263       -100.8968     
     1200.0000     97.6399       22.8134       -214.1866     197.5001      67.8240       -138.7085     
     1400.0000     103.1819      42.9101       -255.2600     212.9787      87.9207       -179.7819     
     1600.0000     107.9063      64.0317       -299.2861     227.0736      109.0422      -223.8080     
     1800.0000     111.9125      86.0248       -346.0131     240.0210      131.0353      -270.5350     
     2000.0000     115.2927      108.7550      -395.2295     251.9923      153.7655      -319.7514     
     2200.0000     118.1319      132.1058      -446.7537     263.1180      177.1163      -371.2756     
     2400.0000     120.5082      155.9769      -500.4273     273.5018      200.9875      -424.9492     
     2600.0000     122.4921      180.2829      -556.1106     283.2283      225.2935      -480.6325     
 -----------------------------------------------------------------------------------------------------


 ====================================================================================================
   THERMO TABLE FOR MOLECULE NC7H16(L)
 ====================================================================================================
   Elemental Composition:
     C 7.0000
     H 16.0000
   Formation Enthalpy at 298K =          -44.5325 kcal/mol
   Formation Free Gibbs Energy at 298K = -75.4821 kcal/mol
   Molecular Weight =                    100.2050 kg/kmol
 -----------------------------------------------------------------------------------------------------
   Temperature       Cp             H             G            S             DH            DG         
       [K]       [cal/mol/K]    [kcal/mol]    [kcal/mol]  [cal/(mol-K)]  [kcal/mol]     [kcal/mol]    
 -----------------------------------------------------------------------------------------------------
     300.0000      40.3353       -44.4520      -75.6901      104.1269      0.0804        -0.2080       
     600.0000      68.8016       -27.7955      -112.6788     141.4722      16.7370       -37.1967      
     800.0000      81.9990       -12.6475      -143.1836     163.1701      31.8849       -67.7015      
     1000.0000     91.5813       4.7629        -177.7926     182.5554      49.2953       -102.3104     
     1200.0000     98.5345       23.8095       -216.0696     199.8992      68.3420       -140.5875     
     1400.0000     103.9518      44.0740       -257.6365     215.5075      88.6065       -182.1544     
     1600.0000     109.0340      65.3676       -302.1793     229.7168      109.9001      -226.6972     
     1800.0000     115.0894      87.7523       -349.4542     242.8925      132.2847      -273.9721     
     2000.0000     123.5338      111.5624      -399.2935     255.4280      156.0949      -323.8114     
     2200.0000     135.8904      137.4264      -451.6107     267.7441      181.9588      -376.1286     
     2400.0000     153.7900      166.2879      -506.4064     280.2893      210.8203      -430.9243     
     2600.0000     178.9707      199.4275      -563.7733     293.5388      243.9600      -488.2912     
 -----------------------------------------------------------------------------------------------------


