------------------------------
  Elements     Atomic Weight  
------------------------------
  1.	C         12.01099968
  2.	H          1.00800002
  3.	O         15.99899960
  4.	N         14.00699997
------------------------------


--------------------------------------------------------------------------------------------------------------
                                                Molecular        Temperature        Elements
  Species                  Phase  Charge         weight         Low      High       C       H       O       N
--------------------------------------------------------------------------------------------------------------
    1. CO2                   G      0           44.008999    200.00   6000.00       1       0       2       0
    2. CH4                   G      0           16.043000    300.00   4000.00       1       4       0       0
    3. CH3                   G      0           15.035000    300.00   4000.00       1       3       0       0
    4. CH2                   G      0           14.027000    300.00   4000.00       1       2       0       0
    5. CH2(S)                G      0           14.027000    300.00   4000.00       1       2       0       0
    6. CH3OH                 G      0           32.041999    300.00   4000.00       1       4       1       0
    7. CH3O                  G      0           31.033999    300.00   4000.00       1       3       1       0
    8. CH2OH                 G      0           31.033999    300.00   4000.00       1       3       1       0
    9. CH2O                  G      0           30.025999    300.00   4000.00       1       2       1       0
   10. HCO                   G      0           29.017999    200.00   6000.00       1       1       1       0
   11. N2                    G      0           28.014000    200.00   6000.00       0       0       0       2
   12. H2                    G      0            2.016000    200.00   6000.00       0       2       0       0
   13. H                     G      0            1.008000    200.00   6000.00       0       1       0       0
   14. O2                    G      0           31.997999    200.00   6000.00       0       0       2       0
   15. O                     G      0           15.999000    200.00   6000.00       0       0       1       0
   16. H2O                   G      0           18.015000    200.00   6000.00       0       2       1       0
   17. OH                    G      0           17.007000    200.00   6000.00       0       1       1       0
   18. H2O2                  G      0           34.013999    200.00   6000.00       0       2       2       0
   19. HO2                   G      0           33.005999    200.00   6000.00       0       1       2       0
   20. CO                    G      0           28.009999    200.00   6000.00       1       0       1       0
   21. CH3OH(L)              L      0           32.041999    300.00   4000.00       1       4       1       0
   22. H2O(L)                L      0           18.015000    300.00   4000.00       0       2       1       0
--------------------------------------------------------------------------------------------------------------

--------------------------------------------------------------------------------------------------------------
                                                Molecular        Temperature        Elements
  Species                  Phase  Charge         weight         Low      High       C       H       O       N
--------------------------------------------------------------------------------------------------------------
   11. N2                    G      0           28.014000    200.00   6000.00       0       0       0       2
   15. O                     G      0           15.999000    200.00   6000.00       0       0       1       0
   14. O2                    G      0           31.997999    200.00   6000.00       0       0       2       0
   13. H                     G      0            1.008000    200.00   6000.00       0       1       0       0
   17. OH                    G      0           17.007000    200.00   6000.00       0       1       1       0
   19. HO2                   G      0           33.005999    200.00   6000.00       0       1       2       0
   12. H2                    G      0            2.016000    200.00   6000.00       0       2       0       0
   16. H2O                   G      0           18.015000    200.00   6000.00       0       2       1       0
   22. H2O(L)                L      0           18.015000    300.00   4000.00       0       2       1       0
   18. H2O2                  G      0           34.013999    200.00   6000.00       0       2       2       0
   20. CO                    G      0           28.009999    200.00   6000.00       1       0       1       0
    1. CO2                   G      0           44.008999    200.00   6000.00       1       0       2       0
   10. HCO                   G      0           29.017999    200.00   6000.00       1       1       1       0
    4. CH2                   G      0           14.027000    300.00   4000.00       1       2       0       0
    5. CH2(S)                G      0           14.027000    300.00   4000.00       1       2       0       0
    9. CH2O                  G      0           30.025999    300.00   4000.00       1       2       1       0
    3. CH3                   G      0           15.035000    300.00   4000.00       1       3       0       0
    7. CH3O                  G      0           31.033999    300.00   4000.00       1       3       1       0
    8. CH2OH                 G      0           31.033999    300.00   4000.00       1       3       1       0
    2. CH4                   G      0           16.043000    300.00   4000.00       1       4       0       0
    6. CH3OH                 G      0           32.041999    300.00   4000.00       1       4       1       0
   21. CH3OH(L)              L      0           32.041999    300.00   4000.00       1       4       1       0
--------------------------------------------------------------------------------------------------------------

---------------------------------------------------------------------------------------
                                LIQUID MECHANISM                                       
---------------------------------------------------------------------------------------

       Number of materials:       1
       Number of liquid species:   2

       Materials: 
       LIQUIDMIX

       ------------------------------------------------------------------------------------------------------------------
       LIQUIDMIX               global-index    liquid-index    local-index     
       ------------------------------------------------------------------------------------------------------------------
       CH3OH(L)                21              1               1               
       H2O(L)                  22              2               2               

--------------------------------------------------------------------------------------------------------
                                  CHEMICAL REACTIONS                                                  

                         Units: [kmol, m3, s] and [cal/mol]                                           
--------------------------------------------------------------------------------------------------------


