-----------------------------------------------------------------------------------------------------------------------------------------------------
Name                              MW       Cp@298K        H@298K        G@298K        S@298K      Cp@1000K       H@1000K       G@1000K       S@1000K 
                           [kg/kmol]   [cal/mol/K]    [kcal/mol]    [kcal/mol]   [cal/mol/K]   [cal/mol/K]    [kcal/mol]    [kcal/mol]   [cal/mol/K] 
-----------------------------------------------------------------------------------------------------------------------------------------------------
CO2                          44.0090        8.8729      -94.0343     -109.2578       51.0856       12.9840      -86.0501     -150.4070       64.3569
CH4                          16.0430        8.5282      -17.8292      -31.1005       44.5346       17.6207       -8.5856      -67.9261       59.3405
CH3                          15.0350        9.1798       35.0571       21.2420       46.3595       14.0874       43.3191      -16.6935       60.0126
CH2                          14.0270        8.3671       93.4881       79.6436       46.4580       10.5877      100.1640       42.4538       57.7102
CH2(S)                       14.0270        8.0728      102.4738       88.9995       45.2158       10.5738      108.9709       52.8578       56.1131
CH3OH                        32.0420       10.2539      -48.0365      -65.1735       57.5067       21.3790      -36.5385     -112.4825       75.9440
CH3O                         31.0340       10.1639        5.0410      -11.6419       55.9829       19.6989       16.0428      -57.7369       73.7797
CH2OH                        31.0340       11.3258       -4.1122      -21.4993       58.3460       18.4392        6.7507      -69.4571       76.2078
CH2O                         30.0260        8.4558      -26.0893      -41.6675       52.2759       14.8153      -17.7750      -83.5860       65.8110
HCO                          29.0180        8.2681        9.9889       -5.9837       53.5993       11.6621       17.0401      -48.2949       65.3351
N2                           28.0140        6.9601       -0.0010      -13.6455       45.7869        7.8072        5.1295      -49.3995       54.5290
H2                            2.0160        6.8910       -0.0010       -9.3065       31.2266        7.1996        4.9435      -34.7834       39.7269
H                             1.0080        4.9675       52.0966       43.9276       27.4127        4.9675       55.5838       22.1571       33.4267
O2                           31.9980        7.0204       -0.0011      -14.6100       49.0232        8.3367        5.4260      -52.7859       58.2119
O                            15.9990        5.2365       59.5602       48.0909       38.4876        5.0027       63.1119       18.4733       44.6387
H2O                          18.0150        8.0267      -57.7947      -71.2414       45.1232        9.8652      -51.5799     -107.1994       55.6196
OH                           17.0070        7.1421        8.9583       -4.1261       43.9075        7.3371       13.9585      -38.5527       52.5111
H2O2                         34.0140       10.1369      -32.3732      -49.0741       56.0436       15.0622      -23.2871      -94.3972       71.1101
HO2                          33.0060        8.3531        2.9279      -13.3905       54.7597       11.5233       10.0382      -56.5912       66.6295
CO                           28.0100        6.9641      -26.4139      -40.4895       47.2335        7.9221      -21.2295      -77.2819       56.0524
CH3OH(L)                     32.0420       10.2539      -48.0365      -65.1735       57.5067       21.3790      -36.5385     -112.4825       75.9440
H2O(L)                       18.0150        8.0266      -57.7927      -71.2392       45.1223        9.8687      -51.5774     -107.1967       55.6193
-----------------------------------------------------------------------------------------------------------------------------------------------------

 ====================================================================================================
   THERMO TABLE FOR MOLECULE CO2
 ====================================================================================================
   Elemental Composition:
     C 1.0000
     O 2.0000
   Formation Enthalpy at 298K =          -94.0343 kcal/mol
   Formation Free Gibbs Energy at 298K = -109.2578 kcal/mol
   Molecular Weight =                    44.0090 kg/kmol
 -----------------------------------------------------------------------------------------------------
   Temperature       Cp             H             G            S             DH            DG         
       [K]       [cal/mol/K]    [kcal/mol]    [kcal/mol]  [cal/(mol-K)]  [kcal/mol]     [kcal/mol]    
 -----------------------------------------------------------------------------------------------------
     300.0000      8.8947        -94.0166      -109.3601     51.1450       0.0178        -0.1022       
     600.0000      11.3147       -90.9479      -125.8309     58.1382       3.0864        -16.5730      
     800.0000      12.2914       -88.5814      -137.8098     61.5356       5.4529        -28.5520      
     1000.0000     12.9840       -86.0501      -150.4070     64.3569       7.9842        -41.1492      
     1200.0000     13.4156       -83.4087      -163.5250     66.7636       10.6256       -54.2672      
     1400.0000     13.7679       -80.6892      -177.0918     68.8590       13.3452       -67.8339      
     1600.0000     14.0517       -77.9061      -191.0529     70.7167       16.1282       -81.7950      
     1800.0000     14.2771       -75.0724      -205.3659     72.3853       18.9620       -96.1080      
     2000.0000     14.4535       -72.1986      -219.9967     73.8990       21.8358       -110.7388     
     2200.0000     14.5895       -69.2937      -234.9169     75.2833       24.7407       -125.6590     
     2400.0000     14.6932       -66.3649      -250.1026     76.5574       27.6694       -140.8448     
     2600.0000     14.7717       -63.4181      -265.5335     77.7367       30.6163       -156.2757     
 -----------------------------------------------------------------------------------------------------


 ====================================================================================================
   THERMO TABLE FOR MOLECULE CH4
 ====================================================================================================
   Elemental Composition:
     C 1.0000
     H 4.0000
   Formation Enthalpy at 298K =          -17.8292 kcal/mol
   Formation Free Gibbs Energy at 298K = -31.1005 kcal/mol
   Molecular Weight =                    16.0430 kg/kmol
 -----------------------------------------------------------------------------------------------------
   Temperature       Cp             H             G            S             DH            DG         
       [K]       [cal/mol/K]    [kcal/mol]    [kcal/mol]  [cal/(mol-K)]  [kcal/mol]     [kcal/mol]    
 -----------------------------------------------------------------------------------------------------
     300.0000      8.5461        -17.8121      -31.1896      44.5917       0.0171        -0.0891       
     600.0000      12.6047       -14.6794      -45.6791      51.6662       3.1498        -14.5786      
     800.0000      15.3060       -11.8794      -56.4194      55.6750       5.9498        -25.3190      
     1000.0000     17.6207       -8.5856       -67.9261      59.3405       9.2436        -36.8256      
     1200.0000     19.4144       -4.8774       -80.1365      62.7159       12.9518       -49.0360      
     1400.0000     20.9445       -0.8374       -92.9948      65.8267       16.9918       -61.8944      
     1600.0000     22.2465       3.4852        -106.4521     68.7108       21.3144       -75.3516      
     1800.0000     23.3536       8.0482        -120.4660     71.3968       25.8774       -89.3655      
     2000.0000     24.2966       12.8157       -134.9991     73.9074       30.6449       -103.8987     
     2200.0000     25.1038       17.7578       -150.0185     76.2620       35.5870       -118.9181     
     2400.0000     25.8011       22.8499       -165.4946     78.4769       40.6791       -134.3941     
     2600.0000     26.4122       28.0725       -181.4010     80.5667       45.9017       -150.3005     
 -----------------------------------------------------------------------------------------------------


 ====================================================================================================
   THERMO TABLE FOR MOLECULE CH3
 ====================================================================================================
   Elemental Composition:
     C 1.0000
     H 3.0000
   Formation Enthalpy at 298K =          35.0571 kcal/mol
   Formation Free Gibbs Energy at 298K = 21.2420 kcal/mol
   Molecular Weight =                    15.0350 kg/kmol
 -----------------------------------------------------------------------------------------------------
   Temperature       Cp             H             G            S             DH            DG         
       [K]       [cal/mol/K]    [kcal/mol]    [kcal/mol]  [cal/(mol-K)]  [kcal/mol]     [kcal/mol]    
 -----------------------------------------------------------------------------------------------------
     300.0000      9.1952        35.0755       21.1492       46.4209       0.0184        -0.0928       
     600.0000      11.5012       38.1837       6.0776        53.5101       3.1265        -15.1644      
     800.0000      12.8625       40.6231       -4.9846       57.0097       5.5660        -26.2266      
     1000.0000     14.0874       43.3191       -16.6935      60.0126       8.2620        -37.9355      
     1200.0000     15.0705       46.2378       -28.9669      62.6706       11.1807       -50.2089      
     1400.0000     15.8908       49.3365       -41.7437      65.0573       14.2794       -62.9857      
     1600.0000     16.5685       52.5846       -54.9752      67.2249       17.5275       -76.2172      
     1800.0000     17.1229       55.9557       -68.6215      69.2095       20.8986       -89.8635      
     2000.0000     17.5715       59.4267       -82.6486      71.0377       24.3696       -103.8906     
     2200.0000     17.9306       62.9783       -97.0275      72.7299       27.9212       -118.2695     
     2400.0000     18.2153       66.5940       -111.7326     74.3028       31.5369       -132.9746     
     2600.0000     18.4392       70.2604       -126.7416     75.7700       35.2033       -147.9835     
 -----------------------------------------------------------------------------------------------------


 ====================================================================================================
   THERMO TABLE FOR MOLECULE CH2
 ====================================================================================================
   Elemental Composition:
     C 1.0000
     H 2.0000
   Formation Enthalpy at 298K =          93.4881 kcal/mol
   Formation Free Gibbs Energy at 298K = 79.6436 kcal/mol
   Molecular Weight =                    14.0270 kg/kmol
 -----------------------------------------------------------------------------------------------------
   Temperature       Cp             H             G            S             DH            DG         
       [K]       [cal/mol/K]    [kcal/mol]    [kcal/mol]  [cal/(mol-K)]  [kcal/mol]     [kcal/mol]    
 -----------------------------------------------------------------------------------------------------
     300.0000      8.3743        93.5048       79.5506       46.5140       0.0167        -0.0930       
     600.0000      9.3885        96.1736       64.5898       52.6396       2.6855        -15.0538      
     800.0000      9.9713        98.1103       53.7732       55.4214       4.6222        -25.8704      
     1000.0000     10.5877       100.1640      42.4538       57.7102       6.6760        -37.1898      
     1200.0000     11.1226       102.3366      30.7095       59.6893       8.8485        -48.9341      
     1400.0000     11.5735       104.6075      18.5933       61.4387       11.1194       -61.0503      
     1600.0000     11.9504       106.9610      6.1459        63.0095       13.4730       -73.4977      
     1800.0000     12.2627       109.3833      -6.6008       64.4357       15.8953       -86.2444      
     2000.0000     12.5192       111.8624      -19.6204      65.7414       18.3743       -99.2640      
     2200.0000     12.7281       114.3878      -32.8906      66.9447       20.8998       -112.5342     
     2400.0000     12.8968       116.9509      -46.3924      68.0597       23.4629       -126.0360     
     2600.0000     13.0322       119.5443      -60.1093      69.0976       26.0563       -139.7529     
 -----------------------------------------------------------------------------------------------------


 ====================================================================================================
   THERMO TABLE FOR MOLECULE CH2(S)
 ====================================================================================================
   Elemental Composition:
     C 1.0000
     H 2.0000
   Formation Enthalpy at 298K =          102.4738 kcal/mol
   Formation Free Gibbs Energy at 298K = 88.9995 kcal/mol
   Molecular Weight =                    14.0270 kg/kmol
 -----------------------------------------------------------------------------------------------------
   Temperature       Cp             H             G            S             DH            DG         
       [K]       [cal/mol/K]    [kcal/mol]    [kcal/mol]  [cal/(mol-K)]  [kcal/mol]     [kcal/mol]    
 -----------------------------------------------------------------------------------------------------
     300.0000      8.0767        102.4899      88.9090       45.2698       0.0161        -0.0905       
     600.0000      9.0399        105.0431      74.3648       51.1304       2.5693        -14.6346      
     800.0000      9.8273        106.9299      63.8587       53.8390       4.4561        -25.1408      
     1000.0000     10.5738       108.9709      52.8578       56.1131       6.4971        -36.1417      
     1200.0000     11.1614       111.1457      41.4329       58.0940       8.6719        -47.5666      
     1400.0000     11.6753       113.4306      29.6349       59.8541       10.9568       -59.3646      
     1600.0000     12.1234       115.8115      17.5026       61.4430       13.3377       -71.4969      
     1800.0000     12.5127       118.2760      5.0668        62.8940       15.8022       -83.9326      
     2000.0000     12.8499       120.8131      -7.6473       64.2302       18.3393       -96.6468      
     2200.0000     13.1414       123.4129      -20.6187      65.4689       20.9391       -109.6182     
     2400.0000     13.3928       126.0670      -33.8293      66.6234       23.5932       -122.8288     
     2600.0000     13.6093       128.7677      -47.2632      67.7042       26.2939       -136.2627     
 -----------------------------------------------------------------------------------------------------


 ====================================================================================================
   THERMO TABLE FOR MOLECULE CH3OH
 ====================================================================================================
   Elemental Composition:
     C 1.0000
     H 4.0000
     O 1.0000
   Formation Enthalpy at 298K =          -48.0365 kcal/mol
   Formation Free Gibbs Energy at 298K = -65.1735 kcal/mol
   Molecular Weight =                    32.0420 kg/kmol
 -----------------------------------------------------------------------------------------------------
   Temperature       Cp             H             G            S             DH            DG         
       [K]       [cal/mol/K]    [kcal/mol]    [kcal/mol]  [cal/(mol-K)]  [kcal/mol]     [kcal/mol]    
 -----------------------------------------------------------------------------------------------------
     300.0000      10.2847       -48.0159      -65.2886      57.5754       0.0205        -0.1151       
     600.0000      15.9810       -44.0908      -83.9388      66.4134       3.9457        -18.7653      
     800.0000      18.9987       -40.5735      -97.7350      71.4518       7.4630        -32.5615      
     1000.0000     21.3790       -36.5385      -112.4825     75.9440       11.4979       -47.3091      
     1200.0000     23.0689       -32.0885      -128.0837     79.9960       15.9480       -62.9102      
     1400.0000     24.4653       -27.3305      -144.4552     83.6605       20.7059       -79.2817      
     1600.0000     25.6060       -22.3195      -161.5266     87.0044       25.7170       -96.3531      
     1800.0000     26.5268       -17.1028      -179.2388     90.0756       30.9337       -114.0653     
     2000.0000     27.2604       -11.7212      -197.5410     92.9099       36.3153       -132.3675     
     2200.0000     27.8372       -6.2091       -216.3889     95.5363       41.8274       -151.2154     
     2400.0000     28.2848       -0.5949       -235.7433     97.9785       47.4416       -170.5698     
     2600.0000     28.6281       5.0979        -255.5694     100.2566      53.1344       -190.3959     
 -----------------------------------------------------------------------------------------------------


 ====================================================================================================
   THERMO TABLE FOR MOLECULE CH3O
 ====================================================================================================
   Elemental Composition:
     C 1.0000
     H 3.0000
     O 1.0000
   Formation Enthalpy at 298K =          5.0410 kcal/mol
   Formation Free Gibbs Energy at 298K = -11.6419 kcal/mol
   Molecular Weight =                    31.0340 kg/kmol
 -----------------------------------------------------------------------------------------------------
   Temperature       Cp             H             G            S             DH            DG         
       [K]       [cal/mol/K]    [kcal/mol]    [kcal/mol]  [cal/(mol-K)]  [kcal/mol]     [kcal/mol]    
 -----------------------------------------------------------------------------------------------------
     300.0000      10.1997       5.0613        -11.7540      56.0510       0.0204        -0.1120       
     600.0000      15.4682       8.9387        -29.9391      64.7963       3.8977        -18.2972      
     800.0000      17.8606       12.2890       -43.3902      69.5991       7.2481        -31.7483      
     1000.0000     19.6989       16.0428       -57.7369      73.7797       11.0018       -46.0950      
     1200.0000     20.8757       20.1041       -72.8704      77.4787       15.0631       -61.2285      
     1400.0000     21.8380       24.3788       -88.7014      80.7716       19.3378       -77.0595      
     1600.0000     22.6147       28.8269       -105.1575     83.7402       23.7859       -93.5156      
     1800.0000     23.2324       33.4141       -122.1797     86.4410       28.3731       -110.5378     
     2000.0000     23.7158       38.1109       -139.7188     88.9148       33.0700       -128.0768     
     2200.0000     24.0877       42.8930       -157.7326     91.1934       37.8520       -146.0907     
     2400.0000     24.3686       47.7399       -176.1848     93.3020       42.6990       -164.5429     
     2600.0000     24.5772       52.6356       -195.0435     95.2612       47.5946       -183.4015     
 -----------------------------------------------------------------------------------------------------


 ====================================================================================================
   THERMO TABLE FOR MOLECULE CH2OH
 ====================================================================================================
   Elemental Composition:
     C 1.0000
     H 3.0000
     O 1.0000
   Formation Enthalpy at 298K =          -4.1122 kcal/mol
   Formation Free Gibbs Energy at 298K = -21.4993 kcal/mol
   Molecular Weight =                    31.0340 kg/kmol
 -----------------------------------------------------------------------------------------------------
   Temperature       Cp             H             G            S             DH            DG         
       [K]       [cal/mol/K]    [kcal/mol]    [kcal/mol]  [cal/(mol-K)]  [kcal/mol]     [kcal/mol]    
 -----------------------------------------------------------------------------------------------------
     300.0000      11.3540       -4.0895       -21.6160      58.4218       0.0227        -0.1168       
     600.0000      15.3576       -0.0556       -40.6036      67.5801       4.0566        -19.1043      
     800.0000      17.0838       3.2021        -54.6011      72.2540       7.3143        -33.1019      
     1000.0000     18.4392       6.7507        -69.4571      76.2078       10.8629       -47.9578      
     1200.0000     19.4246       10.5401       -85.0513      79.6595       14.6523       -63.5520      
     1400.0000     20.2405       14.5093       -101.2947     82.7171       18.6214       -79.7954      
     1600.0000     20.9086       18.6265       -118.1175     85.4650       22.7386       -96.6183      
     1800.0000     21.4488       22.8642       -135.4639     87.9600       26.9763       -113.9646     
     2000.0000     21.8798       27.1987       -153.2874     90.2431       31.3109       -131.7882     
     2200.0000     22.2187       31.6100       -171.5490     92.3450       35.7221       -150.0498     
     2400.0000     22.4813       36.0811       -190.2150     94.2900       40.1933       -168.7157     
     2600.0000     22.6819       40.5984       -209.2559     96.0978       44.7105       -187.7567     
 -----------------------------------------------------------------------------------------------------


 ====================================================================================================
   THERMO TABLE FOR MOLECULE CH2O
 ====================================================================================================
   Elemental Composition:
     C 1.0000
     H 2.0000
     O 1.0000
   Formation Enthalpy at 298K =          -26.0893 kcal/mol
   Formation Free Gibbs Energy at 298K = -41.6675 kcal/mol
   Molecular Weight =                    30.0260 kg/kmol
 -----------------------------------------------------------------------------------------------------
   Temperature       Cp             H             G            S             DH            DG         
       [K]       [cal/mol/K]    [kcal/mol]    [kcal/mol]  [cal/(mol-K)]  [kcal/mol]     [kcal/mol]    
 -----------------------------------------------------------------------------------------------------
     300.0000      8.4703        -26.0723      -41.7721      52.3325       0.0169        -0.1046       
     600.0000      11.5243       -23.0954      -58.5478      59.0873       2.9939        -16.8803      
     800.0000      13.3748       -20.5964      -70.7317      62.6691       5.4929        -29.0642      
     1000.0000     14.8153       -17.7750      -83.5860      65.8110       8.3143        -41.9186      
     1200.0000     15.7913       -14.7112      -97.0328      68.6014       11.3781       -55.3653      
     1400.0000     16.5886       -11.4704      -111.0071     71.0976       14.6189       -69.3396      
     1600.0000     17.2312       -8.0860       -125.4560     73.3563       18.0032       -83.7885      
     1800.0000     17.7414       -4.5867       -140.3363     75.4165       21.5025       -98.6689      
     2000.0000     18.1398       -0.9969       -155.6113     77.3072       25.0924       -113.9438     
     2200.0000     18.4454       2.6630        -171.2495     79.0511       28.7523       -129.5820     
     2400.0000     18.6755       6.3762        -187.2232     80.6664       32.4655       -145.5557     
     2600.0000     18.8455       10.1292       -203.5085     82.1683       36.2185       -161.8410     
 -----------------------------------------------------------------------------------------------------


 ====================================================================================================
   THERMO TABLE FOR MOLECULE HCO
 ====================================================================================================
   Elemental Composition:
     C 1.0000
     H 1.0000
     O 1.0000
   Formation Enthalpy at 298K =          9.9889 kcal/mol
   Formation Free Gibbs Energy at 298K = -5.9837 kcal/mol
   Molecular Weight =                    29.0180 kg/kmol
 -----------------------------------------------------------------------------------------------------
   Temperature       Cp             H             G            S             DH            DG         
       [K]       [cal/mol/K]    [kcal/mol]    [kcal/mol]  [cal/(mol-K)]  [kcal/mol]     [kcal/mol]    
 -----------------------------------------------------------------------------------------------------
     300.0000      8.2766        10.0054       -6.0910       53.6546       0.0165        -0.1073       
     600.0000      9.8372        12.7140       -23.1961      59.8502       2.7251        -17.2124      
     800.0000      10.8498       14.7856       -35.4728      62.8230       4.7967        -29.4891      
     1000.0000     11.6621       17.0401       -48.2949      65.3351       7.0512        -42.3112      
     1200.0000     12.2205       19.4294       -61.5845      67.5116       9.4406        -55.6008      
     1400.0000     12.7189       21.9243       -75.2827      69.4336       11.9354       -69.2990      
     1600.0000     13.1646       24.5135       -89.3451      71.1616       14.5246       -83.3614      
     1800.0000     13.5644       27.1871       -103.7371     72.7357       17.1982       -97.7534      
     2000.0000     13.9242       29.9366       -118.4310     74.1838       19.9477       -112.4473     
     2200.0000     14.2494       32.7545       -133.4036     75.5264       22.7656       -127.4199     
     2400.0000     14.5445       35.6343       -148.6355     76.7791       25.6454       -142.6518     
     2600.0000     14.8136       38.5705       -164.1101     77.9541       28.5817       -158.1264     
 -----------------------------------------------------------------------------------------------------


 ====================================================================================================
   THERMO TABLE FOR MOLECULE N2
 ====================================================================================================
   Elemental Composition:
     N 2.0000
   Formation Enthalpy at 298K =          -0.0010 kcal/mol
   Formation Free Gibbs Energy at 298K = -13.6455 kcal/mol
   Molecular Weight =                    28.0140 kg/kmol
 -----------------------------------------------------------------------------------------------------
   Temperature       Cp             H             G            S             DH            DG         
       [K]       [cal/mol/K]    [kcal/mol]    [kcal/mol]  [cal/(mol-K)]  [kcal/mol]     [kcal/mol]    
 -----------------------------------------------------------------------------------------------------
     300.0000      6.9604        0.0129        -13.7372      45.8335       0.0139        -0.0916       
     600.0000      7.1917        2.1263        -28.2983      50.7077       2.1274        -14.6528      
     800.0000      7.5111        3.5955        -38.6595      52.8187       3.5965        -25.0140      
     1000.0000     7.8072        5.1295        -49.3995      54.5290       5.1305        -35.7540      
     1200.0000     8.0375        6.7147        -60.4535      55.9734       6.7157        -46.8079      
     1400.0000     8.2274        8.3418        -71.7762      57.2272       8.3428        -58.1307      
     1600.0000     8.3824        10.0033       -83.3347      58.3363       10.0043       -69.6892      
     1800.0000     8.5073        11.6927       -95.1031      59.3310       11.6938       -81.4576      
     2000.0000     8.6068        13.4045       -107.0609     60.2327       13.4056       -93.4154      
     2200.0000     8.6851        15.1340       -119.1911     61.0569       15.1351       -105.5455     
     2400.0000     8.7461        16.8774       -131.4793     61.8153       16.8784       -117.8338     
     2600.0000     8.7934        18.6315       -143.9134     62.5173       18.6326       -130.2679     
 -----------------------------------------------------------------------------------------------------


 ====================================================================================================
   THERMO TABLE FOR MOLECULE H2
 ====================================================================================================
   Elemental Composition:
     H 2.0000
   Formation Enthalpy at 298K =          -0.0010 kcal/mol
   Formation Free Gibbs Energy at 298K = -9.3065 kcal/mol
   Molecular Weight =                    2.0160 kg/kmol
 -----------------------------------------------------------------------------------------------------
   Temperature       Cp             H             G            S             DH            DG         
       [K]       [cal/mol/K]    [kcal/mol]    [kcal/mol]  [cal/(mol-K)]  [kcal/mol]     [kcal/mol]    
 -----------------------------------------------------------------------------------------------------
     300.0000      6.8947        0.0128        -9.3690       31.2727       0.0138        -0.0625       
     600.0000      6.9938        2.1084        -19.5586      36.1117       2.1094        -10.2520      
     800.0000      7.0787        3.5130        -26.9922      38.1314       3.5140        -17.6856      
     1000.0000     7.1996        4.9435        -34.7834      39.7269       4.9445        -25.4769      
     1200.0000     7.4256        6.4063        -42.8655      41.0598       6.4073        -33.5589      
     1400.0000     7.6348        7.9126        -51.1960      42.2204       7.9136        -41.8894      
     1600.0000     7.8286        9.4592        -59.7451      43.2527       9.4602        -50.4386      
     1800.0000     8.0084        11.0431       -68.4904      44.1853       11.0442       -59.1839      
     2000.0000     8.1753        12.6617       -77.4139      45.0378       12.6627       -68.1074      
     2200.0000     8.3305        14.3125       -86.5011      45.8244       14.3135       -77.1946      
     2400.0000     8.4750        15.9932       -95.7400      46.5555       15.9942       -86.4334      
     2600.0000     8.6099        17.7018       -105.1202     47.2392       17.7028       -95.8136      
 -----------------------------------------------------------------------------------------------------


 ====================================================================================================
   THERMO TABLE FOR MOLECULE H
 ====================================================================================================
   Elemental Composition:
     H 1.0000
   Formation Enthalpy at 298K =          52.0966 kcal/mol
   Formation Free Gibbs Energy at 298K = 43.9276 kcal/mol
   Molecular Weight =                    1.0080 kg/kmol
 -----------------------------------------------------------------------------------------------------
   Temperature       Cp             H             G            S             DH            DG         
       [K]       [cal/mol/K]    [kcal/mol]    [kcal/mol]  [cal/(mol-K)]  [kcal/mol]     [kcal/mol]    
 -----------------------------------------------------------------------------------------------------
     300.0000      4.9675        52.1065       43.8728       27.4459       0.0099        -0.0549       
     600.0000      4.9676        53.5968       35.0633       30.8891       1.5002        -8.8643       
     800.0000      4.9675        54.5903       28.7357       32.3182       2.4937        -15.1919      
     1000.0000     4.9675        55.5838       22.1571       33.4267       3.4872        -21.7705      
     1200.0000     4.9675        56.5773       15.3785       34.3324       4.4807        -28.5491      
     1400.0000     4.9675        57.5708       8.4335        35.0981       5.4742        -35.4942      
     1600.0000     4.9675        58.5643       1.3460        35.7614       6.4677        -42.5816      
     1800.0000     4.9675        59.5578       -5.8659       36.3465       7.4612        -49.7935      
     2000.0000     4.9675        60.5513       -13.1885      36.8699       8.4547        -57.1161      
     2200.0000     4.9675        61.5448       -20.6105      37.3433       9.4482        -64.5382      
     2400.0000     4.9675        62.5383       -28.1230      37.7756       10.4417       -72.0507      
     2600.0000     4.9675        63.5318       -35.7185      38.1732       11.4352       -79.6461      
 -----------------------------------------------------------------------------------------------------


 ====================================================================================================
   THERMO TABLE FOR MOLECULE O2
 ====================================================================================================
   Elemental Composition:
     O 2.0000
   Formation Enthalpy at 298K =          -0.0011 kcal/mol
   Formation Free Gibbs Energy at 298K = -14.6100 kcal/mol
   Molecular Weight =                    31.9980 kg/kmol
 -----------------------------------------------------------------------------------------------------
   Temperature       Cp             H             G            S             DH            DG         
       [K]       [cal/mol/K]    [kcal/mol]    [kcal/mol]  [cal/(mol-K)]  [kcal/mol]     [kcal/mol]    
 -----------------------------------------------------------------------------------------------------
     300.0000      7.0229        0.0130        -14.7080      49.0701       0.0140        -0.0981       
     600.0000      7.6666        2.2092        -30.2618      54.1184       2.2103        -15.6519      
     800.0000      8.0642        3.7847        -41.3207      56.3818       3.7858        -26.7108      
     1000.0000     8.3367        5.4260        -52.7859      58.2119       5.4271        -38.1760      
     1200.0000     8.5010        7.1100        -64.5859      59.7466       7.1111        -49.9760      
     1400.0000     8.6529        8.8256        -76.6705      61.0686       8.8266        -62.0605      
     1600.0000     8.7935        10.5704       -89.0029      62.2333       10.5715       -74.3930      
     1800.0000     8.9244        12.3424       -101.5557     63.2767       12.3434       -86.9458      
     2000.0000     9.0464        14.1396       -114.3072     64.2234       14.1406       -99.6972      
     2200.0000     9.1609        15.9604       -127.2398     65.0910       15.9615       -112.6299     
     2400.0000     9.2686        17.8035       -140.3392     65.8928       17.8045       -125.7293     
     2600.0000     9.3704        19.6675       -153.5932     66.6387       19.6685       -138.9833     
 -----------------------------------------------------------------------------------------------------


 ====================================================================================================
   THERMO TABLE FOR MOLECULE O
 ====================================================================================================
   Elemental Composition:
     O 1.0000
   Formation Enthalpy at 298K =          59.5602 kcal/mol
   Formation Free Gibbs Energy at 298K = 48.0909 kcal/mol
   Molecular Weight =                    15.9990 kg/kmol
 -----------------------------------------------------------------------------------------------------
   Temperature       Cp             H             G            S             DH            DG         
       [K]       [cal/mol/K]    [kcal/mol]    [kcal/mol]  [cal/(mol-K)]  [kcal/mol]     [kcal/mol]    
 -----------------------------------------------------------------------------------------------------
     300.0000      5.2337        59.5707       48.0139       38.5226       0.0105        -0.0770       
     600.0000      5.0512        61.1046       35.8602       42.0740       1.5445        -12.2306      
     800.0000      5.0151        62.1112       27.2935       43.5221       2.5510        -20.7973      
     1000.0000     5.0027        63.1119       18.4733       44.6387       3.5517        -29.6176      
     1200.0000     4.9932        64.1115       9.4516        45.5499       4.5513        -38.6393      
     1400.0000     4.9854        65.1093       0.2627        46.3190       5.5491        -47.8281      
     1600.0000     4.9798        66.1058       -9.0691       46.9843       6.5456        -57.1600      
     1800.0000     4.9762        67.1013       -18.5257      47.5706       7.5412        -66.6166      
     2000.0000     4.9750        68.0964       -28.0932      48.0948       8.5362        -76.1841      
     2200.0000     4.9761        69.0915       -37.7603      48.5690       9.5313        -85.8512      
     2400.0000     4.9797        70.0870       -47.5181      49.0021       10.5269       -95.6089      
     2600.0000     4.9857        71.0835       -57.3589      49.4009       11.5234       -105.4498     
 -----------------------------------------------------------------------------------------------------


 ====================================================================================================
   THERMO TABLE FOR MOLECULE H2O
 ====================================================================================================
   Elemental Composition:
     H 2.0000
     O 1.0000
   Formation Enthalpy at 298K =          -57.7947 kcal/mol
   Formation Free Gibbs Energy at 298K = -71.2414 kcal/mol
   Molecular Weight =                    18.0150 kg/kmol
 -----------------------------------------------------------------------------------------------------
   Temperature       Cp             H             G            S             DH            DG         
       [K]       [cal/mol/K]    [kcal/mol]    [kcal/mol]  [cal/(mol-K)]  [kcal/mol]     [kcal/mol]    
 -----------------------------------------------------------------------------------------------------
     300.0000      8.0290        -57.7786      -71.3317      45.1769       0.0161        -0.0903       
     600.0000      8.6799        -55.2840      -85.8328      50.9147       2.5106        -14.5915      
     800.0000      9.2556        -53.4911      -96.2829      53.4897       4.3036        -25.0415      
     1000.0000     9.8652        -51.5799      -107.1994     55.6196       6.2148        -35.9581      
     1200.0000     10.4722       -49.5448      -118.5125     57.4730       8.2498        -47.2711      
     1400.0000     11.0070       -47.3958      -130.1755     59.1284       10.3989       -58.9341      
     1600.0000     11.4773       -45.1464      -142.1536     60.6295       12.6483       -70.9122      
     1800.0000     11.8906       -42.8087      -154.4190     62.0057       14.9860       -83.1776      
     2000.0000     12.2532       -40.3935      -166.9489     63.2777       17.4012       -95.7076      
     2200.0000     12.5712       -37.9103      -179.7242     64.4608       19.8843       -108.4828     
     2400.0000     12.8499       -35.3676      -192.7281     65.5669       22.4270       -121.4868     
     2600.0000     13.0938       -32.7727      -205.9464     66.6053       25.0220       -134.7050     
 -----------------------------------------------------------------------------------------------------


 ====================================================================================================
   THERMO TABLE FOR MOLECULE OH
 ====================================================================================================
   Elemental Composition:
     H 1.0000
     O 1.0000
   Formation Enthalpy at 298K =          8.9583 kcal/mol
   Formation Free Gibbs Energy at 298K = -4.1261 kcal/mol
   Molecular Weight =                    17.0070 kg/kmol
 -----------------------------------------------------------------------------------------------------
   Temperature       Cp             H             G            S             DH            DG         
       [K]       [cal/mol/K]    [kcal/mol]    [kcal/mol]  [cal/(mol-K)]  [kcal/mol]     [kcal/mol]    
 -----------------------------------------------------------------------------------------------------
     300.0000      7.1400        8.9726        -4.2140       43.9552       0.0143        -0.0879       
     600.0000      7.0572        11.0928       -18.2216      48.8573       2.1345        -14.0955      
     800.0000      7.1485        12.5120       -28.2064      50.8981       3.5537        -24.0803      
     1000.0000     7.3371        13.9585       -38.5527      52.5111       5.0001        -34.4266      
     1200.0000     7.5746        15.4501       -49.1942      53.8702       6.4918        -45.0681      
     1400.0000     7.7863        16.9866       -60.0891      55.0541       8.0283        -55.9630      
     1600.0000     7.9751        18.5631       -71.2071      56.1064       9.6048        -67.0810      
     1800.0000     8.1435        20.1753       -82.5248      57.0556       11.2169       -78.3987      
     2000.0000     8.2939        21.8193       -94.0238      57.9215       12.8610       -89.8977      
     2200.0000     8.4285        23.4918       -105.6889     58.7185       14.5334       -101.5628     
     2400.0000     8.5493        25.1898       -117.5073     59.4571       16.2314       -113.3812     
     2600.0000     8.6583        26.9107       -129.4684     60.1458       17.9524       -125.3423     
 -----------------------------------------------------------------------------------------------------


 ====================================================================================================
   THERMO TABLE FOR MOLECULE H2O2
 ====================================================================================================
   Elemental Composition:
     H 2.0000
     O 2.0000
   Formation Enthalpy at 298K =          -32.3732 kcal/mol
   Formation Free Gibbs Energy at 298K = -49.0741 kcal/mol
   Molecular Weight =                    34.0140 kg/kmol
 -----------------------------------------------------------------------------------------------------
   Temperature       Cp             H             G            S             DH            DG         
       [K]       [cal/mol/K]    [kcal/mol]    [kcal/mol]  [cal/(mol-K)]  [kcal/mol]     [kcal/mol]    
 -----------------------------------------------------------------------------------------------------
     300.0000      10.1554       -32.3529      -49.1863      56.1114       0.0203        -0.1122       
     600.0000      12.8153       -28.8926      -67.2920      63.9990       3.4806        -18.2178      
     800.0000      14.0564       -26.1975      -80.4911      67.8670       6.1756        -31.4170      
     1000.0000     15.0622       -23.2871      -94.3972      71.1101       9.0860        -45.3231      
     1200.0000     15.8369       -20.1953      -108.9071     73.9265       12.1779       -59.8329      
     1400.0000     16.5026       -16.9596      -123.9463     76.4191       15.4135       -74.8722      
     1600.0000     17.0726       -13.6006      -139.4581     78.6609       18.7726       -90.3839      
     1800.0000     17.5595       -10.1361      -155.3973     80.7006       22.2370       -106.3231     
     2000.0000     17.9750       -6.5816       -171.7272     82.5728       25.7916       -122.6530     
     2200.0000     18.3298       -2.9502       -188.4169     84.3031       29.4230       -139.3428     
     2400.0000     18.6339       0.7470        -205.4403     85.9114       33.1201       -156.3661     
     2600.0000     18.8963       4.5006        -222.7744     87.4135       36.8738       -173.7003     
 -----------------------------------------------------------------------------------------------------


 ====================================================================================================
   THERMO TABLE FOR MOLECULE HO2
 ====================================================================================================
   Elemental Composition:
     H 1.0000
     O 2.0000
   Formation Enthalpy at 298K =          2.9279 kcal/mol
   Formation Free Gibbs Energy at 298K = -13.3905 kcal/mol
   Molecular Weight =                    33.0060 kg/kmol
 -----------------------------------------------------------------------------------------------------
   Temperature       Cp             H             G            S             DH            DG         
       [K]       [cal/mol/K]    [kcal/mol]    [kcal/mol]  [cal/(mol-K)]  [kcal/mol]     [kcal/mol]    
 -----------------------------------------------------------------------------------------------------
     300.0000      8.3628        2.9447        -13.5000      54.8156       0.0167        -0.1096       
     600.0000      10.0445       5.7064        -30.9705      61.1282       2.7784        -17.5801      
     800.0000      10.8583       7.8027        -43.5076      64.1379       4.8747        -30.1172      
     1000.0000     11.5233       10.0382       -56.5912      66.6295       7.1103        -43.2008      
     1200.0000     12.0422       12.3956       -70.1368      68.7770       9.4676        -56.7464      
     1400.0000     12.5144       14.8520       -84.0851      70.6694       11.9241       -70.6946      
     1600.0000     12.9417       17.3983       -98.3917      72.3688       14.4704       -85.0013      
     1800.0000     13.3263       20.0258       -113.0225     73.9157       17.0979       -99.6320      
     2000.0000     13.6702       22.7261       -127.9497     75.3379       19.7982       -114.5593     
     2200.0000     13.9756       25.4914       -143.1507     76.6555       22.5634       -129.7602     
     2400.0000     14.2447       28.3140       -158.6059     77.8833       25.3860       -145.2155     
     2600.0000     14.4796       31.1870       -174.2988     79.0330       28.2590       -160.9083     
 -----------------------------------------------------------------------------------------------------


 ====================================================================================================
   THERMO TABLE FOR MOLECULE CO
 ====================================================================================================
   Elemental Composition:
     C 1.0000
     O 1.0000
   Formation Enthalpy at 298K =          -26.4139 kcal/mol
   Formation Free Gibbs Energy at 298K = -40.4895 kcal/mol
   Molecular Weight =                    28.0100 kg/kmol
 -----------------------------------------------------------------------------------------------------
   Temperature       Cp             H             G            S             DH            DG         
       [K]       [cal/mol/K]    [kcal/mol]    [kcal/mol]  [cal/(mol-K)]  [kcal/mol]     [kcal/mol]    
 -----------------------------------------------------------------------------------------------------
     300.0000      6.9646        -26.4000      -40.5840      47.2800       0.0139        -0.0945       
     600.0000      7.2693        -24.2751      -55.5817      52.1777       2.1388        -15.0922      
     800.0000      7.6228        -22.7865      -66.2397      54.3164       3.6274        -25.7502      
     1000.0000     7.9221        -21.2295      -77.2819      56.0524       5.1845        -36.7924      
     1200.0000     8.1407        -19.6225      -88.6426      57.5167       6.7914        -48.1531      
     1400.0000     8.3200        -17.9758      -100.2756     58.7856       8.4381        -59.7861      
     1600.0000     8.4654        -16.2967      -112.1469     59.9064       10.1172       -71.6574      
     1800.0000     8.5819        -14.5916      -124.2304     60.9104       11.8224       -83.7409      
     2000.0000     8.6739        -12.8656      -136.5048     61.8196       13.5483       -96.0153      
     2200.0000     8.7458        -11.1234      -148.9530     62.6498       15.2906       -108.4635     
     2400.0000     8.8013        -9.3684       -161.5603     63.4133       17.0455       -121.0708     
     2600.0000     8.8439        -7.6037       -174.3145     64.1195       18.8102       -133.8250     
 -----------------------------------------------------------------------------------------------------


 ====================================================================================================
   THERMO TABLE FOR MOLECULE CH3OH(L)
 ====================================================================================================
   Elemental Composition:
     C 1.0000
     H 4.0000
     O 1.0000
   Formation Enthalpy at 298K =          -48.0365 kcal/mol
   Formation Free Gibbs Energy at 298K = -65.1735 kcal/mol
   Molecular Weight =                    32.0420 kg/kmol
 -----------------------------------------------------------------------------------------------------
   Temperature       Cp             H             G            S             DH            DG         
       [K]       [cal/mol/K]    [kcal/mol]    [kcal/mol]  [cal/(mol-K)]  [kcal/mol]     [kcal/mol]    
 -----------------------------------------------------------------------------------------------------
     300.0000      10.2847       -48.0159      -65.2886      57.5754       0.0205        -0.1151       
     600.0000      15.9810       -44.0908      -83.9388      66.4134       3.9457        -18.7653      
     800.0000      18.9987       -40.5735      -97.7350      71.4518       7.4630        -32.5615      
     1000.0000     21.3790       -36.5385      -112.4825     75.9440       11.4979       -47.3091      
     1200.0000     23.0689       -32.0885      -128.0837     79.9960       15.9480       -62.9102      
     1400.0000     24.4653       -27.3305      -144.4552     83.6605       20.7059       -79.2817      
     1600.0000     25.6060       -22.3195      -161.5266     87.0044       25.7170       -96.3531      
     1800.0000     26.5268       -17.1028      -179.2388     90.0756       30.9337       -114.0653     
     2000.0000     27.2604       -11.7212      -197.5410     92.9099       36.3153       -132.3675     
     2200.0000     27.8372       -6.2091       -216.3889     95.5363       41.8274       -151.2154     
     2400.0000     28.2848       -0.5949       -235.7433     97.9785       47.4416       -170.5698     
     2600.0000     28.6281       5.0979        -255.5694     100.2566      53.1344       -190.3959     
 -----------------------------------------------------------------------------------------------------


 ====================================================================================================
   THERMO TABLE FOR MOLECULE H2O(L)
 ====================================================================================================
   Elemental Composition:
     H 2.0000
     O 1.0000
   Formation Enthalpy at 298K =          -57.7927 kcal/mol
   Formation Free Gibbs Energy at 298K = -71.2392 kcal/mol
   Molecular Weight =                    18.0150 kg/kmol
 -----------------------------------------------------------------------------------------------------
   Temperature       Cp             H             G            S             DH            DG         
       [K]       [cal/mol/K]    [kcal/mol]    [kcal/mol]  [cal/(mol-K)]  [kcal/mol]     [kcal/mol]    
 -----------------------------------------------------------------------------------------------------
     300.0000      8.0289        -57.7767      -71.3295      45.1760       0.0161        -0.0903       
     600.0000      8.6800        -55.2821      -85.8304      50.9138       2.5107        -14.5912      
     800.0000      9.2565        -53.4890      -96.2802      53.4890       4.3037        -25.0410      
     1000.0000     9.8687        -51.5774      -107.1967     55.6193       6.2153        -35.9575      
     1200.0000     10.5012       -49.5391      -118.5099     57.4757       8.2536        -47.2707      
     1400.0000     11.0589       -47.3819      -130.1740     59.1372       10.4108       -58.9349      
     1600.0000     11.5486       -45.1201      -142.1547     60.6466       12.6726       -70.9155      
     1800.0000     11.9770       -42.7666      -154.4244     62.0322       15.0262       -83.1853      
     2000.0000     12.3502       -40.3330      -166.9606     63.3138       17.4598       -95.7215      
     2200.0000     12.6741       -37.8298      -179.7440     64.5065       19.9630       -108.5049     
     2400.0000     12.9544       -35.2662      -192.7581     65.6216       22.5265       -121.5189     
     2600.0000     13.1963       -32.6506      -205.9881     66.6683       25.1422       -134.7489     
 -----------------------------------------------------------------------------------------------------


