------------------------------
  Elements     Atomic Weight  
------------------------------
  1.	C         12.01099968
  2.	H          1.00800002
  3.	O         15.99899960
  4.	N         14.00699997
------------------------------


--------------------------------------------------------------------------------------------------------------
                                                Molecular        Temperature        Elements
  Species                  Phase  Charge         weight         Low      High       C       H       O       N
--------------------------------------------------------------------------------------------------------------
    1. C2H5OH                G      0           46.068999    300.00   3500.00       2       6       1       0
    2. N2                    G      0           28.014000    200.00   3500.00       0       0       0       2
    3. O2                    G      0           31.997999    200.00   3500.00       0       0       2       0
    4. C2H5OH(L)             G      0           46.068999    300.00   3500.00       2       6       1       0
--------------------------------------------------------------------------------------------------------------

--------------------------------------------------------------------------------------------------------------
                                                Molecular        Temperature        Elements
  Species                  Phase  Charge         weight         Low      High       C       H       O       N
--------------------------------------------------------------------------------------------------------------
    2. N2                    G      0           28.014000    200.00   3500.00       0       0       0       2
    3. O2                    G      0           31.997999    200.00   3500.00       0       0       2       0
    1. C2H5OH                G      0           46.068999    300.00   3500.00       2       6       1       0
    4. C2H5OH(L)             G      0           46.068999    300.00   3500.00       2       6       1       0
--------------------------------------------------------------------------------------------------------------

---------------------------------------------------------------------------------------
                                LIQUID MECHANISM                                       
---------------------------------------------------------------------------------------

       Number of materials:       1
       Number of liquid species:   1

       Materials: 
       LIQUIDMIX

       ------------------------------------------------------------------------------------------------------------------
       LIQUIDMIX               global-index    liquid-index    local-index     
       ------------------------------------------------------------------------------------------------------------------
       C2H5OH(L)               4               1               1               

--------------------------------------------------------------------------------------------------------
                                  CHEMICAL REACTIONS                                                  

                         Units: [kmol, m3, s] and [cal/mol]                                           
--------------------------------------------------------------------------------------------------------


