------------------------------
  Elements     Atomic Weight  
------------------------------
  1.	C         12.01099968
  2.	H          1.00800002
  3.	N         14.00699997
------------------------------


------------------------------------------------------------------------------------------------------
                                                Molecular        Temperature        Elements
  Species                  Phase  Charge         weight         Low      High       C       H       N
------------------------------------------------------------------------------------------------------
    1. NC7H16                G      0          100.204998    300.00   3500.00       7      16       0
    2. NC12H26               G      0          170.339997    300.00   3500.00      12      26       0
    3. N2                    G      0           28.014000    300.00   3500.00       0       0       2
------------------------------------------------------------------------------------------------------

------------------------------------------------------------------------------------------------------
                                                Molecular        Temperature        Elements
  Species                  Phase  Charge         weight         Low      High       C       H       N
------------------------------------------------------------------------------------------------------
    3. N2                    G      0           28.014000    300.00   3500.00       0       0       2
    1. NC7H16                G      0          100.204998    300.00   3500.00       7      16       0
    2. NC12H26               G      0          170.339997    300.00   3500.00      12      26       0
------------------------------------------------------------------------------------------------------

------------------------------------------------------------------------------------------------------------------
  Species                  Shape       eps/kb          sigma             mu           alfa        zRot298         
------------------------------------------------------------------------------------------------------------------
    1. NC7H16                2       459.9800         6.3100         0.0000         0.0000         1.0000
    2. NC12H26               2       580.0000         7.6000         0.0000         0.0000         1.0000
    3. N2                    1        97.5300         3.6210         0.0000         1.7600         4.0000
------------------------------------------------------------------------------------------------------------------


------------------------------------------------------------------------------------------------------------------
  Species                  Shape       eps/kb          sigma             mu           alfa        zRot298         
------------------------------------------------------------------------------------------------------------------
    1. NC7H16                2       459.9800         6.3100         0.0000         0.0000         1.0000
    2. NC12H26               2       580.0000         7.6000         0.0000         0.0000         1.0000
    3. N2                    1        97.5300         3.6210         0.0000         1.7600         4.0000
------------------------------------------------------------------------------------------------------------------


---------------------------------------------------------------------------------------
                                  CHEMICAL REACTIONS                                   

                          Units: [mol, cm3, s] and [cal/mol]                           
---------------------------------------------------------------------------------------


