 ----------------------------------------------------------------------------------------------------------------------------------------------------------------------------------------------------------------------------------------------------------
                     SPECIFIC HEAT COEFFICIENTS                                                                     

             Cp = A + B*T + C*T^2 + D*T^3 + E*T^4  [J/kg/K]                                                         

    Species                      Cp(298K)         Cp(1000K)          LT-HT            A(LT)            B(LT)            C(LT)            D(LT)            E(LT)             A(HT)           B(HT)            C(HT)            D(HT)           E(HT)      
 ----------------------------------------------------------------------------------------------------------------------------------------------------------------------------------------------------------------------------------------------------------

    1. NC7H16                   1.640002e+03     3.794739e+03     1.800000e+03    -2.297671e+02     7.678719e+00    -5.237518e-03     1.837571e-06    -2.542651e-10     2.577986e+03     1.439267e+00    -3.797444e-05    -8.818612e-08     1.320115e-11
    2. NC10H22                  1.645162e+03     3.769845e+03     1.800000e+03    -1.273121e+02     7.182688e+00    -4.564459e-03     1.468947e-06    -1.900176e-10     1.711434e+03     3.096586e+00    -1.159374e-03     2.078039e-07    -1.485888e-11
    3. N2                       1.041476e+03     1.166673e+03     1.050000e+03     1.143621e+03    -7.243422e-01     1.588338e-03    -1.114793e-06     2.738496e-10     8.051735e+02     5.649814e-01    -2.535527e-04     5.466132e-08    -4.591919e-12

 ----------------------------------------------------------------------------------------------------------------------------------------------------------------------------------------------------------------------------------------------------------


 -------------------------------------------------------------------------------------------------------------------------------------------------------------------------------------------------------------------------------------------------------------------------------------------
                           ENTHALPY COEFFICIENTS                                                                     

             H/(RT) = A + B*T + C*T^2 + D*T^3 + E*T^4 + F/T  [-]                                                         

    Species                   H(298K)[J/kmol]  H(1000K)[J/kmol]      LT-HT            A(LT)            B(LT)            C(LT)            D(LT)            E(LT)           F(LT)             A(HT)            B(HT)            C(HT)           D(HT)             E(HT)            F(HT)      
 -------------------------------------------------------------------------------------------------------------------------------------------------------------------------------------------------------------------------------------------------------------------------------------------

    1. NC7H16                  -1.887624e+08     1.590733e+07     1.800000e+03    -2.769128e+00     4.627154e-02    -2.104067e-05     5.536551e-09    -6.128750e-13    -2.547221e+04     3.106961e+01     8.672943e-03    -1.525546e-07    -2.657024e-10     3.181977e-14    -3.765416e+04
    2. NC10H22                 -2.504958e+08     3.809560e+07     1.800000e+03    -2.178701e+00     6.145893e-02    -2.603731e-05     6.284547e-09    -6.503569e-13    -3.429526e+04     2.928789e+01     2.649605e-02    -6.613485e-06     8.890409e-10    -5.085624e-14    -4.562324e+04
    3. N2                       3.604168e+03     2.147322e+07     1.050000e+03     3.853213e+00    -1.220267e-03     1.783868e-06    -9.390210e-10     1.845369e-13    -1.079696e+03     2.712879e+00     9.517988e-04    -2.847659e-07     4.604273e-11    -3.094320e-15    -8.402253e+02

 -------------------------------------------------------------------------------------------------------------------------------------------------------------------------------------------------------------------------------------------------------------------------------------------


 -------------------------------------------------------------------------------------------------------------------------------------------------------------------------------------------------------------------------------------------------------------------------------------------
                             ENTROPY COEFFICIENTS                                                                     

             S/R = A*lnT + B*T + C*T^2 + D*T^3 + E*T^4 + F  [-]                                                         

    Species                 S(298K)[J/kmol/K] S(1000K)[J/kmol/K]     LT-HT            A(LT)            B(LT)            C(LT)            D(LT)            E(LT)           F(LT)             A(HT)            B(HT)            C(HT)           D(HT)             E(HT)            F(HT)      
 -------------------------------------------------------------------------------------------------------------------------------------------------------------------------------------------------------------------------------------------------------------------------------------------

    1. NC7H16                   4.274486e+05     7.540504e+05     1.800000e+03    -2.769128e+00     9.254309e-02    -3.156100e-05     7.382068e-09    -7.660938e-13     4.222182e+01     3.106961e+01     1.734589e-02    -2.288319e-07    -3.542699e-10     3.977471e-14    -1.409205e+02
    2. NC10H22                  5.696736e+05     1.030412e+06     1.800000e+03    -2.178701e+00     1.229179e-01    -3.905596e-05     8.379396e-09    -8.129462e-13     4.755172e+01     2.928789e+01     5.299210e-02    -9.920228e-06     1.185388e-09    -6.357030e-14    -1.227520e+02
    3. N2                       1.915097e+05     2.280918e+05     1.050000e+03     3.853213e+00    -2.440533e-03     2.675802e-06    -1.252028e-09     2.306711e-13     1.602174e+00     2.712879e+00     1.903598e-03    -4.271488e-07     6.139031e-11    -3.867900e-15     7.159266e+00

 -------------------------------------------------------------------------------------------------------------------------------------------------------------------------------------------------------------------------------------------------------------------------------------------


