-----------------------------------------------------------------------------------------------------------------------------------------------------
Name                              MW       Cp@298K        H@298K        G@298K        S@298K      Cp@1000K       H@1000K       G@1000K       S@1000K 
                           [kg/kmol]   [cal/mol/K]    [kcal/mol]    [kcal/mol]   [cal/mol/K]   [cal/mol/K]    [kcal/mol]    [kcal/mol]   [cal/mol/K] 
-----------------------------------------------------------------------------------------------------------------------------------------------------
NC7H16                      100.2050       39.2733      -45.1107      -75.5520      102.1522       90.8730        3.8016     -176.4023      180.2039
NC10H22                     142.2860       55.9415      -59.8638     -100.4339      136.1413      128.1886        9.1041     -237.1450      246.2492
N2                           28.0140        6.9725        0.0009      -13.6378       45.7672        7.8107        5.1317      -49.3780       54.5096
-----------------------------------------------------------------------------------------------------------------------------------------------------

 ====================================================================================================
   THERMO TABLE FOR MOLECULE NC7H16
 ====================================================================================================
   Elemental Composition:
     C 7.0000
     H 16.0000
   Formation Enthalpy at 298K =          -45.1107 kcal/mol
   Formation Free Gibbs Energy at 298K = -75.5520 kcal/mol
   Molecular Weight =                    100.2050 kg/kmol
 -----------------------------------------------------------------------------------------------------
   Temperature       Cp             H             G            S             DH            DG         
       [K]       [cal/mol/K]    [kcal/mol]    [kcal/mol]  [cal/(mol-K)]  [kcal/mol]     [kcal/mol]    
 -----------------------------------------------------------------------------------------------------
     300.0000      39.5134       -45.0319      -75.7566      102.4157      0.0788        -0.2046       
     600.0000      68.3910       -28.5151      -112.1683     139.4219      16.5956       -36.6162      
     800.0000      81.3695       -13.4711      -142.2486     160.9719      31.6396       -66.6966      
     1000.0000     90.8730       3.8016        -176.4023     180.2039      48.9122       -100.8503     
     1200.0000     97.9616       22.7177       -214.1963     197.4283      67.8283       -138.6443     
     1400.0000     103.4614      42.8808       -255.2607     212.9582      87.9915       -179.7087     
     1600.0000     107.9649      64.0363       -299.2856     227.0762      109.1470      -223.7336     
     1800.0000     111.8308      86.0248       -346.0131     240.0210      131.1354      -270.4611     
     2000.0000     115.1940      108.7354      -395.2285     251.9819      153.8461      -319.6765     
     2200.0000     118.0788      132.0705      -446.7498     263.1001      177.1811      -371.1978     
     2400.0000     120.5112      155.9367      -500.4195     273.4818      201.0474      -424.8675     
     2600.0000     122.5295      180.2473      -556.0990     283.2101      225.3580      -480.5469     
 -----------------------------------------------------------------------------------------------------


 ====================================================================================================
   THERMO TABLE FOR MOLECULE NC10H22
 ====================================================================================================
   Elemental Composition:
     C 10.0000
     H 22.0000
   Formation Enthalpy at 298K =          -59.8638 kcal/mol
   Formation Free Gibbs Energy at 298K = -100.4339 kcal/mol
   Molecular Weight =                    142.2860 kg/kmol
 -----------------------------------------------------------------------------------------------------
   Temperature       Cp             H             G            S             DH            DG         
       [K]       [cal/mol/K]    [kcal/mol]    [kcal/mol]  [cal/(mol-K)]  [kcal/mol]     [kcal/mol]    
 -----------------------------------------------------------------------------------------------------
     300.0000      56.2698       -59.7516      -100.7065     136.5166      0.1122        -0.2727       
     600.0000      96.2903       -36.4365      -149.7072     188.7846      23.4273       -49.2733      
     800.0000      114.6554      -15.2494      -190.5563     219.1337      44.6144       -90.1224      
     1000.0000     128.1886      9.1041        -237.1450     246.2492      68.9679       -136.7111     
     1200.0000     138.1709      35.7899       -288.8683     270.5485      95.6537       -188.4344     
     1400.0000     145.6353      64.2052       -345.2037     292.4349      124.0690      -244.7698     
     1600.0000     151.3666      93.9290       -405.7057     312.2717      153.7928      -305.2718     
     1800.0000     155.9016      124.6726      -469.9967     330.3718      184.5364      -369.5628     
     2000.0000     159.5384      156.2301      -537.7560     346.9930      216.0939      -437.3221     
     2200.0000     162.4413      188.4391      -608.7090     362.3401      248.3029      -508.2752     
     2400.0000     164.7459      221.1668      -682.6181     376.5770      281.0306      -582.1842     
     2600.0000     166.5681      254.3053      -759.2749     389.8385      314.1691      -658.8410     
 -----------------------------------------------------------------------------------------------------


 ====================================================================================================
   THERMO TABLE FOR MOLECULE N2
 ====================================================================================================
   Elemental Composition:
     N 2.0000
   Formation Enthalpy at 298K =          0.0009 kcal/mol
   Formation Free Gibbs Energy at 298K = -13.6378 kcal/mol
   Molecular Weight =                    28.0140 kg/kmol
 -----------------------------------------------------------------------------------------------------
   Temperature       Cp             H             G            S             DH            DG         
       [K]       [cal/mol/K]    [kcal/mol]    [kcal/mol]  [cal/(mol-K)]  [kcal/mol]     [kcal/mol]    
 -----------------------------------------------------------------------------------------------------
     300.0000      6.9719        0.0148        -13.7293      45.8138       0.0139        -0.0916       
     600.0000      7.2004        2.1279        -28.2843      50.6870       2.1270        -14.6466      
     800.0000      7.5121        3.5986        -38.6417      52.8004       3.5978        -25.0039      
     1000.0000     7.8107        5.1317        -49.3780      54.5096       5.1308        -35.7402      
     1200.0000     8.0537        6.7191        -60.4282      55.9560       6.7182        -46.7904      
     1400.0000     8.2449        8.3497        -71.7478      57.2125       8.3488        -58.1100      
     1600.0000     8.3943        10.0142       -83.3035      58.3236       10.0134       -69.6657      
     1800.0000     8.5105        11.7052       -95.0695      59.3193       11.7044       -81.4318      
     2000.0000     8.6011        13.4168       -107.0250     60.2209       13.4159       -93.3872      
     2200.0000     8.6725        15.1444       -119.1527     61.0441       15.1435       -105.5149     
     2400.0000     8.7297        16.8848       -131.4382     61.8013       16.8839       -117.8004     
     2600.0000     8.7769        18.6356       -143.8694     62.5019       18.6348       -130.2316     
 -----------------------------------------------------------------------------------------------------


