
 ================================================================================================================================
   Kinetic data summary @  298.15K
 ================================================================================================================================
        Reaction                                                                        DG            DH            DS               
                                                                                        [kcal/mol]    [kcal/mol]    [cal/mol/K]      
 ================================================================================================================================
 1      N2=>N2                                                                          0.000         0.000         0.000         
 ================================================================================================================================


================================================================================================================================
 KINETIC DATA - REACTION  1 Simple
  N2  => N2 
================================================================================================================================
 Change in moles in the reaction = 0.000
 Reaction order (forward)  = 1.000
 k = 1.000000e+01 exp(-4.184430e+07/RT)  [1/s] and [J/kmol]
 k = 1.000000e+01 exp(-10000.00/RT)  [1/s] and [cal/mol]
 -------------------------------------------------------------------------------------------------------------------------------
    Temperature   kF            Keq           kR            DG            DH            DS            kF            kR
    [K]           [kmol,m3,s]   [-]           [kmol,m3,s]   [kcal/mol]    [kcal/mol]    [cal/mol/K]   [mol,cm3,s]   [mol,cm3,s]
 -------------------------------------------------------------------------------------------------------------------------------
    300           5.181e-07     0             0             0.000         0.000         0.000         5.1809e-07    0             
    1000          6.521e-02     0             0             0.000         0.000         0.000         6.5211e-02    0             
    1500          3.490e-01     0             0             0.000         0.000         0.000         3.4904e-01    0             
    2000          8.075e-01     0             0             0.000         0.000         0.000         8.0753e-01    0             
    2500          1.336e+00     0             0             0.000         0.000         0.000         1.3358e+00    0             
 -------------------------------------------------------------------------------------------------------------------------------

