-----------------------------------------------------------------------------------------------------------------------------------------------------
Name                              MW       Cp@298K        H@298K        G@298K        S@298K      Cp@1000K       H@1000K       G@1000K       S@1000K 
                           [kg/kmol]   [cal/mol/K]    [kcal/mol]    [kcal/mol]   [cal/mol/K]   [cal/mol/K]    [kcal/mol]    [kcal/mol]   [cal/mol/K] 
-----------------------------------------------------------------------------------------------------------------------------------------------------
C2H5OH                       46.0690       15.6022      -56.1506      -76.1310       67.0482       34.1524      -37.6583     -134.3112       96.6530
O2                           31.9980        7.0204       -0.0011      -14.6100       49.0232        8.3367        5.4260      -52.7859       58.2119
CO2                          44.0090        8.8729      -94.0343     -109.2578       51.0856       12.9840      -86.0501     -150.4070       64.3569
CO                           28.0100        6.9641      -26.4139      -40.4895       47.2335        7.9221      -21.2295      -77.2819       56.0524
H2O                          18.0150        8.0267      -57.7947      -71.2414       45.1232        9.8652      -51.5799     -107.1994       55.6196
N2                           28.0140        6.9601       -0.0010      -13.6455       45.7869        7.8072        5.1295      -49.3995       54.5290
C2H5OH(L)                    46.0690       15.6022      -56.1506      -76.1310       67.0482       34.1524      -37.6583     -134.3112       96.6530
H2O(L)                       18.0150        8.0267      -57.7947      -71.2414       45.1232        9.8652      -51.5799     -107.1994       55.6196
-----------------------------------------------------------------------------------------------------------------------------------------------------

 ====================================================================================================
   THERMO TABLE FOR MOLECULE C2H5OH
 ====================================================================================================
   Elemental Composition:
     C 2.0000
     H 6.0000
     O 1.0000
   Formation Enthalpy at 298K =          -56.1506 kcal/mol
   Formation Free Gibbs Energy at 298K = -76.1310 kcal/mol
   Molecular Weight =                    46.0690 kg/kmol
 -----------------------------------------------------------------------------------------------------
   Temperature       Cp             H             G            S             DH            DG         
       [K]       [cal/mol/K]    [kcal/mol]    [kcal/mol]  [cal/(mol-K)]  [kcal/mol]     [kcal/mol]    
 -----------------------------------------------------------------------------------------------------
     300.0000      15.6731       -56.1194      -76.2652      67.1528       0.0313        -0.1342       
     600.0000      25.9561       -49.8173      -98.5959      81.2977       6.3333        -22.4649      
     800.0000      30.5916       -44.1286      -115.6873     89.4484       12.0220       -39.5563      
     1000.0000     34.1524       -37.6583      -134.3112     96.6530       18.4924       -58.1802      
     1200.0000     36.6204       -30.5733      -154.2991     103.1049      25.5774       -78.1681      
     1400.0000     38.6542       -23.0391      -175.5101     108.9079      33.1116       -99.3791      
     1600.0000     40.3108       -15.1367      -197.8270     114.1815      41.0139       -121.6960     
     1800.0000     41.6429       -6.9364       -221.1530     119.0092      49.2143       -145.0220     
     2000.0000     42.6997       1.5021        -245.4052     123.4537      57.6527       -169.2742     
     2200.0000     43.5261       10.1282       -270.5122     127.5638      66.2788       -194.3812     
     2400.0000     44.1632       18.8999       -296.4111     131.3796      75.0506       -220.2801     
     2600.0000     44.6484       27.7833       -323.0466     134.9346      83.9340       -246.9156     
 -----------------------------------------------------------------------------------------------------


 ====================================================================================================
   THERMO TABLE FOR MOLECULE O2
 ====================================================================================================
   Elemental Composition:
     O 2.0000
   Formation Enthalpy at 298K =          -0.0011 kcal/mol
   Formation Free Gibbs Energy at 298K = -14.6100 kcal/mol
   Molecular Weight =                    31.9980 kg/kmol
 -----------------------------------------------------------------------------------------------------
   Temperature       Cp             H             G            S             DH            DG         
       [K]       [cal/mol/K]    [kcal/mol]    [kcal/mol]  [cal/(mol-K)]  [kcal/mol]     [kcal/mol]    
 -----------------------------------------------------------------------------------------------------
     300.0000      7.0229        0.0130        -14.7080      49.0701       0.0140        -0.0981       
     600.0000      7.6666        2.2092        -30.2618      54.1184       2.2103        -15.6519      
     800.0000      8.0642        3.7847        -41.3207      56.3818       3.7858        -26.7108      
     1000.0000     8.3367        5.4260        -52.7859      58.2119       5.4271        -38.1760      
     1200.0000     8.5010        7.1100        -64.5859      59.7466       7.1111        -49.9760      
     1400.0000     8.6529        8.8256        -76.6705      61.0686       8.8266        -62.0605      
     1600.0000     8.7935        10.5704       -89.0029      62.2333       10.5715       -74.3930      
     1800.0000     8.9244        12.3424       -101.5557     63.2767       12.3434       -86.9458      
     2000.0000     9.0464        14.1396       -114.3072     64.2234       14.1406       -99.6972      
     2200.0000     9.1609        15.9604       -127.2398     65.0910       15.9615       -112.6299     
     2400.0000     9.2686        17.8035       -140.3392     65.8928       17.8045       -125.7293     
     2600.0000     9.3704        19.6675       -153.5932     66.6387       19.6685       -138.9833     
 -----------------------------------------------------------------------------------------------------


 ====================================================================================================
   THERMO TABLE FOR MOLECULE CO2
 ====================================================================================================
   Elemental Composition:
     C 1.0000
     O 2.0000
   Formation Enthalpy at 298K =          -94.0343 kcal/mol
   Formation Free Gibbs Energy at 298K = -109.2578 kcal/mol
   Molecular Weight =                    44.0090 kg/kmol
 -----------------------------------------------------------------------------------------------------
   Temperature       Cp             H             G            S             DH            DG         
       [K]       [cal/mol/K]    [kcal/mol]    [kcal/mol]  [cal/(mol-K)]  [kcal/mol]     [kcal/mol]    
 -----------------------------------------------------------------------------------------------------
     300.0000      8.8947        -94.0166      -109.3601     51.1450       0.0178        -0.1022       
     600.0000      11.3147       -90.9479      -125.8309     58.1382       3.0864        -16.5730      
     800.0000      12.2914       -88.5814      -137.8098     61.5356       5.4529        -28.5520      
     1000.0000     12.9840       -86.0501      -150.4070     64.3569       7.9842        -41.1492      
     1200.0000     13.4156       -83.4087      -163.5250     66.7636       10.6256       -54.2672      
     1400.0000     13.7679       -80.6892      -177.0918     68.8590       13.3452       -67.8339      
     1600.0000     14.0517       -77.9061      -191.0529     70.7167       16.1282       -81.7950      
     1800.0000     14.2771       -75.0724      -205.3659     72.3853       18.9620       -96.1080      
     2000.0000     14.4535       -72.1986      -219.9967     73.8990       21.8358       -110.7388     
     2200.0000     14.5895       -69.2937      -234.9169     75.2833       24.7407       -125.6590     
     2400.0000     14.6932       -66.3649      -250.1026     76.5574       27.6694       -140.8448     
     2600.0000     14.7717       -63.4181      -265.5335     77.7367       30.6163       -156.2757     
 -----------------------------------------------------------------------------------------------------


 ====================================================================================================
   THERMO TABLE FOR MOLECULE CO
 ====================================================================================================
   Elemental Composition:
     C 1.0000
     O 1.0000
   Formation Enthalpy at 298K =          -26.4139 kcal/mol
   Formation Free Gibbs Energy at 298K = -40.4895 kcal/mol
   Molecular Weight =                    28.0100 kg/kmol
 -----------------------------------------------------------------------------------------------------
   Temperature       Cp             H             G            S             DH            DG         
       [K]       [cal/mol/K]    [kcal/mol]    [kcal/mol]  [cal/(mol-K)]  [kcal/mol]     [kcal/mol]    
 -----------------------------------------------------------------------------------------------------
     300.0000      6.9646        -26.4000      -40.5840      47.2800       0.0139        -0.0945       
     600.0000      7.2693        -24.2751      -55.5817      52.1777       2.1388        -15.0922      
     800.0000      7.6228        -22.7865      -66.2397      54.3164       3.6274        -25.7502      
     1000.0000     7.9221        -21.2295      -77.2819      56.0524       5.1845        -36.7924      
     1200.0000     8.1407        -19.6225      -88.6426      57.5167       6.7914        -48.1531      
     1400.0000     8.3200        -17.9758      -100.2756     58.7856       8.4381        -59.7861      
     1600.0000     8.4654        -16.2967      -112.1469     59.9064       10.1172       -71.6574      
     1800.0000     8.5819        -14.5916      -124.2304     60.9104       11.8224       -83.7409      
     2000.0000     8.6739        -12.8656      -136.5048     61.8196       13.5483       -96.0153      
     2200.0000     8.7458        -11.1234      -148.9530     62.6498       15.2906       -108.4635     
     2400.0000     8.8013        -9.3684       -161.5603     63.4133       17.0455       -121.0708     
     2600.0000     8.8439        -7.6037       -174.3145     64.1195       18.8102       -133.8250     
 -----------------------------------------------------------------------------------------------------


 ====================================================================================================
   THERMO TABLE FOR MOLECULE H2O
 ====================================================================================================
   Elemental Composition:
     H 2.0000
     O 1.0000
   Formation Enthalpy at 298K =          -57.7947 kcal/mol
   Formation Free Gibbs Energy at 298K = -71.2414 kcal/mol
   Molecular Weight =                    18.0150 kg/kmol
 -----------------------------------------------------------------------------------------------------
   Temperature       Cp             H             G            S             DH            DG         
       [K]       [cal/mol/K]    [kcal/mol]    [kcal/mol]  [cal/(mol-K)]  [kcal/mol]     [kcal/mol]    
 -----------------------------------------------------------------------------------------------------
     300.0000      8.0290        -57.7786      -71.3317      45.1769       0.0161        -0.0903       
     600.0000      8.6799        -55.2840      -85.8328      50.9147       2.5106        -14.5915      
     800.0000      9.2556        -53.4911      -96.2829      53.4897       4.3036        -25.0415      
     1000.0000     9.8652        -51.5799      -107.1994     55.6196       6.2148        -35.9581      
     1200.0000     10.4722       -49.5448      -118.5125     57.4730       8.2498        -47.2711      
     1400.0000     11.0070       -47.3958      -130.1755     59.1284       10.3989       -58.9341      
     1600.0000     11.4773       -45.1464      -142.1536     60.6295       12.6483       -70.9122      
     1800.0000     11.8906       -42.8087      -154.4190     62.0057       14.9860       -83.1776      
     2000.0000     12.2532       -40.3935      -166.9489     63.2777       17.4012       -95.7076      
     2200.0000     12.5712       -37.9103      -179.7242     64.4608       19.8843       -108.4828     
     2400.0000     12.8499       -35.3676      -192.7281     65.5669       22.4270       -121.4868     
     2600.0000     13.0938       -32.7727      -205.9464     66.6053       25.0220       -134.7050     
 -----------------------------------------------------------------------------------------------------


 ====================================================================================================
   THERMO TABLE FOR MOLECULE N2
 ====================================================================================================
   Elemental Composition:
     N 2.0000
   Formation Enthalpy at 298K =          -0.0010 kcal/mol
   Formation Free Gibbs Energy at 298K = -13.6455 kcal/mol
   Molecular Weight =                    28.0140 kg/kmol
 -----------------------------------------------------------------------------------------------------
   Temperature       Cp             H             G            S             DH            DG         
       [K]       [cal/mol/K]    [kcal/mol]    [kcal/mol]  [cal/(mol-K)]  [kcal/mol]     [kcal/mol]    
 -----------------------------------------------------------------------------------------------------
     300.0000      6.9604        0.0129        -13.7372      45.8335       0.0139        -0.0916       
     600.0000      7.1917        2.1263        -28.2983      50.7077       2.1274        -14.6528      
     800.0000      7.5111        3.5955        -38.6595      52.8187       3.5965        -25.0140      
     1000.0000     7.8072        5.1295        -49.3995      54.5290       5.1305        -35.7540      
     1200.0000     8.0375        6.7147        -60.4535      55.9734       6.7157        -46.8079      
     1400.0000     8.2274        8.3418        -71.7762      57.2272       8.3428        -58.1307      
     1600.0000     8.3824        10.0033       -83.3347      58.3363       10.0043       -69.6892      
     1800.0000     8.5073        11.6927       -95.1031      59.3310       11.6938       -81.4576      
     2000.0000     8.6068        13.4045       -107.0609     60.2327       13.4056       -93.4154      
     2200.0000     8.6851        15.1340       -119.1911     61.0569       15.1351       -105.5455     
     2400.0000     8.7461        16.8774       -131.4793     61.8153       16.8784       -117.8338     
     2600.0000     8.7934        18.6315       -143.9134     62.5173       18.6326       -130.2679     
 -----------------------------------------------------------------------------------------------------


 ====================================================================================================
   THERMO TABLE FOR MOLECULE C2H5OH(L)
 ====================================================================================================
   Elemental Composition:
     C 2.0000
     H 6.0000
     O 1.0000
   Formation Enthalpy at 298K =          -56.1506 kcal/mol
   Formation Free Gibbs Energy at 298K = -76.1310 kcal/mol
   Molecular Weight =                    46.0690 kg/kmol
 -----------------------------------------------------------------------------------------------------
   Temperature       Cp             H             G            S             DH            DG         
       [K]       [cal/mol/K]    [kcal/mol]    [kcal/mol]  [cal/(mol-K)]  [kcal/mol]     [kcal/mol]    
 -----------------------------------------------------------------------------------------------------
     300.0000      15.6731       -56.1194      -76.2652      67.1528       0.0313        -0.1342       
     600.0000      25.9561       -49.8173      -98.5959      81.2977       6.3333        -22.4649      
     800.0000      30.5916       -44.1286      -115.6873     89.4484       12.0220       -39.5563      
     1000.0000     34.1524       -37.6583      -134.3112     96.6530       18.4924       -58.1802      
     1200.0000     36.6204       -30.5733      -154.2991     103.1049      25.5774       -78.1681      
     1400.0000     38.6542       -23.0391      -175.5101     108.9079      33.1116       -99.3791      
     1600.0000     40.3108       -15.1367      -197.8270     114.1815      41.0139       -121.6960     
     1800.0000     41.6429       -6.9364       -221.1530     119.0092      49.2143       -145.0220     
     2000.0000     42.6997       1.5021        -245.4052     123.4537      57.6527       -169.2742     
     2200.0000     43.5261       10.1282       -270.5122     127.5638      66.2788       -194.3812     
     2400.0000     44.1632       18.8999       -296.4111     131.3796      75.0506       -220.2801     
     2600.0000     44.6484       27.7833       -323.0466     134.9346      83.9340       -246.9156     
 -----------------------------------------------------------------------------------------------------


 ====================================================================================================
   THERMO TABLE FOR MOLECULE H2O(L)
 ====================================================================================================
   Elemental Composition:
     H 2.0000
     O 1.0000
   Formation Enthalpy at 298K =          -57.7947 kcal/mol
   Formation Free Gibbs Energy at 298K = -71.2414 kcal/mol
   Molecular Weight =                    18.0150 kg/kmol
 -----------------------------------------------------------------------------------------------------
   Temperature       Cp             H             G            S             DH            DG         
       [K]       [cal/mol/K]    [kcal/mol]    [kcal/mol]  [cal/(mol-K)]  [kcal/mol]     [kcal/mol]    
 -----------------------------------------------------------------------------------------------------
     300.0000      8.0290        -57.7786      -71.3317      45.1769       0.0161        -0.0903       
     600.0000      8.6799        -55.2840      -85.8328      50.9147       2.5106        -14.5915      
     800.0000      9.2556        -53.4911      -96.2829      53.4897       4.3036        -25.0415      
     1000.0000     9.8652        -51.5799      -107.1994     55.6196       6.2148        -35.9581      
     1200.0000     10.4722       -49.5448      -118.5125     57.4730       8.2498        -47.2711      
     1400.0000     11.0070       -47.3958      -130.1755     59.1284       10.3989       -58.9341      
     1600.0000     11.4773       -45.1464      -142.1536     60.6295       12.6483       -70.9122      
     1800.0000     11.8906       -42.8087      -154.4190     62.0057       14.9860       -83.1776      
     2000.0000     12.2532       -40.3935      -166.9489     63.2777       17.4012       -95.7076      
     2200.0000     12.5712       -37.9103      -179.7242     64.4608       19.8843       -108.4828     
     2400.0000     12.8499       -35.3676      -192.7281     65.5669       22.4270       -121.4868     
     2600.0000     13.0938       -32.7727      -205.9464     66.6053       25.0220       -134.7050     
 -----------------------------------------------------------------------------------------------------


