------------------------------
  Elements     Atomic Weight  
------------------------------
  1.	C         12.01099968
  2.	H          1.00800002
  3.	O         15.99899960
  4.	N         14.00699997
------------------------------


--------------------------------------------------------------------------------------------------------------
                                                Molecular        Temperature        Elements
  Species                  Phase  Charge         weight         Low      High       C       H       O       N
--------------------------------------------------------------------------------------------------------------
    1. CH2OHCH2CHO           G      0           74.078998    300.00   4000.00       3       6       2       0
    2. FURFURAL              G      0           96.084998    300.00   4000.00       5       4       2       0
    3. CH3CO2H               G      0           60.051999    300.00   4000.00       2       4       2       0
    4. C24H28O4              G      0          380.483991    300.00   4000.00      24      28       4       0
    5. C2H3CHO               G      0           56.063999    300.00   5000.00       3       4       1       0
    6. C6H5OCH3              G      0          108.139997    300.00   4000.00       7       8       1       0
    7. U2ME12                G      0          210.316995    300.00   4000.00      13      22       2       0
    8. MLINO                 G      0          294.478994    300.00   4000.00      19      34       2       0
    9. CH2OHCHO              G      0           60.051999    300.00   4000.00       2       4       2       0
   10. CHOCHO                G      0           58.035999    300.00   4000.00       2       2       2       0
   11. CH3CHO                G      0           44.052999    200.00   6000.00       2       4       1       0
   12. C6H6O3                G      0          126.110997    300.00   4000.00       6       6       3       0
   13. C2H5CHO               G      0           58.079999    300.00   4000.00       3       6       1       0
   14. CH3OH                 G      0           32.041999    200.00   6000.00       1       4       1       0
   15. CH2O                  G      0           30.025999    300.00   4000.00       1       2       1       0
   16. HCOOH                 G      0           46.024999    300.00   4000.00       1       2       2       0
   17. C6H10O5               G      0          162.140996    300.00   4000.00       6      10       5       0
   18. C2H5OH                G      0           46.068999    300.00   5000.00       2       6       1       0
   19. C5H8O4                G      0          132.114997    300.00   4000.00       5       8       4       0
   20. C6H5OH                G      0           94.112998    300.00   4000.00       6       6       1       0
   21. VANILLIN              G      0          152.148996    300.00   3500.00       8       8       3       0
   22. CRESOL                G      0          108.139997    300.00   4000.00       7       8       1       0
   23. FURAN                 G      0           68.074998    300.00   3500.00       4       4       1       0
   24. CH3COCH3              G      0           58.079999    300.00   3500.00       3       6       1       0
   25. LVG                   G      0          162.140996    300.00   4000.00       6      10       5       0
   26. CO                    G      0           28.009999    200.00   6000.00       1       0       1       0
   27. CO2                   G      0           44.008999    200.00   6000.00       1       0       2       0
   28. H2                    G      0            2.016000    200.00   6000.00       0       2       0       0
   29. CH4                   G      0           16.043000    200.00   6000.00       1       4       0       0
   30. C2H4                  G      0           28.053999    300.00   4000.00       2       4       0       0
   31. C2H6                  G      0           30.069999    300.00   4000.00       2       6       0       0
   32. C6H6                  G      0           78.113998    300.00   4000.00       6       6       0       0
   33. N2                    G      0           28.014000    200.00   6000.00       0       0       0       2
   34. O2                    G      0           31.997999    200.00   6000.00       0       0       2       0
   35. H2O                   G      0           18.015000    200.00   6000.00       0       2       1       0
   36. C2H2                  G      0           26.037999    300.00   3500.00       2       2       0       0
--------------------------------------------------------------------------------------------------------------

--------------------------------------------------------------------------------------------------------------
                                                Molecular        Temperature        Elements
  Species                  Phase  Charge         weight         Low      High       C       H       O       N
--------------------------------------------------------------------------------------------------------------
   34. O2                    G      0           31.997999    200.00   6000.00       0       0       2       0
   33. N2                    G      0           28.014000    200.00   6000.00       0       0       0       2
   28. H2                    G      0            2.016000    200.00   6000.00       0       2       0       0
   35. H2O                   G      0           18.015000    200.00   6000.00       0       2       1       0
   27. CO2                   G      0           44.008999    200.00   6000.00       1       0       2       0
   29. CH4                   G      0           16.043000    200.00   6000.00       1       4       0       0
   14. CH3OH                 G      0           32.041999    200.00   6000.00       1       4       1       0
   15. CH2O                  G      0           30.025999    300.00   4000.00       1       2       1       0
   16. HCOOH                 G      0           46.024999    300.00   4000.00       1       2       2       0
   26. CO                    G      0           28.009999    200.00   6000.00       1       0       1       0
   10. CHOCHO                G      0           58.035999    300.00   4000.00       2       2       2       0
   18. C2H5OH                G      0           46.068999    300.00   5000.00       2       6       1       0
   31. C2H6                  G      0           30.069999    300.00   4000.00       2       6       0       0
   30. C2H4                  G      0           28.053999    300.00   4000.00       2       4       0       0
   11. CH3CHO                G      0           44.052999    200.00   6000.00       2       4       1       0
    9. CH2OHCHO              G      0           60.051999    300.00   4000.00       2       4       2       0
    3. CH3CO2H               G      0           60.051999    300.00   4000.00       2       4       2       0
   36. C2H2                  G      0           26.037999    300.00   3500.00       2       2       0       0
    5. C2H3CHO               G      0           56.063999    300.00   5000.00       3       4       1       0
    1. CH2OHCH2CHO           G      0           74.078998    300.00   4000.00       3       6       2       0
   13. C2H5CHO               G      0           58.079999    300.00   4000.00       3       6       1       0
   24. CH3COCH3              G      0           58.079999    300.00   3500.00       3       6       1       0
   23. FURAN                 G      0           68.074998    300.00   3500.00       4       4       1       0
    2. FURFURAL              G      0           96.084998    300.00   4000.00       5       4       2       0
   19. C5H8O4                G      0          132.114997    300.00   4000.00       5       8       4       0
   17. C6H10O5               G      0          162.140996    300.00   4000.00       6      10       5       0
   25. LVG                   G      0          162.140996    300.00   4000.00       6      10       5       0
   32. C6H6                  G      0           78.113998    300.00   4000.00       6       6       0       0
   12. C6H6O3                G      0          126.110997    300.00   4000.00       6       6       3       0
   20. C6H5OH                G      0           94.112998    300.00   4000.00       6       6       1       0
   22. CRESOL                G      0          108.139997    300.00   4000.00       7       8       1       0
    6. C6H5OCH3              G      0          108.139997    300.00   4000.00       7       8       1       0
   21. VANILLIN              G      0          152.148996    300.00   3500.00       8       8       3       0
    7. U2ME12                G      0          210.316995    300.00   4000.00      13      22       2       0
    8. MLINO                 G      0          294.478994    300.00   4000.00      19      34       2       0
    4. C24H28O4              G      0          380.483991    300.00   4000.00      24      28       4       0
--------------------------------------------------------------------------------------------------------------

------------------------------------------------------------------------------------------------------------------
  Species                  Shape       eps/kb          sigma             mu           alfa        zRot298         
------------------------------------------------------------------------------------------------------------------
    1. CH2OHCH2CHO           2       503.0720         5.3390         1.6700         7.0160         1.0000
    2. FURFURAL              2       524.6900         5.6530         0.0000         0.0000         1.0000
    3. CH3CO2H               2       436.0000         3.9700         0.0000         0.0000         2.0000
    4. C24H28O4              2       750.0000         8.3500         0.0000         0.0000         1.0000
    5. C2H3CHO               2       428.8000         4.9580         2.9000         0.0000         1.0000
    6. C6H5OCH3              2       450.0000         5.5000         0.0000         0.0000         1.0000
    7. U2ME12                2       620.0000         8.0000         0.0000         0.0000         1.0000
    8. MLINO                 2       750.0000         8.3500         0.0000         0.0000         1.0000
    9. CH2OHCHO              2       496.0000         5.2000         0.0000         0.0000         1.0000
   10. CHOCHO                1       440.2000         4.0100         0.0000         0.0000         2.0000
   11. CH3CHO                2       436.0000         3.9700         0.0000         0.0000         2.0000
   12. C6H6O3                2       567.8410         5.9150         0.0000         0.0000         1.0000
   13. C2H5CHO               2       435.2000         4.6620         2.7000         0.0000         1.0000
   14. CH3OH                 2       481.8000         3.6260         0.0000         0.0000         1.0000
   15. CH2O                  2       498.0000         3.5900         0.0000         0.0000         2.0000
   16. HCOOH                 2       470.6000         3.8550         0.0000         0.0000         1.0000
   17. C6H10O5               2       568.5000         5.2300         0.0000        10.3000         1.0000
   18. C2H5OH                2       470.6000         4.4100         0.0000         0.0000         1.5000
   19. C5H8O4                2       568.5000         5.2300         0.0000        10.3000         1.0000
   20. C6H5OH                2       450.0000         5.5000         0.0000         0.0000         1.0000
   21. VANILLIN              2       450.0000         5.5000         0.0000         0.0000         1.0000
   22. CRESOL                2       621.1000         5.6400         0.0000         0.0000         1.0000
   23. FURAN                 1       357.0000         5.1800         0.0000         0.0000         1.0000
   24. CH3COCH3              2       435.5000         4.8600         0.0000         0.0000         1.0000
   25. LVG                   2       568.5000         5.2300         0.0000        10.3000         1.0000
   26. CO                    1        98.1000         3.6500         0.0000         1.9500         1.8000
   27. CO2                   1       244.0000         3.7630         0.0000         2.6500         2.1000
   28. H2                    1        38.0000         2.9200         0.0000         0.7900       280.0000
   29. CH4                   2       141.4000         3.7460         0.0000         2.6000        13.0000
   30. C2H4                  2       238.4000         3.4960         0.0000         0.0000         1.5000
   31. C2H6                  2       247.5000         4.3500         0.0000         0.0000         1.5000
   32. C6H6                  2       468.5000         5.2300         0.0000        10.3000         1.0000
   33. N2                    1        97.5300         3.6210         0.0000         1.7600         4.0000
   34. O2                    1       107.4000         3.4580         0.0000         1.6000         3.8000
   35. H2O                   2       572.4000         2.6050         1.8440         0.0000         4.0000
   36. C2H2                  1       265.3000         3.7210         0.0000         0.0000         2.5000
------------------------------------------------------------------------------------------------------------------


------------------------------------------------------------------------------------------------------------------
  Species                  Shape       eps/kb          sigma             mu           alfa        zRot298         
------------------------------------------------------------------------------------------------------------------
    1. CH2OHCH2CHO           2       503.0720         5.3390         1.6700         7.0160         1.0000
    2. FURFURAL              2       524.6900         5.6530         0.0000         0.0000         1.0000
    3. CH3CO2H               2       436.0000         3.9700         0.0000         0.0000         2.0000
    4. C24H28O4              2       750.0000         8.3500         0.0000         0.0000         1.0000
    5. C2H3CHO               2       428.8000         4.9580         2.9000         0.0000         1.0000
    6. C6H5OCH3              2       450.0000         5.5000         0.0000         0.0000         1.0000
    7. U2ME12                2       620.0000         8.0000         0.0000         0.0000         1.0000
    8. MLINO                 2       750.0000         8.3500         0.0000         0.0000         1.0000
    9. CH2OHCHO              2       496.0000         5.2000         0.0000         0.0000         1.0000
   10. CHOCHO                1       440.2000         4.0100         0.0000         0.0000         2.0000
   11. CH3CHO                2       436.0000         3.9700         0.0000         0.0000         2.0000
   12. C6H6O3                2       567.8410         5.9150         0.0000         0.0000         1.0000
   13. C2H5CHO               2       435.2000         4.6620         2.7000         0.0000         1.0000
   14. CH3OH                 2       481.8000         3.6260         0.0000         0.0000         1.0000
   15. CH2O                  2       498.0000         3.5900         0.0000         0.0000         2.0000
   16. HCOOH                 2       470.6000         3.8550         0.0000         0.0000         1.0000
   17. C6H10O5               2       568.5000         5.2300         0.0000        10.3000         1.0000
   18. C2H5OH                2       470.6000         4.4100         0.0000         0.0000         1.5000
   19. C5H8O4                2       568.5000         5.2300         0.0000        10.3000         1.0000
   20. C6H5OH                2       450.0000         5.5000         0.0000         0.0000         1.0000
   21. VANILLIN              2       450.0000         5.5000         0.0000         0.0000         1.0000
   22. CRESOL                2       621.1000         5.6400         0.0000         0.0000         1.0000
   23. FURAN                 1       357.0000         5.1800         0.0000         0.0000         1.0000
   24. CH3COCH3              2       435.5000         4.8600         0.0000         0.0000         1.0000
   25. LVG                   2       568.5000         5.2300         0.0000        10.3000         1.0000
   26. CO                    1        98.1000         3.6500         0.0000         1.9500         1.8000
   27. CO2                   1       244.0000         3.7630         0.0000         2.6500         2.1000
   28. H2                    1        38.0000         2.9200         0.0000         0.7900       280.0000
   29. CH4                   2       141.4000         3.7460         0.0000         2.6000        13.0000
   30. C2H4                  2       238.4000         3.4960         0.0000         0.0000         1.5000
   31. C2H6                  2       247.5000         4.3500         0.0000         0.0000         1.5000
   32. C6H6                  2       468.5000         5.2300         0.0000        10.3000         1.0000
   33. N2                    1        97.5300         3.6210         0.0000         1.7600         4.0000
   34. O2                    1       107.4000         3.4580         0.0000         1.6000         3.8000
   35. H2O                   2       572.4000         2.6050         1.8440         0.0000         4.0000
   36. C2H2                  1       265.3000         3.7210         0.0000         0.0000         2.5000
------------------------------------------------------------------------------------------------------------------


---------------------------------------------------------------------------------------
                                  CHEMICAL REACTIONS                                   

                          Units: [mol, cm3, s] and [cal/mol]                           
---------------------------------------------------------------------------------------


      1. HCOOH  => 0.6CO + 0.4CO2 + 0.4H2 + 0.6H2O 
         k:       8.100000e+14	    0.00      67600.00


      2. CHOCHO  => 2CO + H2 
         k:       1.020000e+14	    0.00      52700.00


      3. CH2OHCHO  => 2CO + 2H2 
         k:       4.710000e+13	    0.00      60500.00


      4. CH2OHCH2CHO  => 2CO + H2 + CH4 
         k:       3.020000e+13	    0.00      49800.00


      5. CH3OH  => CO + 2H2 
         k:       3.470000e+14	    0.00      73000.00


      6. CH3CHO  => CO + CH4 
         k:       6.910000e+10	    0.00      48900.00


      7. CH3CO2H  => 2CO + 2H2 
         k:       2.560000e+11	    0.00      54700.00


      8. C2H3CHO  => CO + H2 + C2H2 
         k:       7.930000e+14	    0.00      70400.00


      9. C2H5OH  => CO + H2 + CH4 
         k:       1.160000e+12	    0.00      59300.00


     10. C2H5CHO  => CO + 2H2 + C2H2 
         k:       1.420000e+13	    0.00      57600.00


     11. C5H8O4  => 4CO + 2H2 + CH4 
         k:       7.180000e+13	    0.00      59600.00


     12. C6H5OH  => CO + 0.5H2 + 2.5C2H2 
         k:       1.080000e+14	    0.00      73400.00


     13. C6H5OCH3  => CO + H2 + 3C2H2 
         k:       1.330000e+11	    0.00      41500.00


     14. C6H6O3  => 3CO + CH4 + C2H2 
         k:       1.570000e+11	    0.00      45600.00


     15. C6H10O5  => 5CO + 3H2 + CH4 
         k:       7.110000e+13	    0.00      56900.00


     16. LVG  => 5CO + 3H2 + CH4 
         k:       7.110000e+13	    0.00      56900.00


     17. CRESOL  => CO + H2 + 3C2H2 
         k:       1.980000e+14	    0.00      68200.00


     18. VANILLIN  => 3CO + 1.5H2 + 2.5C2H2 
         k:       3.750000e+10	    0.00      38500.00


     19. C24H28O4  => 4CO + 4H2 + 10C2H2 
         k:       4.610000e+13	    0.00      53600.00


     20. FURFURAL  => 2CO + 0.5H2 + 1.5C2H2 
         k:       7.180000e+13	    0.00      59600.00


     21. U2ME12  => 2CO + H2 + 3CH4 + 4C2H2 
         k:       4.610000e+13	    0.00      53600.00


     22. MLINO  => 2CO + H2 + 5CH4 + 6C2H2 
         k:       4.610000e+13	    0.00      53600.00


     23. FURAN  => CO + 0.5H2 + 1.5C2H2 
         k:       1.080000e+14	    0.00      73400.00


     24. CH3COCH3  => CO + 2H2 + C2H2 
         k:       3.020000e+13	    0.00      49800.00


     25. 1.5O2 + C2H2  => 2CO + H2O 
         k:       7.800000e+12	    0.00      30000.00
         Reaction order of species O2                 equal to 1.2500
         Reaction order of species C2H2               equal to 0.5000


     26. C2H4 + 2O2  => 2CO + 2H2O 
         k:       2.400000e+12	    0.00      30000.00
         Reaction order of species C2H4               equal to 0.1000
         Reaction order of species O2                 equal to 1.6500


     27. C2H6 + 2.5O2  => 2CO + 3H2O 
         k:       1.300000e+12	    0.00      30000.00
         Reaction order of species C2H6               equal to 0.1000
         Reaction order of species O2                 equal to 1.6500


     28. C6H6 + 4.5O2  => 6CO + 3H2O 
         k:       2.400000e+11	    0.00      30000.00
         Reaction order of species C6H6               equal to 0.1000
         Reaction order of species O2                 equal to 1.6500


     29. CH2O  => CO + H2 
         k:       8.100000e+14	    0.00      67600.00


     30. CH4 + 0.5O2  => CO + 2H2 
         k:       7.820000e+13	    0.00      30000.00
         Reaction order of species CH4                equal to 0.5000
         Reaction order of species O2                 equal to 0.5000


     31. CH4 + H2O  => CO + 3H2 
         k:       3.000000e+11	    0.00      30000.00


     32. H2 + 0.5O2  = H2O 
         k:       1.210000e+18	   -1.00      40000.00
         Reaction order of species H2                 equal to 0.2500
         Reaction order of species O2                 equal to 1.5000


     33. CO + H2O  = CO2 + H2 
         k:       2.750000e+12	    0.00      20000.00


