
 ================================================================================================================================
   Kinetic data summary @  298.15K
 ================================================================================================================================
        Reaction                                                                        DG            DH            DS               
                                                                                        [kcal/mol]    [kcal/mol]    [cal/mol/K]      
 ================================================================================================================================
 1      HCOOH=>0.6CO+0.4CO2+0.4H2+0.6H2O                                                -6.381        2.349         29.283        
 2      CHOCHO=>2CO+H2                                                                  -20.206       -2.142        60.586        
 3      CH2OHCHO=>2CO+2H2                                                               -4.322        20.434        83.031        
 4      CH2OHCH2CHO=>2CO+H2+CH4                                                         -16.255       9.646         86.873        
 5      CH3OH=>CO+2H2                                                                   6.063         21.622        52.185        
 6      CH3CHO=>CO+CH4                                                                  -13.081       -4.525        28.697        
 7      CH3CO2H=>2CO+2H2                                                                23.881        50.473        89.190        
 8      C2H3CHO=>CO+H2+C2H2                                                             26.173        43.902        59.461        
 9      C2H5OH=>CO+H2+CH4                                                               -4.705        11.889        55.656        
 10     C2H5CHO=>CO+2H2+C2H2                                                            45.929        72.370        88.683        
 11     C5H8O4=>4CO+2H2+CH4                                                             -28.888       28.061        191.007       
 12     C6H5OH=>CO+0.5H2+2.5C2H2                                                        100.894       132.961       107.551       
 13     C6H5OCH3=>CO+H2+3C2H2                                                           112.994       154.290       138.509       
 14     C6H6O3=>3CO+CH4+C2H2                                                            -3.300        37.268        136.064       
 15     C6H10O5=>5CO+3H2+CH4                                                            -26.733       51.008        260.744       
 16     LVG=>5CO+3H2+CH4                                                                -26.733       51.008        260.744       
 17     CRESOL=>CO+H2+3C2H2                                                             126.786       167.960       138.099       
 18     VANILLIN=>3CO+1.5H2+2.5C2H2                                                     88.530        145.830       192.184       
 19     C24H28O4=>4CO+4H2+10C2H2                                                        258.899       439.939       607.210       
 20     FURFURAL=>2CO+0.5H2+1.5C2H2                                                     34.031        65.116        104.260       
 21     U2ME12=>2CO+H2+3CH4+4C2H2                                                       118.995       205.418       289.866       
 22     MLINO=>2CO+H2+5CH4+6C2H2                                                        182.586       306.921       417.022       
 23     FURAN=>CO+0.5H2+1.5C2H2                                                         43.303        65.547        74.606        
 24     CH3COCH3=>CO+2H2+C2H2                                                           53.524        79.492        87.096        
 25     1.5O2+C2H2=>2CO+H2O                                                             -170.534      -165.154      18.047        
 26     C2H4+2O2=>2CO+2H2O                                                              -191.174      -180.959      34.261        
 27     C2H6+2.5O2=>2CO+3H2O                                                            -221.823      -206.167      52.510        
 28     C6H6+4.5O2=>6CO+3H2O                                                            -391.575      -351.664      133.860       
 29     CH2O=>CO+H2                                                                     -8.132        -0.325        26.187        
 30     CH4+0.5O2=>CO+2H2                                                               -20.703       -8.585        40.645        
 31     CH4+H2O=>CO+3H2                                                                 33.925        49.208        51.261        
 32     H2+0.5O2=H2O                                                                    -54.628       -57.793       -10.616       
 33     CO+H2O=CO2+H2                                                                   -6.832        -9.827        -10.044       
 ================================================================================================================================


================================================================================================================================
 KINETIC DATA - REACTION  1 Simple
  HCOOH  => 0.6CO + 0.4CO2 + 0.4H2 + 0.6H2O 
================================================================================================================================
 Change in moles in the reaction = 1.000
 Reaction order (forward)  = 1.000
 k = 8.100000e+14 exp(-2.828675e+08/RT)  [1/s] and [J/kmol]
 k = 8.100000e+14 exp(-67600.00/RT)  [1/s] and [cal/mol]
 -------------------------------------------------------------------------------------------------------------------------------
    Temperature   kF            Keq           kR            DG            DH            DS            kF            kR
    [K]           [kmol,m3,s]   [-]           [kmol,m3,s]   [kcal/mol]    [kcal/mol]    [cal/mol/K]   [mol,cm3,s]   [mol,cm3,s]
 -------------------------------------------------------------------------------------------------------------------------------
    300           4.548e-35     0             0             -6.436        2.359         29.317        4.5482e-35    0             
    1000          1.359e+00     0             0             -28.784       4.068         32.852        1.3592e+00    0             
    1500          1.144e+05     0             0             -49.611       -0.137        32.983        1.1438e+05    0             
    2000          3.318e+07     0             0             -66.101       -0.167        32.967        3.3181e+07    0             
    2500          9.963e+08     0             0             -82.577       -0.222        32.942        9.9634e+08    0             
 -------------------------------------------------------------------------------------------------------------------------------

================================================================================================================================
 KINETIC DATA - REACTION  2 Simple
  CHOCHO  => 2CO + H2 
================================================================================================================================
 Change in moles in the reaction = 2
 Reaction order (forward)  = 1.000
 k = 1.020000e+14 exp(-2.205195e+08/RT)  [1/s] and [J/kmol]
 k = 1.020000e+14 exp(-52700.00/RT)  [1/s] and [cal/mol]
 -------------------------------------------------------------------------------------------------------------------------------
    Temperature   kF            Keq           kR            DG            DH            DS            kF            kR
    [K]           [kmol,m3,s]   [-]           [kmol,m3,s]   [kcal/mol]    [kcal/mol]    [cal/mol/K]   [mol,cm3,s]   [mol,cm3,s]
 -------------------------------------------------------------------------------------------------------------------------------
    300           4.107e-25     0             0             -20.318       -2.131        60.625        4.1068e-25    0             
    1000          3.091e+02     0             0             -64.043       -1.939        62.104        3.0908e+02    0             
    1500          2.136e+06     0             0             -94.755       -3.572        60.788        2.1359e+06    0             
    2000          1.776e+08     0             0             -124.877      -5.389        59.744        1.7756e+08    0             
    2500          2.519e+09     0             0             -154.537      -7.219        58.927        2.5188e+09    0             
 -------------------------------------------------------------------------------------------------------------------------------

================================================================================================================================
 KINETIC DATA - REACTION  3 Simple
  CH2OHCHO  => 2CO + 2H2 
================================================================================================================================
 Change in moles in the reaction = 3
 Reaction order (forward)  = 1.000
 k = 4.710000e+13 exp(-2.531580e+08/RT)  [1/s] and [J/kmol]
 k = 4.710000e+13 exp(-60500.00/RT)  [1/s] and [cal/mol]
 -------------------------------------------------------------------------------------------------------------------------------
    Temperature   kF            Keq           kR            DG            DH            DS            kF            kR
    [K]           [kmol,m3,s]   [-]           [kmol,m3,s]   [kcal/mol]    [kcal/mol]    [cal/mol/K]   [mol,cm3,s]   [mol,cm3,s]
 -------------------------------------------------------------------------------------------------------------------------------
    300           3.937e-31     0             0             -4.475        20.456        83.105        3.9369e-31    0             
    1000          2.816e+00     0             0             -66.407       23.541        89.948        2.8162e+00    0             
    1500          7.202e+04     0             0             -111.227      22.606        89.222        7.2019e+04    0             
    2000          1.152e+07     0             0             -155.586      20.831        88.209        1.1517e+07    0             
    2500          2.419e+08     0             0             -199.448      18.707        87.262        2.4192e+08    0             
 -------------------------------------------------------------------------------------------------------------------------------

================================================================================================================================
 KINETIC DATA - REACTION  4 Simple
  CH2OHCH2CHO  => 2CO + H2 + CH4 
================================================================================================================================
 Change in moles in the reaction = 3
 Reaction order (forward)  = 1.000
 k = 3.020000e+13 exp(-2.083846e+08/RT)  [1/s] and [J/kmol]
 k = 3.020000e+13 exp(-49800.00/RT)  [1/s] and [cal/mol]
 -------------------------------------------------------------------------------------------------------------------------------
    Temperature   kF            Keq           kR            DG            DH            DS            kF            kR
    [K]           [kmol,m3,s]   [-]           [kmol,m3,s]   [kcal/mol]    [kcal/mol]    [cal/mol/K]   [mol,cm3,s]   [mol,cm3,s]
 -------------------------------------------------------------------------------------------------------------------------------
    300           1.577e-23     0             0             -16.416       9.659         86.916        1.5766e-23    0             
    1000          3.938e+02     0             0             -78.584       9.918         88.502        3.9384e+02    0             
    1500          1.673e+06     0             0             -122.491      8.251         87.162        1.6732e+06    0             
    2000          1.091e+08     0             0             -165.808      6.512         86.160        1.0906e+08    0             
    2500          1.337e+09     0             0             -208.699      4.924         85.449        1.3370e+09    0             
 -------------------------------------------------------------------------------------------------------------------------------

================================================================================================================================
 KINETIC DATA - REACTION  5 Simple
  CH3OH  => CO + 2H2 
================================================================================================================================
 Change in moles in the reaction = 2
 Reaction order (forward)  = 1.000
 k = 3.470000e+14 exp(-3.054634e+08/RT)  [1/s] and [J/kmol]
 k = 3.470000e+14 exp(-73000.00/RT)  [1/s] and [cal/mol]
 -------------------------------------------------------------------------------------------------------------------------------
    Temperature   kF            Keq           kR            DG            DH            DS            kF            kR
    [K]           [kmol,m3,s]   [-]           [kmol,m3,s]   [kcal/mol]    [kcal/mol]    [cal/mol/K]   [mol,cm3,s]   [mol,cm3,s]
 -------------------------------------------------------------------------------------------------------------------------------
    300           2.267e-39     0             0             5.966         21.641        52.250        2.2671e-39    0             
    1000          3.845e-02     0             0             -34.366       25.196        59.562        3.8448e-02    0             
    1500          8.005e+03     0             0             -64.165       25.076        59.494        8.0049e+03    0             
    2000          3.653e+06     0             0             -93.792       24.179        58.985        3.6526e+06    0             
    2500          1.439e+08     0             0             -123.146      22.958        58.442        1.4393e+08    0             
 -------------------------------------------------------------------------------------------------------------------------------

================================================================================================================================
 KINETIC DATA - REACTION  6 Simple
  CH3CHO  => CO + CH4 
================================================================================================================================
 Change in moles in the reaction = 1
 Reaction order (forward)  = 1.000
 k = 6.910000e+10 exp(-2.046186e+08/RT)  [1/s] and [J/kmol]
 k = 6.910000e+10 exp(-48900.00/RT)  [1/s] and [cal/mol]
 -------------------------------------------------------------------------------------------------------------------------------
    Temperature   kF            Keq           kR            DG            DH            DS            kF            kR
    [K]           [kmol,m3,s]   [-]           [kmol,m3,s]   [kcal/mol]    [kcal/mol]    [cal/mol/K]   [mol,cm3,s]   [mol,cm3,s]
 -------------------------------------------------------------------------------------------------------------------------------
    300           1.633e-25     0             0             -13.134       -4.521        28.711        1.6327e-25    0             
    1000          1.417e+00     0             0             -33.438       -4.832        28.607        1.4174e+00    0             
    1500          5.178e+03     0             0             -47.606       -5.417        28.126        5.1780e+03    0             
    2000          3.130e+05     0             0             -61.612       -5.740        27.936        3.1296e+05    0             
    2500          3.667e+06     0             0             -75.574       -5.725        27.940        3.6668e+06    0             
 -------------------------------------------------------------------------------------------------------------------------------

================================================================================================================================
 KINETIC DATA - REACTION  7 Simple
  CH3CO2H  => 2CO + 2H2 
================================================================================================================================
 Change in moles in the reaction = 3
 Reaction order (forward)  = 1.000
 k = 2.560000e+11 exp(-2.288883e+08/RT)  [1/s] and [J/kmol]
 k = 2.560000e+11 exp(-54700.00/RT)  [1/s] and [cal/mol]
 -------------------------------------------------------------------------------------------------------------------------------
    Temperature   kF            Keq           kR            DG            DH            DS            kF            kR
    [K]           [kmol,m3,s]   [-]           [kmol,m3,s]   [kcal/mol]    [kcal/mol]    [cal/mol/K]   [mol,cm3,s]   [mol,cm3,s]
 -------------------------------------------------------------------------------------------------------------------------------
    300           3.598e-29     0             0             23.716        50.496        89.267        3.5976e-29    0             
    1000          2.835e-01     0             0             -42.204       52.607        94.811        2.8351e-01    0             
    1500          2.740e+03     0             0             -89.190       50.471        93.108        2.7403e+03    0             
    2000          2.694e+05     0             0             -135.329      47.655        91.492        2.6941e+05    0             
    2500          4.226e+06     0             0             -180.734      44.713        90.179        4.2264e+06    0             
 -------------------------------------------------------------------------------------------------------------------------------

================================================================================================================================
 KINETIC DATA - REACTION  8 Simple
  C2H3CHO  => CO + H2 + C2H2 
================================================================================================================================
 Change in moles in the reaction = 2
 Reaction order (forward)  = 1.000
 k = 7.930000e+14 exp(-2.945839e+08/RT)  [1/s] and [J/kmol]
 k = 7.930000e+14 exp(-70400.00/RT)  [1/s] and [cal/mol]
 -------------------------------------------------------------------------------------------------------------------------------
    Temperature   kF            Keq           kR            DG            DH            DS            kF            kR
    [K]           [kmol,m3,s]   [-]           [kmol,m3,s]   [kcal/mol]    [kcal/mol]    [cal/mol/K]   [mol,cm3,s]   [mol,cm3,s]
 -------------------------------------------------------------------------------------------------------------------------------
    300           4.061e-37     0             0             26.063        43.916        59.509        4.0613e-37    0             
    1000          3.252e-01     0             0             -17.724       45.220        62.944        3.2515e-01    0             
    1500          4.377e+04     0             0             -48.933       43.883        61.877        4.3767e+04    0             
    2000          1.606e+07     0             0             -79.622       42.197        60.909        1.6058e+07    0             
    2500          5.551e+08     0             0             -109.871      40.417        60.115        5.5514e+08    0             
 -------------------------------------------------------------------------------------------------------------------------------

================================================================================================================================
 KINETIC DATA - REACTION  9 Simple
  C2H5OH  => CO + H2 + CH4 
================================================================================================================================
 Change in moles in the reaction = 2
 Reaction order (forward)  = 1.000
 k = 1.160000e+12 exp(-2.481367e+08/RT)  [1/s] and [J/kmol]
 k = 1.160000e+12 exp(-59300.00/RT)  [1/s] and [cal/mol]
 -------------------------------------------------------------------------------------------------------------------------------
    Temperature   kF            Keq           kR            DG            DH            DS            kF            kR
    [K]           [kmol,m3,s]   [-]           [kmol,m3,s]   [kcal/mol]    [kcal/mol]    [cal/mol/K]   [mol,cm3,s]   [mol,cm3,s]
 -------------------------------------------------------------------------------------------------------------------------------
    300           7.259e-32     0             0             -4.808        11.903        55.700        7.2587e-32    0             
    1000          1.269e-01     0             0             -45.583       13.028        58.611        1.2688e-01    0             
    1500          2.653e+03     0             0             -74.742       12.309        58.034        2.6530e+03    0             
    2000          3.836e+05     0             0             -103.652      11.631        57.642        3.8364e+05    0             
    2500          7.586e+06     0             0             -132.415      11.183        57.439        7.5862e+06    0             
 -------------------------------------------------------------------------------------------------------------------------------

================================================================================================================================
 KINETIC DATA - REACTION  10 Simple
  C2H5CHO  => CO + 2H2 + C2H2 
================================================================================================================================
 Change in moles in the reaction = 3
 Reaction order (forward)  = 1.000
 k = 1.420000e+13 exp(-2.410232e+08/RT)  [1/s] and [J/kmol]
 k = 1.420000e+13 exp(-57600.00/RT)  [1/s] and [cal/mol]
 -------------------------------------------------------------------------------------------------------------------------------
    Temperature   kF            Keq           kR            DG            DH            DS            kF            kR
    [K]           [kmol,m3,s]   [-]           [kmol,m3,s]   [kcal/mol]    [kcal/mol]    [cal/mol/K]   [mol,cm3,s]   [mol,cm3,s]
 -------------------------------------------------------------------------------------------------------------------------------
    300           1.539e-29     0             0             45.765        72.394        88.765        1.5390e-29    0             
    1000          3.654e+00     0             0             -20.722       75.991        96.713        3.6541e+00    0             
    1500          5.745e+04     0             0             -68.887       74.848        95.823        5.7449e+04    0             
    2000          7.203e+06     0             0             -116.498      72.739        94.618        7.2033e+06    0             
    2500          1.308e+08     0             0             -163.524      70.268        93.516        1.3076e+08    0             
 -------------------------------------------------------------------------------------------------------------------------------

================================================================================================================================
 KINETIC DATA - REACTION  11 Simple
  C5H8O4  => 4CO + 2H2 + CH4 
================================================================================================================================
 Change in moles in the reaction = 6
 Reaction order (forward)  = 1.000
 k = 7.180000e+13 exp(-2.493920e+08/RT)  [1/s] and [J/kmol]
 k = 7.180000e+13 exp(-59600.00/RT)  [1/s] and [cal/mol]
 -------------------------------------------------------------------------------------------------------------------------------
    Temperature   kF            Keq           kR            DG            DH            DS            kF            kR
    [K]           [kmol,m3,s]   [-]           [kmol,m3,s]   [kcal/mol]    [kcal/mol]    [cal/mol/K]   [mol,cm3,s]   [mol,cm3,s]
 -------------------------------------------------------------------------------------------------------------------------------
    300           2.716e-30     0             0             -29.242       28.094        191.120       2.7162e-30    0             
    1000          6.753e+00     0             0             -166.109      27.932        194.041       6.7527e+00    0             
    1500          1.485e+05     0             0             -262.076      22.836        189.942       1.4849e+05    0             
    2000          2.202e+07     0             0             -356.205      17.233        186.719       2.2019e+07    0             
    2500          4.420e+08     0             0             -448.920      11.706        184.250       4.4204e+08    0             
 -------------------------------------------------------------------------------------------------------------------------------

================================================================================================================================
 KINETIC DATA - REACTION  12 Simple
  C6H5OH  => CO + 0.5H2 + 2.5C2H2 
================================================================================================================================
 Change in moles in the reaction = 3
 Reaction order (forward)  = 1.000
 k = 1.080000e+14 exp(-3.071372e+08/RT)  [1/s] and [J/kmol]
 k = 1.080000e+14 exp(-73400.00/RT)  [1/s] and [cal/mol]
 -------------------------------------------------------------------------------------------------------------------------------
    Temperature   kF            Keq           kR            DG            DH            DS            kF            kR
    [K]           [kmol,m3,s]   [-]           [kmol,m3,s]   [kcal/mol]    [kcal/mol]    [cal/mol/K]   [mol,cm3,s]   [mol,cm3,s]
 -------------------------------------------------------------------------------------------------------------------------------
    300           3.607e-40     0             0             100.695       132.983       107.625       3.6069e-40    0             
    1000          9.784e-03     0             0             22.405        134.399       111.994       9.7845e-03    0             
    1500          2.179e+03     0             0             -33.152       132.242       110.263       2.1785e+03    0             
    2000          1.028e+06     0             0             -87.899       129.654       108.777       1.0280e+06    0             
    2500          4.133e+07     0             0             -141.979      126.996       107.590       4.1330e+07    0             
 -------------------------------------------------------------------------------------------------------------------------------

================================================================================================================================
 KINETIC DATA - REACTION  13 Simple
  C6H5OCH3  => CO + H2 + 3C2H2 
================================================================================================================================
 Change in moles in the reaction = 4
 Reaction order (forward)  = 1.000
 k = 1.330000e+11 exp(-1.736538e+08/RT)  [1/s] and [J/kmol]
 k = 1.330000e+11 exp(-41500.00/RT)  [1/s] and [cal/mol]
 -------------------------------------------------------------------------------------------------------------------------------
    Temperature   kF            Keq           kR            DG            DH            DS            kF            kR
    [K]           [kmol,m3,s]   [-]           [kmol,m3,s]   [kcal/mol]    [kcal/mol]    [cal/mol/K]   [mol,cm3,s]   [mol,cm3,s]
 -------------------------------------------------------------------------------------------------------------------------------
    300           7.738e-20     0             0             112.738       154.320       138.607       7.7378e-20    0             
    1000          1.131e+02     0             0             11.625        156.453       144.829       1.1305e+02    0             
    1500          1.193e+05     0             0             -60.178       153.412       142.393       1.1935e+05    0             
    2000          3.878e+06     0             0             -130.848      149.895       140.372       3.8776e+06    0             
    2500          3.131e+07     0             0             -200.625      146.386       138.804       3.1306e+07    0             
 -------------------------------------------------------------------------------------------------------------------------------

================================================================================================================================
 KINETIC DATA - REACTION  14 Simple
  C6H6O3  => 3CO + CH4 + C2H2 
================================================================================================================================
 Change in moles in the reaction = 4
 Reaction order (forward)  = 1.000
 k = 1.570000e+11 exp(-1.908100e+08/RT)  [1/s] and [J/kmol]
 k = 1.570000e+11 exp(-45600.00/RT)  [1/s] and [cal/mol]
 -------------------------------------------------------------------------------------------------------------------------------
    Temperature   kF            Keq           kR            DG            DH            DS            kF            kR
    [K]           [kmol,m3,s]   [-]           [kmol,m3,s]   [kcal/mol]    [kcal/mol]    [cal/mol/K]   [mol,cm3,s]   [mol,cm3,s]
 -------------------------------------------------------------------------------------------------------------------------------
    300           9.410e-23     0             0             -3.551        37.285        136.119       9.4096e-23    0             
    1000          1.695e+01     0             0             -100.072      36.501        136.573       1.6951e+01    0             
    1500          3.560e+04     0             0             -167.653      33.167        133.880       3.5599e+04    0             
    2000          1.631e+06     0             0             -234.091      29.874        131.982       1.6314e+06    0             
    2500          1.619e+07     0             0             -299.724      26.829        130.621       1.6189e+07    0             
 -------------------------------------------------------------------------------------------------------------------------------

================================================================================================================================
 KINETIC DATA - REACTION  15 Simple
  C6H10O5  => 5CO + 3H2 + CH4 
================================================================================================================================
 Change in moles in the reaction = 8
 Reaction order (forward)  = 1.000
 k = 7.110000e+13 exp(-2.380941e+08/RT)  [1/s] and [J/kmol]
 k = 7.110000e+13 exp(-56900.00/RT)  [1/s] and [cal/mol]
 -------------------------------------------------------------------------------------------------------------------------------
    Temperature   kF            Keq           kR            DG            DH            DS            kF            kR
    [K]           [kmol,m3,s]   [-]           [kmol,m3,s]   [kcal/mol]    [kcal/mol]    [cal/mol/K]   [mol,cm3,s]   [mol,cm3,s]
 -------------------------------------------------------------------------------------------------------------------------------
    300           2.494e-28     0             0             -27.216       51.050        260.886       2.4935e-28    0             
    1000          2.602e+01     0             0             -213.596      50.478        264.074       2.6023e+01    0             
    1500          3.638e+05     0             0             -344.171      43.396        258.378       3.6380e+05    0             
    2000          4.301e+07     0             0             -472.181      35.533        253.857       4.3014e+07    0             
    2500          7.538e+08     0             0             -598.197      27.692        250.355       7.5381e+08    0             
 -------------------------------------------------------------------------------------------------------------------------------

================================================================================================================================
 KINETIC DATA - REACTION  16 Simple
  LVG  => 5CO + 3H2 + CH4 
================================================================================================================================
 Change in moles in the reaction = 8
 Reaction order (forward)  = 1.000
 k = 7.110000e+13 exp(-2.380941e+08/RT)  [1/s] and [J/kmol]
 k = 7.110000e+13 exp(-56900.00/RT)  [1/s] and [cal/mol]
 -------------------------------------------------------------------------------------------------------------------------------
    Temperature   kF            Keq           kR            DG            DH            DS            kF            kR
    [K]           [kmol,m3,s]   [-]           [kmol,m3,s]   [kcal/mol]    [kcal/mol]    [cal/mol/K]   [mol,cm3,s]   [mol,cm3,s]
 -------------------------------------------------------------------------------------------------------------------------------
    300           2.494e-28     0             0             -27.216       51.050        260.886       2.4935e-28    0             
    1000          2.602e+01     0             0             -213.596      50.478        264.074       2.6023e+01    0             
    1500          3.638e+05     0             0             -344.171      43.396        258.378       3.6380e+05    0             
    2000          4.301e+07     0             0             -472.181      35.533        253.857       4.3014e+07    0             
    2500          7.538e+08     0             0             -598.197      27.692        250.355       7.5381e+08    0             
 -------------------------------------------------------------------------------------------------------------------------------

================================================================================================================================
 KINETIC DATA - REACTION  17 Simple
  CRESOL  => CO + H2 + 3C2H2 
================================================================================================================================
 Change in moles in the reaction = 4
 Reaction order (forward)  = 1.000
 k = 1.980000e+14 exp(-2.853781e+08/RT)  [1/s] and [J/kmol]
 k = 1.980000e+14 exp(-68200.00/RT)  [1/s] and [cal/mol]
 -------------------------------------------------------------------------------------------------------------------------------
    Temperature   kF            Keq           kR            DG            DH            DS            kF            kR
    [K]           [kmol,m3,s]   [-]           [kmol,m3,s]   [kcal/mol]    [kcal/mol]    [cal/mol/K]   [mol,cm3,s]   [mol,cm3,s]
 -------------------------------------------------------------------------------------------------------------------------------
    300           4.063e-36     0             0             126.531       167.989       138.193       4.0634e-36    0             
    1000          2.457e-01     0             0             25.712        170.303       144.591       2.4566e-01    0             
    1500          2.286e+04     0             0             -46.028       167.470       142.332       2.2862e+04    0             
    2000          6.974e+06     0             0             -116.663      163.917       140.290       6.9743e+06    0             
    2500          2.158e+08     0             0             -186.405      160.498       138.761       2.1584e+08    0             
 -------------------------------------------------------------------------------------------------------------------------------

================================================================================================================================
 KINETIC DATA - REACTION  18 Simple
  VANILLIN  => 3CO + 1.5H2 + 2.5C2H2 
================================================================================================================================
 Change in moles in the reaction = 6
 Reaction order (forward)  = 1.000
 k = 3.750000e+10 exp(-1.611006e+08/RT)  [1/s] and [J/kmol]
 k = 3.750000e+10 exp(-38500.00/RT)  [1/s] and [cal/mol]
 -------------------------------------------------------------------------------------------------------------------------------
    Temperature   kF            Keq           kR            DG            DH            DS            kF            kR
    [K]           [kmol,m3,s]   [-]           [kmol,m3,s]   [kcal/mol]    [kcal/mol]    [cal/mol/K]   [mol,cm3,s]   [mol,cm3,s]
 -------------------------------------------------------------------------------------------------------------------------------
    300           3.346e-18     0             0             88.174        145.863       192.296       3.3456e-18    0             
    1000          1.443e+02     0             0             -49.961       145.974       195.934       1.4427e+02    0             
    1500          9.207e+04     0             0             -146.704      140.039       191.162       9.2071e+04    0             
    2000          2.326e+06     0             0             -241.312      133.636       187.474       2.3259e+06    0             
    2500          1.615e+07     0             0             -334.364      127.873       184.895       1.6147e+07    0             
 -------------------------------------------------------------------------------------------------------------------------------

================================================================================================================================
 KINETIC DATA - REACTION  19 Simple
  C24H28O4  => 4CO + 4H2 + 10C2H2 
================================================================================================================================
 Change in moles in the reaction = 17
 Reaction order (forward)  = 1.000
 k = 4.610000e+13 exp(-2.242854e+08/RT)  [1/s] and [J/kmol]
 k = 4.610000e+13 exp(-53600.00/RT)  [1/s] and [cal/mol]
 -------------------------------------------------------------------------------------------------------------------------------
    Temperature   kF            Keq           kR            DG            DH            DS            kF            kR
    [K]           [kmol,m3,s]   [-]           [kmol,m3,s]   [kcal/mol]    [kcal/mol]    [cal/mol/K]   [mol,cm3,s]   [mol,cm3,s]
 -------------------------------------------------------------------------------------------------------------------------------
    300           4.101e-26     0             0             257.775       440.123       607.827       4.1011e-26    0             
    1000          8.881e+01     0             0             -219.221      512.321       731.543       8.8809e+01    0             
    1500          7.137e+05     0             0             -574.691      558.081       755.181       7.1374e+05    0             
    2000          6.399e+07     0             0             -961.350      618.953       790.152       6.3985e+07    0             
    2500          9.497e+08     0             0             -1363.774     682.892       818.667       9.4974e+08    0             
 -------------------------------------------------------------------------------------------------------------------------------

================================================================================================================================
 KINETIC DATA - REACTION  20 Simple
  FURFURAL  => 2CO + 0.5H2 + 1.5C2H2 
================================================================================================================================
 Change in moles in the reaction = 3
 Reaction order (forward)  = 1.000
 k = 7.180000e+13 exp(-2.493920e+08/RT)  [1/s] and [J/kmol]
 k = 7.180000e+13 exp(-59600.00/RT)  [1/s] and [cal/mol]
 -------------------------------------------------------------------------------------------------------------------------------
    Temperature   kF            Keq           kR            DG            DH            DS            kF            kR
    [K]           [kmol,m3,s]   [-]           [kmol,m3,s]   [kcal/mol]    [kcal/mol]    [cal/mol/K]   [mol,cm3,s]   [mol,cm3,s]
 -------------------------------------------------------------------------------------------------------------------------------
    300           2.716e-30     0             0             33.838        65.135        104.324       2.7162e-30    0             
    1000          6.753e+00     0             0             -41.494       65.837        107.331       6.7527e+00    0             
    1500          1.485e+05     0             0             -94.640       63.318        105.305       1.4849e+05    0             
    2000          2.202e+07     0             0             -146.877      60.547        103.712       2.2019e+07    0             
    2500          4.420e+08     0             0             -198.410      57.769        102.471       4.4204e+08    0             
 -------------------------------------------------------------------------------------------------------------------------------

================================================================================================================================
 KINETIC DATA - REACTION  21 Simple
  U2ME12  => 2CO + H2 + 3CH4 + 4C2H2 
================================================================================================================================
 Change in moles in the reaction = 9
 Reaction order (forward)  = 1.000
 k = 4.610000e+13 exp(-2.242854e+08/RT)  [1/s] and [J/kmol]
 k = 4.610000e+13 exp(-53600.00/RT)  [1/s] and [cal/mol]
 -------------------------------------------------------------------------------------------------------------------------------
    Temperature   kF            Keq           kR            DG            DH            DS            kF            kR
    [K]           [kmol,m3,s]   [-]           [kmol,m3,s]   [kcal/mol]    [kcal/mol]    [cal/mol/K]   [mol,cm3,s]   [mol,cm3,s]
 -------------------------------------------------------------------------------------------------------------------------------
    300           4.101e-26     0             0             118.458       205.447       289.961       4.1011e-26    0             
    1000          8.881e+01     0             0             -86.056       202.710       288.767       8.8809e+01    0             
    1500          7.137e+05     0             0             -228.870      195.334       282.803       7.1374e+05    0             
    2000          6.399e+07     0             0             -369.217      188.553       278.885       6.3985e+07    0             
    2500          9.497e+08     0             0             -507.992      183.029       276.408       9.4974e+08    0             
 -------------------------------------------------------------------------------------------------------------------------------

================================================================================================================================
 KINETIC DATA - REACTION  22 Simple
  MLINO  => 2CO + H2 + 5CH4 + 6C2H2 
================================================================================================================================
 Change in moles in the reaction = 13
 Reaction order (forward)  = 1.000
 k = 4.610000e+13 exp(-2.242854e+08/RT)  [1/s] and [J/kmol]
 k = 4.610000e+13 exp(-53600.00/RT)  [1/s] and [cal/mol]
 -------------------------------------------------------------------------------------------------------------------------------
    Temperature   kF            Keq           kR            DG            DH            DS            kF            kR
    [K]           [kmol,m3,s]   [-]           [kmol,m3,s]   [kcal/mol]    [kcal/mol]    [cal/mol/K]   [mol,cm3,s]   [mol,cm3,s]
 -------------------------------------------------------------------------------------------------------------------------------
    300           4.101e-26     0             0             181.815       306.963       417.163       4.1011e-26    0             
    1000          8.881e+01     0             0             -112.611      303.103       415.714       8.8809e+01    0             
    1500          7.137e+05     0             0             -318.193      292.495       407.125       7.1374e+05    0             
    2000          6.399e+07     0             0             -520.277      283.078       401.678       6.3985e+07    0             
    2500          9.497e+08     0             0             -720.228      275.826       398.422       9.4974e+08    0             
 -------------------------------------------------------------------------------------------------------------------------------

================================================================================================================================
 KINETIC DATA - REACTION  23 Simple
  FURAN  => CO + 0.5H2 + 1.5C2H2 
================================================================================================================================
 Change in moles in the reaction = 2
 Reaction order (forward)  = 1.000
 k = 1.080000e+14 exp(-3.071372e+08/RT)  [1/s] and [J/kmol]
 k = 1.080000e+14 exp(-73400.00/RT)  [1/s] and [cal/mol]
 -------------------------------------------------------------------------------------------------------------------------------
    Temperature   kF            Keq           kR            DG            DH            DS            kF            kR
    [K]           [kmol,m3,s]   [-]           [kmol,m3,s]   [kcal/mol]    [kcal/mol]    [cal/mol/K]   [mol,cm3,s]   [mol,cm3,s]
 -------------------------------------------------------------------------------------------------------------------------------
    300           3.607e-40     0             0             43.165        65.566        74.669        3.6069e-40    0             
    1000          9.784e-03     0             0             -11.082       65.857        76.939        9.7845e-03    0             
    1500          2.179e+03     0             0             -49.055       63.501        75.037        2.1785e+03    0             
    2000          1.028e+06     0             0             -86.206       61.092        73.649        1.0280e+06    0             
    2500          4.133e+07     0             0             -122.770      58.872        72.657        4.1330e+07    0             
 -------------------------------------------------------------------------------------------------------------------------------

================================================================================================================================
 KINETIC DATA - REACTION  24 Simple
  CH3COCH3  => CO + 2H2 + C2H2 
================================================================================================================================
 Change in moles in the reaction = 3
 Reaction order (forward)  = 1.000
 k = 3.020000e+13 exp(-2.083846e+08/RT)  [1/s] and [J/kmol]
 k = 3.020000e+13 exp(-49800.00/RT)  [1/s] and [cal/mol]
 -------------------------------------------------------------------------------------------------------------------------------
    Temperature   kF            Keq           kR            DG            DH            DS            kF            kR
    [K]           [kmol,m3,s]   [-]           [kmol,m3,s]   [kcal/mol]    [kcal/mol]    [cal/mol/K]   [mol,cm3,s]   [mol,cm3,s]
 -------------------------------------------------------------------------------------------------------------------------------
    300           1.577e-23     0             0             53.363        79.517        87.182        1.5766e-23    0             
    1000          3.938e+02     0             0             -12.230       83.469        95.699        3.9384e+02    0             
    1500          1.673e+06     0             0             -59.951       82.610        95.040        1.6732e+06    0             
    2000          1.091e+08     0             0             -107.222      80.858        94.040        1.0906e+08    0             
    2500          1.337e+09     0             0             -154.005      78.788        93.117        1.3370e+09    0             
 -------------------------------------------------------------------------------------------------------------------------------

================================================================================================================================
 KINETIC DATA - REACTION  25 Simple
  1.5O2 + C2H2  => 2CO + H2O 
================================================================================================================================
 Change in moles in the reaction = 0
 Reaction order (forward)  = 1.750
 k = 4.386262e+10 exp(-1.255329e+08/RT)  [m2.25/kmol0.75/s] and [J/kmol]
 k = 7.800000e+12 exp(-30000.00/RT)  [cm2.25/mol0.75/s] and [cal/mol]
 -------------------------------------------------------------------------------------------------------------------------------
    Temperature   kF            Keq           kR            DG            DH            DS            kF            kR
    [K]           [kmol,m3,s]   [-]           [kmol,m3,s]   [kcal/mol]    [kcal/mol]    [cal/mol/K]   [mol,cm3,s]   [mol,cm3,s]
 -------------------------------------------------------------------------------------------------------------------------------
    300           6.100e-12     0             0             -170.568      -165.152      18.053        1.0847e-09    0             
    1000          1.216e+04     0             0             -182.666      -166.522      16.144        2.1630e+06    0             
    1500          1.865e+06     0             0             -190.405      -168.076      14.886        3.3169e+08    0             
    2000          2.310e+07     0             0             -197.604      -169.709      13.948        4.1075e+09    0             
    2500          1.045e+08     0             0             -204.382      -171.413      13.188        1.8590e+10    0             
 -------------------------------------------------------------------------------------------------------------------------------

================================================================================================================================
 KINETIC DATA - REACTION  26 Simple
  C2H4 + 2O2  => 2CO + 2H2O 
================================================================================================================================
 Change in moles in the reaction = 1
 Reaction order (forward)  = 1.750
 k = 1.349619e+10 exp(-1.255329e+08/RT)  [m2.25/kmol0.75/s] and [J/kmol]
 k = 2.400000e+12 exp(-30000.00/RT)  [cm2.25/mol0.75/s] and [cal/mol]
 -------------------------------------------------------------------------------------------------------------------------------
    Temperature   kF            Keq           kR            DG            DH            DS            kF            kR
    [K]           [kmol,m3,s]   [-]           [kmol,m3,s]   [kcal/mol]    [kcal/mol]    [cal/mol/K]   [mol,cm3,s]   [mol,cm3,s]
 -------------------------------------------------------------------------------------------------------------------------------
    300           1.877e-12     0             0             -191.238      -180.949      34.296        3.3375e-10    0             
    1000          3.743e+03     0             0             -216.269      -181.119      35.150        6.6554e+05    0             
    1500          5.739e+05     0             0             -233.425      -183.128      33.532        1.0206e+08    0             
    2000          7.107e+06     0             0             -249.855      -185.384      32.236        1.2638e+09    0             
    2500          3.217e+07     0             0             -265.705      -187.696      31.204        5.7200e+09    0             
 -------------------------------------------------------------------------------------------------------------------------------

================================================================================================================================
 KINETIC DATA - REACTION  27 Simple
  C2H6 + 2.5O2  => 2CO + 3H2O 
================================================================================================================================
 Change in moles in the reaction = 2
 Reaction order (forward)  = 1.750
 k = 7.310437e+09 exp(-1.255329e+08/RT)  [m2.25/kmol0.75/s] and [J/kmol]
 k = 1.300000e+12 exp(-30000.00/RT)  [cm2.25/mol0.75/s] and [cal/mol]
 -------------------------------------------------------------------------------------------------------------------------------
    Temperature   kF            Keq           kR            DG            DH            DS            kF            kR
    [K]           [kmol,m3,s]   [-]           [kmol,m3,s]   [kcal/mol]    [kcal/mol]    [cal/mol/K]   [mol,cm3,s]   [mol,cm3,s]
 -------------------------------------------------------------------------------------------------------------------------------
    300           1.017e-12     0             0             -221.920      -206.153      52.558        1.8078e-10    0             
    1000          2.027e+03     0             0             -260.304      -206.118      54.186        3.6050e+05    0             
    1500          3.109e+05     0             0             -286.835      -208.836      51.999        5.5282e+07    0             
    2000          3.850e+06     0             0             -312.370      -211.951      50.210        6.8458e+08    0             
    2500          1.742e+07     0             0             -337.106      -215.133      48.789        3.0983e+09    0             
 -------------------------------------------------------------------------------------------------------------------------------

================================================================================================================================
 KINETIC DATA - REACTION  28 Simple
  C6H6 + 4.5O2  => 6CO + 3H2O 
================================================================================================================================
 Change in moles in the reaction = 4
 Reaction order (forward)  = 1.750
 k = 1.349619e+09 exp(-1.255329e+08/RT)  [m2.25/kmol0.75/s] and [J/kmol]
 k = 2.400000e+11 exp(-30000.00/RT)  [cm2.25/mol0.75/s] and [cal/mol]
 -------------------------------------------------------------------------------------------------------------------------------
    Temperature   kF            Keq           kR            DG            DH            DS            kF            kR
    [K]           [kmol,m3,s]   [-]           [kmol,m3,s]   [kcal/mol]    [kcal/mol]    [cal/mol/K]   [mol,cm3,s]   [mol,cm3,s]
 -------------------------------------------------------------------------------------------------------------------------------
    300           1.877e-13     0             0             -391.822      -351.637      133.950       3.3375e-11    0             
    1000          3.743e+02     0             0             -487.508      -353.288      134.220       6.6554e+04    0             
    1500          5.739e+04     0             0             -553.366      -359.249      129.411       1.0206e+07    0             
    2000          7.107e+05     0             0             -617.087      -365.859      125.614       1.2638e+08    0             
    2500          3.217e+06     0             0             -679.101      -372.734      122.547       5.7200e+08    0             
 -------------------------------------------------------------------------------------------------------------------------------

================================================================================================================================
 KINETIC DATA - REACTION  29 Simple
  CH2O  => CO + H2 
================================================================================================================================
 Change in moles in the reaction = 1
 Reaction order (forward)  = 1.000
 k = 8.100000e+14 exp(-2.828675e+08/RT)  [1/s] and [J/kmol]
 k = 8.100000e+14 exp(-67600.00/RT)  [1/s] and [cal/mol]
 -------------------------------------------------------------------------------------------------------------------------------
    Temperature   kF            Keq           kR            DG            DH            DS            kF            kR
    [K]           [kmol,m3,s]   [-]           [kmol,m3,s]   [kcal/mol]    [kcal/mol]    [cal/mol/K]   [mol,cm3,s]   [mol,cm3,s]
 -------------------------------------------------------------------------------------------------------------------------------
    300           4.548e-35     0             0             -8.181        -0.315        26.220        4.5482e-35    0             
    1000          1.359e+00     0             0             -28.479       1.489         29.968        1.3592e+00    0             
    1500          1.144e+05     0             0             -43.453       1.335         29.859        1.1438e+05    0             
    2000          3.318e+07     0             0             -58.307       0.793         29.550        3.3181e+07    0             
    2500          9.963e+08     0             0             -73.004       0.109         29.245        9.9634e+08    0             
 -------------------------------------------------------------------------------------------------------------------------------

================================================================================================================================
 KINETIC DATA - REACTION  30 Simple
  CH4 + 0.5O2  => CO + 2H2 
================================================================================================================================
 Change in moles in the reaction = 2
 Reaction order (forward)  = 1.000
 k = 7.820000e+13 exp(-1.255329e+08/RT)  [1/s] and [J/kmol]
 k = 7.820000e+13 exp(-30000.00/RT)  [1/s] and [cal/mol]
 -------------------------------------------------------------------------------------------------------------------------------
    Temperature   kF            Keq           kR            DG            DH            DS            kF            kR
    [K]           [kmol,m3,s]   [-]           [kmol,m3,s]   [kcal/mol]    [kcal/mol]    [cal/mol/K]   [mol,cm3,s]   [mol,cm3,s]
 -------------------------------------------------------------------------------------------------------------------------------
    300           1.087e-08     0             0             -20.778       -8.569        40.699        1.0875e-08    0             
    1000          2.169e+07     0             0             -52.530       -5.470        47.060        2.1685e+07    0             
    1500          3.325e+09     0             0             -76.018       -5.916        46.734        3.3254e+09    0             
    2000          4.118e+10     0             0             -99.180       -7.428        45.876        4.1180e+10    0             
    2500          1.864e+11     0             0             -121.876      -9.611        44.906        1.8638e+11    0             
 -------------------------------------------------------------------------------------------------------------------------------

================================================================================================================================
 KINETIC DATA - REACTION  31 Simple
  CH4 + H2O  => CO + 3H2 
================================================================================================================================
 Change in moles in the reaction = 2
 Reaction order (forward)  = 2.000
 k = 3.000000e+08 exp(-1.255329e+08/RT)  [m3/kmol/s] and [J/kmol]
 k = 3.000000e+11 exp(-30000.00/RT)  [cm3/mol/s] and [cal/mol]
 -------------------------------------------------------------------------------------------------------------------------------
    Temperature   kF            Keq           kR            DG            DH            DS            kF            kR
    [K]           [kmol,m3,s]   [-]           [kmol,m3,s]   [kcal/mol]    [kcal/mol]    [cal/mol/K]   [mol,cm3,s]   [mol,cm3,s]
 -------------------------------------------------------------------------------------------------------------------------------
    300           4.172e-14     0             0             33.830        49.229        51.329        4.1718e-11    0             
    1000          8.319e+01     0             0             -6.507        53.766        60.273        8.3192e+04    0             
    1500          1.276e+04     0             0             -36.739       53.895        60.423        1.2757e+07    0             
    2000          1.580e+05     0             0             -66.798       52.697        59.748        1.5798e+08    0             
    2500          7.150e+05     0             0             -96.452       50.676        58.851        7.1500e+08    0             
 -------------------------------------------------------------------------------------------------------------------------------

================================================================================================================================
 KINETIC DATA - REACTION  32 Simple
  H2 + 0.5O2  = H2O 
================================================================================================================================
 Change in moles in the reaction = -0
 Reaction order (forward)  = 1.750
 Reaction order (backward) = 1.000
 k = 6.804330e+15 T^-1.000 exp(-1.673772e+08/RT)  [m2.25/kmol0.75/s] and [J/kmol]
 k = 1.210000e+18 T^-1.000 exp(-40000.00/RT)  [cm2.25/mol0.75/s] and [cal/mol]
 Reverse reaction units: [1/s] or [1/s]
 -------------------------------------------------------------------------------------------------------------------------------
    Temperature   kF            Keq           kR            DG            DH            DS            kF            kR
    [K]           [kmol,m3,s]   [-]           [kmol,m3,s]   [kcal/mol]    [kcal/mol]    [cal/mol/K]   [mol,cm3,s]   [mol,cm3,s]
 -------------------------------------------------------------------------------------------------------------------------------
    300           1.634e-16     3.029e+40     5.395e-57     -54.609       -57.798       -10.631       2.9058e-14    5.395e-54     
    1000          1.230e+04     1.038e+11     1.185e-07     -46.023       -59.236       -13.213       2.1881e+06    1.185e-04     
    1500          6.733e+06     5.867e+06     1.148e+00     -39.278       -59.811       -13.688       1.1973e+09    1.148e+03     
    2000          1.447e+08     4.429e+04     3.266e+03     -32.381       -60.125       -13.872       2.5727e+10    3.266e+06     
    2500          8.665e+08     2.392e+03     3.622e+05     -25.425       -60.287       -13.945       1.5408e+11    3.622e+08     
 -------------------------------------------------------------------------------------------------------------------------------

================================================================================================================================
 KINETIC DATA - REACTION  33 Simple
  CO + H2O  = CO2 + H2 
================================================================================================================================
 Change in moles in the reaction = 0.000e+00
 Reaction order (forward)  = 2.000e+00
 Reaction order (backward) = 2.000e+00
 k = 2.750000e+09 exp(-8.368860e+07/RT)  [m3/kmol/s] and [J/kmol]
 k = 2.750000e+12 exp(-20000.00/RT)  [cm3/mol/s] and [cal/mol]
 Reverse reaction units: [m3/kmol/s] or [cm3/mol/s]
 -------------------------------------------------------------------------------------------------------------------------------
    Temperature   kF            Keq           kR            DG            DH            DS            kF            kR
    [K]           [kmol,m3,s]   [-]           [kmol,m3,s]   [kcal/mol]    [kcal/mol]    [cal/mol/K]   [mol,cm3,s]   [mol,cm3,s]
 -------------------------------------------------------------------------------------------------------------------------------
    300           7.381e-06     9.204e+04     8.020e-11     -6.813        -9.825        -10.039       7.3814e-03    8.020e-05     
    1000          1.169e+05     1.429e+00     8.184e+04     -0.709        -8.297        -7.588        1.1694e+08    8.184e+10     
    1500          3.350e+06     3.857e-01     8.687e+06     2.840         -7.201        -6.694        3.3504e+09    8.687e+12     
    2000          1.793e+07     2.186e-01     8.205e+07     6.043         -6.278        -6.160        1.7933e+10    8.205e+13     
    2500          4.907e+07     1.624e-01     3.021e+08     9.029         -5.486        -5.806        4.9067e+10    3.021e+14     
 -------------------------------------------------------------------------------------------------------------------------------

