 ----------------------------------------------------------------------------------------------------------------------------------------------------------------------------------------------------------------------------------------------------------
                     SPECIFIC HEAT COEFFICIENTS                                                                     

             Cp = A + B*T + C*T^2 + D*T^3 + E*T^4  [J/kg/K]                                                         

    Species                      Cp(298K)         Cp(1000K)          LT-HT            A(LT)            B(LT)            C(LT)            D(LT)            E(LT)             A(HT)           B(HT)            C(HT)            D(HT)           E(HT)      
 ----------------------------------------------------------------------------------------------------------------------------------------------------------------------------------------------------------------------------------------------------------

    1. CH2OHCH2CHO              1.263533e+03     2.451952e+03     1.382000e+03     2.992408e+02     3.886820e+00    -2.406162e-03     7.749674e-07    -1.029152e-10     1.334919e+03     1.617944e+00    -5.359639e-04     8.148871e-08    -4.661078e-12
    2. FURFURAL                 9.881664e+02     2.087789e+03     1.000000e+03    -1.611752e+02     4.940534e+00    -4.121871e-03     1.712902e-06    -2.826024e-10     1.380655e+03     1.056527e+00    -3.629961e-04     5.661112e-08    -3.297405e-12
    3. CH3CO2H                  1.055999e+03     2.321219e+03     1.000000e+03     3.862188e+02     1.384463e+00     4.743063e-03    -7.047762e-06     2.855236e-09     1.062062e+03     1.871247e+00    -7.280960e-04     1.236653e-07    -7.659027e-12
    4. C24H28O4                 6.684556e+02     1.276150e+03     1.398000e+03     1.185461e+02     2.183316e+00    -1.123158e-03    -9.400335e-08     1.914498e-10     1.083628e+03     1.845983e-01     8.417077e-05    -5.080481e-08     6.887849e-12
    5. C2H3CHO                  1.241148e+03     2.477710e+03     1.398000e+03     1.088314e+02     4.708365e+00    -3.405030e-03     1.248866e-06    -1.833226e-10     1.481778e+03     1.456852e+00    -4.911843e-04     7.556403e-08    -4.357468e-12
    6. C6H5OCH3                 1.141881e+03     2.645783e+03     1.393000e+03    -4.158682e+02     6.714712e+00    -5.686800e-03     2.461955e-06    -4.282148e-10     1.568005e+03     1.607597e+00    -5.555192e-04     8.687963e-08    -5.067543e-12
    7. U2ME12                   1.451959e+03     3.068943e+03     1.391000e+03     2.687447e+00     6.029972e+00    -4.403031e-03     1.722309e-06    -2.829941e-10     1.669689e+03     2.075431e+00    -7.165792e-04     1.119475e-07    -6.523004e-12
    8. MLINO                    1.472250e+03     3.242057e+03     1.833000e+03    -4.482561e+01     6.198218e+00    -4.115491e-03     1.398588e-06    -1.944330e-10     1.480215e+03     2.570331e+00    -9.218959e-04     1.482307e-07    -8.823497e-12
    9. CH2OHCHO                 1.105282e+03     2.148313e+03     1.000000e+03     8.513921e+02    -8.263347e-01     8.251927e-03    -9.922521e-06     3.793849e-09     9.568427e+02     1.706877e+00    -6.069467e-04     9.734107e-08    -5.801375e-12
   10. CHOCHO                   1.040597e+03     1.871932e+03     1.000000e+03     6.710658e+02     6.848197e-02     6.108639e-03    -8.295240e-06     3.318985e-09     1.249987e+03     9.069990e-01    -3.374936e-04     5.584180e-08    -3.402330e-12
   11. CH3CHO                   1.255397e+03     2.556187e+03     1.000000e+03     8.926273e+02    -6.026934e-01     8.971632e-03    -1.084461e-05     4.139228e-09     1.019959e+03     2.212583e+00    -7.976648e-04     1.290446e-07    -7.735389e-12
   12. C6H6O3                   1.024181e+03     2.109442e+03     1.382000e+03     3.947968e+01     4.077712e+00    -2.887784e-03     1.025414e-06    -1.453793e-10     1.278328e+03     1.227179e+00    -4.161141e-04     6.431196e-08    -3.722137e-12
   13. C2H5CHO                  1.295600e+03     2.832998e+03     1.000000e+03     6.077369e+02     9.567024e-01     7.062396e-03    -9.619840e-06     3.826003e-09     1.065198e+03     2.538169e+00    -9.077216e-04     1.460769e-07    -8.724770e-12
   14. CH3OH                    1.339083e+03     2.791930e+03     1.000000e+03     1.468306e+03    -4.229198e+00     1.795485e-02    -1.967874e-05     7.276713e-09     9.152780e+02     2.677349e+00    -9.416577e-04     1.498399e-07    -8.879173e-12
   15. CH2O                     1.178406e+03     2.064667e+03     1.000000e+03     1.327424e+03    -2.743704e+00     1.033479e-02    -1.050274e-05     3.648900e-09     8.776697e+02     1.714953e+00    -6.232008e-04     1.013419e-07    -6.096131e-12
   16. HCOOH                    8.972390e+02     1.647163e+03     1.000000e+03     7.042429e+02    -6.428971e-01     6.416821e-03    -7.921539e-06     3.090536e-09     8.334933e+02     1.165133e+00    -4.138398e-04     6.632791e-08    -3.951501e-12
   17. C6H10O5                  1.056392e+03     2.345463e+03     1.000000e+03    -4.006146e+02     6.431670e+00    -5.962329e-03     2.793356e-06    -5.166184e-10     1.435051e+03     1.354626e+00    -4.685077e-04     7.329029e-08    -4.274925e-12
   18. C2H5OH                   1.377966e+03     3.068844e+03     1.402000e+03     3.894831e+01     5.328237e+00    -3.036930e-03     8.112232e-07    -7.263384e-11     1.469968e+03     2.315792e+00    -7.743478e-04     1.183888e-07    -6.795133e-12
   19. C5H8O4                   1.007444e+03     2.292931e+03     1.000000e+03    -4.305906e+02     6.331776e+00    -5.816143e-03     2.704886e-06    -4.969982e-10     1.367534e+03     1.370740e+00    -4.717154e-04     7.354468e-08    -4.279725e-12
   20. C6H5OH                   1.097490e+03     2.473733e+03     1.000000e+03    -2.570665e+01     3.609466e+00     2.145289e-03    -6.312090e-06     3.056774e-09     1.250552e+03     1.761171e+00    -6.345148e-04     1.026831e-07    -6.158986e-12
   21. VANILLIN                 1.080685e+03     2.338880e+03     1.260000e+03    -2.659320e+02     5.858723e+00    -5.151000e-03     2.324655e-06    -4.275656e-10     7.461734e+02     2.645690e+00    -1.325961e-03     3.008242e-07    -2.601200e-11
   22. CRESOL                   1.162920e+03     2.622490e+03     1.000000e+03    -3.156019e+02     6.333383e+00    -5.228273e-03     2.207513e-06    -3.745303e-10     8.412252e+02     2.761913e+00    -1.198346e-03     2.347616e-07    -1.706304e-11
   23. FURAN                    9.787674e+02     2.463195e+03     1.250000e+03    -9.276385e+02     8.631073e+00    -8.699346e-03     4.284972e-06    -8.258653e-10     1.022879e+03     2.389416e+00    -1.209358e-03     2.903123e-07    -2.693332e-11
   24. CH3COCH3                 1.255369e+03     2.782236e+03     1.790000e+03    -1.080223e+00     5.081807e+00    -3.202789e-03     1.042126e-06    -1.378275e-10     1.402218e+03     1.945946e+00    -5.749724e-04     6.342273e-08    -1.137198e-12
   25. LVG                      1.056392e+03     2.345463e+03     1.000000e+03    -4.006146e+02     6.431670e+00    -5.962329e-03     2.793356e-06    -5.166184e-10     1.435051e+03     1.354626e+00    -4.685077e-04     7.329029e-08    -4.274925e-12
   26. CO                       1.040371e+03     1.183493e+03     1.000000e+03     1.067161e+03    -2.140794e-01     3.806612e-04     1.936665e-07    -2.439171e-10     9.006016e+02     4.076435e-01    -1.473643e-04     2.405232e-08    -1.440654e-12
   27. CO2                      8.436484e+02     1.234536e+03     1.000000e+03     4.168932e+02     1.907592e+00    -1.882347e-03     1.033721e-06    -2.413232e-10     8.757447e+02     5.187153e-01    -1.886019e-04     3.041972e-08    -1.741937e-12
   28. H2                       1.430297e+04     1.494359e+04     1.000000e+03     9.803073e+03     3.191817e+01    -7.783882e-02     8.063589e-05    -2.957473e-08     1.196885e+04     3.583931e+00    -6.840642e-04     7.871185e-08    -3.840167e-12
   29. CH4                      2.224367e+03     4.595925e+03     1.000000e+03     2.668586e+03    -7.080587e+00     2.547014e-02    -2.509662e-05     8.634408e-09     8.568215e+02     5.196246e+00    -1.718871e-03     2.780383e-07    -1.630951e-11
   30. C2H4                     1.528235e+03     3.354139e+03     1.000000e+03     1.173402e+03    -2.243700e+00     1.692263e-02    -2.049685e-05     7.998652e-09     1.183072e+03     3.106999e+00    -1.101684e-03     1.762321e-07    -1.048067e-11
   31. C2H6                     1.745360e+03     4.079992e+03     1.000000e+03     1.186595e+03    -1.521198e+00     1.657469e-02    -1.958935e-05     7.429259e-09     1.118917e+03     4.245403e+00    -1.512584e-03     2.427222e-07    -1.446577e-11
   32. C6H6                     1.048322e+03     2.706428e+03     1.000000e+03     5.373295e+01     1.969362e+00     7.858961e-03    -1.257438e-05     5.398753e-09     1.179458e+03     2.205191e+00    -8.005850e-04     1.301986e-07    -7.834963e-12
   33. N2                       1.039626e+03     1.166660e+03     1.000000e+03     1.047991e+03    -3.670217e-02    -1.492886e-04     7.227908e-07    -4.181308e-10     8.763149e+02     4.145954e-01    -1.462114e-04     2.332852e-08    -1.367506e-12
   34. O2                       9.180628e+02     1.090204e+03     1.000000e+03     9.835019e+02    -7.847322e-01     2.577720e-03    -2.540852e-06     8.545663e-10     9.509754e+02     1.714646e-01    -3.745852e-05     5.577691e-09    -3.546958e-13
   35. H2O                      1.864404e+03     2.291436e+03     1.000000e+03     1.939107e+03    -9.488297e-01     3.030162e-03    -2.551831e-06     8.228276e-10     1.260519e+03     1.362146e+00    -3.855436e-04     5.819366e-08    -3.879306e-12
   36. C2H2                     1.689444e+03     2.605750e+03     7.900000e+02     2.460481e+02     7.571340e+00    -1.170699e-02     9.451554e-06    -2.961949e-09     1.396284e+03     1.747362e+00    -6.487999e-04     1.197512e-07    -8.846739e-12
   37. CELL                     1.798100e+03     2.500139e+03     1.000000e+03     1.500083e+03     1.000056e+00     0.000000e+00     0.000000e+00     0.000000e+00     1.500083e+03     1.000056e+00     0.000000e+00     0.000000e+00     0.000000e+00
   38. GMSW                     1.798100e+03     2.500139e+03     1.000000e+03     1.500083e+03     1.000056e+00     0.000000e+00     0.000000e+00     0.000000e+00     1.500083e+03     1.000056e+00     0.000000e+00     0.000000e+00     0.000000e+00
   39. XYHW                     1.798100e+03     2.500139e+03     1.000000e+03     1.500083e+03     1.000056e+00     0.000000e+00     0.000000e+00     0.000000e+00     1.500083e+03     1.000056e+00     0.000000e+00     0.000000e+00     0.000000e+00
   40. XYGR                     1.798100e+03     2.500139e+03     1.000000e+03     1.500083e+03     1.000056e+00     0.000000e+00     0.000000e+00     0.000000e+00     1.500083e+03     1.000056e+00     0.000000e+00     0.000000e+00     0.000000e+00
   41. LIGC                     1.798100e+03     2.500139e+03     1.000000e+03     1.500083e+03     1.000056e+00     0.000000e+00     0.000000e+00     0.000000e+00     1.500083e+03     1.000056e+00     0.000000e+00     0.000000e+00     0.000000e+00
   42. LIGH                     1.798100e+03     2.500139e+03     1.000000e+03     1.500083e+03     1.000056e+00     0.000000e+00     0.000000e+00     0.000000e+00     1.500083e+03     1.000056e+00     0.000000e+00     0.000000e+00     0.000000e+00
   43. LIGO                     1.798100e+03     2.500139e+03     1.000000e+03     1.500083e+03     1.000056e+00     0.000000e+00     0.000000e+00     0.000000e+00     1.500083e+03     1.000056e+00     0.000000e+00     0.000000e+00     0.000000e+00
   44. TGL                      1.798100e+03     2.500139e+03     1.000000e+03     1.500083e+03     1.000056e+00     0.000000e+00     0.000000e+00     0.000000e+00     1.500083e+03     1.000056e+00     0.000000e+00     0.000000e+00     0.000000e+00
   45. TANN                     1.798100e+03     2.500139e+03     1.000000e+03     1.500083e+03     1.000056e+00     0.000000e+00     0.000000e+00     0.000000e+00     1.500083e+03     1.000056e+00     0.000000e+00     0.000000e+00     0.000000e+00
   46. MOIST                    4.182944e+03     1.790598e+05     1.000000e+03     3.348746e+04    -3.057384e+02     1.182434e+00    -2.015003e-03     1.283879e-06     1.500000e+03     1.000000e+00     0.000000e+00     0.000000e+00     0.000000e+00
   47. ASH                      1.798100e+03     2.500139e+03     1.000000e+03     1.500083e+03     1.000056e+00     0.000000e+00     0.000000e+00     0.000000e+00     1.500083e+03     1.000056e+00     0.000000e+00     0.000000e+00     0.000000e+00
   48. CELLA                    1.798100e+03     2.500139e+03     1.000000e+03     1.500083e+03     1.000056e+00     0.000000e+00     0.000000e+00     0.000000e+00     1.500083e+03     1.000056e+00     0.000000e+00     0.000000e+00     0.000000e+00
   49. HCE1                     1.798100e+03     2.500139e+03     1.000000e+03     1.500083e+03     1.000056e+00     0.000000e+00     0.000000e+00     0.000000e+00     1.500083e+03     1.000056e+00     0.000000e+00     0.000000e+00     0.000000e+00
   50. HCE2                     1.798100e+03     2.500139e+03     1.000000e+03     1.500083e+03     1.000056e+00     0.000000e+00     0.000000e+00     0.000000e+00     1.500083e+03     1.000056e+00     0.000000e+00     0.000000e+00     0.000000e+00
   51. LIGCC                    1.798100e+03     2.500139e+03     1.000000e+03     1.500083e+03     1.000056e+00     0.000000e+00     0.000000e+00     0.000000e+00     1.500083e+03     1.000056e+00     0.000000e+00     0.000000e+00     0.000000e+00
   52. LIGOH                    1.798100e+03     2.500139e+03     1.000000e+03     1.500083e+03     1.000056e+00     0.000000e+00     0.000000e+00     0.000000e+00     1.500083e+03     1.000056e+00     0.000000e+00     0.000000e+00     0.000000e+00
   53. LIG                      1.798100e+03     2.500139e+03     1.000000e+03     1.500083e+03     1.000056e+00     0.000000e+00     0.000000e+00     0.000000e+00     1.500083e+03     1.000056e+00     0.000000e+00     0.000000e+00     0.000000e+00
   54. ITANN                    3.333490e+03     4.634998e+03     1.000000e+03     2.780999e+03     1.853999e+00     0.000000e+00     0.000000e+00     0.000000e+00     2.780999e+03     1.853999e+00     0.000000e+00     0.000000e+00     0.000000e+00
   55. CHAR                     9.613585e+02     3.390414e+03     1.000000e+03    -6.977888e+01     3.460192e+00     0.000000e+00     0.000000e+00     0.000000e+00    -6.977888e+01     3.460192e+00     0.000000e+00     0.000000e+00     0.000000e+00
   56. COH2S                    1.798100e+03     2.500139e+03     1.000000e+03     1.500083e+03     1.000056e+00     0.000000e+00     0.000000e+00     0.000000e+00     1.500083e+03     1.000056e+00     0.000000e+00     0.000000e+00     0.000000e+00
   57. CO2S                     1.798100e+03     2.500139e+03     1.000000e+03     1.500083e+03     1.000056e+00     0.000000e+00     0.000000e+00     0.000000e+00     1.500083e+03     1.000056e+00     0.000000e+00     0.000000e+00     0.000000e+00
   58. COS                      1.798100e+03     2.500139e+03     1.000000e+03     1.500083e+03     1.000056e+00     0.000000e+00     0.000000e+00     0.000000e+00     1.500083e+03     1.000056e+00     0.000000e+00     0.000000e+00     0.000000e+00
   59. CH3OHS                   1.798100e+03     2.500139e+03     1.000000e+03     1.500083e+03     1.000056e+00     0.000000e+00     0.000000e+00     0.000000e+00     1.500083e+03     1.000056e+00     0.000000e+00     0.000000e+00     0.000000e+00
   60. CH4S                     1.798100e+03     2.500139e+03     1.000000e+03     1.500083e+03     1.000056e+00     0.000000e+00     0.000000e+00     0.000000e+00     1.500083e+03     1.000056e+00     0.000000e+00     0.000000e+00     0.000000e+00
   61. C2H4S                    1.798100e+03     2.500139e+03     1.000000e+03     1.500083e+03     1.000056e+00     0.000000e+00     0.000000e+00     0.000000e+00     1.500083e+03     1.000056e+00     0.000000e+00     0.000000e+00     0.000000e+00
   62. C6H5OHS                  1.798100e+03     2.500139e+03     1.000000e+03     1.500083e+03     1.000056e+00     0.000000e+00     0.000000e+00     0.000000e+00     1.500083e+03     1.000056e+00     0.000000e+00     0.000000e+00     0.000000e+00
   63. CH2OS                    1.798100e+03     2.500139e+03     1.000000e+03     1.500083e+03     1.000056e+00     0.000000e+00     0.000000e+00     0.000000e+00     1.500083e+03     1.000056e+00     0.000000e+00     0.000000e+00     0.000000e+00
   64. H2S                      1.798100e+03     2.500139e+03     1.000000e+03     1.500083e+03     1.000056e+00     0.000000e+00     0.000000e+00     0.000000e+00     1.500083e+03     1.000056e+00     0.000000e+00     0.000000e+00     0.000000e+00
   65. C2H6S                    1.798100e+03     2.500139e+03     1.000000e+03     1.500083e+03     1.000056e+00     0.000000e+00     0.000000e+00     0.000000e+00     1.500083e+03     1.000056e+00     0.000000e+00     0.000000e+00     0.000000e+00
   66. LVGS                     1.798100e+03     2.500139e+03     1.000000e+03     1.500083e+03     1.000056e+00     0.000000e+00     0.000000e+00     0.000000e+00     1.500083e+03     1.000056e+00     0.000000e+00     0.000000e+00     0.000000e+00
   67. CHARO                    9.613585e+02     3.390414e+03     1.000000e+03    -6.977888e+01     3.460192e+00     0.000000e+00     0.000000e+00     0.000000e+00    -6.977888e+01     3.460192e+00     0.000000e+00     0.000000e+00     0.000000e+00
   68. COSTIFFS                 1.798100e+03     2.500139e+03     1.000000e+03     1.500083e+03     1.000056e+00     0.000000e+00     0.000000e+00     0.000000e+00     1.500083e+03     1.000056e+00     0.000000e+00     0.000000e+00     0.000000e+00

 ----------------------------------------------------------------------------------------------------------------------------------------------------------------------------------------------------------------------------------------------------------


 -------------------------------------------------------------------------------------------------------------------------------------------------------------------------------------------------------------------------------------------------------------------------------------------
                           ENTHALPY COEFFICIENTS                                                                     

             H/(RT) = A + B*T + C*T^2 + D*T^3 + E*T^4 + F/T  [-]                                                         

    Species                   H(298K)[J/kmol]  H(1000K)[J/kmol]      LT-HT            A(LT)            B(LT)            C(LT)            D(LT)            E(LT)           F(LT)             A(HT)            B(HT)            C(HT)           D(HT)             E(HT)            F(HT)      
 -------------------------------------------------------------------------------------------------------------------------------------------------------------------------------------------------------------------------------------------------------------------------------------------

    1. CH2OHCH2CHO             -3.360238e+08    -2.344063e+08     1.382000e+03     2.666133e+00     1.731511e-02    -7.146024e-06     1.726173e-09    -1.833878e-13    -4.257060e+04     1.189367e+01     7.207660e-03    -1.591751e-06     1.815091e-10    -8.305720e-15    -4.592717e+04
    2. FURFURAL                -1.512395e+08    -3.895302e+07     1.000000e+03    -1.862600e+00     2.854732e-02    -1.587795e-05     4.948733e-09    -6.531717e-13    -1.978730e+04     1.595536e+01     6.104807e-03    -1.398306e-06     1.635548e-10    -7.621207e-15    -2.556646e+04
    3. CH3CO2H                 -4.322561e+08    -3.564269e+08     1.000000e+03     2.789502e+00     4.999709e-03     1.141907e-05    -1.272578e-08     4.124444e-12    -5.347525e+04     7.670846e+00     6.757630e-03    -1.752914e-06     2.232961e-10    -1.106361e-14    -5.575610e+04
    4. C24H28O4                -1.066832e+06     2.760548e+08     1.398000e+03     5.424874e+00     4.995615e-02    -1.713255e-05    -1.075438e-09     1.752214e-12    -5.723476e+03     4.958867e+01     4.223767e-03     1.283933e-06    -5.812288e-10     6.303995e-14    -1.640476e+04
    5. C2H3CHO                 -6.604074e+07     1.187272e+07     1.398000e+03     7.338445e-01     1.587413e-02    -7.653316e-06     2.105261e-09    -2.472270e-13    -9.384735e+03     9.991554e+00     4.911740e-03    -1.104010e-06     1.273811e-10    -5.876438e-15    -1.253035e+04
    6. C6H5OCH3                -7.157228e+07     8.490925e+07     1.393000e+03    -5.408887e+00     4.366662e-02    -2.465466e-05     8.005201e-09    -1.113894e-12    -1.028215e+04     2.039387e+01     1.045441e-02    -2.408408e-06     2.824946e-10    -1.318195e-14    -1.860614e+04
    7. U2ME12                  -3.916666e+08    -3.601878e+07     1.391000e+03     6.797983e-02     7.626504e-02    -3.712536e-05     1.089159e-08    -1.431685e-12    -5.299962e+04     4.223531e+01     2.624935e-02    -6.042034e-06     7.079370e-10    -3.300030e-14    -6.769682e+04
    8. MLINO                   -5.092265e+08     1.052776e+07     1.833000e+03    -1.587619e+00     1.097633e-01    -4.858706e-05     1.238369e-08    -1.377273e-12    -6.932881e+04     5.242580e+01     4.551758e-02    -1.088381e-05     1.312497e-09    -6.250156e-14    -8.690394e+04
    9. CH2OHCHO                -3.065615e+08    -2.348011e+08     1.000000e+03     6.149261e+00    -2.984141e-03     1.986678e-05    -1.791659e-08     5.480288e-12    -3.883568e+04     6.910888e+00     6.164042e-03    -1.461244e-06     1.757638e-10    -8.380197e-15    -4.002116e+04
   10. CHOCHO                  -2.120898e+08    -1.488656e+08     1.000000e+03     4.684125e+00     2.390064e-04     1.421303e-05    -1.447546e-08     4.633387e-12    -2.719850e+04     8.725069e+00     3.165484e-03    -7.852494e-07     9.744571e-11    -4.749738e-15    -2.910241e+04
   11. CH3CHO                  -1.661973e+08    -1.045420e+08     1.000000e+03     4.729459e+00    -1.596643e-03     1.584497e-05    -1.436465e-08     4.386222e-12    -2.157288e+04     5.404111e+00     5.861529e-03    -1.408771e-06     1.709311e-10    -8.196973e-15    -2.259312e+04
   12. C6H6O3                  -3.339369e+08    -1.859184e+08     1.382000e+03     5.988146e-01     3.092469e-02    -1.460031e-05     3.888283e-09    -4.410131e-13    -4.273131e+04     1.938925e+01     9.306723e-03    -2.103827e-06     2.438656e-10    -1.129123e-14    -4.926789e+04
   13. C2H5CHO                 -1.851648e+08    -9.620106e+07     1.000000e+03     4.245297e+00     3.341484e-03     1.644460e-05    -1.679965e-08     5.345247e-12    -2.414730e+04     7.440857e+00     8.865088e-03    -2.113605e-06     2.551020e-10    -1.218923e-14    -2.600558e+04
   14. CH3OH                   -2.010053e+08    -1.528930e+08     1.000000e+03     5.658511e+00    -8.149171e-03     2.306461e-05    -1.895932e-08     5.608551e-12    -2.561197e+04     3.527268e+00     5.158939e-03    -1.209643e-06     1.443620e-10    -6.843653e-15    -2.600288e+04
   15. CH2O                    -1.091687e+08    -7.437827e+07     1.000000e+03     4.793723e+00    -4.954167e-03     1.244067e-05    -9.482131e-09     2.635453e-12    -1.437920e+04     3.169527e+00     3.096603e-03    -7.501879e-07     9.149392e-11    -4.402989e-15    -1.454868e+04
   16. HCOOH                   -3.786402e+08    -3.355747e+08     1.000000e+03     3.898362e+00    -1.779390e-03     1.184018e-05    -1.096249e-08     3.421554e-12    -4.677857e+04     4.613832e+00     3.224818e-03    -7.636084e-07     9.179012e-11    -4.374735e-15    -4.533032e+04
   17. C6H10O5                 -8.406777e+08    -6.292576e+08     1.000000e+03    -7.812417e+00     6.271226e-02    -3.875729e-05     1.361836e-08    -2.014923e-12    -1.034283e+05     2.798504e+01     1.320833e-02    -3.045469e-06     3.573100e-10    -1.667313e-14    -1.143137e+05
   18. C2H5OH                  -2.348816e+08    -1.585881e+08     1.402000e+03     2.158059e-01     1.476142e-02    -5.609035e-06     1.123712e-09    -8.049031e-14    -2.948518e+04     8.144839e+00     6.415703e-03    -1.430176e-06     1.639929e-10    -7.530132e-15    -3.240055e+04
   19. C5H8O4                  -6.341285e+08    -4.667673e+08     1.000000e+03    -6.841991e+00     5.030528e-02    -3.080575e-05     1.074501e-08    -1.579439e-12    -7.796232e+04     2.172982e+01     1.089038e-02    -2.498485e-06     2.921522e-10    -1.360078e-14    -8.665054e+04
   20. C6H5OH                  -9.641438e+07     3.223168e+07     1.000000e+03    -2.909786e-01     2.042812e-02     8.094314e-06    -1.786194e-08     6.920043e-12    -1.341298e+04     1.415524e+01     9.967517e-03    -2.394065e-06     2.905725e-10    -1.394295e-14    -1.812874e+04
   21. VANILLIN                -3.713189e+08    -1.731837e+08     1.260000e+03    -4.866375e+00     5.360532e-02    -3.141993e-05     1.063490e-08    -1.564832e-12    -4.721829e+04     1.365447e+01     2.420716e-02    -8.088060e-06     1.376220e-09    -9.520039e-14    -5.188554e+04
   22. CRESOL                  -1.287738e+08     2.695669e+07     1.000000e+03    -4.104798e+00     4.118679e-02    -2.266675e-05     7.177867e-09    -9.742472e-13    -1.737672e+04     1.094119e+01     1.796107e-02    -5.195331e-06     7.633423e-10    -4.438525e-14    -2.118374e+04
   23. FURAN                   -4.251655e+07     4.979751e+07     1.250000e+03    -7.595078e+00     3.533363e-02    -2.374208e-05     8.770847e-09    -1.352361e-12    -5.425690e+03     8.374865e+00     9.781723e-03    -3.300557e-06     5.942360e-10    -4.410354e-14    -9.418176e+03
   24. CH3COCH3                -2.149659e+08    -1.274895e+08     1.790000e+03    -7.545813e-03     1.774928e-02    -7.457608e-06     1.819921e-09    -1.925566e-13    -2.724496e+04     9.795079e+00     6.796623e-03    -1.338808e-06     1.107586e-10    -1.588761e-15    -3.075429e+04
   25. LVG                     -8.406777e+08    -6.292576e+08     1.000000e+03    -7.812417e+00     6.271226e-02    -3.875729e-05     1.361836e-08    -2.014923e-12    -1.034283e+05     2.798504e+01     1.320833e-02    -3.045469e-06     3.573100e-10    -1.667313e-14    -1.143137e+05
   26. CO                      -1.105272e+08    -8.883326e+07     1.000000e+03     3.595084e+00    -3.605985e-04     4.274608e-07     1.631073e-10    -1.643430e-13    -1.434490e+04     3.033973e+00     6.866406e-04    -1.654817e-07     2.025704e-11    -9.706635e-16    -1.425860e+04
   27. CO2                     -3.934801e+08    -3.600706e+08     1.000000e+03     2.206643e+00     5.048504e-03    -3.321129e-06     1.367889e-09    -2.554679e-13    -4.835299e+04     4.635375e+00     1.372797e-03    -3.327608e-07     4.025340e-11    -1.844037e-15    -4.902037e+04
   28. H2                      -4.325295e+03     2.068572e+07     1.000000e+03     2.376942e+00     3.869585e-03    -6.291169e-06     4.887928e-09    -1.434191e-12    -9.211731e+02     2.902076e+00     4.344963e-04    -5.528814e-08     4.771297e-12    -1.862244e-16    -7.979487e+02
   29. CH4                     -7.460492e+07    -3.592585e+07     1.000000e+03     5.149115e+00    -6.831100e-03     1.638180e-05    -1.210617e-08     3.332069e-12    -1.024660e+04     1.653262e+00     5.013155e-03    -1.105537e-06     1.341208e-10    -6.293935e-15    -1.000959e+04
   30. C2H4                     5.249327e+07     1.031384e+08     1.000000e+03     3.959201e+00    -3.785257e-03     1.903300e-05    -1.728971e-08     5.397684e-12     5.089776e+03     3.991827e+00     5.241695e-03    -1.239071e-06     1.486571e-10    -7.072608e-15     4.268659e+03
   31. C2H6                    -8.385893e+07    -1.944102e+07     1.000000e+03     4.291426e+00    -2.750775e-03     1.998128e-05    -1.771166e-08     5.373717e-12    -1.152221e+04     4.046664e+00     7.676940e-03    -1.823465e-06     2.194566e-10    -1.046335e-14    -1.244735e+04
   32. C6H6                     8.286761e+07     1.956404e+08     1.000000e+03     5.048186e-01     9.251032e-03     2.461153e-05    -2.953394e-08     1.014421e-11     8.552479e+03     1.108096e+01     1.035884e-02    -2.507153e-06     3.058025e-10    -1.472183e-14     4.306410e+03
   33. N2                      -4.368616e+03     2.146458e+07     1.000000e+03     3.531005e+00    -6.183049e-05    -1.676665e-07     6.088265e-10    -2.817625e-13    -1.046976e+03     2.952576e+00     6.984502e-04    -1.642105e-07     1.965025e-11    -9.215104e-16    -9.239487e+02
   34. O2                      -4.406504e+03     2.270475e+07     1.000000e+03     3.784983e+00    -1.510011e-03     3.306764e-06    -2.444601e-09     6.577554e-13    -1.064136e+03     3.659805e+00     3.299387e-04    -4.805272e-08     5.366401e-12    -2.730076e-16    -1.216030e+03
   35. H2O                     -2.418378e+08    -2.158323e+08     1.000000e+03     4.201476e+00    -1.027918e-03     2.188491e-06    -1.382267e-09     3.565652e-13    -3.029501e+04     2.731175e+00     1.475685e-03    -2.784533e-07     3.152215e-11    -1.681063e-15    -2.991691e+04
   36. C2H2                     2.281889e+08     2.692417e+08     7.900000e+02     7.705369e-01     1.185540e-02    -1.222073e-05     7.399744e-09    -1.855159e-12     2.643180e+04     4.372675e+00     2.736064e-03    -6.772718e-07     9.375478e-11    -5.540981e-15     2.586266e+04
   37. CELL                    -9.388362e+08    -6.942170e+08     1.000000e+03     2.925325e+01     9.751082e-03     0.000000e+00     0.000000e+00     0.000000e+00    -1.224994e+05     2.925325e+01     9.751082e-03     0.000000e+00     0.000000e+00     0.000000e+00    -1.224994e+05
   38. GMSW                    -7.925073e+08    -5.931878e+08     1.000000e+03     2.383600e+01     7.945333e-03     0.000000e+00     0.000000e+00     0.000000e+00    -1.031254e+05     2.383600e+01     7.945333e-03     0.000000e+00     0.000000e+00     0.000000e+00    -1.031254e+05
   39. XYHW                    -8.263049e+08    -6.269854e+08     1.000000e+03     2.383600e+01     7.945333e-03     0.000000e+00     0.000000e+00     0.000000e+00    -1.071903e+05     2.383600e+01     7.945333e-03     0.000000e+00     0.000000e+00     0.000000e+00    -1.071903e+05
   40. XYGR                    -8.485090e+08    -6.491895e+08     1.000000e+03     2.383600e+01     7.945333e-03     0.000000e+00     0.000000e+00     0.000000e+00    -1.098609e+05     2.383600e+01     7.945333e-03     0.000000e+00     0.000000e+00     0.000000e+00    -1.098609e+05
   41. LIGC                    -7.151911e+08    -3.255393e+08     1.000000e+03     4.659725e+01     1.553242e-02     0.000000e+00     0.000000e+00     0.000000e+00    -1.012830e+05     4.659725e+01     1.553242e-02     0.000000e+00     0.000000e+00     0.000000e+00    -1.012830e+05
   42. LIGH                    -1.646019e+09    -9.875442e+08     1.000000e+03     7.874495e+01     2.624832e-02     0.000000e+00     0.000000e+00     0.000000e+00    -2.237675e+05     7.874495e+01     2.624832e-02     0.000000e+00     0.000000e+00     0.000000e+00    -2.237675e+05
   43. LIGO                    -1.882946e+09    -1.245700e+09     1.000000e+03     7.620628e+01     2.540209e-02     0.000000e+00     0.000000e+00     0.000000e+00    -2.514316e+05     7.620628e+01     2.540209e-02     0.000000e+00     0.000000e+00     0.000000e+00    -2.514316e+05
   44. TGL                     -1.593024e+09    -2.391025e+08     1.000000e+03     1.619112e+02     5.397041e-02     0.000000e+00     0.000000e+00     0.000000e+00    -2.446391e+05     1.619112e+02     5.397041e-02     0.000000e+00     0.000000e+00     0.000000e+00    -2.446391e+05
   45. TANN                    -1.183692e+09    -7.246696e+08     1.000000e+03     5.489307e+01     1.829769e-02     0.000000e+00     0.000000e+00     0.000000e+00    -1.603485e+05     5.489307e+01     1.829769e-02     0.000000e+00     0.000000e+00     0.000000e+00    -1.603485e+05
   46. MOIST                   -2.858397e+08     1.523394e+08     1.000000e+03     7.255750e+01    -3.312227e-01     8.539958e-04    -1.091480e-06     5.563580e-10    -4.188655e+04     3.250060e+00     1.083353e-03     0.000000e+00     0.000000e+00     0.000000e+00    -3.499474e+04
   47. ASH                     -3.142404e+07     2.756844e+07     1.000000e+03     7.054727e+00     2.351576e-03     0.000000e+00     0.000000e+00     0.000000e+00    -6.090581e+03     7.054727e+00     2.351576e-03     0.000000e+00     0.000000e+00     0.000000e+00    -6.090581e+03
   48. CELLA                   -9.613101e+08    -7.166909e+08     1.000000e+03     2.925325e+01     9.751082e-03     0.000000e+00     0.000000e+00     0.000000e+00    -1.252024e+05     2.925325e+01     9.751082e-03     0.000000e+00     0.000000e+00     0.000000e+00    -1.252024e+05
   49. HCE1                    -7.605390e+08    -5.612195e+08     1.000000e+03     2.383600e+01     7.945333e-03     0.000000e+00     0.000000e+00     0.000000e+00    -9.928052e+04     2.383600e+01     7.945333e-03     0.000000e+00     0.000000e+00     0.000000e+00    -9.928052e+04
   50. HCE2                    -8.570928e+08    -6.577733e+08     1.000000e+03     2.383600e+01     7.945333e-03     0.000000e+00     0.000000e+00     0.000000e+00    -1.108933e+05     2.383600e+01     7.945333e-03     0.000000e+00     0.000000e+00     0.000000e+00    -1.108933e+05
   51. LIGCC                   -4.560341e+08    -6.638232e+07     1.000000e+03     4.659725e+01     1.553242e-02     0.000000e+00     0.000000e+00     0.000000e+00    -7.011362e+04     4.659725e+01     1.553242e-02     0.000000e+00     0.000000e+00     0.000000e+00    -7.011362e+04
   52. LIGOH                   -1.361841e+09    -7.909904e+08     1.000000e+03     6.826624e+01     2.275541e-02     0.000000e+00     0.000000e+00     0.000000e+00    -1.861559e+05     6.826624e+01     2.275541e-02     0.000000e+00     0.000000e+00     0.000000e+00    -1.861559e+05
   53. LIG                     -6.821433e+08    -3.680161e+08     1.000000e+03     3.756549e+01     1.252183e-02     0.000000e+00     0.000000e+00     0.000000e+00    -9.434949e+04     3.756549e+01     1.252183e-02     0.000000e+00     0.000000e+00     0.000000e+00    -9.434949e+04
   54. ITANN                   -1.183692e+09    -7.246696e+08     1.000000e+03     5.489307e+01     1.829769e-02     0.000000e+00     0.000000e+00     0.000000e+00    -1.603485e+05     5.489307e+01     1.829769e-02     0.000000e+00     0.000000e+00     0.000000e+00    -1.603485e+05
   55. CHAR                    -1.901405e+06     1.644506e+07     1.000000e+03    -1.008020e-01     2.499282e-03     0.000000e+00     0.000000e+00     0.000000e+00    -4.205937e+02    -1.008020e-01     2.499282e-03     0.000000e+00     0.000000e+00     0.000000e+00    -4.205937e+02
   56. COH2S                   -3.425301e+08    -2.972305e+08     1.000000e+03     5.417248e+00     1.805749e-03     0.000000e+00     0.000000e+00     0.000000e+00    -4.297161e+04     5.417248e+00     1.805749e-03     0.000000e+00     0.000000e+00     0.000000e+00    -4.297161e+04
   57. CO2S                    -3.108885e+08    -2.444929e+08     1.000000e+03     7.940041e+00     2.646680e-03     0.000000e+00     0.000000e+00     0.000000e+00    -3.999247e+04     7.940041e+00     2.646680e-03     0.000000e+00     0.000000e+00     0.000000e+00    -3.999247e+04
   58. COS                     -7.021831e+07    -2.796013e+07     1.000000e+03     5.053524e+00     1.684508e-03     0.000000e+00     0.000000e+00     0.000000e+00    -1.010086e+04     5.053524e+00     1.684508e-03     0.000000e+00     0.000000e+00     0.000000e+00    -1.010086e+04
   59. CH3OHS                  -2.024237e+08    -1.540825e+08     1.000000e+03     5.780972e+00     1.926991e-03     0.000000e+00     0.000000e+00     0.000000e+00    -2.623983e+04     5.780972e+00     1.926991e-03     0.000000e+00     0.000000e+00     0.000000e+00    -2.623983e+04
   60. CH4S                    -6.781955e+07    -4.361577e+07     1.000000e+03     2.894455e+00     9.648184e-04     0.000000e+00     0.000000e+00     0.000000e+00    -9.105045e+03     2.894455e+00     9.648184e-04     0.000000e+00     0.000000e+00     0.000000e+00    -9.105045e+03
   61. C2H4S                    5.572941e+07     9.805397e+07     1.000000e+03     5.061463e+00     1.687154e-03     0.000000e+00     0.000000e+00     0.000000e+00     5.044566e+03     5.061463e+00     1.687154e-03     0.000000e+00     0.000000e+00     0.000000e+00     5.044566e+03
   62. C6H5OHS                 -1.085220e+08     3.346458e+07     1.000000e+03     1.697973e+01     5.659911e-03     0.000000e+00     0.000000e+00     0.000000e+00    -1.861478e+04     1.697973e+01     5.659911e-03     0.000000e+00     0.000000e+00     0.000000e+00    -1.861478e+04
   63. CH2OS                   -1.906024e+08    -1.453027e+08     1.000000e+03     5.417248e+00     1.805749e-03     0.000000e+00     0.000000e+00     0.000000e+00    -2.469890e+04     5.417248e+00     1.805749e-03     0.000000e+00     0.000000e+00     0.000000e+00    -2.469890e+04
   64. H2S                      7.503044e+06     1.054455e+07     1.000000e+03     3.637238e-01     1.212413e-04     0.000000e+00     0.000000e+00     0.000000e+00     7.832525e+02     3.637238e-01     1.212413e-04     0.000000e+00     0.000000e+00     0.000000e+00     7.832525e+02
   65. C2H6S                   -7.700068e+07    -3.163462e+07     1.000000e+03     5.425186e+00     1.808395e-03     0.000000e+00     0.000000e+00     0.000000e+00    -1.103835e+04     5.425186e+00     1.808395e-03     0.000000e+00     0.000000e+00     0.000000e+00    -1.103835e+04
   66. LVGS                    -9.647549e+08    -7.201357e+08     1.000000e+03     2.925325e+01     9.751082e-03     0.000000e+00     0.000000e+00     0.000000e+00    -1.256168e+05     2.925325e+01     9.751082e-03     0.000000e+00     0.000000e+00     0.000000e+00    -1.256168e+05
   67. CHARO                   -8.541712e+06     3.424278e+07     1.000000e+03    -2.350731e-01     5.828398e-03     0.000000e+00     0.000000e+00     0.000000e+00    -1.474865e+03    -2.350731e-01     5.828398e-03     0.000000e+00     0.000000e+00     0.000000e+00    -1.474865e+03
   68. COSTIFFS                -6.489989e+07    -2.264171e+07     1.000000e+03     5.053524e+00     1.684508e-03     0.000000e+00     0.000000e+00     0.000000e+00    -9.461204e+03     5.053524e+00     1.684508e-03     0.000000e+00     0.000000e+00     0.000000e+00    -9.461204e+03

 -------------------------------------------------------------------------------------------------------------------------------------------------------------------------------------------------------------------------------------------------------------------------------------------


 -------------------------------------------------------------------------------------------------------------------------------------------------------------------------------------------------------------------------------------------------------------------------------------------
                             ENTROPY COEFFICIENTS                                                                     

             S/R = A*lnT + B*T + C*T^2 + D*T^3 + E*T^4 + F  [-]                                                         

    Species                 S(298K)[J/kmol/K] S(1000K)[J/kmol/K]     LT-HT            A(LT)            B(LT)            C(LT)            D(LT)            E(LT)           F(LT)             A(HT)            B(HT)            C(HT)           D(HT)             E(HT)            F(HT)      
 -------------------------------------------------------------------------------------------------------------------------------------------------------------------------------------------------------------------------------------------------------------------------------------------

    1. CH2OHCH2CHO              3.488088e+05     5.133046e+05     1.382000e+03     2.666133e+00     3.463023e-02    -1.071904e-05     2.301564e-09    -2.292348e-13     1.733584e+01     1.189367e+01     1.441532e-02    -2.387627e-06     2.420121e-10    -1.038215e-14    -3.272857e+01
    2. FURFURAL                 3.257101e+05     5.064435e+05     1.000000e+03    -1.862600e+00     5.709464e-02    -2.381693e-05     6.598311e-09    -8.164646e-13     3.471799e+01     1.595536e+01     1.220961e-02    -2.097458e-06     2.180730e-10    -9.526508e-15    -5.968305e+01
    3. CH3CO2H                  2.834393e+05     4.048343e+05     1.000000e+03     2.789502e+00     9.999417e-03     1.712861e-05    -1.696771e-08     5.155555e-12     1.410531e+01     7.670846e+00     1.351526e-02    -2.629372e-06     2.977282e-10    -1.382951e-14    -1.546773e+01
    4. C24H28O4                 7.815112e+05     1.231045e+06     1.398000e+03     5.424874e+00     9.991229e-02    -2.569883e-05    -1.433918e-09     2.190267e-12     3.561715e+01     4.958867e+01     8.447534e-03     1.925899e-06    -7.749717e-10     7.879994e-14    -1.934483e+02
    5. C2H3CHO                  2.804055e+05     4.062976e+05     1.398000e+03     7.338445e-01     3.174827e-02    -1.147997e-05     2.807014e-09    -3.090337e-13     2.103089e+01     9.991554e+00     9.823480e-03    -1.656015e-06     1.698415e-10    -7.345547e-15    -2.851689e+01
    6. C6H5OCH3                 3.514300e+05     6.014585e+05     1.393000e+03    -5.408887e+00     8.733324e-02    -3.698198e-05     1.067360e-08    -1.392367e-12     5.006961e+01     2.039387e+01     2.090882e-02    -3.612611e-06     3.766595e-10    -1.647744e-14    -8.629205e+01
    7. U2ME12                   6.756736e+05     1.247526e+06     1.391000e+03     6.797983e-02     1.525301e-01    -5.568804e-05     1.452212e-08    -1.789607e-12     3.999873e+01     4.223531e+01     5.249870e-02    -9.063051e-06     9.439160e-10    -4.125037e-14    -1.862700e+02
    8. MLINO                    9.180968e+05     1.750738e+06     1.833000e+03    -1.587619e+00     2.195265e-01    -7.288059e-05     1.651159e-08    -1.721591e-12     6.009628e+01     5.242580e+01     9.103516e-02    -1.632571e-05     1.749996e-09    -7.812695e-14    -2.278792e+02
    9. CH2OHCHO                 3.092068e+05     4.251808e+05     1.000000e+03     6.149261e+00    -5.968281e-03     2.980017e-05    -2.388879e-08     6.850360e-12     1.866446e+00     6.910888e+00     1.232808e-02    -2.191865e-06     2.343517e-10    -1.047525e-14    -6.961326e+00
   10. CHOCHO                   2.724515e+05     3.754589e+05     1.000000e+03     4.684125e+00     4.780128e-04     2.131954e-05    -1.930061e-08     5.791733e-12     4.511872e+00     8.725069e+00     6.330968e-03    -1.177874e-06     1.299276e-10    -5.937173e-15    -2.039039e+01
   11. CH3CHO                   2.639228e+05     3.631512e+05     1.000000e+03     4.729459e+00    -3.193286e-03     2.376746e-05    -1.915287e-08     5.482778e-12     4.103016e+00     5.404111e+00     1.172306e-02    -2.113157e-06     2.279082e-10    -1.024622e-14    -3.480792e+00
   12. C6H6O3                   4.108460e+05     6.493702e+05     1.382000e+03     5.988146e-01     6.184938e-02    -2.190047e-05     5.184378e-09    -5.512663e-13     2.938280e+01     1.938925e+01     1.861345e-02    -3.155740e-06     3.251541e-10    -1.411404e-14    -7.167865e+01
   13. C2H5CHO                  2.888045e+05     4.312274e+05     1.000000e+03     4.245297e+00     6.682967e-03     2.466690e-05    -2.239954e-08     6.681559e-12     6.907386e+00     7.440857e+00     1.773018e-02    -3.170408e-06     3.401360e-10    -1.523654e-14    -1.441954e+01
   14. CH3OH                    2.406329e+05     3.177823e+05     1.000000e+03     5.658511e+00    -1.629834e-02     3.459691e-05    -2.527910e-08     7.010689e-12    -8.973305e-01     3.527268e+00     1.031788e-02    -1.814465e-06     1.924827e-10    -8.554566e-15     5.167587e+00
   15. CH2O                     2.187450e+05     2.753817e+05     1.000000e+03     4.793723e+00    -9.908333e-03     1.866100e-05    -1.264284e-08     3.294316e-12     6.027981e-01     3.169527e+00     6.193206e-03    -1.125282e-06     1.219919e-10    -5.503736e-15     6.042079e+00
   16. HCOOH                    2.471262e+05     3.171156e+05     1.000000e+03     3.898362e+00    -3.558779e-03     1.776027e-05    -1.461665e-08     4.276942e-12     7.349540e+00     4.613832e+00     6.449636e-03    -1.145413e-06     1.223868e-10    -5.468419e-15     8.478838e-01
   17. C6H10O5                  4.755579e+05     8.147471e+05     1.000000e+03    -7.812417e+00     1.254245e-01    -5.813593e-05     1.815782e-08    -2.518654e-12     6.903009e+01     2.798504e+01     2.641667e-02    -4.568204e-06     4.764133e-10    -2.084141e-14    -1.177544e+02
   18. C2H5OH                   2.817894e+05     4.038351e+05     1.402000e+03     2.158059e-01     2.952284e-02    -8.413552e-06     1.498283e-09    -1.006129e-13     2.457251e+01     8.144839e+00     1.283141e-02    -2.145264e-06     2.186572e-10    -9.412665e-15    -1.862411e+01
   19. C5H8O4                   4.390471e+05     7.070137e+05     1.000000e+03    -6.841991e+00     1.006106e-01    -4.620863e-05     1.432669e-08    -1.974298e-12     6.554269e+01     2.172982e+01     2.178077e-02    -3.747728e-06     3.895363e-10    -1.700097e-14    -8.357525e+01
   20. C6H5OH                   3.151860e+05     5.212868e+05     1.000000e+03    -2.909786e-01     4.085624e-02     1.214147e-05    -2.381592e-08     8.650054e-12     2.687456e+01     1.415524e+01     1.993503e-02    -3.591098e-06     3.874300e-10    -1.742869e-14    -5.179849e+01
   21. VANILLIN                 4.870133e+05     8.053720e+05     1.260000e+03    -4.866375e+00     1.072106e-01    -4.712990e-05     1.417986e-08    -1.956040e-12     5.817516e+01     1.365447e+01     4.841432e-02    -1.213209e-05     1.834959e-09    -1.190005e-13    -3.545757e+01
   22. CRESOL                   3.531444e+05     6.024533e+05     1.000000e+03    -4.104798e+00     8.237358e-02    -3.400012e-05     9.570489e-09    -1.217809e-12     4.408729e+01     1.094119e+01     3.592213e-02    -7.792997e-06     1.017790e-09    -5.548157e-14    -3.221201e+01
   23. FURAN                    2.521488e+05     3.990709e+05     1.250000e+03    -7.595078e+00     7.066726e-02    -3.561313e-05     1.169446e-08    -1.690452e-12     5.540399e+01     8.374865e+00     1.956345e-02    -4.950836e-06     7.923146e-10    -5.512942e-14    -2.520534e+01
   24. CH3COCH3                 2.954444e+05     4.354714e+05     1.790000e+03    -7.545813e-03     3.549855e-02    -1.118641e-05     2.426561e-09    -2.406957e-13     2.592930e+01     9.795079e+00     1.359325e-02    -2.008211e-06     1.476781e-10    -1.985951e-15    -2.706994e+01
   25. LVG                      4.755579e+05     8.147471e+05     1.000000e+03    -7.812417e+00     1.254245e-01    -5.813593e-05     1.815782e-08    -2.518654e-12     6.903009e+01     2.798504e+01     2.641667e-02    -4.568204e-06     4.764133e-10    -2.084141e-14    -1.177544e+02
   26. CO                       1.976451e+05     2.345473e+05     1.000000e+03     3.595084e+00    -7.211969e-04     6.411912e-07     2.174764e-10    -2.054287e-13     3.443556e+00     3.033973e+00     1.373281e-03    -2.482225e-07     2.700938e-11    -1.213329e-15     6.100761e+00
   27. CO2                      2.137641e+05     2.692969e+05     1.000000e+03     2.206643e+00     1.009701e-02    -4.981694e-06     1.823852e-09    -3.193349e-13     1.052619e+01     4.635375e+00     2.745595e-03    -4.991412e-07     5.367120e-11    -2.305047e-15    -1.928876e+00
   28. H2                       1.306653e+05     1.662346e+05     1.000000e+03     2.376942e+00     7.739169e-03    -9.436754e-06     6.517237e-09    -1.792739e-12     5.471847e-01     2.902076e+00     8.689926e-04    -8.293222e-08     6.361730e-12    -2.327804e-16    -8.455913e-01
   29. CH4                      1.863520e+05     2.483061e+05     1.000000e+03     5.149115e+00    -1.366220e-02     2.457270e-05    -1.614156e-08     4.165086e-12    -4.638488e+00     1.653262e+00     1.002631e-02    -1.658306e-06     1.788277e-10    -7.867419e-15     9.905063e+00
   30. C2H4                     2.192996e+05     3.003154e+05     1.000000e+03     3.959201e+00    -7.570514e-03     2.854950e-05    -2.305295e-08     6.747105e-12     4.097302e+00     3.991827e+00     1.048339e-02    -1.858607e-06     1.982095e-10    -8.840760e-15    -2.690818e-01
   31. C2H6                     2.291934e+05     3.316047e+05     1.000000e+03     4.291426e+00    -5.501549e-03     2.997192e-05    -2.361555e-08     6.717146e-12     2.666790e+00     4.046664e+00     1.535388e-02    -2.735197e-06     2.926088e-10    -1.307919e-14    -9.686983e-01
   32. C6H6                     2.691159e+05     4.477296e+05     1.000000e+03     5.048186e-01     1.850206e-02     3.691729e-05    -3.937858e-08     1.268026e-11     2.164129e+01     1.108096e+01     2.071767e-02    -3.760730e-06     4.077366e-10    -1.840228e-14    -4.004133e+01
   33. N2                       1.915940e+05     2.281754e+05     1.000000e+03     3.531005e+00    -1.236610e-04    -2.514997e-07     8.117687e-10    -3.522031e-13     2.967470e+00     2.952576e+00     1.396900e-03    -2.463158e-07     2.620034e-11    -1.151888e-15     5.871888e+00
   34. O2                       2.051340e+05     2.435837e+05     1.000000e+03     3.784983e+00    -3.020022e-03     4.960146e-06    -3.259468e-09     8.221943e-13     3.647807e+00     3.659805e+00     6.598774e-04    -7.207909e-08     7.155201e-12    -3.412595e-16     3.420741e+00
   35. H2O                      1.888149e+05     2.327362e+05     1.000000e+03     4.201476e+00    -2.055835e-03     3.282736e-06    -1.843023e-09     4.457065e-13    -8.606109e-01     2.731175e+00     2.951370e-03    -4.176799e-07     4.202953e-11    -2.101329e-15     6.551830e+00
   36. C2H2                     2.008886e+05     2.689006e+05     7.900000e+02     7.705369e-01     2.371080e-02    -1.833110e-05     9.866325e-09    -2.318948e-12     1.409077e+01     4.372675e+00     5.472128e-03    -1.015908e-06     1.250064e-10    -6.926227e-15    -2.438359e+00
   37. CELL                     1.433996e+06     1.842289e+06     1.000000e+03     2.925325e+01     1.950216e-02     0.000000e+00     0.000000e+00     0.000000e+00     0.000000e+00     2.925325e+01     1.950216e-02     0.000000e+00     0.000000e+00     0.000000e+00     0.000000e+00
   38. GMSW                     1.168442e+06     1.501126e+06     1.000000e+03     2.383600e+01     1.589067e-02     0.000000e+00     0.000000e+00     0.000000e+00     0.000000e+00     2.383600e+01     1.589067e-02     0.000000e+00     0.000000e+00     0.000000e+00     0.000000e+00
   39. XYHW                     1.168442e+06     1.501126e+06     1.000000e+03     2.383600e+01     1.589067e-02     0.000000e+00     0.000000e+00     0.000000e+00     0.000000e+00     2.383600e+01     1.589067e-02     0.000000e+00     0.000000e+00     0.000000e+00     0.000000e+00
   40. XYGR                     1.168442e+06     1.501126e+06     1.000000e+03     2.383600e+01     1.589067e-02     0.000000e+00     0.000000e+00     0.000000e+00     0.000000e+00     2.383600e+01     1.589067e-02     0.000000e+00     0.000000e+00     0.000000e+00     0.000000e+00
   41. LIGC                     2.284200e+06     2.934566e+06     1.000000e+03     4.659725e+01     3.106483e-02     0.000000e+00     0.000000e+00     0.000000e+00     0.000000e+00     4.659725e+01     3.106483e-02     0.000000e+00     0.000000e+00     0.000000e+00     0.000000e+00
   42. LIGH                     3.860083e+06     4.959140e+06     1.000000e+03     7.874495e+01     5.249663e-02     0.000000e+00     0.000000e+00     0.000000e+00     0.000000e+00     7.874495e+01     5.249663e-02     0.000000e+00     0.000000e+00     0.000000e+00     0.000000e+00
   43. LIGO                     3.735637e+06     4.799261e+06     1.000000e+03     7.620628e+01     5.080419e-02     0.000000e+00     0.000000e+00     0.000000e+00     0.000000e+00     7.620628e+01     5.080419e-02     0.000000e+00     0.000000e+00     0.000000e+00     0.000000e+00
   44. TGL                      7.936901e+06     1.019672e+07     1.000000e+03     1.619112e+02     1.079408e-01     0.000000e+00     0.000000e+00     0.000000e+00     0.000000e+00     1.619112e+02     1.079408e-01     0.000000e+00     0.000000e+00     0.000000e+00     0.000000e+00
   45. TANN                     2.690862e+06     3.457014e+06     1.000000e+03     5.489307e+01     3.659538e-02     0.000000e+00     0.000000e+00     0.000000e+00     0.000000e+00     5.489307e+01     3.659538e-02     0.000000e+00     0.000000e+00     0.000000e+00     0.000000e+00
   46. MOIST                    6.990078e+04     5.954709e+05     1.000000e+03     7.255750e+01    -6.624454e-01     1.280994e-03    -1.455306e-06     6.954475e-10    -2.882801e+02     3.250060e+00     2.166707e-03     0.000000e+00     0.000000e+00     0.000000e+00     0.000000e+00
   47. ASH                      3.458232e+05     4.442873e+05     1.000000e+03     7.054727e+00     4.703151e-03     0.000000e+00     0.000000e+00     0.000000e+00     0.000000e+00     7.054727e+00     4.703151e-03     0.000000e+00     0.000000e+00     0.000000e+00     0.000000e+00
   48. CELLA                    1.433996e+06     1.842289e+06     1.000000e+03     2.925325e+01     1.950216e-02     0.000000e+00     0.000000e+00     0.000000e+00     0.000000e+00     2.925325e+01     1.950216e-02     0.000000e+00     0.000000e+00     0.000000e+00     0.000000e+00
   49. HCE1                     1.168442e+06     1.501126e+06     1.000000e+03     2.383600e+01     1.589067e-02     0.000000e+00     0.000000e+00     0.000000e+00     0.000000e+00     2.383600e+01     1.589067e-02     0.000000e+00     0.000000e+00     0.000000e+00     0.000000e+00
   50. HCE2                     1.168442e+06     1.501126e+06     1.000000e+03     2.383600e+01     1.589067e-02     0.000000e+00     0.000000e+00     0.000000e+00     0.000000e+00     2.383600e+01     1.589067e-02     0.000000e+00     0.000000e+00     0.000000e+00     0.000000e+00
   51. LIGCC                    2.284200e+06     2.934566e+06     1.000000e+03     4.659725e+01     3.106483e-02     0.000000e+00     0.000000e+00     0.000000e+00     0.000000e+00     4.659725e+01     3.106483e-02     0.000000e+00     0.000000e+00     0.000000e+00     0.000000e+00
   52. LIGOH                    3.346416e+06     4.299220e+06     1.000000e+03     6.826624e+01     4.551083e-02     0.000000e+00     0.000000e+00     0.000000e+00     0.000000e+00     6.826624e+01     4.551083e-02     0.000000e+00     0.000000e+00     0.000000e+00     0.000000e+00
   53. LIG                      1.841463e+06     2.365771e+06     1.000000e+03     3.756549e+01     2.504366e-02     0.000000e+00     0.000000e+00     0.000000e+00     0.000000e+00     3.756549e+01     2.504366e-02     0.000000e+00     0.000000e+00     0.000000e+00     0.000000e+00
   54. ITANN                    2.690862e+06     3.457014e+06     1.000000e+03     5.489307e+01     3.659538e-02     0.000000e+00     0.000000e+00     0.000000e+00     0.000000e+00     5.489307e+01     3.659538e-02     0.000000e+00     0.000000e+00     0.000000e+00     0.000000e+00
   55. CHAR                     7.610176e+03     3.577088e+04     1.000000e+03    -1.008020e-01     4.998564e-03     0.000000e+00     0.000000e+00     0.000000e+00     0.000000e+00    -1.008020e-01     4.998564e-03     0.000000e+00     0.000000e+00     0.000000e+00     0.000000e+00
   56. COH2S                    2.655539e+05     3.411634e+05     1.000000e+03     5.417248e+00     3.611499e-03     0.000000e+00     0.000000e+00     0.000000e+00     0.000000e+00     5.417248e+00     3.611499e-03     0.000000e+00     0.000000e+00     0.000000e+00     0.000000e+00
   57. CO2S                     3.892214e+05     5.000419e+05     1.000000e+03     7.940041e+00     5.293361e-03     0.000000e+00     0.000000e+00     0.000000e+00     0.000000e+00     7.940041e+00     5.293361e-03     0.000000e+00     0.000000e+00     0.000000e+00     0.000000e+00
   58. COS                      2.477241e+05     3.182570e+05     1.000000e+03     5.053524e+00     3.369016e-03     0.000000e+00     0.000000e+00     0.000000e+00     0.000000e+00     5.053524e+00     3.369016e-03     0.000000e+00     0.000000e+00     0.000000e+00     0.000000e+00
   59. CH3OHS                   2.833837e+05     3.640697e+05     1.000000e+03     5.780972e+00     3.853981e-03     0.000000e+00     0.000000e+00     0.000000e+00     0.000000e+00     5.780972e+00     3.853981e-03     0.000000e+00     0.000000e+00     0.000000e+00     0.000000e+00
   60. CH4S                     1.418864e+05     1.822848e+05     1.000000e+03     2.894455e+00     1.929637e-03     0.000000e+00     0.000000e+00     0.000000e+00     0.000000e+00     2.894455e+00     1.929637e-03     0.000000e+00     0.000000e+00     0.000000e+00     0.000000e+00
   61. C2H4S                    2.481133e+05     3.187570e+05     1.000000e+03     5.061463e+00     3.374308e-03     0.000000e+00     0.000000e+00     0.000000e+00     0.000000e+00     5.061463e+00     3.374308e-03     0.000000e+00     0.000000e+00     0.000000e+00     0.000000e+00
   62. C6H5OHS                  8.323478e+05     1.069337e+06     1.000000e+03     1.697973e+01     1.131982e-02     0.000000e+00     0.000000e+00     0.000000e+00     0.000000e+00     1.697973e+01     1.131982e-02     0.000000e+00     0.000000e+00     0.000000e+00     0.000000e+00
   63. CH2OS                    2.655539e+05     3.411634e+05     1.000000e+03     5.417248e+00     3.611499e-03     0.000000e+00     0.000000e+00     0.000000e+00     0.000000e+00     5.417248e+00     3.611499e-03     0.000000e+00     0.000000e+00     0.000000e+00     0.000000e+00
   64. H2S                      1.782977e+04     2.290633e+04     1.000000e+03     3.637238e-01     2.424826e-04     0.000000e+00     0.000000e+00     0.000000e+00     0.000000e+00     3.637238e-01     2.424826e-04     0.000000e+00     0.000000e+00     0.000000e+00     0.000000e+00
   65. C2H6S                    2.659430e+05     3.416633e+05     1.000000e+03     5.425186e+00     3.616791e-03     0.000000e+00     0.000000e+00     0.000000e+00     0.000000e+00     5.425186e+00     3.616791e-03     0.000000e+00     0.000000e+00     0.000000e+00     0.000000e+00
   66. LVGS                     1.433996e+06     1.842289e+06     1.000000e+03     2.925325e+01     1.950216e-02     0.000000e+00     0.000000e+00     0.000000e+00     0.000000e+00     2.925325e+01     1.950216e-02     0.000000e+00     0.000000e+00     0.000000e+00     0.000000e+00
   67. CHARO                    1.774715e+04     8.341874e+04     1.000000e+03    -2.350731e-01     1.165680e-02     0.000000e+00     0.000000e+00     0.000000e+00     0.000000e+00    -2.350731e-01     1.165680e-02     0.000000e+00     0.000000e+00     0.000000e+00     0.000000e+00
   68. COSTIFFS                 2.477241e+05     3.182570e+05     1.000000e+03     5.053524e+00     3.369016e-03     0.000000e+00     0.000000e+00     0.000000e+00     0.000000e+00     5.053524e+00     3.369016e-03     0.000000e+00     0.000000e+00     0.000000e+00     0.000000e+00

 -------------------------------------------------------------------------------------------------------------------------------------------------------------------------------------------------------------------------------------------------------------------------------------------


