------------------------------
  Elements     Atomic Weight  
------------------------------
  1.	C         12.01099968
  2.	H          1.00800002
  3.	O         15.99899960
  4.	N         14.00699997
------------------------------


--------------------------------------------------------------------------------------------------------------
                                                Molecular        Temperature        Elements
  Species                  Phase  Charge         weight         Low      High       C       H       O       N
--------------------------------------------------------------------------------------------------------------
    1. CH3OH                 G      0           32.041999    300.00   3500.00       1       4       1       0
    2. H2                    G      0            2.016000    200.00   3500.00       0       2       0       0
    3. H                     G      0            1.008000    200.00   3500.00       0       1       0       0
    4. O2                    G      0           31.997999    200.00   3500.00       0       0       2       0
    5. O                     G      0           15.999000    200.00   3500.00       0       0       1       0
    6. H2O                   G      0           18.015000    200.00   3500.00       0       2       1       0
    7. OH                    G      0           17.007000    200.00   3500.00       0       1       1       0
    8. H2O2                  G      0           34.013999    200.00   3500.00       0       2       2       0
    9. HO2                   G      0           33.005999    200.00   3500.00       0       1       2       0
   10. CO                    G      0           28.009999    200.00   3500.00       1       0       1       0
   11. CO2                   G      0           44.008999    200.00   3500.00       1       0       2       0
   12. CH4                   G      0           16.043000    300.00   3500.00       1       4       0       0
   13. CH3                   G      0           15.035000    300.00   3500.00       1       3       0       0
   14. CH2                   G      0           14.027000    300.00   3500.00       1       2       0       0
   15. CH2(S)                G      0           14.027000    300.00   3500.00       1       2       0       0
   16. CH3O                  G      0           31.033999    300.00   3500.00       1       3       1       0
   17. CH2OH                 G      0           31.033999    300.00   3500.00       1       3       1       0
   18. CH2O                  G      0           30.025999    300.00   3500.00       1       2       1       0
   19. HCO                   G      0           29.017999    200.00   3500.00       1       1       1       0
   20. C2H4                  G      0           28.053999    300.00   3500.00       2       4       0       0
   21. C2H3                  G      0           27.045999    300.00   3500.00       2       3       0       0
   22. N2                    G      0           28.014000    200.00   3500.00       0       0       0       2
--------------------------------------------------------------------------------------------------------------

--------------------------------------------------------------------------------------------------------------
                                                Molecular        Temperature        Elements
  Species                  Phase  Charge         weight         Low      High       C       H       O       N
--------------------------------------------------------------------------------------------------------------
   22. N2                    G      0           28.014000    200.00   3500.00       0       0       0       2
    5. O                     G      0           15.999000    200.00   3500.00       0       0       1       0
    4. O2                    G      0           31.997999    200.00   3500.00       0       0       2       0
    3. H                     G      0            1.008000    200.00   3500.00       0       1       0       0
    7. OH                    G      0           17.007000    200.00   3500.00       0       1       1       0
    9. HO2                   G      0           33.005999    200.00   3500.00       0       1       2       0
    2. H2                    G      0            2.016000    200.00   3500.00       0       2       0       0
    6. H2O                   G      0           18.015000    200.00   3500.00       0       2       1       0
    8. H2O2                  G      0           34.013999    200.00   3500.00       0       2       2       0
   10. CO                    G      0           28.009999    200.00   3500.00       1       0       1       0
   11. CO2                   G      0           44.008999    200.00   3500.00       1       0       2       0
   19. HCO                   G      0           29.017999    200.00   3500.00       1       1       1       0
   14. CH2                   G      0           14.027000    300.00   3500.00       1       2       0       0
   15. CH2(S)                G      0           14.027000    300.00   3500.00       1       2       0       0
   18. CH2O                  G      0           30.025999    300.00   3500.00       1       2       1       0
   13. CH3                   G      0           15.035000    300.00   3500.00       1       3       0       0
   16. CH3O                  G      0           31.033999    300.00   3500.00       1       3       1       0
   17. CH2OH                 G      0           31.033999    300.00   3500.00       1       3       1       0
   12. CH4                   G      0           16.043000    300.00   3500.00       1       4       0       0
    1. CH3OH                 G      0           32.041999    300.00   3500.00       1       4       1       0
   21. C2H3                  G      0           27.045999    300.00   3500.00       2       3       0       0
   20. C2H4                  G      0           28.053999    300.00   3500.00       2       4       0       0
--------------------------------------------------------------------------------------------------------------

------------------------------------------------------------------------------------------------------------------
  Species                  Shape       eps/kb          sigma             mu           alfa        zRot298         
------------------------------------------------------------------------------------------------------------------
    1. CH3OH                 2       481.8000         3.6260         0.0000         0.0000         1.0000
    2. H2                    1        38.0000         2.9200         0.0000         0.7900       280.0000
    3. H                     0       145.0000         2.0500         0.0000         0.0000         0.0000
    4. O2                    1       107.4000         3.4580         0.0000         1.6000         3.8000
    5. O                     0        80.0000         2.7500         0.0000         0.0000         0.0000
    6. H2O                   2       572.4000         2.6050         1.8440         0.0000         4.0000
    7. OH                    1        80.0000         2.7500         0.0000         0.0000         0.0000
    8. H2O2                  2       107.4000         3.4580         0.0000         0.0000         3.8000
    9. HO2                   2       107.4000         3.4580         0.0000         0.0000         1.0000
   10. CO                    1        98.1000         3.6500         0.0000         1.9500         1.8000
   11. CO2                   1       244.0000         3.7630         0.0000         2.6500         2.1000
   12. CH4                   2       141.4000         3.7460         0.0000         2.6000        13.0000
   13. CH3                   1       144.0000         3.8000         0.0000         0.0000         0.0000
   14. CH2                   1       144.0000         3.8000         0.0000         0.0000         0.0000
   15. CH2(S)                1       144.0000         3.8000         0.0000         0.0000         0.0000
   16. CH3O                  2       417.0000         3.6900         1.7000         0.0000         2.0000
   17. CH2OH                 2       417.0000         3.6900         1.7000         0.0000         2.0000
   18. CH2O                  2       498.0000         3.5900         0.0000         0.0000         2.0000
   19. HCO                   2       498.0000         3.5900         0.0000         0.0000         0.0000
   20. C2H4                  2       238.4000         3.4960         0.0000         0.0000         1.5000
   21. C2H3                  2       265.3000         3.7210         0.0000         0.0000         1.0000
   22. N2                    1        97.5300         3.6210         0.0000         1.7600         4.0000
------------------------------------------------------------------------------------------------------------------


------------------------------------------------------------------------------------------------------------------
  Species                  Shape       eps/kb          sigma             mu           alfa        zRot298         
------------------------------------------------------------------------------------------------------------------
    1. CH3OH                 2       481.8000         3.6260         0.0000         0.0000         1.0000
    2. H2                    1        38.0000         2.9200         0.0000         0.7900       280.0000
    3. H                     0       145.0000         2.0500         0.0000         0.0000         0.0000
    4. O2                    1       107.4000         3.4580         0.0000         1.6000         3.8000
    5. O                     0        80.0000         2.7500         0.0000         0.0000         0.0000
    6. H2O                   2       572.4000         2.6050         1.8440         0.0000         4.0000
    7. OH                    1        80.0000         2.7500         0.0000         0.0000         0.0000
    8. H2O2                  2       107.4000         3.4580         0.0000         0.0000         3.8000
    9. HO2                   2       107.4000         3.4580         0.0000         0.0000         1.0000
   10. CO                    1        98.1000         3.6500         0.0000         1.9500         1.8000
   11. CO2                   1       244.0000         3.7630         0.0000         2.6500         2.1000
   12. CH4                   2       141.4000         3.7460         0.0000         2.6000        13.0000
   13. CH3                   1       144.0000         3.8000         0.0000         0.0000         0.0000
   14. CH2                   1       144.0000         3.8000         0.0000         0.0000         0.0000
   15. CH2(S)                1       144.0000         3.8000         0.0000         0.0000         0.0000
   16. CH3O                  2       417.0000         3.6900         1.7000         0.0000         2.0000
   17. CH2OH                 2       417.0000         3.6900         1.7000         0.0000         2.0000
   18. CH2O                  2       498.0000         3.5900         0.0000         0.0000         2.0000
   19. HCO                   2       498.0000         3.5900         0.0000         0.0000         0.0000
   20. C2H4                  2       238.4000         3.4960         0.0000         0.0000         1.5000
   21. C2H3                  2       265.3000         3.7210         0.0000         0.0000         1.0000
   22. N2                    1        97.5300         3.6210         0.0000         1.7600         4.0000
------------------------------------------------------------------------------------------------------------------


---------------------------------------------------------------------------------------
                                  CHEMICAL REACTIONS                                   

                          Units: [mol, cm3, s] and [cal/mol]                           
---------------------------------------------------------------------------------------


      1. H2 +M  = 2H +M 
         k:       4.577000e+19	   -1.40     104400.00
         Third body efficiencies
         H2                  	enhanced by	   2.500
         H2O                 	enhanced by	  12.000
         CO                  	enhanced by	   1.900
         CO2                 	enhanced by	   3.800
         CH4                 	enhanced by	   2.000


      2. H2 + O  = H + OH 
         k:       5.080000e+04	    2.67       6292.00


      3. H2 + OH  = H + H2O 
         k:       4.380000e+13	    0.00       6990.00


      4. 2O +M  = O2 +M 
         k:       6.165000e+15	   -0.50          0.00
         Third body efficiencies
         H2                  	enhanced by	   2.500
         H2O                 	enhanced by	  12.000
         CO                  	enhanced by	   1.900
         CO2                 	enhanced by	   3.800
         CH4                 	enhanced by	   2.000


      5. H + O2  = O + OH 
         k:       1.140000e+14	    0.00      15286.00


      6. H + OH +M  = H2O +M 
         k:       3.500000e+22	   -2.00          0.00
         Third body efficiencies
         H2                  	enhanced by	   0.730
         H2O                 	enhanced by	   3.650
         CH4                 	enhanced by	   2.000


      7. O + H2O  = 2OH 
         k:       6.700000e+07	    1.70      14986.80


      8. H + O +M  = OH +M 
         k:       4.714000e+18	   -1.00          0.00
         Third body efficiencies
         H2                  	enhanced by	   2.500
         H2O                 	enhanced by	  12.000
         CO                  	enhanced by	   1.500
         CO2                 	enhanced by	   2.000
         CH4                 	enhanced by	   2.000


      9. H2O2 (+M)  = 2OH (+M) 
         Fall-off (Troe)
         k0:      2.490000e+24	   -2.30      48749.00
         kInf:    2.000000e+12	    0.90      48749.00
         Troe Parameters
         a    4.30e-01
         T*** 1.00e-30
         T*   1.00e+30
         T**  0.00e+00
         Third body efficiencies
         H2O                 	enhanced by	   7.650
         CO2                 	enhanced by	   1.600
         N2                  	enhanced by	   1.500
         O2                  	enhanced by	   1.200
         H2O2                	enhanced by	   7.700
         H2                  	enhanced by	   3.700
         CO                  	enhanced by	   2.800


     10. H + H2O2  = H2O + OH 
         k:       2.410000e+13	    0.00       3970.00


     11. H + H2O2  = H2 + HO2 
         k:       2.150000e+10	    1.00       6000.00


     12. O + H2O2  = OH + HO2 
         k:       9.550000e+06	    2.00       3970.00


     13. OH + H2O2  = H2O + HO2 
         k:       1.740000e+12	    0.00        318.00


     14. OH + H2O2  = H2O + HO2 
         k:       7.590000e+13	    0.00       7269.00


     15. H + HO2  = 2OH 
         k:       7.079000e+13	    0.00        295.00


     16. H + HO2  = H2 + O2 
         k:       1.140200e+10	    1.08        553.78


     17. O + HO2  = O2 + OH 
         k:       3.250000e+13	    0.00          0.00


     18. OH + HO2  = O2 + H2O 
         k:       7.000000e+12	    0.00      -1092.96


     19. OH + HO2  = O2 + H2O 
         k:       4.500000e+14	    0.00      10929.60


     20. 2HO2  = O2 + H2O2 
         k:       1.000000e+14	    0.00      11040.88


     21. 2HO2  = O2 + H2O2 
         k:       1.900000e+11	    0.00      -1408.92


     22. H + O2 (+M)  = HO2 (+M) 
         Fall-off (Troe)
         k0:      1.740000e+19	   -1.23          0.00
         kInf:    4.650000e+12	    0.44          0.00
         Troe Parameters
         a    6.70e-01
         T*** 1.00e-30
         T*   1.00e+30
         T**  1.00e+30
         Third body efficiencies
         H2                  	enhanced by	   1.300
         CO                  	enhanced by	   1.900
         CO2                 	enhanced by	   3.800
         H2O                 	enhanced by	  10.000
         CH4                 	enhanced by	   2.000


     23. O + CO (+M)  = CO2 (+M) 
         Fall-off (Lindemann)
         k0:      1.170000e+24	   -2.79       4191.00
         kInf:    1.362000e+10	    0.00       2384.00
         Third body efficiencies
         H2                  	enhanced by	   2.000
         H2O                 	enhanced by	  12.000
         CO                  	enhanced by	   1.750
         CO2                 	enhanced by	   3.600


     24. OH + CO  = H + CO2 
         k:       7.015000e+04	    2.05       -355.70


     25. OH + CO  = H + CO2 
         k:       5.757000e+12	   -0.66        331.80


     26. HO2 + CO  = OH + CO2 
         k:       1.570000e+05	    2.18      17940.00


     27. O2 + CO  = O + CO2 
         k:       1.119000e+12	    0.00      47700.00


     28. H + CH3 (+M)  = CH4 (+M) 
         Fall-off (Troe)
         k0:      2.480000e+33	   -4.76       2440.00
         kInf:    1.270000e+16	   -0.63        383.00
         Troe Parameters
         a    7.83e-01
         T*** 7.40e+01
         T*   2.94e+03
         T**  6.96e+03
         Third body efficiencies
         H2                  	enhanced by	   2.000
         H2O                 	enhanced by	   6.000
         CO                  	enhanced by	   1.500
         CO2                 	enhanced by	   2.000
         CH4                 	enhanced by	   2.000


     29. H + CH4  = H2 + CH3 
         k:       6.140000e+05	    2.50       9587.00


     30. O + CH4  = OH + CH3 
         k:       1.020000e+09	    1.50       8600.00


     31. OH + CH4  = H2O + CH3 
         k:       5.830000e+04	    2.60       2190.00


     32. HO2 + CH4  = H2O2 + CH3 
         k:       1.130000e+01	    3.74      21010.00


     33. HO2 + CH3  = O2 + CH4 
         k:       1.160000e+05	    2.23      -3022.00


     34. CH4 + CH2  = 2CH3 
         k:       2.460000e+06	    2.00       8270.00


     35. CH2(S) + N2  = CH2 + N2 
         k:       1.500000e+13	    0.00        600.00


     36. H2O + CH2(S)  = H2O + CH2 
         k:       3.000000e+13	    0.00          0.00


     37. CO + CH2(S)  = CO + CH2 
         k:       9.000000e+12	    0.00          0.00


     38. CO2 + CH2(S)  = CO2 + CH2 
         k:       7.000000e+12	    0.00          0.00


     39. O2 + CH2(S)  => H + OH + CO 
         k:       2.800000e+13	    0.00          0.00


     40. O2 + CH2(S)  = H2O + CO 
         k:       1.200000e+13	    0.00          0.00


     41. O + CH2(S)  = H2 + CO 
         k:       1.500000e+13	    0.00          0.00


     42. O + CH2(S)  = H + HCO 
         k:       1.500000e+13	    0.00          0.00


     43. H2 + CH2(S)  = H + CH3 
         k:       7.000000e+13	    0.00          0.00


     44. OH + CH2(S)  = H + CH2O 
         k:       3.000000e+13	    0.00          0.00


     45. CO2 + CH2(S)  = CO + CH2O 
         k:       1.400000e+13	    0.00          0.00


     46. H + CH2 (+M)  = CH3 (+M) 
         Fall-off (Troe)
         k0:      3.200000e+27	   -3.14       1230.00
         kInf:    2.500000e+16	   -0.80          0.00
         Troe Parameters
         a    6.80e-01
         T*** 7.80e+01
         T*   2.00e+03
         T**  5.59e+03
         Third body efficiencies
         H2                  	enhanced by	   2.000
         H2O                 	enhanced by	   6.000
         CO                  	enhanced by	   1.500
         CO2                 	enhanced by	   2.000
         CH4                 	enhanced by	   2.000


     47. O2 + CH2  = OH + HCO 
         k:       1.060000e+13	    0.00       1500.00


     48. O2 + CH2  => 2H + CO2 
         k:       2.640000e+12	    0.00       1500.00


     49. O + CH2  => 2H + CO 
         k:       5.000000e+13	    0.00          0.00


     50. O2 + CH3  = O + CH3O 
         k:       7.546000e+12	    0.00      28320.00


     51. O2 + CH3  = OH + CH2O 
         k:       2.641000e+00	    3.28       8105.00


     52. O + CH3  = H + CH2O 
         k:       5.540000e+13	    0.05       -136.00


     53. OH + CH3  = H2O + CH2(S) 
         k:       4.936000e+14	   -0.67       -445.80
         Pressure Logarithmic Interpolation
         1	1.000000e-02	4.936000e+14	   -0.67       -445.80
         2	1.000000e-01	1.207000e+15	   -0.78       -175.60
         3	1.000000e+00	5.282000e+17	   -1.52       1772.00
         4	1.000000e+01	4.788000e+23	   -3.15       7003.00
         5	1.000000e+02	8.433000e+19	   -1.96       8244.00


     54. OH + CH3  = H2 + CH2O 
         k:       3.502000e+05	    1.44      -3244.00
         Pressure Logarithmic Interpolation
         1	1.000000e-02	3.502000e+05	    1.44      -3244.00
         2	1.000000e-01	8.854000e+05	    1.33      -2975.00
         3	1.000000e+00	1.650000e+07	    0.97      -2010.00
         4	1.000000e+01	5.374000e+09	    0.29        280.00
         5	1.000000e+02	9.494000e+18	   -2.20       9769.00


     55. OH + CH3  = H + CH2OH 
         k:       1.621000e+10	    0.96       3210.00
         Pressure Logarithmic Interpolation
         1	1.000000e-02	1.621000e+10	    0.96       3214.00
         2	1.000000e-01	1.807000e+10	    0.95       3247.00
         3	1.000000e+00	4.686000e+10	    0.83       3566.00
         4	1.000000e+01	1.525000e+13	    0.13       5641.00
         5	1.000000e+02	3.590000e+14	   -0.19       8601.00


     56. OH + CH3  = H + CH3O 
         k:       1.186000e+09	    1.02      11940.00
         Pressure Logarithmic Interpolation
         1	1.000000e-02	1.186000e+09	    1.02      11940.00
         2	1.000000e-01	1.188000e+09	    1.02      11940.00
         3	1.000000e+00	1.230000e+09	    1.01      11950.00
         4	1.000000e+01	1.798000e+09	    0.96      12060.00
         5	1.000000e+02	5.242000e+10	    0.55      13070.00


     57. OH + CH3  = H2O + CH2 
         k:       4.293000e+04	    2.57       3997.80


     58. HO2 + CH3  = OH + CH3O 
         k:       1.000000e+12	    0.27       -687.50


     59. CH3OH (+M)  = OH + CH3 (+M) 
         Fall-off (Troe)
         k0:      1.500000e+43	   -7.00      97992.20
         kInf:    2.084000e+18	   -0.61      92540.60
         Troe Parameters
         a    -4.75e-01
         T*** 3.56e+04
         T*   1.12e+03
         T**  9.02e+03


     60. CH3OH (+M)  = H2O + CH2(S) (+M) 
         Fall-off (Troe)
         k0:      1.430000e+47	   -8.23      99417.10
         kInf:    3.121000e+18	   -1.02      91712.00
         Troe Parameters
         a    2.54e+00
         T*** 3.29e+03
         T*   4.73e+04
         T**  4.71e+04


     61. CH3OH (+M)  = H + CH2OH (+M) 
         Fall-off (Troe)
         k0:      3.390000e+42	   -7.24     105230.30
         kInf:    7.896000e-03	    5.04      84467.40
         Troe Parameters
         a    -7.39e+01
         T*** 3.70e+04
         T*   4.15e+04
         T**  5.22e+03


     62. CH3OH + H  = H2 + CH3O 
         k:       1.990000e+05	    2.56      10300.00


     63. CH3OH + H  = H2 + CH2OH 
         k:       3.070000e+05	    2.55       5440.00


     64. CH3OH + O  = OH + CH3O 
         k:       3.880000e+04	    2.50       3080.00


     65. CH3OH + O  = OH + CH2OH 
         k:       3.880000e+05	    2.50       3080.00


     66. CH3OH + OH  = H2O + CH3O 
         k:       1.500000e+02	    3.03       -763.00


     67. CH3OH + OH  = H2O + CH2OH 
         k:       3.080000e+04	    2.65       -806.70


     68. CH3OH + O2  = HO2 + CH3O 
         k:       3.580000e+04	    2.27      42764.50


     69. CH3OH + O2  = HO2 + CH2OH 
         k:       3.580000e+05	    2.27      42764.50


     70. CH3OH + HO2  = H2O2 + CH3O 
         k:       1.220000e+12	    0.00      20070.70


     71. CH3OH + HO2  = H2O2 + CH2OH 
         k:       3.260000e+13	    0.00      18782.20


     72. CH3OH + CH3  = CH4 + CH2OH 
         k:       2.130000e-01	    3.95       7055.10


     73. CH3OH + CH3  = CH4 + CH3O 
         k:       3.220000e+03	    2.42       8579.50


     74. CH3OH + HCO  = CH2OH + CH2O 
         k:       1.800000e+03	    2.90      13110.00


     75. CH3OH + CH3O  = CH3OH + CH2OH 
         k:       3.000000e+11	    0.00       4074.00


     76. O2 + CH2OH  = HO2 + CH2O 
         k:       1.510000e+15	   -1.00          0.00


     77. O2 + CH2OH  = HO2 + CH2O 
         k:       2.410000e+14	    0.00       5017.00


     78. H + CH2OH  = H2 + CH2O 
         k:       6.000000e+12	    0.00          0.00


     79. HO2 + CH2OH  = H2O2 + CH2O 
         k:       1.200000e+13	    0.00          0.00


     80. CH2OH + HCO  = 2CH2O 
         k:       1.800000e+14	    0.00          0.00


     81. CH2OH + HCO  = CH3OH + CO 
         k:       1.000000e+13	    0.00          0.00


     82. CH3O + CH2OH  = CH3OH + CH2O 
         k:       2.400000e+13	    0.00          0.00


     83. OH + CH2OH  = H2O + CH2O 
         k:       2.400000e+13	    0.00          0.00


     84. O + CH2OH  = OH + CH2O 
         k:       4.200000e+13	    0.00          0.00


     85. 2CH2OH  = CH3OH + CH2O 
         k:       3.000000e+12	    0.00          0.00


     86. O2 + CH3O  = HO2 + CH2O 
         k:       4.380000e-19	    9.50      -5501.00


     87. H + CH3O  = H2 + CH2O 
         k:       2.000000e+13	    0.00          0.00


     88. HO2 + CH3O  = H2O2 + CH2O 
         k:       3.010000e+11	    0.00          0.00


     89. CH3 + CH3O  = CH4 + CH2O 
         k:       1.200000e+13	    0.00          0.00


     90. 2CH3O  = CH3OH + CH2O 
         k:       6.030000e+13	    0.00          0.00


     91. H + HCO (+M)  = CH2O (+M) 
         Fall-off (Troe)
         k0:      1.350000e+24	   -2.57       1425.00
         kInf:    1.090000e+12	    0.48       -260.00
         Troe Parameters
         a    7.82e-01
         T*** 2.71e+02
         T*   2.76e+03
         T**  6.57e+03
         Third body efficiencies
         H2                  	enhanced by	   2.000
         H2O                 	enhanced by	   6.000
         CO                  	enhanced by	   1.500
         CO2                 	enhanced by	   2.000
         CH4                 	enhanced by	   2.000


     92. H2 + CO (+M)  = CH2O (+M) 
         Fall-off (Troe)
         k0:      5.070000e+27	   -3.42      84348.00
         kInf:    4.300000e+07	    1.50      79600.00
         Troe Parameters
         a    9.32e-01
         T*** 1.97e+02
         T*   1.54e+03
         T**  1.03e+04
         Third body efficiencies
         H2                  	enhanced by	   2.000
         H2O                 	enhanced by	   6.000
         CO                  	enhanced by	   1.500
         CO2                 	enhanced by	   2.000
         CH4                 	enhanced by	   2.000


     93. O2 + CH2O  = HO2 + HCO 
         k:       8.070000e+15	    0.00      53420.00


     94. O + CH2O  = OH + HCO 
         k:       6.260000e+09	    1.15       2260.00


     95. H + CH2O  = H2 + HCO 
         k:       5.740000e+07	    1.90       2740.00


     96. OH + CH2O  = H2O + HCO 
         k:       7.820000e+07	    1.63      -1055.00


     97. HO2 + CH2O  = H2O2 + HCO 
         k:       1.880000e+04	    2.70      11520.00


     98. CH3 + CH2O  = CH4 + HCO 
         k:       3.830000e+01	    3.36       4312.00


     99. CH3O + CH2O  = CH3OH + HCO 
         k:       6.620000e+11	    0.00       2294.00


    100. HCO +M  = H + CO +M 
         k:       5.700000e+11	    0.66      14870.00
         Third body efficiencies
         H2                  	enhanced by	   2.000
         H2O                 	enhanced by	   6.000
         CO                  	enhanced by	   1.500
         CO2                 	enhanced by	   2.000
         CH4                 	enhanced by	   2.000


    101. O2 + HCO  = HO2 + CO 
         k:       7.580000e+12	    0.00        410.00


    102. O + HCO  = OH + CO 
         k:       3.020000e+13	    0.00          0.00


    103. H + HCO  = H2 + CO 
         k:       7.340000e+13	    0.00          0.00


    104. OH + HCO  = H2O + CO 
         k:       3.011000e+13	    0.00          0.00


    105. CH3 + HCO  = CO + CH4 
         k:       2.650000e+13	    0.00          0.00


    106. 2HCO  = CO + CH2O 
         k:       1.800000e+13	    0.00          0.00


    107. O + HCO  = H + CO2 
         k:       3.000000e+13	    0.00          0.00


    108. HO2 + HCO  => H + OH + CO2 
         k:       3.000000e+13	    0.00          0.00


    109. 2HCO  => H2 + 2CO 
         k:       3.000000e+12	    0.00          0.00


    110. H + CH2O (+M)  = CH2OH (+M) 
         Fall-off (Troe)
         k0:      1.270000e+32	   -4.82       6530.00
         kInf:    5.400000e+11	    0.45       3600.00
         Troe Parameters
         a    7.19e-01
         T*** 1.03e+02
         T*   1.29e+03
         T**  4.16e+03
         Third body efficiencies
         H2                  	enhanced by	   2.000
         H2O                 	enhanced by	   6.000
         CO                  	enhanced by	   1.500
         CO2                 	enhanced by	   2.000
         CH4                 	enhanced by	   2.000


    111. CH3O (+M)  = H + CH2O (+M) 
         Fall-off (Troe)
         k0:      1.870000e+25	   -3.00      24307.00
         kInf:    6.800000e+13	    0.00      26170.00
         Troe Parameters
         a    9.00e-01
         T*** 2.50e+03
         T*   1.30e+03
         T**  1.00e+99
         Third body efficiencies
         H2                  	enhanced by	   2.000
         H2O                 	enhanced by	   6.000
         CO                  	enhanced by	   1.500
         CO2                 	enhanced by	   2.000
         CH4                 	enhanced by	   2.000


    112. H + C2H3 (+M)  = C2H4 (+M) 
         Fall-off (Troe)
         k0:      1.400000e+30	   -3.86       3320.00
         kInf:    6.080000e+12	    0.27        280.00
         Troe Parameters
         a    7.82e-01
         T*** 2.08e+02
         T*   2.66e+03
         T**  6.10e+03
         Third body efficiencies
         H2                  	enhanced by	   2.000
         H2O                 	enhanced by	   6.000
         CO                  	enhanced by	   1.500
         CO2                 	enhanced by	   2.000
         CH4                 	enhanced by	   2.000


    113. O2 + C2H4  = HO2 + C2H3 
         k:       4.220000e+13	    0.00      57623.10


    114. H + C2H4  = H2 + C2H3 
         k:       5.070000e+07	    1.93      12950.00


    115. OH + C2H4  = H2O + C2H3 
         k:       2.230000e+04	    2.75       2215.50


    116. CH3O + C2H4  = CH3OH + C2H3 
         k:       1.200000e+11	    0.00       6750.00


    117. CH3 + C2H4  = CH4 + C2H3 
         k:       9.760000e+02	    2.95      15148.00


    118. CH3 + C2H4  = CH4 + C2H3 
         k:       8.130000e-05	    4.42       8835.80


    119. O + C2H4  = CH3 + HCO 
         k:       7.453000e+06	    1.88        183.00


    120. CH3 + CH2(S)  = H + C2H4 
         k:       2.000000e+13	    0.00          0.00


    121. OH + C2H4  = CH3 + CH2O 
         k:       5.350000e+00	    2.92      -1732.70
         Pressure Logarithmic Interpolation
         1	1.000000e-02	5.350000e+00	    2.92      -1732.70
         2	2.500000e-02	3.190000e+01	    2.71      -1172.30
         3	1.000000e-01	5.550000e+02	    2.36       -180.80
         4	1.000000e+00	1.780000e+05	    1.68       2060.50
         5	1.000000e+01	2.370000e+09	    0.56       6006.70
         6	1.000000e+02	2.760000e+13	   -0.50      11455.10


    122. O2 + C2H3  = CH2O + HCO 
         k:       1.160000e+16	   -1.13       3791.00
         Pressure Logarithmic Interpolation
         1	1.000000e-02	2.490000e+36	   -7.60      12640.00
         2	1.000000e-01	2.430000e+36	   -7.60      12610.00
         3	3.160000e-01	1.950000e+36	   -7.57      12490.00
         4	1.000000e+00	2.730000e+35	   -7.32      11820.00
         5	3.160000e+00	1.430000e+36	   -7.47      12460.00
         6	1.000000e+01	5.180000e+35	   -7.20      13430.00
         7	3.160000e+01	3.190000e+20	   -2.57       5578.00
         8	1.000000e+02	2.730000e+33	   -6.28      16000.00


    123. O2 + C2H3  = CH2O + HCO 
         k:       1.160000e+16	   -1.13       3791.00
         Pressure Logarithmic Interpolation
         1	1.000000e-02	4.540000e+15	   -1.28        515.30
         2	1.000000e-01	4.590000e+15	   -1.28        513.00
         3	3.160000e-01	4.810000e+15	   -1.29        520.60
         4	1.000000e+00	6.080000e+15	   -1.31        645.70
         5	3.160000e+00	9.450000e+15	   -1.36       1066.00
         6	1.000000e+01	2.560000e+15	   -1.18       1429.00
         7	3.160000e+01	1.030000e+69	  -19.23      14760.00
         8	1.000000e+02	4.210000e+10	    0.19        830.60


    124. O2 + C2H3  => H + CO + CH2O 
         k:       1.160000e+16	   -1.13       3791.00
         Pressure Logarithmic Interpolation
         1	1.000000e-02	5.820000e+36	   -7.60      12640.00
         2	1.000000e-01	5.660000e+36	   -7.60      12610.00
         3	3.160000e-01	4.550000e+36	   -7.57      12490.00
         4	1.000000e+00	6.360000e+35	   -7.32      11820.00
         5	3.160000e+00	3.350000e+36	   -7.47      12460.00
         6	1.000000e+01	1.210000e+36	   -7.20      13430.00
         7	3.160000e+01	7.430000e+20	   -2.57       5578.00
         8	1.000000e+02	6.360000e+33	   -6.28      16000.00


    125. O2 + C2H3  => H + CO + CH2O 
         k:       1.160000e+16	   -1.13       3791.00
         Pressure Logarithmic Interpolation
         1	1.000000e-02	1.060000e+16	   -1.28        515.30
         2	1.000000e-01	1.070000e+16	   -1.28        513.00
         3	3.160000e-01	1.130000e+16	   -1.29        520.60
         4	1.000000e+00	1.420000e+16	   -1.31        645.70
         5	3.160000e+00	2.200000e+16	   -1.36       1066.00
         6	1.000000e+01	5.980000e+15	   -1.18       1429.00
         7	3.160000e+01	2.390000e+69	  -19.23      14760.00
         8	1.000000e+02	9.810000e+10	    0.19        830.60


    126. O2 + C2H3  = CO + CH3O 
         k:       3.090000e+13	   -0.89       3682.00
         Pressure Logarithmic Interpolation
         1	1.000000e-02	8.190000e+18	   -2.66       3201.00
         2	1.000000e-01	4.060000e+14	   -1.32        885.80
         3	3.160000e-01	4.340000e+14	   -1.33        900.60
         4	1.000000e+00	1.030000e+11	   -0.33       -747.80
         5	3.160000e+00	1.890000e+12	   -3.00      -8995.00
         6	1.000000e+01	1.930000e+24	   -5.63          1.80
         7	3.160000e+01	1.100000e+18	   -2.22       5178.00
         8	1.000000e+02	5.790000e+32	   -6.45      16810.00


    127. O2 + C2H3  = CO + CH3O 
         k:       3.090000e+13	   -0.89       3682.00
         Pressure Logarithmic Interpolation
         1	1.000000e-02	1.290000e+09	    0.18      -1717.00
         2	1.000000e-01	5.990000e+11	   -2.93      -9564.00
         3	3.160000e-01	2.910000e+11	   -2.93     -10120.00
         4	1.000000e+00	5.770000e+21	   -3.54       4772.00
         5	3.160000e+00	4.990000e+15	   -1.62       1849.00
         6	1.000000e+01	9.330000e+16	   -1.96       3324.00
         7	3.160000e+01	1.020000e+72	  -20.69      15860.00
         8	1.000000e+02	1.100000e+09	    0.31       1024.00


    128. O2 + C2H3  = CO2 + CH3 
         k:       6.160000e+13	   -1.05       3743.00
         Pressure Logarithmic Interpolation
         1	1.000000e-02	2.370000e+35	   -7.76      12630.00
         2	1.000000e-01	1.730000e+35	   -7.72      12520.00
         3	3.160000e-01	4.470000e+34	   -7.55      12140.00
         4	1.000000e+00	7.250000e+31	   -6.70      10440.00
         5	3.160000e+00	3.630000e+35	   -7.75      12830.00
         6	1.000000e+01	2.090000e+35	   -7.53      14050.00
         7	3.160000e+01	3.840000e+18	   -2.44       5408.00
         8	1.000000e+02	1.210000e+32	   -6.32      16190.00


    129. O2 + C2H3  = CO2 + CH3 
         k:       6.160000e+13	   -1.05       3743.00
         Pressure Logarithmic Interpolation
         1	1.000000e-02	6.270000e+13	   -1.16        406.30
         2	1.000000e-01	6.240000e+13	   -1.16        401.40
         3	3.160000e-01	6.120000e+13	   -1.16        397.00
         4	1.000000e+00	5.320000e+13	   -1.14        446.70
         5	3.160000e+00	1.450000e+14	   -1.26        987.70
         6	1.000000e+01	5.020000e+13	   -1.11       1409.00
         7	3.160000e+01	1.400000e+70	  -20.11      15430.00
         8	1.000000e+02	9.210000e+08	    0.25        855.30


    130. CH2(S) + C2H4  = CH3 + C2H3 
         k:       1.770000e+19	   -1.94       6790.00
         Pressure Logarithmic Interpolation
         1	1.000000e-02	1.770000e+19	   -1.94       6790.00
         2	1.000000e-01	1.680000e+19	   -1.80       4310.00
         3	1.000000e+00	4.160000e+24	   -3.19       9760.00
         4	1.000000e+01	7.890000e+24	   -3.07      13900.00
         5	1.000000e+02	7.360000e+29	   -4.28      23800.00


    131. CH2(S) + C2H4  = CH3 + C2H3 
         k:       4.300000e+12	    0.19       -110.41
         Pressure Logarithmic Interpolation
         1	1.000000e-02	4.300000e+12	    0.19       -110.41
         2	1.000000e-01	2.260000e+11	    0.54         47.81
         3	1.000000e+00	4.920000e+09	    1.02        599.77
         4	1.000000e+01	1.470000e+08	    1.33       1228.40
         5	1.000000e+02	8.110000e+10	    0.55       5506.50


    132. CH2O + C2H3  = HCO + C2H4 
         k:       1.000000e+11	    0.00          0.00
         Pressure Logarithmic Interpolation
         1	1.000000e-03	1.110000e+07	    1.09       1807.20
         2	1.000000e-02	2.470000e+07	    0.99       1994.90
         3	1.000000e-01	2.470000e+08	    0.70       2596.20
         4	1.000000e+00	1.420000e+10	    0.21       3934.20
         5	1.000000e+01	3.450000e+13	   -0.73       6944.30
         6	1.000000e+02	3.310000e+14	   -0.87      10965.70
         7	1.000000e+03	1.650000e+01	    3.17       9399.80


    133. O + OH +M  = HO2 +M 
         k:       1.000000e+16	    0.00          0.00


    134. CH2 + HCO  = CO + CH3 
         k:       2.000000e+13	    0.00          0.00


    135. O + CH2  = H2 + CO 
         k:       5.000000e+13	    0.00          0.00


    136. OH + CH2  = H + CH2O 
         k:       3.000000e+13	    0.00          0.00


    137. CO2 + CH2  = CO + CH2O 
         k:       1.100000e+11	    0.00       1000.00


    138. O + CH2(S)  = 2H + CO 
         k:       3.000000e+13	    0.00          0.00


    139. CH4 + CH2(S)  = 2CH3 
         k:       4.300000e+13	    0.00          0.00


    140. 2CH3  => H2 + C2H4 
         k:       5.000000e+14	    0.00      32000.00


    141. CH3OH + H  => H2O + CH3 
         k:       6.500000e+11	    0.00       5300.00


    142. O + CH2O  => 2H + CO2 
         k:       2.000000e+13	    0.00       5000.00


    143. OH + CH2O  => H2 + H + CO2 
         k:       1.000000e+11	    0.00          0.00


    144. CH2O + HCO  = CO2 + CH3 
         k:       5.000000e+11	    0.00       8000.00


    145. CO + CH3O  = CO2 + CH3 
         k:       5.000000e+11	    0.00       6500.00


    146. O2 + C2H4  => 2CH2O 
         k:       1.000000e+14	    0.00      48000.00


    147. O2 + C2H4  => CH3O + HCO 
         k:       1.000000e+14	    0.00      43000.00


    148. O + CH3 +M  => CH3O +M 
         k:       5.000000e+16	    0.00          0.00


    149. HO2 + HCO  = H2O2 + CO 
         k:       4.000000e+11	    0.00          0.00


    150. OH + CH3O  => H2O + CH2O 
         k:       1.500000e+13	    0.00          0.00


    151. CH3O + HCO  = 2CH2O 
         k:       1.000000e+13	    0.00          0.00


    152. CH3O + HCO  => CH3OH + CO 
         k:       1.000000e+13	    0.00          0.00


    153. CH3 + CH2OH  => CH4 + CH2O 
         k:       1.500000e+13	    0.00          0.00


    154. O + C2H4  => OH + C2H3 
         k:       1.880000e+07	    2.00       8057.53


    155. HO2 + C2H4  => H2O2 + C2H3 
         k:       6.400000e+06	    2.00      24887.96


    156. CH2OH + C2H4  => CH3OH + C2H3 
         k:       2.264000e+05	    2.00      16955.72


    157. H2O2 + C2H3  => HO2 + C2H4 
         k:       5.424000e+04	    2.00        837.96


    158. CH3OH + C2H3  => CH2OH + C2H4 
         k:       2.034000e+05	    2.00       6355.72


