---------------------------------------------------------------------------------------
                                  CHEMICAL REACTIONS                                   

                          Units: [mol, cm3, s] and [cal/mol]                           
---------------------------------------------------------------------------------------


      1. H2 +M  = 2H +M 
         k:       4.577000e+19	   -1.40     104400.00
         kRev:    1.855752e+12	    0.00      -2931.92
         Third body efficiencies
         H2                  	enhanced by	   2.500
         H2O                 	enhanced by	  12.000
         CO                  	enhanced by	   1.900
         CO2                 	enhanced by	   3.800
         CH4                 	enhanced by	   2.000


      2. H2 + O  = H + OH 
         k:       5.080000e+04	    2.67       6292.00
         kRev:    2.855106e+13	    0.00       8558.11


      3. H2 + OH  = H + H2O 
         k:       4.380000e+13	    0.00       6990.00
         kRev:    2.032650e+14	    0.00      21781.21


      4. 2O +M  = O2 +M 
         k:       6.165000e+15	   -0.50          0.00
         kRev:    2.631620e+13	    0.00     116573.77
         Third body efficiencies
         H2                  	enhanced by	   2.500
         H2O                 	enhanced by	  12.000
         CO                  	enhanced by	   1.900
         CO2                 	enhanced by	   3.800
         CH4                 	enhanced by	   2.000


      5. H + O2  = O + OH 
         k:       1.140000e+14	    0.00      15286.00
         kRev:    7.101093e+12	    0.00       -960.43


      6. H + OH +M  = H2O +M 
         k:       3.500000e+22	   -2.00          0.00
         kRev:    4.832605e+14	    0.00     114503.39
         Third body efficiencies
         H2                  	enhanced by	   0.730
         H2O                 	enhanced by	   3.650
         CH4                 	enhanced by	   2.000


      7. O + H2O  = 2OH 
         k:       6.700000e+07	    1.70      14986.80
         kRev:    4.141053e+12	    0.00       1098.61


      8. H + O +M  = OH +M 
         k:       4.714000e+18	   -1.00          0.00
         kRev:    2.338905e+13	    0.00      99621.81
         Third body efficiencies
         H2                  	enhanced by	   2.500
         H2O                 	enhanced by	  12.000
         CO                  	enhanced by	   1.500
         CO2                 	enhanced by	   2.000
         CH4                 	enhanced by	   2.000


      9. H2O2 (+M)  = 2OH (+M) 
         Fall-off (Troe)
         k0:      2.490000e+24	   -2.30      48749.00
         kInf:    2.000000e+12	    0.90      48749.00
         Troe Parameters
         a    4.30e-01
         T*** 1.00e-30
         T*   1.00e+30
         T**  0.00e+00
         Third body efficiencies
         H2O                 	enhanced by	   7.650
         CO2                 	enhanced by	   1.600
         N2                  	enhanced by	   1.500
         O2                  	enhanced by	   1.200
         H2O2                	enhanced by	   7.700
         H2                  	enhanced by	   3.700
         CO                  	enhanced by	   2.800


     10. H + H2O2  = H2O + OH 
         k:       2.410000e+13	    0.00       3970.00
         kRev:    3.833444e+12	    0.00      73252.51


     11. H + H2O2  = H2 + HO2 
         k:       2.150000e+10	    1.00       6000.00
         kRev:    2.215317e+13	    0.00      24482.65


     12. O + H2O2  = OH + HO2 
         k:       9.550000e+06	    2.00       3970.00
         kRev:    1.125613e+13	    0.00      22362.28


     13. OH + H2O2  = H2O + HO2 
         k:       1.740000e+12	    0.00        318.00
         kRev:    3.251839e+12	    0.00      32180.80


     14. OH + H2O2  = H2O + HO2 
         k:       7.590000e+13	    0.00       7269.00
         kRev:    1.418475e+14	    0.00      39131.80


     15. H + HO2  = 2OH 
         k:       7.079000e+13	    0.00        295.00
         kRev:    6.025099e+12	    0.00      37714.71


     16. H + HO2  = H2 + O2 
         k:       1.140200e+10	    1.08        553.78
         kRev:    1.710179e+14	    0.00      57249.53


     17. O + HO2  = O2 + OH 
         k:       3.250000e+13	    0.00          0.00
         kRev:    4.440739e+13	    0.00      53666.14


     18. OH + HO2  = O2 + H2O 
         k:       7.000000e+12	    0.00      -1092.96
         kRev:    9.928337e+13	    0.00      68865.82


     19. OH + HO2  = O2 + H2O 
         k:       4.500000e+14	    0.00      10929.60
         kRev:    6.382502e+15	    0.00      80888.38


     20. 2HO2  = O2 + H2O2 
         k:       1.000000e+14	    0.00      11040.88
         kRev:    7.589247e+14	    0.00      49136.86


     21. 2HO2  = O2 + H2O2 
         k:       1.900000e+11	    0.00      -1408.92
         kRev:    1.441957e+12	    0.00      36687.06


     22. H + O2 (+M)  = HO2 (+M) 
         Fall-off (Troe)
         k0:      1.740000e+19	   -1.23          0.00
         kInf:    4.650000e+12	    0.44          0.00
         Troe Parameters
         a    6.70e-01
         T*** 1.00e-30
         T*   1.00e+30
         T**  1.00e+30
         Third body efficiencies
         H2                  	enhanced by	   1.300
         CO                  	enhanced by	   1.900
         CO2                 	enhanced by	   3.800
         H2O                 	enhanced by	  10.000
         CH4                 	enhanced by	   2.000


     23. O + CO (+M)  = CO2 (+M) 
         Fall-off (Lindemann)
         k0:      1.170000e+24	   -2.79       4191.00
         kInf:    1.362000e+10	    0.00       2384.00
         Third body efficiencies
         H2                  	enhanced by	   2.000
         H2O                 	enhanced by	  12.000
         CO                  	enhanced by	   1.750
         CO2                 	enhanced by	   3.600


     24. OH + CO  = H + CO2 
         k:       7.015000e+04	    2.05       -355.70
         kRev:    1.613925e+14	    0.00      26330.80


     25. OH + CO  = H + CO2 
         k:       5.757000e+12	   -0.66        331.80
         kRev:    7.286168e+12	    0.00      23184.44


     26. HO2 + CO  = OH + CO2 
         k:       1.570000e+05	    2.18      17940.00
         kRev:    8.328456e+13	    0.00      82225.41


     27. O2 + CO  = O + CO2 
         k:       1.119000e+12	    0.00      47700.00
         kRev:    1.616105e+13	    0.00      55243.15


     28. H + CH3 (+M)  = CH4 (+M) 
         Fall-off (Troe)
         k0:      2.480000e+33	   -4.76       2440.00
         kInf:    1.270000e+16	   -0.63        383.00
         Troe Parameters
         a    7.83e-01
         T*** 7.40e+01
         T*   2.94e+03
         T**  6.96e+03
         Third body efficiencies
         H2                  	enhanced by	   2.000
         H2O                 	enhanced by	   6.000
         CO                  	enhanced by	   1.500
         CO2                 	enhanced by	   2.000
         CH4                 	enhanced by	   2.000


     29. H + CH4  = H2 + CH3 
         k:       6.140000e+05	    2.50       9587.00
         kRev:    7.696521e+12	    0.00      12100.59


     30. O + CH4  = OH + CH3 
         k:       1.020000e+09	    1.50       8600.00
         kRev:    2.234097e+12	    0.00       8201.10


     31. OH + CH4  = H2O + CH3 
         k:       5.830000e+04	    2.60       2190.00
         kRev:    7.433337e+12	    0.00      19635.91


     32. HO2 + CH4  = H2O2 + CH3 
         k:       1.130000e+01	    3.74      21010.00
         kRev:    5.917537e+12	    0.00       8201.72


     33. HO2 + CH3  = O2 + CH4 
         k:       1.160000e+05	    2.23      -3022.00
         kRev:    3.727273e+14	    0.00      56306.31


     34. CH4 + CH2  = 2CH3 
         k:       2.460000e+06	    2.00       8270.00
         kRev:    4.166643e+12	    0.00      16335.33


     35. CH2(S) + N2  = CH2 + N2 
         k:       1.500000e+13	    0.00        600.00
         kRev:    6.940132e+12	    0.00       9485.30


     36. H2O + CH2(S)  = H2O + CH2 
         k:       3.000000e+13	    0.00          0.00
         kRev:    1.388026e+13	    0.00       8885.30


     37. CO + CH2(S)  = CO + CH2 
         k:       9.000000e+12	    0.00          0.00
         kRev:    4.164079e+12	    0.00       8885.30


     38. CO2 + CH2(S)  = CO2 + CH2 
         k:       7.000000e+12	    0.00          0.00
         kRev:    3.238728e+12	    0.00       8885.30


     39. O2 + CH2(S)  => H + OH + CO 
         k:       2.800000e+13	    0.00          0.00
         kRev:    6.399899e+12	    0.00      68228.43


     40. O2 + CH2(S)  = H2O + CO 
         k:       1.200000e+13	    0.00          0.00
         kRev:    4.512081e+13	    0.00     186965.01


     41. O + CH2(S)  = H2 + CO 
         k:       1.500000e+13	    0.00          0.00
         kRev:    1.951093e+14	    0.00     188420.23


     42. O + CH2(S)  = H + HCO 
         k:       1.500000e+13	    0.00          0.00
         kRev:    4.104729e+13	    0.00      99683.92


     43. H2 + CH2(S)  = H + CH3 
         k:       7.000000e+13	    0.00          0.00
         kRev:    2.213618e+14	    0.00      15142.56


     44. OH + CH2(S)  = H + CH2O 
         k:       3.000000e+13	    0.00          0.00
         kRev:    3.107457e+15	    0.00      85287.28


     45. CO2 + CH2(S)  = CO + CH2O 
         k:       1.400000e+13	    0.00          0.00
         kRev:    6.254504e+12	    0.00      61497.69


     46. H + CH2 (+M)  = CH3 (+M) 
         Fall-off (Troe)
         k0:      3.200000e+27	   -3.14       1230.00
         kInf:    2.500000e+16	   -0.80          0.00
         Troe Parameters
         a    6.80e-01
         T*** 7.80e+01
         T*   2.00e+03
         T**  5.59e+03
         Third body efficiencies
         H2                  	enhanced by	   2.000
         H2O                 	enhanced by	   6.000
         CO                  	enhanced by	   1.500
         CO2                 	enhanced by	   2.000
         CH4                 	enhanced by	   2.000


     47. O2 + CH2  = OH + HCO 
         k:       1.060000e+13	    0.00       1500.00
         kRev:    3.905198e+12	    0.00      76052.19


     48. O2 + CH2  => 2H + CO2 
         k:       2.640000e+12	    0.00       1500.00
         kRev:    3.023860e+14	    0.00      84632.72


     49. O + CH2  => 2H + CO 
         k:       5.000000e+13	    0.00          0.00
         kRev:    3.965412e+14	    0.00      75589.56


     50. O2 + CH3  = O + CH3O 
         k:       7.546000e+12	    0.00      28320.00
         kRev:    6.740176e+12	    0.00      -1674.43


     51. O2 + CH3  = OH + CH2O 
         k:       2.641000e+00	    3.28       8105.00
         kRev:    3.718214e+11	    0.00      65134.38


     52. O + CH3  = H + CH2O 
         k:       5.540000e+13	    0.05       -136.00
         kRev:    1.201078e+15	    0.00      68577.84


     53. OH + CH3  = H2O + CH2(S) 
         k:       4.936000e+14	   -0.67       -445.80
         kRev:    5.200306e+12	    0.00       -721.34
         Pressure Logarithmic Interpolation
         1	1.000000e-02	4.936000e+14	   -0.67       -445.80
         2	1.000000e-01	1.207000e+15	   -0.78       -175.60
         3	1.000000e+00	5.282000e+17	   -1.52       1772.00
         4	1.000000e+01	4.788000e+23	   -3.15       7003.00
         5	1.000000e+02	8.433000e+19	   -1.96       8244.00


     54. OH + CH3  = H2 + CH2O 
         k:       3.502000e+05	    1.44      -3244.00
         kRev:    1.118802e+12	    0.00      69507.68
         Pressure Logarithmic Interpolation
         1	1.000000e-02	3.502000e+05	    1.44      -3244.00
         2	1.000000e-01	8.854000e+05	    1.33      -2975.00
         3	1.000000e+00	1.650000e+07	    0.97      -2010.00
         4	1.000000e+01	5.374000e+09	    0.29        280.00
         5	1.000000e+02	9.494000e+18	   -2.20       9769.00


     55. OH + CH3  = H + CH2OH 
         k:       1.621000e+10	    0.96       3210.00
         kRev:    1.484056e+14	    0.00        219.13
         Pressure Logarithmic Interpolation
         1	1.000000e-02	1.621000e+10	    0.96       3214.00
         2	1.000000e-01	1.807000e+10	    0.95       3247.00
         3	1.000000e+00	4.686000e+10	    0.83       3566.00
         4	1.000000e+01	1.525000e+13	    0.13       5641.00
         5	1.000000e+02	3.590000e+14	   -0.19       8601.00


     56. OH + CH3  = H + CH3O 
         k:       1.186000e+09	    1.02      11940.00
         kRev:    4.919641e+13	    0.00       -371.42
         Pressure Logarithmic Interpolation
         1	1.000000e-02	1.186000e+09	    1.02      11940.00
         2	1.000000e-01	1.188000e+09	    1.02      11940.00
         3	1.000000e+00	1.230000e+09	    1.01      11950.00
         4	1.000000e+01	1.798000e+09	    0.96      12060.00
         5	1.000000e+02	5.242000e+10	    0.55      13070.00


     57. OH + CH3  = H2O + CH2 
         k:       4.293000e+04	    2.57       3997.80
         kRev:    1.645816e+13	    0.00      16155.36


     58. HO2 + CH3  = OH + CH3O 
         k:       1.000000e+12	    0.27       -687.50
         kRev:    1.007581e+13	    0.00      23363.78


     59. CH3OH (+M)  = OH + CH3 (+M) 
         Fall-off (Troe)
         k0:      1.500000e+43	   -7.00      97992.20
         kInf:    2.084000e+18	   -0.61      92540.60
         Troe Parameters
         a    -4.75e-01
         T*** 3.56e+04
         T*   1.12e+03
         T**  9.02e+03


     60. CH3OH (+M)  = H2O + CH2(S) (+M) 
         Fall-off (Troe)
         k0:      1.430000e+47	   -8.23      99417.10
         kInf:    3.121000e+18	   -1.02      91712.00
         Troe Parameters
         a    2.54e+00
         T*** 3.29e+03
         T*   4.73e+04
         T**  4.71e+04


     61. CH3OH (+M)  = H + CH2OH (+M) 
         Fall-off (Troe)
         k0:      3.390000e+42	   -7.24     105230.30
         kInf:    7.896000e-03	    5.04      84467.40
         Troe Parameters
         a    -7.39e+01
         T*** 3.70e+04
         T*   4.15e+04
         T**  5.22e+03


     62. CH3OH + H  = H2 + CH3O 
         k:       1.990000e+05	    2.56      10300.00
         kRev:    1.504933e+13	    0.00      12390.38


     63. CH3OH + H  = H2 + CH2OH 
         k:       3.070000e+05	    2.55       5440.00
         kRev:    6.870165e+12	    0.00      16741.98


     64. CH3OH + O  = OH + CH3O 
         k:       3.880000e+04	    2.50       3080.00
         kRev:    8.192140e+11	    0.00       3584.29


     65. CH3OH + O  = OH + CH2OH 
         k:       3.880000e+05	    2.50       3080.00
         kRev:    2.622058e+12	    0.00      12810.00


     66. CH3OH + OH  = H2O + CH3O 
         k:       1.500000e+02	    3.03       -763.00
         kRev:    2.104296e+12	    0.00      16781.79


     67. CH3OH + OH  = H2O + CH2OH 
         k:       3.080000e+04	    2.65       -806.70
         kRev:    7.010818e+12	    0.00      25427.60


     68. CH3OH + O2  = HO2 + CH3O 
         k:       3.580000e+04	    2.27      42764.50
         kRev:    9.099872e+10	    0.00     -10721.90


     69. CH3OH + O2  = HO2 + CH2OH 
         k:       3.580000e+05	    2.27      42764.50
         kRev:    2.912596e+11	    0.00      -1496.19


     70. CH3OH + HO2  = H2O2 + CH3O 
         k:       1.220000e+12	    0.00      20070.70
         kRev:    4.320527e+11	    0.00       1477.17


     71. CH3OH + HO2  = H2O2 + CH2OH 
         k:       3.260000e+13	    0.00      18782.20
         kRev:    3.695212e+12	    0.00       9414.38


     72. CH3OH + CH3  = CH4 + CH2OH 
         k:       2.130000e-01	    3.95       7055.10
         kRev:    7.612557e+12	    0.00      21350.87


     73. CH3OH + CH3  = CH4 + CH3O 
         k:       3.220000e+03	    2.42       8579.50
         kRev:    2.230121e+12	    0.00      11493.45


     74. CH3OH + HCO  = CH2OH + CH2O 
         k:       1.800000e+03	    2.90      13110.00
         kRev:    1.062616e+13	    0.00       9007.78


     75. CH3OH + CH3O  = CH3OH + CH2OH 
         k:       3.000000e+11	    0.00       4074.00
         kRev:    9.602098e+10	    0.00      13299.71


     76. O2 + CH2OH  = HO2 + CH2O 
         k:       1.510000e+15	   -1.00          0.00
         kRev:    1.378101e+12	    0.00      18088.37


     77. O2 + CH2OH  = HO2 + CH2O 
         k:       2.410000e+14	    0.00       5017.00
         kRev:    5.627655e+14	    0.00      24516.44


     78. H + CH2OH  = H2 + CH2O 
         k:       6.000000e+12	    0.00          0.00
         kRev:    4.282049e+13	    0.00      74667.01


     79. HO2 + CH2OH  = H2O2 + CH2O 
         k:       1.200000e+13	    0.00          0.00
         kRev:    2.126622e+14	    0.00      57595.42


     80. CH2OH + HCO  = 2CH2O 
         k:       1.800000e+14	    0.00          0.00
         kRev:    2.173930e+16	    0.00      58768.94


     81. CH2OH + HCO  = CH3OH + CO 
         k:       1.000000e+13	    0.00          0.00
         kRev:    1.041311e+15	    0.00      81032.54


     82. CH3O + CH2OH  = CH3OH + CH2O 
         k:       2.400000e+13	    0.00          0.00
         kRev:    1.201001e+15	    0.00      76188.95


     83. OH + CH2OH  = H2O + CH2O 
         k:       2.400000e+13	    0.00          0.00
         kRev:    7.948774e+14	    0.00      89458.22


     84. O + CH2OH  = OH + CH2O 
         k:       4.200000e+13	    0.00          0.00
         kRev:    1.340083e+14	    0.00      73165.58


     85. 2CH2OH  = CH3OH + CH2O 
         k:       3.000000e+12	    0.00          0.00
         kRev:    4.690387e+14	    0.00      66963.24


     86. O2 + CH3O  = HO2 + CH2O 
         k:       4.380000e-19	    9.50      -5501.00
         kRev:    7.781949e+13	    0.00      36629.25


     87. H + CH3O  = H2 + CH2O 
         k:       2.000000e+13	    0.00          0.00
         kRev:    4.568517e+13	    0.00      83892.72


     88. HO2 + CH3O  = H2O2 + CH2O 
         k:       3.010000e+11	    0.00          0.00
         kRev:    1.707342e+12	    0.00      66821.13


     89. CH3 + CH3O  = CH4 + CH2O 
         k:       1.200000e+13	    0.00          0.00
         kRev:    7.241289e+14	    0.00      84906.78


     90. 2CH3O  = CH3OH + CH2O 
         k:       6.030000e+13	    0.00          0.00
         kRev:    9.658161e+14	    0.00      85414.66


     91. H + HCO (+M)  = CH2O (+M) 
         Fall-off (Troe)
         k0:      1.350000e+24	   -2.57       1425.00
         kInf:    1.090000e+12	    0.48       -260.00
         Troe Parameters
         a    7.82e-01
         T*** 2.71e+02
         T*   2.76e+03
         T**  6.57e+03
         Third body efficiencies
         H2                  	enhanced by	   2.000
         H2O                 	enhanced by	   6.000
         CO                  	enhanced by	   1.500
         CO2                 	enhanced by	   2.000
         CH4                 	enhanced by	   2.000


     92. H2 + CO (+M)  = CH2O (+M) 
         Fall-off (Troe)
         k0:      5.070000e+27	   -3.42      84348.00
         kInf:    4.300000e+07	    1.50      79600.00
         Troe Parameters
         a    9.32e-01
         T*** 1.97e+02
         T*   1.54e+03
         T**  1.03e+04
         Third body efficiencies
         H2                  	enhanced by	   2.000
         H2O                 	enhanced by	   6.000
         CO                  	enhanced by	   1.500
         CO2                 	enhanced by	   2.000
         CH4                 	enhanced by	   2.000


     93. O2 + CH2O  = HO2 + HCO 
         k:       8.070000e+15	    0.00      53420.00
         kRev:    1.560310e+14	    0.00      14150.50


     94. O + CH2O  = OH + HCO 
         k:       6.260000e+09	    1.15       2260.00
         kRev:    1.373064e+12	    0.00      18279.36


     95. H + CH2O  = H2 + HCO 
         k:       5.740000e+07	    1.90       2740.00
         kRev:    1.013097e+13	    0.00      21319.09


     96. OH + CH2O  = H2O + HCO 
         k:       7.820000e+07	    1.63      -1055.00
         kRev:    7.697909e+12	    0.00      31934.32


     97. HO2 + CH2O  = H2O2 + HCO 
         k:       1.880000e+04	    2.70      11520.00
         kRev:    4.388446e+12	    0.00      14156.35


     98. CH3 + CH2O  = CH4 + HCO 
         k:       3.830000e+01	    3.36       4312.00
         kRev:    1.688560e+13	    0.00      25965.31


     99. CH3O + CH2O  = CH3OH + HCO 
         k:       6.620000e+11	    0.00       2294.00
         kRev:    2.742946e+11	    0.00      19714.01


    100. HCO +M  = H + CO +M 
         k:       5.700000e+11	    0.66      14870.00
         kRev:    8.960120e+11	    0.00       -818.82
         Third body efficiencies
         H2                  	enhanced by	   2.000
         H2O                 	enhanced by	   6.000
         CO                  	enhanced by	   1.500
         CO2                 	enhanced by	   2.000
         CH4                 	enhanced by	   2.000


    101. O2 + HCO  = HO2 + CO 
         k:       7.580000e+12	    0.00        410.00
         kRev:    1.178888e+13	    0.00      33978.74


    102. O + HCO  = OH + CO 
         k:       3.020000e+13	    0.00          0.00
         kRev:    6.417744e+13	    0.00      87234.88


    103. H + HCO  = H2 + CO 
         k:       7.340000e+13	    0.00          0.00
         kRev:    3.488908e+14	    0.00      88736.31


    104. OH + HCO  = H2O + CO 
         k:       3.011000e+13	    0.00          0.00
         kRev:    6.641906e+14	    0.00     103527.52


    105. CH3 + HCO  = CO + CH4 
         k:       2.650000e+13	    0.00          0.00
         kRev:    3.327582e+15	    0.00      89750.37


    106. 2HCO  = CO + CH2O 
         k:       1.800000e+13	    0.00          0.00
         kRev:    1.447900e+15	    0.00      72838.24


    107. O + HCO  = H + CO2 
         k:       3.000000e+13	    0.00          0.00
         kRev:    1.478141e+16	    0.00     111024.46


    108. HO2 + HCO  => H + OH + CO2 
         k:       3.000000e+13	    0.00          0.00
         kRev:    7.938420e+14	    0.00      46000.24


    109. 2HCO  => H2 + 2CO 
         k:       3.000000e+12	    0.00          0.00
         kRev:    1.912124e+13	    0.00      73527.25


    110. H + CH2O (+M)  = CH2OH (+M) 
         Fall-off (Troe)
         k0:      1.270000e+32	   -4.82       6530.00
         kInf:    5.400000e+11	    0.45       3600.00
         Troe Parameters
         a    7.19e-01
         T*** 1.03e+02
         T*   1.29e+03
         T**  4.16e+03
         Third body efficiencies
         H2                  	enhanced by	   2.000
         H2O                 	enhanced by	   6.000
         CO                  	enhanced by	   1.500
         CO2                 	enhanced by	   2.000
         CH4                 	enhanced by	   2.000


    111. CH3O (+M)  = H + CH2O (+M) 
         Fall-off (Troe)
         k0:      1.870000e+25	   -3.00      24307.00
         kInf:    6.800000e+13	    0.00      26170.00
         Troe Parameters
         a    9.00e-01
         T*** 2.50e+03
         T*   1.30e+03
         T**  1.00e+99
         Third body efficiencies
         H2                  	enhanced by	   2.000
         H2O                 	enhanced by	   6.000
         CO                  	enhanced by	   1.500
         CO2                 	enhanced by	   2.000
         CH4                 	enhanced by	   2.000


    112. H + C2H3 (+M)  = C2H4 (+M) 
         Fall-off (Troe)
         k0:      1.400000e+30	   -3.86       3320.00
         kInf:    6.080000e+12	    0.27        280.00
         Troe Parameters
         a    7.82e-01
         T*** 2.08e+02
         T*   2.66e+03
         T**  6.10e+03
         Third body efficiencies
         H2                  	enhanced by	   2.000
         H2O                 	enhanced by	   6.000
         CO                  	enhanced by	   1.500
         CO2                 	enhanced by	   2.000
         CH4                 	enhanced by	   2.000


    113. O2 + C2H4  = HO2 + C2H3 
         k:       4.220000e+13	    0.00      57623.10
         kRev:    3.430167e+11	    0.00      -3757.44


    114. H + C2H4  = H2 + C2H3 
         k:       5.070000e+07	    1.93      12950.00
         kRev:    4.760501e+12	    0.00       9460.38


    115. OH + C2H4  = H2O + C2H3 
         k:       2.230000e+04	    2.75       2215.50
         kRev:    5.821879e+12	    0.00      14667.11


    116. CH3O + C2H4  = CH3OH + C2H3 
         k:       1.200000e+11	    0.00       6750.00
         kRev:    2.090287e+10	    0.00       2058.97


    117. CH3 + C2H4  = CH4 + C2H3 
         k:       9.760000e+02	    2.95      15148.00
         kRev:    7.078256e+12	    0.00      14107.50


    118. CH3 + C2H4  = CH4 + C2H3 
         k:       8.130000e-05	    4.42       8835.80
         kRev:    6.030261e+10	    0.00       9869.56


    119. O + C2H4  = CH3 + HCO 
         k:       7.453000e+06	    1.88        183.00
         kRev:    2.260135e+11	    0.00      30043.90


    120. CH3 + CH2(S)  = H + C2H4 
         k:       2.000000e+13	    0.00          0.00
         kRev:    4.607566e+15	    0.00      72475.82


    121. OH + C2H4  = CH3 + CH2O 
         k:       5.350000e+00	    2.92      -1732.70
         kRev:    4.253170e+10	    0.00      17242.55
         Pressure Logarithmic Interpolation
         1	1.000000e-02	5.350000e+00	    2.92      -1732.70
         2	2.500000e-02	3.190000e+01	    2.71      -1172.30
         3	1.000000e-01	5.550000e+02	    2.36       -180.80
         4	1.000000e+00	1.780000e+05	    1.68       2060.50
         5	1.000000e+01	2.370000e+09	    0.56       6006.70
         6	1.000000e+02	2.760000e+13	   -0.50      11455.10


    122. O2 + C2H3  = CH2O + HCO 
         k:       1.160000e+16	   -1.13       3791.00
         kRev:    3.011728e+10	    0.00      88810.38
         Pressure Logarithmic Interpolation
         1	1.000000e-02	2.490000e+36	   -7.60      12640.00
         2	1.000000e-01	2.430000e+36	   -7.60      12610.00
         3	3.160000e-01	1.950000e+36	   -7.57      12490.00
         4	1.000000e+00	2.730000e+35	   -7.32      11820.00
         5	3.160000e+00	1.430000e+36	   -7.47      12460.00
         6	1.000000e+01	5.180000e+35	   -7.20      13430.00
         7	3.160000e+01	3.190000e+20	   -2.57       5578.00
         8	1.000000e+02	2.730000e+33	   -6.28      16000.00


    123. O2 + C2H3  = CH2O + HCO 
         k:       1.160000e+16	   -1.13       3791.00
         kRev:    2.035514e+11	    0.00      86116.57
         Pressure Logarithmic Interpolation
         1	1.000000e-02	4.540000e+15	   -1.28        515.30
         2	1.000000e-01	4.590000e+15	   -1.28        513.00
         3	3.160000e-01	4.810000e+15	   -1.29        520.60
         4	1.000000e+00	6.080000e+15	   -1.31        645.70
         5	3.160000e+00	9.450000e+15	   -1.36       1066.00
         6	1.000000e+01	2.560000e+15	   -1.18       1429.00
         7	3.160000e+01	1.030000e+69	  -19.23      14760.00
         8	1.000000e+02	4.210000e+10	    0.19        830.60


    124. O2 + C2H3  => H + CO + CH2O 
         k:       1.160000e+16	   -1.13       3791.00
         kRev:    9.408313e+10	    0.00      73601.32
         Pressure Logarithmic Interpolation
         1	1.000000e-02	5.820000e+36	   -7.60      12640.00
         2	1.000000e-01	5.660000e+36	   -7.60      12610.00
         3	3.160000e-01	4.550000e+36	   -7.57      12490.00
         4	1.000000e+00	6.360000e+35	   -7.32      11820.00
         5	3.160000e+00	3.350000e+36	   -7.47      12460.00
         6	1.000000e+01	1.210000e+36	   -7.20      13430.00
         7	3.160000e+01	7.430000e+20	   -2.57       5578.00
         8	1.000000e+02	6.360000e+33	   -6.28      16000.00


    125. O2 + C2H3  => H + CO + CH2O 
         k:       1.160000e+16	   -1.13       3791.00
         kRev:    6.374708e+11	    0.00      70907.51
         Pressure Logarithmic Interpolation
         1	1.000000e-02	1.060000e+16	   -1.28        515.30
         2	1.000000e-01	1.070000e+16	   -1.28        513.00
         3	3.160000e-01	1.130000e+16	   -1.29        520.60
         4	1.000000e+00	1.420000e+16	   -1.31        645.70
         5	3.160000e+00	2.200000e+16	   -1.36       1066.00
         6	1.000000e+01	5.980000e+15	   -1.18       1429.00
         7	3.160000e+01	2.390000e+69	  -19.23      14760.00
         8	1.000000e+02	9.810000e+10	    0.19        830.60


    126. O2 + C2H3  = CO + CH3O 
         k:       3.090000e+13	   -0.89       3682.00
         kRev:    1.569285e+10	    0.00      90949.50
         Pressure Logarithmic Interpolation
         1	1.000000e-02	8.190000e+18	   -2.66       3201.00
         2	1.000000e-01	4.060000e+14	   -1.32        885.80
         3	3.160000e-01	4.340000e+14	   -1.33        900.60
         4	1.000000e+00	1.030000e+11	   -0.33       -747.80
         5	3.160000e+00	1.890000e+12	   -3.00      -8995.00
         6	1.000000e+01	1.930000e+24	   -5.63          1.80
         7	3.160000e+01	1.100000e+18	   -2.22       5178.00
         8	1.000000e+02	5.790000e+32	   -6.45      16810.00


    127. O2 + C2H3  = CO + CH3O 
         k:       3.090000e+13	   -0.89       3682.00
         kRev:    1.010045e+10	    0.00      91939.79
         Pressure Logarithmic Interpolation
         1	1.000000e-02	1.290000e+09	    0.18      -1717.00
         2	1.000000e-01	5.990000e+11	   -2.93      -9564.00
         3	3.160000e-01	2.910000e+11	   -2.93     -10120.00
         4	1.000000e+00	5.770000e+21	   -3.54       4772.00
         5	3.160000e+00	4.990000e+15	   -1.62       1849.00
         6	1.000000e+01	9.330000e+16	   -1.96       3324.00
         7	3.160000e+01	1.020000e+72	  -20.69      15860.00
         8	1.000000e+02	1.100000e+09	    0.31       1024.00


    128. O2 + C2H3  = CO2 + CH3 
         k:       6.160000e+13	   -1.05       3743.00
         kRev:    3.490504e+10	    0.00     130686.41
         Pressure Logarithmic Interpolation
         1	1.000000e-02	2.370000e+35	   -7.76      12630.00
         2	1.000000e-01	1.730000e+35	   -7.72      12520.00
         3	3.160000e-01	4.470000e+34	   -7.55      12140.00
         4	1.000000e+00	7.250000e+31	   -6.70      10440.00
         5	3.160000e+00	3.630000e+35	   -7.75      12830.00
         6	1.000000e+01	2.090000e+35	   -7.53      14050.00
         7	3.160000e+01	3.840000e+18	   -2.44       5408.00
         8	1.000000e+02	1.210000e+32	   -6.32      16190.00


    129. O2 + C2H3  = CO2 + CH3 
         k:       6.160000e+13	   -1.05       3743.00
         kRev:    2.274973e+11	    0.00     128538.62
         Pressure Logarithmic Interpolation
         1	1.000000e-02	6.270000e+13	   -1.16        406.30
         2	1.000000e-01	6.240000e+13	   -1.16        401.40
         3	3.160000e-01	6.120000e+13	   -1.16        397.00
         4	1.000000e+00	5.320000e+13	   -1.14        446.70
         5	3.160000e+00	1.450000e+14	   -1.26        987.70
         6	1.000000e+01	5.020000e+13	   -1.11       1409.00
         7	3.160000e+01	1.400000e+70	  -20.11      15430.00
         8	1.000000e+02	9.210000e+08	    0.25        855.30


    130. CH2(S) + C2H4  = CH3 + C2H3 
         k:       1.770000e+19	   -1.94       6790.00
         kRev:    4.392896e+12	    0.00      14188.30
         Pressure Logarithmic Interpolation
         1	1.000000e-02	1.770000e+19	   -1.94       6790.00
         2	1.000000e-01	1.680000e+19	   -1.80       4310.00
         3	1.000000e+00	4.160000e+24	   -3.19       9760.00
         4	1.000000e+01	7.890000e+24	   -3.07      13900.00
         5	1.000000e+02	7.360000e+29	   -4.28      23800.00


    131. CH2(S) + C2H4  = CH3 + C2H3 
         k:       4.300000e+12	    0.19       -110.41
         kRev:    1.156988e+12	    0.00      10968.64
         Pressure Logarithmic Interpolation
         1	1.000000e-02	4.300000e+12	    0.19       -110.41
         2	1.000000e-01	2.260000e+11	    0.54         47.81
         3	1.000000e+00	4.920000e+09	    1.02        599.77
         4	1.000000e+01	1.470000e+08	    1.33       1228.40
         5	1.000000e+02	8.110000e+10	    0.55       5506.50


    132. CH2O + C2H3  = HCO + C2H4 
         k:       1.000000e+11	    0.00          0.00
         kRev:    1.741391e+11	    0.00      26340.15
         Pressure Logarithmic Interpolation
         1	1.000000e-03	1.110000e+07	    1.09       1807.20
         2	1.000000e-02	2.470000e+07	    0.99       1994.90
         3	1.000000e-01	2.470000e+08	    0.70       2596.20
         4	1.000000e+00	1.420000e+10	    0.21       3934.20
         5	1.000000e+01	3.450000e+13	   -0.73       6944.30
         6	1.000000e+02	3.310000e+14	   -0.87      10965.70
         7	1.000000e+03	1.650000e+01	    3.17       9399.80


    133. O + OH +M  = HO2 +M 
         k:       1.000000e+16	    0.00          0.00
         kRev:    8.868658e+14	    0.00      63613.16


    134. CH2 + HCO  = CO + CH3 
         k:       2.000000e+13	    0.00          0.00
         kRev:    6.497579e+14	    0.00      94993.57


    135. O + CH2  = H2 + CO 
         k:       5.000000e+13	    0.00          0.00
         kRev:    1.405660e+15	    0.00     179534.93


    136. OH + CH2  = H + CH2O 
         k:       3.000000e+13	    0.00          0.00
         kRev:    6.716279e+15	    0.00      76401.98


    137. CO2 + CH2  = CO + CH2O 
         k:       1.100000e+11	    0.00       1000.00
         kRev:    1.062138e+11	    0.00      53612.40


    138. O + CH2(S)  = 2H + CO 
         k:       3.000000e+13	    0.00          0.00
         kRev:    1.100819e+14	    0.00      84474.86


    139. CH4 + CH2(S)  = 2CH3 
         k:       4.300000e+13	    0.00          0.00
         kRev:    5.147350e+12	    0.00      14128.50


    140. 2CH3  => H2 + C2H4 
         k:       5.000000e+14	    0.00      32000.00
         kRev:    3.642562e+16	    0.00      89333.26


    141. CH3OH + H  => H2O + CH3 
         k:       6.500000e+11	    0.00       5300.00
         kRev:    3.000102e+10	    0.00      32317.27


    142. O + CH2O  => 2H + CO2 
         k:       2.000000e+13	    0.00       5000.00
         kRev:    1.642706e+14	    0.00      27977.17


    143. OH + CH2O  => H2 + H + CO2 
         k:       1.000000e+11	    0.00          0.00
         kRev:    1.837164e+12	    0.00      24478.60


    144. CH2O + HCO  = CO2 + CH3 
         k:       5.000000e+11	    0.00       8000.00
         kRev:    1.682299e+13	    0.00      50381.18


    145. CO + CH3O  = CO2 + CH3 
         k:       5.000000e+11	    0.00       6500.00
         kRev:    8.084534e+12	    0.00      44037.59


    146. O2 + C2H4  => 2CH2O 
         k:       1.000000e+14	    0.00      48000.00
         kRev:    4.101323e+13	    0.00     113208.32


    147. O2 + C2H4  => CH3O + HCO 
         k:       1.000000e+14	    0.00      43000.00
         kRev:    1.060977e+12	    0.00      40213.67


    148. O + CH3 +M  => CH3O +M 
         k:       5.000000e+16	    0.00          0.00
         kRev:    5.411956e+12	    0.00      87284.87


    149. HO2 + HCO  = H2O2 + CO 
         k:       4.000000e+11	    0.00          0.00
         kRev:    4.721307e+12	    0.00      71664.72


    150. OH + CH3O  => H2O + CH2O 
         k:       1.500000e+13	    0.00          0.00
         kRev:    1.590102e+14	    0.00      98683.93


    151. CH3O + HCO  = 2CH2O 
         k:       1.000000e+13	    0.00          0.00
         kRev:    3.865609e+14	    0.00      67994.65


    152. CH3O + HCO  => CH3OH + CO 
         k:       1.000000e+13	    0.00          0.00
         kRev:    3.332923e+14	    0.00      90258.25


    153. CH3 + CH2OH  => CH4 + CH2O 
         k:       1.500000e+13	    0.00          0.00
         kRev:    2.828011e+15	    0.00      75681.07


    154. O + C2H4  => OH + C2H3 
         k:       1.880000e+07	    2.00       8057.53
         kRev:    1.366926e+12	    0.00       3165.25


    155. HO2 + C2H4  => H2O2 + C2H3 
         k:       6.400000e+06	    2.00      24887.96
         kRev:    2.584603e+12	    0.00       4425.53


    156. CH2OH + C2H4  => CH3OH + C2H3 
         k:       2.264000e+05	    2.00      16955.72
         kRev:    8.066193e+11	    0.00       5861.10


    157. H2O2 + C2H3  => HO2 + C2H4 
         k:       5.424000e+04	    2.00        837.96
         kRev:    5.756130e+12	    0.00      26944.65


    158. CH3OH + C2H3  => CH2OH + C2H4 
         k:       2.034000e+05	    2.00       6355.72
         kRev:    2.446716e+12	    0.00      23094.59


 ================================================================================================================================
    Reaction        A           Beta           E         Reaction                                                                   
     index     [kmol,m3,s]                 [cal/mol]                                                                                
 ================================================================================================================================
 68             9.0999e+07     0.000       -10721.90     CH3OH+O2=HO2+CH3O                                                               
 9              3.5455e+06     0.000        -4403.76     H2O2(+M)=2OH(+M)                                                                
 60             3.0660e+08     0.000        -4014.16     CH3OH(+M)=H2O+CH2(S)(+M)                                                        
 113            3.4302e+08     0.000        -3757.44     O2+C2H4=HO2+C2H3                                                                
 59             4.0950e+08     0.000        -3707.08     CH3OH(+M)=OH+CH3(+M)                                                            
 1              1.8558e+06     0.000        -2931.92     H2+M=2H+M                                                                       
 61             3.8927e+07     0.000        -2691.10     CH3OH(+M)=H+CH2OH(+M)                                                           
 50             6.7402e+09     0.000        -1674.43     O2+CH3=O+CH3O                                                                   
 69             2.9126e+08     0.000        -1496.19     CH3OH+O2=HO2+CH2OH                                                              
 5              7.1011e+09     0.000         -960.43     H+O2=O+OH                                                                       
 100            8.9601e+05     0.000         -818.82     HCO+M=H+CO+M                                                                    
 53             5.2003e+09     0.000         -721.34     OH+CH3=H2O+CH2(S)                                                               
 56             4.9196e+10     0.000         -371.42     OH+CH3=H+CH3O                                                                   
 111            5.6266e+06     0.000           89.56     CH3O(+M)=H+CH2O(+M)                                                             
 55             1.4841e+11     0.000          219.13     OH+CH3=H+CH2OH                                                                  
 7              4.1411e+09     0.000         1098.61     O+H2O=2OH                                                                       
 70             4.3205e+08     0.000         1477.17     CH3OH+HO2=H2O2+CH3O                                                             
 116            2.0903e+07     0.000         2058.97     CH3O+C2H4=CH3OH+C2H3                                                            
 64             8.1921e+08     0.000         3584.29     CH3OH+O=OH+CH3O                                                                 
 30             2.2341e+09     0.000         8201.10     O+CH4=OH+CH3                                                                    
 32             5.9175e+09     0.000         8201.72     HO2+CH4=H2O2+CH3                                                                
 2              2.8551e+10     0.000         8558.11     H2+O=H+OH                                                                       
 38             3.2387e+09     0.000         8885.30     CO2+CH2(S)=CO2+CH2                                                              
 36             1.3880e+10     0.000         8885.30     H2O+CH2(S)=H2O+CH2                                                              
 37             4.1641e+09     0.000         8885.30     CO+CH2(S)=CO+CH2                                                                
 74             1.0626e+10     0.000         9007.78     CH3OH+HCO=CH2OH+CH2O                                                            
 71             3.6952e+09     0.000         9414.38     CH3OH+HO2=H2O2+CH2OH                                                            
 114            4.7605e+09     0.000         9460.38     H+C2H4=H2+C2H3                                                                  
 35             6.9401e+09     0.000         9485.30     CH2(S)+N2=CH2+N2                                                                
 118            6.0303e+07     0.000         9869.56     CH3+C2H4=CH4+C2H3                                                               
 131            1.1570e+09     0.000        10968.64     CH2(S)+C2H4=CH3+C2H3                                                            
 73             2.2301e+09     0.000        11493.45     CH3OH+CH3=CH4+CH3O                                                              
 29             7.6965e+09     0.000        12100.59     H+CH4=H2+CH3                                                                    
 62             1.5049e+10     0.000        12390.38     CH3OH+H=H2+CH3O                                                                 
 65             2.6221e+09     0.000        12810.00     CH3OH+O=OH+CH2OH                                                                
 75             9.6021e+07     0.000        13299.71     CH3OH+CH3O=CH3OH+CH2OH                                                          
 117            7.0783e+09     0.000        14107.50     CH3+C2H4=CH4+C2H3                                                               
 139            5.1473e+09     0.000        14128.50     CH4+CH2(S)=2CH3                                                                 
 93             1.5603e+11     0.000        14150.50     O2+CH2O=HO2+HCO                                                                 
 97             4.3884e+09     0.000        14156.35     HO2+CH2O=H2O2+HCO                                                               
 130            4.3929e+09     0.000        14188.30     CH2(S)+C2H4=CH3+C2H3                                                            
 115            5.8219e+09     0.000        14667.11     OH+C2H4=H2O+C2H3                                                                
 43             2.2136e+11     0.000        15142.56     H2+CH2(S)=H+CH3                                                                 
 57             1.6458e+10     0.000        16155.36     OH+CH3=H2O+CH2                                                                  
 34             4.1666e+09     0.000        16335.33     CH4+CH2=2CH3                                                                    
 63             6.8702e+09     0.000        16741.98     CH3OH+H=H2+CH2OH                                                                
 66             2.1043e+09     0.000        16781.79     CH3OH+OH=H2O+CH3O                                                               
 121            4.2532e+07     0.000        17242.55     OH+C2H4=CH3+CH2O                                                                
 76             1.3781e+09     0.000        18088.37     O2+CH2OH=HO2+CH2O                                                               
 94             1.3731e+09     0.000        18279.36     O+CH2O=OH+HCO                                                                   
 31             7.4333e+09     0.000        19635.91     OH+CH4=H2O+CH3                                                                  
 99             2.7429e+08     0.000        19714.01     CH3O+CH2O=CH3OH+HCO                                                             
 95             1.0131e+10     0.000        21319.09     H+CH2O=H2+HCO                                                                   
 72             7.6126e+09     0.000        21350.87     CH3OH+CH3=CH4+CH2OH                                                             
 3              2.0327e+11     0.000        21781.21     H2+OH=H+H2O                                                                     
 12             1.1256e+10     0.000        22362.28     O+H2O2=OH+HO2                                                                   
 25             7.2862e+09     0.000        23184.44     OH+CO=H+CO2                                                                     
 58             1.0076e+10     0.000        23363.78     HO2+CH3=OH+CH3O                                                                 
 11             2.2153e+10     0.000        24482.65     H+H2O2=H2+HO2                                                                   
 77             5.6277e+11     0.000        24516.44     O2+CH2OH=HO2+CH2O                                                               
 67             7.0108e+09     0.000        25427.60     CH3OH+OH=H2O+CH2OH                                                              
 98             1.6886e+10     0.000        25965.31     CH3+CH2O=CH4+HCO                                                                
 24             1.6139e+11     0.000        26330.80     OH+CO=H+CO2                                                                     
 132            1.7414e+08     0.000        26340.15     CH2O+C2H3=HCO+C2H4                                                              
 110            1.4386e+10     0.000        29152.78     H+CH2O(+M)=CH2OH(+M)                                                            
 119            2.2601e+08     0.000        30043.90     O+C2H4=CH3+HCO                                                                  
 96             7.6979e+09     0.000        31934.32     OH+CH2O=H2O+HCO                                                                 
 13             3.2518e+09     0.000        32180.80     OH+H2O2=H2O+HO2                                                                 
 101            1.1789e+10     0.000        33978.74     O2+HCO=HO2+CO                                                                   
 86             7.7819e+10     0.000        36629.25     O2+CH3O=HO2+CH2O                                                                
 21             1.4420e+09     0.000        36687.06     2HO2=O2+H2O2                                                                    
 15             6.0251e+09     0.000        37714.71     H+HO2=2OH                                                                       
 14             1.4185e+11     0.000        39131.80     OH+H2O2=H2O+HO2                                                                 
 145            8.0845e+09     0.000        44037.59     CO+CH3O=CO2+CH3                                                                 
 22             9.7763e+09     0.000        45687.29     H+O2(+M)=HO2(+M)                                                                
 20             7.5892e+11     0.000        49136.86     2HO2=O2+H2O2                                                                    
 144            1.6823e+10     0.000        50381.18     CH2O+HCO=CO2+CH3                                                                
 137            1.0621e+08     0.000        53612.40     CO2+CH2=CO+CH2O                                                                 
 17             4.4407e+10     0.000        53666.14     O+HO2=O2+OH                                                                     
 27             1.6161e+10     0.000        55243.15     O2+CO=O+CO2                                                                     
 33             3.7273e+11     0.000        56306.31     HO2+CH3=O2+CH4                                                                  
 16             1.7102e+11     0.000        57249.53     H+HO2=H2+O2                                                                     
 79             2.1266e+11     0.000        57595.42     HO2+CH2OH=H2O2+CH2O                                                             
 80             2.1739e+13     0.000        58768.94     CH2OH+HCO=2CH2O                                                                 
 45             6.2545e+09     0.000        61497.69     CO2+CH2(S)=CO+CH2O                                                              
 133            8.8687e+11     0.000        63613.16     O+OH+M=HO2+M                                                                    
 51             3.7182e+08     0.000        65134.38     O2+CH3=OH+CH2O                                                                  
 88             1.7073e+09     0.000        66821.13     HO2+CH3O=H2O2+CH2O                                                              
 85             4.6904e+11     0.000        66963.24     2CH2OH=CH3OH+CH2O                                                               
 151            3.8656e+11     0.000        67994.65     CH3O+HCO=2CH2O                                                                  
 52             1.2011e+12     0.000        68577.84     O+CH3=H+CH2O                                                                    
 18             9.9283e+10     0.000        68865.82     OH+HO2=O2+H2O                                                                   
 54             1.1188e+09     0.000        69507.68     OH+CH3=H2+CH2O                                                                  
 149            4.7213e+09     0.000        71664.72     HO2+HCO=H2O2+CO                                                                 
 120            4.6076e+12     0.000        72475.82     CH3+CH2(S)=H+C2H4                                                               
 106            1.4479e+12     0.000        72838.24     2HCO=CO+CH2O                                                                    
 84             1.3401e+11     0.000        73165.58     O+CH2OH=OH+CH2O                                                                 
 10             3.8334e+09     0.000        73252.51     H+H2O2=H2O+OH                                                                   
 78             4.2820e+10     0.000        74667.01     H+CH2OH=H2+CH2O                                                                 
 47             3.9052e+09     0.000        76052.19     O2+CH2=OH+HCO                                                                   
 82             1.2010e+12     0.000        76188.95     CH3O+CH2OH=CH3OH+CH2O                                                           
 136            6.7163e+12     0.000        76401.98     OH+CH2=H+CH2O                                                                   
 92             5.0859e+11     0.000        77829.19     H2+CO(+M)=CH2O(+M)                                                              
 19             6.3825e+12     0.000        80888.38     OH+HO2=O2+H2O                                                                   
 81             1.0413e+12     0.000        81032.54     CH2OH+HCO=CH3OH+CO                                                              
 26             8.3285e+10     0.000        82225.41     HO2+CO=OH+CO2                                                                   
 87             4.5685e+10     0.000        83892.72     H+CH3O=H2+CH2O                                                                  
 91             7.9131e+11     0.000        84456.57     H+HCO(+M)=CH2O(+M)                                                              
 138            1.1008e+08     0.000        84474.86     O+CH2(S)=2H+CO                                                                  
 89             7.2413e+11     0.000        84906.78     CH3+CH3O=CH4+CH2O                                                               
 44             3.1075e+12     0.000        85287.28     OH+CH2(S)=H+CH2O                                                                
 90             9.6582e+11     0.000        85414.66     2CH3O=CH3OH+CH2O                                                                
 123            2.0355e+08     0.000        86116.57     O2+C2H3=CH2O+HCO                                                                
 102            6.4177e+10     0.000        87234.88     O+HCO=OH+CO                                                                     
 103            3.4889e+11     0.000        88736.31     H+HCO=H2+CO                                                                     
 122            3.0117e+07     0.000        88810.38     O2+C2H3=CH2O+HCO                                                                
 83             7.9488e+11     0.000        89458.22     OH+CH2OH=H2O+CH2O                                                               
 105            3.3276e+12     0.000        89750.37     CH3+HCO=CO+CH4                                                                  
 126            1.5693e+07     0.000        90949.50     O2+C2H3=CO+CH3O                                                                 
 127            1.0100e+07     0.000        91939.79     O2+C2H3=CO+CH3O                                                                 
 134            6.4976e+11     0.000        94993.57     CH2+HCO=CO+CH3                                                                  
 8              2.3389e+10     0.000        99621.81     H+O+M=OH+M                                                                      
 42             4.1047e+10     0.000        99683.92     O+CH2(S)=H+HCO                                                                  
 28             1.0617e+14     0.000       101326.34     H+CH3(+M)=CH4(+M)                                                               
 104            6.6419e+11     0.000       103527.52     OH+HCO=H2O+CO                                                                   
 46             7.1734e+12     0.000       106227.05     H+CH2(+M)=CH3(+M)                                                               
 112            8.2866e+13     0.000       107824.58     H+C2H3(+M)=C2H4(+M)                                                             
 107            1.4781e+13     0.000       111024.46     O+HCO=H+CO2                                                                     
 6              4.8326e+11     0.000       114503.39     H+OH+M=H2O+M                                                                    
 4              2.6316e+10     0.000       116573.77     2O+M=O2+M                                                                       
 23             1.2405e+12     0.000       127525.63     O+CO(+M)=CO2(+M)                                                                
 129            2.2750e+08     0.000       128538.62     O2+C2H3=CO2+CH3                                                                 
 128            3.4905e+07     0.000       130686.41     O2+C2H3=CO2+CH3                                                                 
 135            1.4057e+12     0.000       179534.93     O+CH2=H2+CO                                                                     
 40             4.5121e+10     0.000       186965.01     O2+CH2(S)=H2O+CO                                                                
 41             1.9511e+11     0.000       188420.23     O+CH2(S)=H2+CO                                                                  

 ================================================================================================================================
    Reaction        A           Beta           E         Reaction                                                                   
     index     [kmol,m3,s]                 [cal/mol]                                                                                
 ================================================================================================================================
 68             6.5424e+02     1.509       -12851.45     CH3OH+O2=HO2+CH3O                                                               
 69             5.7224e+01     1.968        -4273.05     CH3OH+O2=HO2+CH2OH                                                              
 113            1.4280e+08     0.112        -3915.02     O2+C2H4=HO2+C2H3                                                                
 5              3.7999e+08     0.373        -1486.91     H+O2=O+OH                                                                       
 7              5.3102e+03     1.729        -1340.94     O+H2O=2OH                                                                       
 100            1.4749e+06    -0.064         -729.20     HCO+M=H+CO+M                                                                    
 9              1.1293e+16    -2.788         -469.04     H2O2(+M)=2OH(+M)                                                                
 50             9.1318e+12    -0.919         -377.70     O2+CH3=O+CH3O                                                                   
 56             4.4656e+11    -0.281           25.22     OH+CH3=H+CH3O                                                                   
 55             1.4881e+11    -0.000          219.61     OH+CH3=H+CH2OH                                                                  
 64             5.6702e+01     2.101          619.82     CH3OH+O=OH+CH3O                                                                 
 53             2.2870e+13    -1.069          787.12     OH+CH3=H2O+CH2(S)                                                               
 116            2.2221e+04     0.872          827.83     CH3O+C2H4=CH3OH+C2H3                                                            
 1              3.5945e+15    -2.725          913.35     H2+M=2H+M                                                                       
 70             4.9454e+11    -0.897         2743.59     CH3OH+HO2=H2O2+CH3O                                                             
 32             2.5327e-03     3.629         3080.60     HO2+CH4=H2O2+CH3                                                                
 118            2.7227e-08     4.503         3515.92     CH3+C2H4=CH4+C2H3                                                               
 60             6.2919e+28    -5.960         4395.98     CH3OH(+M)=H2O+CH2(S)(+M)                                                        
 2              2.8267e+01     2.642         4829.92     H2+O=H+OH                                                                       
 74             4.4520e+00     2.752         5124.95     CH3OH+HCO=CH2OH+CH2O                                                            
 30             8.2419e+02     1.888         5537.53     O+CH4=OH+CH3                                                                    
 114            2.4657e+01     2.431         6029.73     H+C2H4=H2+C2H3                                                                  
 59             1.0119e+33    -7.158         6392.64     CH3OH(+M)=OH+CH3(+M)                                                            
 111            2.8441e+23    -4.901         7005.62     CH3O(+M)=H+CH2O(+M)                                                             
 29             8.9163e-01     2.916         7986.61     H+CH4=H2+CH3                                                                    
 38             4.3791e+09    -0.038         8939.54     CO2+CH2(S)=CO2+CH2                                                              
 37             5.6303e+09    -0.038         8939.54     CO+CH2(S)=CO+CH2                                                                
 36             1.8768e+10    -0.038         8939.54     H2O+CH2(S)=H2O+CH2                                                              
 73             5.8236e+03     1.638         9181.79     CH3OH+CH3=CH4+CH3O                                                              
 65             4.9595e+00     2.560         9198.21     CH3OH+O=OH+CH2OH                                                                
 61             2.2014e+36    -8.437         9213.68     CH3OH(+M)=H+CH2OH(+M)                                                           
 62             5.2264e+02     2.189         9301.90     CH3OH+H=H2+CH3O                                                                 
 131            3.8797e+05     1.020         9530.03     CH2(S)+C2H4=CH3+C2H3                                                            
 35             9.3839e+09    -0.038         9539.54     CH2(S)+N2=CH2+N2                                                                
 117            3.2686e-01     3.033         9828.12     CH3+C2H4=CH4+C2H3                                                               
 71             1.1559e+11    -0.439        10033.49     CH3OH+HO2=H2O2+CH2OH                                                            
 115            7.6139e-02     3.193        10160.89     OH+C2H4=H2O+C2H3                                                                
 97             2.6950e+01     2.410        10756.33     HO2+CH2O=H2O2+HCO                                                               
 57             1.1629e+00     2.979        11952.46     OH+CH3=H2O+CH2                                                                  
 75             2.6240e+06     0.459        12652.39     CH3OH+CH3O=CH3OH+CH2OH                                                          
 63             7.0523e+00     2.638        13020.29     CH3OH+H=H2+CH2OH                                                                
 66             2.7658e+00     2.606        13104.55     CH3OH+OH=H2O+CH3O                                                               
 34             9.2589e+02     1.952        13580.60     CH4+CH2=2CH3                                                                    
 139            1.0125e+10    -0.086        14250.14     CH4+CH2(S)=2CH3                                                                 
 121            2.5512e+00     2.119        14252.34     OH+C2H4=CH3+CH2O                                                                
 93             5.2154e+11    -0.154        14367.49     O2+CH2O=HO2+HCO                                                                 
 31             5.9437e-01     2.963        15455.26     OH+CH4=H2O+CH3                                                                  
 43             1.1350e+13    -0.502        15850.53     H2+CH2(S)=H+CH3                                                                 
 72             3.3694e-03     3.625        16235.78     CH3OH+CH3=CH4+CH2OH                                                             
 94             3.2352e+04     1.358        16363.26     O+CH2O=OH+HCO                                                                   
 95             5.3312e+02     2.136        18305.34     H+CH2O=H2+HCO                                                                   
 130            3.2804e+20    -3.190        18690.26     CH2(S)+C2H4=CH3+C2H3                                                            
 12             3.4429e+01     2.498        18836.92     O+H2O2=OH+HO2                                                                   
 99             2.3411e+06     0.607        18857.44     CH3O+CH2O=CH3OH+HCO                                                             
 76             3.8947e+11    -0.719        19103.27     O2+CH2OH=HO2+CH2O                                                               
 98             2.4496e-01     3.180        21477.73     CH3+CH2O=CH4+HCO                                                                
 67             4.9673e+00     2.685        21639.25     CH3OH+OH=H2O+CH2OH                                                              
 3              3.0750e+11    -0.053        21855.65     H2+OH=H+H2O                                                                     
 86             9.8812e-25    10.240        22180.67     O2+CH3O=HO2+CH2O                                                                
 11             1.3930e+05     1.526        22329.01     H+H2O2=H2+HO2                                                                   
 58             9.6771e+10    -0.288        23770.57     HO2+CH3=OH+CH3O                                                                 
 77             6.2160e+10     0.281        24120.27     O2+CH2OH=HO2+CH2O                                                               
 24             1.5367e+08     0.887        25079.85     OH+CO=H+CO2                                                                     
 25             1.2611e+16    -1.830        25767.35     OH+CO=H+CO2                                                                     
 132            2.7119e+08    -0.056        26419.81     CH2O+C2H3=HCO+C2H4                                                              
 119            5.5206e-01     2.527        26478.09     O+C2H4=CH3+HCO                                                                  
 96             5.0992e+03     1.813        29375.99     OH+CH2O=H2O+HCO                                                                 
 13             7.9147e+07     0.474        31512.66     OH+H2O2=H2O+HO2                                                                 
 101            2.2335e+09     0.212        33679.60     O2+HCO=HO2+CO                                                                   
 15             1.8869e+07     0.735        36677.85     H+HO2=2OH                                                                       
 21             4.2145e+09    -0.137        36879.92     2HO2=O2+H2O2                                                                    
 110            1.3283e+30    -5.858        37419.31     H+CH2O(+M)=CH2OH(+M)                                                            
 14             3.4525e+09     0.474        38463.66     OH+H2O2=H2O+HO2                                                                 
 145            3.0169e+09     0.126        43860.34     CO+CH3O=CO2+CH3                                                                 
 22             6.6069e+17    -2.297        48929.18     H+O2(+M)=HO2(+M)                                                                
 20             2.2181e+12    -0.137        49329.72     2HO2=O2+H2O2                                                                    
 144            3.9404e+11    -0.402        50948.27     CH2O+HCO=CO2+CH3                                                                
 137            1.5320e+06     0.540        52850.17     CO2+CH2=CO+CH2O                                                                 
 17             2.5989e+09     0.362        53155.76     O+HO2=O2+OH                                                                     
 33             1.1480e+04     2.204        53196.24     HO2+CH3=O2+CH4                                                                  
 16             1.6386e+06     1.473        55171.63     H+HO2=H2+O2                                                                     
 27             8.1706e+12    -0.793        56362.64     O2+CO=O+CO2                                                                     
 79             6.8654e+10     0.144        57392.11     HO2+CH2OH=H2O2+CH2O                                                             
 80             7.1837e+11     0.435        58155.78     CH2OH+HCO=2CH2O                                                                 
 51             5.7657e-04     3.465        60244.73     O2+CH3=OH+CH2O                                                                  
 45             1.2198e+08     0.502        60789.71     CO2+CH2(S)=CO+CH2O                                                              
 133            7.0341e+16    -1.438        65641.71     O+OH+M=HO2+M                                                                    
 88             1.5062e+07     0.603        65970.51     HO2+CH3O=H2O2+CH2O                                                              
 85             4.8408e+09     0.583        66140.83     2CH2OH=CH3OH+CH2O                                                               
 151            3.4907e+08     0.893        66734.17     CH3O+HCO=2CH2O                                                                  
 54             1.9422e+06     0.810        68364.73     OH+CH3=H2+CH2O                                                                  
 18             7.0627e+09     0.337        68390.54     OH+HO2=O2+H2O                                                                   
 52             3.6285e+12    -0.141        68776.64     O+CH3=H+CH2O                                                                    
 10             2.9220e+05     1.208        71547.52     H+H2O2=H2O+OH                                                                   
 149            2.6144e+09     0.075        71558.44     HO2+HCO=H2O2+CO                                                                 
 84             8.6627e+08     0.642        72259.04     O+CH2OH=OH+CH2O                                                                 
 106            8.2068e+10     0.366        72322.11     2HCO=CO+CH2O                                                                    
 78             2.2240e+08     0.670        73721.12     H+CH2OH=H2+CH2O                                                                 
 120            2.6632e+16    -1.104        74033.42     CH3+CH2(S)=H+C2H4                                                               
 82             3.3873e+08     1.042        74719.22     CH3O+CH2OH=CH3OH+CH2O                                                           
 47             5.5707e+09    -0.045        76116.06     O2+CH2=OH+HCO                                                                   
 136            9.1525e+14    -0.626        77285.72     OH+CH2=H+CH2O                                                                   
 26             9.1672e+04     1.748        79758.40     HO2+CO=OH+CO2                                                                   
 81             1.8434e+10     0.514        80307.15     CH2OH+HCO=CH3OH+CO                                                              
 19             4.5403e+11     0.337        80413.10     OH+HO2=O2+H2O                                                                   
 87             6.4843e+06     1.129        82299.51     H+CH3O=H2+CH2O                                                                  
 90             7.4438e+06     1.500        83297.61     2CH3O=CH3OH+CH2O                                                                
 89             2.6792e+09     0.714        83899.90     CH3+CH3O=CH4+CH2O                                                               
 92             3.0596e+27    -4.630        84362.50     H2+CO(+M)=CH2O(+M)                                                              
 138            4.5319e+08    -0.180        84729.32     O+CH2(S)=2H+CO                                                                  
 44             5.7257e+14    -0.665        86225.26     OH+CH2(S)=H+CH2O                                                                
 102            7.1160e+08     0.574        86425.36     O+HCO=OH+CO                                                                     
 123            3.6333e+11    -0.954        87462.88     O2+C2H3=CH2O+HCO                                                                
 103            3.1082e+09     0.602        87887.45     H+HCO=H2+CO                                                                     
 83             6.2457e+09     0.618        88586.77     OH+CH2OH=H2O+CH2O                                                               
 91             9.5014e+23    -3.544        89457.99     H+HCO(+M)=CH2O(+M)                                                              
 105            7.7277e+11     0.186        89487.84     CH3+HCO=CO+CH4                                                                  
 126            8.0393e+08    -0.502        91657.31     O2+C2H3=CO+CH3O                                                                 
 134            2.1951e+11     0.138        94798.44     CH2+HCO=CO+CH3                                                                  
 127            4.5036e+19    -3.712        97177.11     O2+C2H3=CO+CH3O                                                                 
 122            1.6314e+31    -6.964        98637.18     O2+C2H3=CH2O+HCO                                                                
 42             1.4795e+12    -0.457       100328.52     O+CH2(S)=H+HCO                                                                  
 8              1.4865e+16    -1.703       102024.56     H+O+M=OH+M                                                                      
 104            8.9517e+09     0.549       102753.10     OH+HCO=H2O+CO                                                                   
 28             2.3550e+33    -5.677       109336.42     H+CH3(+M)=CH4(+M)                                                               
 107            1.5485e+15    -0.593       111860.91     O+HCO=H+CO2                                                                     
 46             3.4103e+27    -4.307       112304.00     H+CH2(+M)=CH3(+M)                                                               
 112            4.2731e+29    -4.610       114330.19     H+C2H3(+M)=C2H4(+M)                                                             
 6              9.5518e+20    -2.728       118352.30     H+OH+M=H2O+M                                                                    
 4              6.1790e+15    -1.576       118797.47     2O+M=O2+M                                                                       
 129            2.5054e+12    -1.186       130212.15     O2+C2H3=CO2+CH3                                                                 
 23             1.5814e+23    -3.259       132123.77     O+CO(+M)=CO2(+M)                                                                
 128            3.4143e+30    -6.746       140205.45     O2+C2H3=CO2+CH3                                                                 
 135            3.3383e+11     0.183       179276.42     O+CH2=H2+CO                                                                     
 40             1.1729e+09     0.465       186308.71     O2+CH2(S)=H2O+CO                                                                
 41             6.2653e+10     0.145       188215.96     O+CH2(S)=H2+CO                                                                  
