================================================================================================================================================================================================================================================================================================================================
   Status of specific heat
--------------------------------------------------------------------------------------------------------------------------------------------------------------------------------------------------------------------------------------------------------------------------------------------------------------------------------
Name              Tlow[K]  Tmed[K]  Thigh[K] Cp/R(-)           Cp/R(+)           error(%)          dCp/R(-)          dCp/R(+)          error(%)          d2Cp/R(-)         d2Cp/R(+)         error(%)          d3Cp/R(-)         d3Cp/R(+)         error(%)          d4Cp/R(-)         d4Cp/R(+)         error(%)          
================================================================================================================================================================================================================================================================================================================================
CH3OH             300.00   1800.00  3500.00  1.33607534e+01    1.33607534e+01    4.96950429e-07    1.99249319e-03    1.99249318e-03    4.93371714e-07    -2.30896466e-06   -2.30896474e-06   3.56800597e-06    2.52833350e-09    2.52833344e-09    2.12630176e-06    -6.23884831e-12   -1.96430598e-12   1.04217041e+02    
H2                200.00   700.00   3500.00  3.54529124e+00    3.54529126e+00    6.65810742e-07    1.69731695e-04    1.69731790e-04    5.63357200e-05    1.00429422e-06    1.00429444e-06    2.18943789e-05    -1.71515803e-09   -1.71515782e-09   1.26075863e-05    -1.12806660e-10   1.14130510e-12    2.04088305e+02    
H                 200.00   860.00   3500.00  2.50000083e+00    2.50000084e+00    1.93214660e-07    -8.31417627e-08   -8.31417642e-08   1.88800621e-06    3.98903605e-10    3.98903622e-10    4.18053880e-06    -7.70705748e-13   -7.70705696e-13   6.77612716e-06    -3.49294368e-14   5.86750058e-16    2.06834061e+02    
O2                200.00   700.00   3500.00  3.95886788e+00    3.95886789e+00    4.81783997e-08    9.57803530e-04    9.57803532e-04    2.06764810e-07    -1.42664158e-06   -1.42664157e-06   5.47859949e-07    1.87266370e-09    1.87266368e-09    6.53614732e-07    9.11834993e-11    -1.16953360e-12   2.05197121e+02    
O                 200.00   720.00   3500.00  2.53124066e+00    2.53124066e+00    2.65102718e-08    -6.95753301e-05   -6.95753362e-05   8.76081420e-06    1.28442990e-07    1.28442959e-07    2.41310904e-05    -1.55680315e-10   -1.55680388e-10   4.68529270e-05    4.67678438e-11    1.05340485e-13    1.99101060e+02    
H2O               200.00   1420.00  3500.00  5.56351428e+00    5.56351427e+00    1.81370166e-07    1.25214076e-03    1.25214075e-03    8.98625396e-07    -8.23488027e-07   -8.23488042e-07   1.80463593e-06    5.16445885e-10    5.16445872e-10    2.66746282e-06    7.97959903e-12    -2.42058761e-13   2.12513473e+02    
OH                200.00   1700.00  3500.00  4.05808272e+00    4.05808273e+00    2.75483801e-07    4.35272252e-04    4.35272265e-04    3.03791499e-06    -3.14057702e-07   -3.14057691e-07   3.53056193e-06    3.38678383e-10    3.38678388e-10    1.55900129e-06    3.81191110e-12    -2.53766146e-13   2.28527915e+02    
H2O2              200.00   1800.00  3500.00  8.83684024e+00    8.83684022e+00    2.64510828e-07    1.10887525e-03    1.10887522e-03    2.69029345e-06    -8.24000654e-07   -8.24000679e-07   2.99999754e-06    6.26137524e-10    6.26137513e-10    1.72486071e-06    -3.54283452e-12   -2.94196776e-13   1.69330792e+02    
HO2               200.00   700.00   3500.00  5.24944819e+00    5.24944820e+00    1.14023980e-07    2.14940572e-03    2.14940573e-03    5.06819211e-07    -2.28013306e-06   -2.28013303e-06   1.30009965e-06    2.56029749e-09    2.56029752e-09    1.08737372e-06    5.79833474e-11    -1.59423897e-12   2.11308843e+02    
CO                200.00   960.00   3500.00  3.95502226e+00    3.95502226e+00    8.86891802e-08    6.93448881e-04    6.93448870e-04    1.58406453e-06    -8.03745932e-07   -8.03745967e-07   4.36420499e-06    7.60461881e-10    7.60461841e-10    5.22629778e-06    2.68562705e-11    -4.02852686e-13   2.06091503e+02    
CO2               200.00   1450.00  3500.00  6.96939341e+00    6.96939340e+00    1.57340776e-07    7.44999938e-04    7.44999903e-04    4.78942731e-06    -8.01743761e-07   -8.01743811e-07   6.22296061e-06    5.97979226e-10    5.97979188e-10    6.43366852e-06    -1.31693396e-11   -1.83019539e-13   1.94517237e+02    
CH4               300.00   700.00   3500.00  7.05248575e+00    7.05248575e+00    1.86937849e-09    6.78865766e-03    6.78865771e-03    7.48672102e-07    -6.11904623e-06   -6.11904599e-06   3.94492837e-06    4.81389768e-09    4.81389824e-09    1.16562502e-05    4.71164558e-10    -2.07095380e-12   2.01765919e+02    
CH3               300.00   1060.00  3500.00  7.23894573e+00    7.23894574e+00    9.95146536e-08    2.60714812e-03    2.60714813e-03    2.75370575e-07    -2.37697358e-06   -2.37697357e-06   7.19146433e-07    1.61511884e-09    1.61511886e-09    8.70771872e-07    1.25261096e-11    -5.95563238e-13   2.19967677e+02    
CH2               300.00   1800.00  3500.00  6.17272367e+00    6.17272368e+00    7.18490088e-08    7.22451499e-04    7.22451494e-04    6.62854188e-07    -7.63907935e-07   -7.63907940e-07   7.39356181e-07    6.85093670e-10    6.85093669e-10    1.05095137e-07    1.81990290e-12    -3.56971553e-13   2.97604458e+02    
CH2(S)            300.00   970.00   3500.00  5.25862393e+00    5.25862393e+00    1.00696876e-07    1.71397921e-03    1.71397921e-03    5.04251215e-08    -1.37877334e-06   -1.37877332e-06   1.19455736e-06    1.09862254e-09    1.09862261e-09    6.26093077e-06    3.79955107e-11    -5.68309133e-13   2.06073755e+02    
CH3O              300.00   1740.00  3500.00  1.16047016e+01    1.16047017e+01    1.00477343e-06    1.44571188e-03    1.44571204e-03    1.09691943e-05    -1.58371166e-06   -1.58371155e-06   6.90897201e-06    1.04539552e-09    1.04539552e-09    4.44004113e-07    -1.27881955e-11   -1.34835938e-13   1.95826492e+02    
CH2OH             300.00   1360.00  3500.00  1.01092780e+01    1.01092779e+01    9.32046146e-07    1.94019260e-03    1.94019246e-03    7.28593804e-06    -1.93137105e-06   -1.93137117e-06   6.02816501e-06    1.36049231e-09    1.36049229e-09    1.73231411e-06    -1.94039799e-11   -4.82369957e-13   1.90297466e+02    
CH2O              300.00   700.00   3500.00  6.28473489e+00    6.28473489e+00    1.09933145e-08    4.58878818e-03    4.58878812e-03    1.35652384e-06    -5.69467024e-06   -5.69467051e-06   4.75743093e-06    5.51557584e-09    5.51557539e-09    8.18047022e-06    2.96289655e-10    -2.87133862e-12   2.03914328e+02    
HCO               200.00   770.00   3500.00  5.38312915e+00    5.38312918e+00    4.76651530e-07    2.29464795e-03    2.29464802e-03    3.19427303e-06    -2.58001193e-06   -2.58001181e-06   4.94155397e-06    2.95411910e-09    2.95411922e-09    4.23029647e-06    9.61425490e-11    -1.78445138e-12   2.07564592e+02    
C2H4              300.00   1650.00  3500.00  1.35786316e+01    1.35786316e+01    3.49499939e-08    2.40458762e-03    2.40458766e-03    1.38149872e-06    -2.54901161e-06   -2.54901159e-06   6.04822553e-07    1.83147381e-09    1.83147377e-09    2.07701590e-06    -1.56404995e-11   -5.37477982e-13   1.86710873e+02    
C2H3              300.00   1450.00  3500.00  1.07136851e+01    1.07136849e+01    1.51719685e-06    2.23488902e-03    2.23488884e-03    7.96171321e-06    -2.24683435e-06   -2.24683445e-06   4.25100291e-06    1.61371571e-09    1.61371570e-09    3.64376408e-07    -1.65969962e-11   -5.64054530e-13   1.86852681e+02    
N2                200.00   1050.00  3500.00  3.95750613e+00    3.95750613e+00    5.29528236e-08    6.34597626e-04    6.34597628e-04    4.26790298e-07    -6.58803508e-07   -6.58803494e-07   2.07558091e-06    5.38314302e-10    5.38314320e-10    3.29918755e-06    1.79057175e-11    -2.46641861e-13   2.05586745e+02    


================================================================================================================================================================================================================================================================================================================================
   Status of enthalpy
--------------------------------------------------------------------------------------------------------------------------------------------------------------------------------------------------------------------------------------------------------------------------------------------------------------------------------
Name              Tlow[K]  Tmed[K]  Thigh[K] H/RT(-)           H/RT(+)           error(%)          dH/RT(-)          dH/RT(+)          error(%)          d2H/RT(-)         d2H/RT(+)         error(%)          d3H/RT(-)         d3H/RT(+)         error(%)          d4H/RT(-)         d4H/RT(+)         error(%)          
================================================================================================================================================================================================================================================================================================================================
CH3OH             300.00   1800.00  3500.00  -4.78185445e+00   -4.78185439e+00   -1.31745584e-06   7.42264077e-03    7.42264080e-03    4.96950428e-07    1.10694066e-06    1.10694066e-06    4.93371721e-07    -1.28275814e-09   -1.28275819e-09   3.56800598e-06    1.40462972e-12    1.40462969e-12    2.12630177e-06    
H2                200.00   700.00   3500.00  2.01922677e+00    2.01922678e+00    5.63018453e-07    5.06470177e-03    5.06470181e-03    6.65810744e-07    2.42473850e-07    2.42473986e-07    5.63357200e-05    1.43470603e-09    1.43470634e-09    2.18943789e-05    -2.45022576e-12   -2.45022545e-12   1.26075863e-05    
H                 200.00   860.00   3500.00  3.21206291e+01    3.21206291e+01    1.28889552e-07    2.90697771e-03    2.90697772e-03    1.93214663e-07    -9.66764682e-11   -9.66764700e-11   1.88800622e-06    4.63841402e-13    4.63841421e-13    4.18053879e-06    -8.96169474e-16   -8.96169414e-16   6.77612715e-06    
O2                200.00   700.00   3500.00  2.14752384e+00    2.14752385e+00    3.17987256e-07    5.65552555e-03    5.65552555e-03    4.81783950e-08    1.36829076e-06    1.36829076e-06    2.06764813e-07    -2.03805939e-09   -2.03805938e-09   5.47859950e-07    2.67523385e-12    2.67523383e-12    6.53614732e-07    
O                 200.00   720.00   3500.00  4.31341421e+01    4.31341422e+01    5.54039482e-08    3.51561203e-03    3.51561203e-03    2.65102746e-08    -9.66324029e-08   -9.66324114e-08   8.76081421e-06    1.78393041e-10    1.78392998e-10    2.41310904e-05    -2.16222660e-13   -2.16222761e-13   4.68529270e-05    
H2O               200.00   1420.00  3500.00  -1.67196486e+01   -1.67196486e+01   -2.42161496e-07   3.91796781e-03    3.91796780e-03    1.81370151e-07    8.81789270e-07    8.81789262e-07    8.98625388e-07    -5.79921146e-10   -5.79921156e-10   1.80463593e-06    3.63694286e-13    3.63694276e-13    2.66746281e-06    
OH                200.00   1700.00  3500.00  5.73284177e+00    5.73284178e+00    6.36540168e-08    2.38710748e-03    2.38710749e-03    2.75483812e-07    2.56042501e-07    2.56042509e-07    3.03791499e-06    -1.84739825e-10   -1.84739818e-10   3.53056192e-06    1.99222578e-13    1.99222581e-13    1.55900129e-06    
H2O2              200.00   1800.00  3500.00  -2.83400781e+00   -2.83400782e+00   -3.78905616e-07   4.90935569e-03    4.90935568e-03    2.64510828e-07    6.16041805e-07    6.16041789e-07    2.69029345e-06    -4.57778141e-10   -4.57778155e-10   2.99999754e-06    3.47854180e-13    3.47854174e-13    1.72486071e-06    
HO2               200.00   700.00   3500.00  4.84165261e+00    4.84165262e+00    9.95159020e-08    7.49921171e-03    7.49921171e-03    1.14023979e-07    3.07057960e-06    3.07057961e-06    5.06819211e-07    -3.25733294e-09   -3.25733290e-09   1.30009964e-06    3.65756784e-12    3.65756788e-12    1.08737373e-06    
CO                200.00   960.00   3500.00  -1.12950209e+01   -1.12950210e+01   -3.25149618e-07   4.11981485e-03    4.11981485e-03    8.86891760e-08    7.22342584e-07    7.22342573e-07    1.58406454e-06    -8.37235345e-10   -8.37235382e-10   4.36420499e-06    7.92147793e-13    7.92147751e-13    5.22629777e-06    
CO2               200.00   1450.00  3500.00  -2.77662830e+01   -2.77662830e+01   -1.19314228e-07   4.80647821e-03    4.80647820e-03    1.57340782e-07    5.13793061e-07    5.13793036e-07    4.78942732e-06    -5.52926732e-10   -5.52926766e-10   6.22296062e-06    4.12399466e-13    4.12399440e-13    6.43366852e-06    
CH4               300.00   700.00   3500.00  -9.59595883e+00   -9.59595881e+00   -2.18837772e-07   1.00749796e-02    1.00749796e-02    1.86937279e-09    9.69808237e-06    9.69808245e-06    7.48672103e-07    -8.74149462e-09   -8.74149427e-09   3.94492837e-06    6.87699669e-12    6.87699749e-12    1.16562502e-05    
CH3               300.00   1060.00  3500.00  2.09730490e+01    2.09730490e+01    5.31763413e-08    6.82919409e-03    6.82919409e-03    9.95146554e-08    2.45957370e-06    2.45957370e-06    2.75370580e-07    -2.24242791e-09   -2.24242789e-09   7.19146429e-07    1.52369702e-12    1.52369703e-12    8.70771872e-07    
CH2               300.00   1800.00  3500.00  3.05830510e+01    3.05830510e+01    8.69977081e-08    3.42929093e-03    3.42929093e-03    7.18490062e-08    4.01361944e-07    4.01361941e-07    6.62854192e-07    -4.24393297e-10   -4.24393300e-10   7.39356180e-07    3.80607594e-13    3.80607594e-13    1.05095141e-07    
CH2(S)            300.00   970.00   3500.00  5.63743416e+01    5.63743416e+01    4.49837098e-09    5.42126178e-03    5.42126178e-03    1.00696875e-07    1.76698888e-06    1.76698888e-06    5.04251187e-08    -1.42141581e-09   -1.42141579e-09   1.19455736e-06    1.13260056e-12    1.13260063e-12    6.26093078e-06    
CH3O              300.00   1740.00  3500.00  9.26283944e+00    9.26283947e+00    3.52565001e-07    6.66936872e-03    6.66936879e-03    1.00477343e-06    8.30868898e-07    8.30868989e-07    1.09691943e-05    -9.10179114e-10   -9.10179051e-10   6.90897201e-06    6.00802021e-13    6.00802024e-13    4.44004112e-07    
CH2OH             300.00   1360.00  3500.00  5.07069354e+00    5.07069351e+00    6.35263845e-07    7.43329268e-03    7.43329261e-03    9.32046145e-07    1.42661221e-06    1.42661210e-06    7.28593804e-06    -1.42012578e-09   -1.42012586e-09   6.02816501e-06    1.00036199e-12    1.00036198e-12    1.73231411e-06    
CH2O              300.00   700.00   3500.00  -1.57395733e+01   -1.57395733e+01   -1.69843956e-08   8.97819270e-03    8.97819269e-03    1.09933084e-08    6.55541169e-06    6.55541160e-06    1.35652384e-06    -8.13524319e-09   -8.13524358e-09   4.75743093e-06    7.87939406e-12    7.87939341e-12    8.18047024e-06    
HCO               200.00   770.00   3500.00  9.45248037e+00    9.45248038e+00    1.14621587e-07    6.99107682e-03    6.99107686e-03    4.76651524e-07    2.98006227e-06    2.98006237e-06    3.19427303e-06    -3.35066485e-09   -3.35066468e-09   4.94155397e-06    3.83651831e-12    3.83651847e-12    4.23029645e-06    
C2H4              300.00   1650.00  3500.00  1.24696833e+01    1.24696833e+01    6.63472314e-08    8.22947370e-03    8.22947371e-03    3.49499994e-08    1.45732583e-06    1.45732585e-06    1.38149872e-06    -1.54485552e-09   -1.54485551e-09   6.04822549e-07    1.10998413e-12    1.10998411e-12    2.07701589e-06    
C2H3              300.00   1450.00  3500.00  3.14184920e+01    3.14184920e+01    5.64529439e-08    7.38874832e-03    7.38874821e-03    1.51719684e-06    1.54130277e-06    1.54130265e-06    7.96171321e-06    -1.54954093e-09   -1.54954100e-09   4.25100291e-06    1.11290738e-12    1.11290738e-12    3.64376392e-07    
N2                200.00   1050.00  3500.00  2.64643171e+00    2.64643171e+00    1.38188086e-07    3.76905346e-03    3.76905346e-03    5.29528222e-08    6.04378691e-07    6.04378694e-07    4.26790298e-07    -6.27431912e-10   -6.27431899e-10   2.07558091e-06    5.12680288e-13    5.12680305e-13    3.29918754e-06    


================================================================================================================================================================================================================================================================================================================================
   Status of entropy
--------------------------------------------------------------------------------------------------------------------------------------------------------------------------------------------------------------------------------------------------------------------------------------------------------------------------------
Name              Tlow[K]  Tmed[K]  Thigh[K] S/R(-)            S/R(+)            error(%)          dS/R(-)           dS/R(+)           error(%)          d2S/R(-)          d2S/R(+)          error(%)          d3S/R(-)          d3S/R(+)          error(%)          d4S/R(-)          d4S/R(+)          error(%)          
================================================================================================================================================================================================================================================================================================================================
CH3OH             300.00   1800.00  3500.00  4.53324435e+01    4.53324436e+01    1.76337969e-07    7.42264077e-03    7.42264080e-03    4.96950428e-07    -3.01674865e-06   -3.01674868e-06   8.60331022e-07    2.06918480e-09    2.06918479e-09    8.18248981e-07    -2.04401162e-12   -2.04401162e-12   8.06352422e-08    
H2                200.00   700.00   3500.00  1.87171078e+01    1.87171078e+01    3.35592370e-08    5.06470177e-03    5.06470181e-03    6.65810727e-07    -6.99281440e-06   -6.99281431e-06   1.26452808e-06    2.14141757e-08    2.14141758e-08    2.87071498e-07    -9.42252646e-11   -9.42252646e-11   4.82400738e-08    
H                 200.00   860.00   3500.00  1.64456313e+01    1.64456313e+01    1.93162042e-07    2.90697771e-03    2.90697772e-03    1.93214663e-07    -3.38030332e-06   -3.38030333e-06   1.93263145e-07    7.86163435e-09    7.86163437e-09    1.93498391e-07    -2.74252021e-11   -2.74252021e-11   1.93270620e-07    
O2                200.00   700.00   3500.00  2.78393992e+01    2.78393992e+01    4.26434382e-08    5.65552555e-03    5.65552555e-03    4.81783950e-08    -6.71103146e-06   -6.71103146e-06   1.58447429e-08    1.71363162e-08    1.71363162e-08    8.28873743e-08    -7.07661213e-11   -7.07661213e-11   1.10730033e-07    
O                 200.00   720.00   3500.00  2.16371076e+01    2.16371076e+01    1.55260057e-08    3.51561203e-03    3.51561203e-03    2.65102622e-08    -4.97942689e-06   -4.97942690e-06   1.96011065e-07    1.40101344e-08    1.40101344e-08    1.13749350e-07    -5.85917827e-11   -5.85917827e-11   5.95729450e-08    
H2O               200.00   1420.00  3500.00  2.98363592e+01    2.98363592e+01    6.52581208e-08    3.91796781e-03    3.91796780e-03    1.81370195e-07    -1.87734299e-06   -1.87734299e-06   1.55525097e-07    2.06422391e-09    2.06422390e-09    3.07774585e-07    -3.99734214e-12   -3.99734213e-12   9.30806514e-08    
OH                200.00   1700.00  3500.00  2.84813695e+01    2.84813695e+01    2.15966913e-08    2.38710748e-03    2.38710749e-03    2.75483812e-07    -1.14813837e-06   -1.14813837e-06   3.40556766e-07    1.16601120e-09    1.16601120e-09    1.64859450e-07    -1.85844425e-12   -1.85844425e-12   1.54094342e-08    
H2O2              200.00   1800.00  3500.00  4.06143130e+01    4.06143129e+01    3.06103980e-08    4.90935569e-03    4.90935568e-03    2.64510828e-07    -2.11137802e-06   -2.11137803e-06   4.43265531e-07    1.88819744e-09    1.88819744e-09    1.76593334e-07    -2.79914155e-12   -2.79914155e-12   1.58125314e-08    
HO2               200.00   700.00   3500.00  3.15610287e+01    3.15610288e+01    1.02423412e-07    7.49921171e-03    7.49921171e-03    1.14023979e-07    -7.64257998e-06   -7.64257998e-06   4.37903859e-08    1.85786099e-08    1.85786099e-08    1.76474602e-07    -7.59650459e-11   -7.59650460e-11   1.32616584e-07    
CO                200.00   960.00   3500.00  2.80472581e+01    2.80472582e+01    8.39785534e-08    4.11981485e-03    4.11981485e-03    8.86891760e-08    -3.56913122e-06   -3.56913123e-06   4.27231306e-07    6.59845469e-09    6.59845469e-09    7.23058851e-08    -1.98280231e-11   -1.98280231e-11   1.33600850e-07    
CO2               200.00   1450.00  3500.00  3.48985957e+01    3.48985958e+01    4.80718198e-08    4.80647821e-03    4.80647820e-03    1.57340764e-07    -2.80101950e-06   -2.80101952e-06   6.92326267e-07    3.31054844e-09    3.31054843e-09    2.31398511e-07    -6.43701110e-12   -6.43701111e-12   1.65961812e-07    
CH4               300.00   700.00   3500.00  2.70343384e+01    2.70343383e+01    1.68033790e-07    1.00749796e-02    1.00749796e-02    1.86937279e-09    -4.69474570e-06   -4.69474562e-06   1.54082457e-06    4.67206452e-09    4.67206465e-09    2.95728561e-06    -1.31461370e-11   -1.31461367e-11   1.59331007e-06    
CH3               300.00   1060.00  3500.00  3.06203261e+01    3.06203261e+01    1.25460566e-07    6.82919409e-03    6.82919409e-03    9.95146554e-08    -3.98306223e-06   -3.98306223e-06   9.07784818e-09    5.27278385e-09    5.27278387e-09    2.92902637e-07    -1.33992761e-11   -1.33992762e-11   2.27190288e-07    
CH2               300.00   1800.00  3500.00  3.24286163e+01    3.24286163e+01    1.27095292e-07    3.42929093e-03    3.42929093e-03    7.18489936e-08    -1.50379968e-06   -1.50379969e-06   2.67940198e-07    1.24649524e-09    1.24649524e-09    1.07437585e-07    -1.69688447e-12   -1.69688447e-12   1.55108245e-07    
CH2(S)            300.00   970.00   3500.00  2.80788572e+01    2.80788573e+01    1.33596226e-07    5.42126178e-03    5.42126178e-03    1.00696875e-07    -3.82194079e-06   -3.82194080e-06   1.23938885e-07    6.45887448e-09    6.45887451e-09    4.14102639e-07    -1.88432999e-11   -1.88432999e-11   6.26716083e-08    
CH3O              300.00   1740.00  3500.00  4.31083161e+01    4.31083161e+01    9.09760986e-09    6.66936872e-03    6.66936879e-03    1.00477343e-06    -3.00210163e-06   -3.00210158e-06   1.75300386e-06    2.54051242e-09    2.54051242e-09    9.42039666e-08    -3.77939180e-12   -3.77939180e-12   3.85969238e-08    
CH2OH             300.00   1360.00  3500.00  4.13349630e+01    4.13349629e+01    1.65698113e-07    7.43329268e-03    7.43329261e-03    9.32046145e-07    -4.03904417e-06   -4.03904422e-06   1.31218274e-06    4.51964506e-09    4.51964506e-09    1.69634611e-07    -8.96944329e-12   -8.96944330e-12   4.65101828e-09    
CH2O              300.00   700.00   3500.00  3.06693906e+01    3.06693906e+01    2.32678063e-08    8.97819270e-03    8.97819269e-03    1.09933084e-08    -6.27057788e-06   -6.27057797e-06   1.39565630e-06    9.78069361e-09    9.78069347e-09    1.40055184e-06    -3.40378643e-11   -3.40378643e-11   1.68925207e-07    
HCO               200.00   770.00   3500.00  3.14096728e+01    3.14096728e+01    3.96129214e-08    6.99107682e-03    6.99107686e-03    4.76651524e-07    -6.09925828e-06   -6.09925823e-06   8.51162603e-07    1.24915645e-08    1.24915645e-08    2.46020263e-07    -4.48319146e-11   -4.48319146e-11   9.49366243e-08    
C2H4              300.00   1650.00  3500.00  4.23668843e+01    4.23668843e+01    1.33304920e-07    8.22947370e-03    8.22947371e-03    3.49499784e-08    -3.53023399e-06   -3.53023397e-06   5.20922564e-07    2.73421598e-09    2.73421597e-09    4.73518381e-07    -3.86131766e-12   -3.86131766e-12   1.25729283e-08    
C2H3              300.00   1450.00  3500.00  4.05033840e+01    4.05033839e+01    2.04503481e-07    7.38874832e-03    7.38874821e-03    1.51719686e-06    -3.55438573e-06   -3.55438577e-06   1.27736492e-06    3.35306007e-09    3.35306007e-09    9.68347676e-08    -5.82445828e-12   -5.82445827e-12   4.57142870e-08    
N2                200.00   1050.00  3500.00  2.76353375e+01    2.76353375e+01    9.38052926e-08    3.76905346e-03    3.76905346e-03    5.29527992e-08    -2.98519603e-06   -2.98519603e-06   2.27337794e-08    5.05865576e-09    5.05865578e-09    2.31883595e-07    -1.39406219e-11   -1.39406219e-11   1.19080484e-07    

================================================================================================================================
   Anomalous behaviour of thermodynamic properties
================================================================================================================================
LT Cp for H defined in [200.00-860.00] has local maxima at: 496.84 
HT Cp for H defined in [860.00-3500.00] has local maxima at: 1137.65 2150.99 3231.91 
HT Cp for O defined in [720.00-3500.00] has local maxima at: 1778.97 
LT Cp for OH defined in [200.00-1700.00] has local maxima at: 521.14 
HT Cp for HO2 defined in [700.00-3500.00] has local maxima at: 3476.55 
LT Cp for CO defined in [200.00-960.00] has local maxima at: 278.29 
HT Cp for CH2O defined in [700.00-3500.00] has local maxima at: 3313.23 
LT Cp for N2 defined in [200.00-1050.00] has local maxima at: 294.73 
