-----------------------------------------------------------------------------------------------------------------------------------------------------
Name                              MW       Cp@298K        H@298K        G@298K        S@298K      Cp@1000K       H@1000K       G@1000K       S@1000K 
                           [kg/kmol]   [cal/mol/K]    [kcal/mol]    [kcal/mol]   [cal/mol/K]   [cal/mol/K]    [kcal/mol]    [kcal/mol]   [cal/mol/K] 
-----------------------------------------------------------------------------------------------------------------------------------------------------
CH3OH                        32.0420        9.9600      -48.0656      -65.1921       57.4713       21.2722      -36.5630     -112.4919       75.9288
H2                            2.0160        6.8632       -0.0018       -9.3082       31.2297        7.2209        4.9449      -34.7841       39.7290
H                             1.0080        4.9675       52.0966       43.9276       27.4127        4.9675       55.5838       22.1571       33.4267
O2                           31.9980        7.0290       -0.0026      -14.6100       49.0182        8.3256        5.4210      -52.7848       58.2058
O                            15.9990        5.2373       59.5607       48.0911       38.4885        4.9998       63.1131       18.4731       44.6401
H2O                          18.0150        8.0386      -57.7945      -71.2407       45.1214        9.8733      -51.5789     -107.1992       55.6203
OH                           17.0070        7.1478        8.9631       -4.1226       43.9120        7.3424       13.9643      -38.5514       52.5157
H2O2                         34.0140       10.2070      -32.3871      -49.0799       56.0161       15.0459      -23.2979      -94.4001       71.1022
HO2                          33.0060        8.4180        2.9307      -13.3861       54.7546       11.5299       10.0369      -56.5898       66.6267
CO                           28.0100        6.9505      -26.4132      -40.4893       47.2352        7.9125      -21.2300      -77.2819       56.0518
CO2                          44.0090        8.8628      -94.0341     -109.2584       51.0881       12.9580      -86.0504     -150.4073       64.3569
CH4                          16.0430        8.5234      -17.8303      -31.1008       44.5321       17.5545       -8.5876      -67.9258       59.3382
CH3                          15.0350        9.1781       35.0575       21.2423       46.3596       14.0644       43.3203      -16.6934       60.0138
CH2                          14.0270        8.3950       93.4958       79.6492       46.4652       10.5766      100.1734       42.4556       57.7178
CH2(S)                       14.0270        8.0728      102.4736       88.9994       45.2153       10.5498      108.9703       52.8578       56.1125
CH3O                         31.0340       10.0286        5.0284      -11.6494       55.9659       19.6134       16.0338      -57.7402       73.7740
CH2OH                        31.0340       11.2457       -4.1125      -21.4980       58.3406       18.4026        6.7548      -69.4567       76.2115
CH2O                         30.0260        8.4300      -26.0926      -41.6683       52.2674       14.7613      -17.7829      -83.5844       65.8016
HCO                          29.0180        8.2654        9.9861       -5.9848       53.5936       11.6208       17.0332      -48.2942       65.3274
C2H4                         28.0540       10.0664       12.5340       -3.0781       52.3895       22.4074       24.6433      -47.1237       71.7670
C2H3                         27.0460        9.9729       70.8746       54.2372       55.8302       18.7327       81.4697        8.4341       73.0356
N2                           28.0140        6.9435        0.0002      -13.6452       45.7902        7.7989        5.1298      -49.3995       54.5293
-----------------------------------------------------------------------------------------------------------------------------------------------------

 ====================================================================================================
   THERMO TABLE FOR MOLECULE CH3OH
 ====================================================================================================
   Elemental Composition:
     C 1.0000
     H 4.0000
     O 1.0000
   Formation Enthalpy at 298K =          -48.0656 kcal/mol
   Formation Free Gibbs Energy at 298K = -65.1921 kcal/mol
   Molecular Weight =                    32.0420 kg/kmol
 -----------------------------------------------------------------------------------------------------
   Temperature       Cp             H             G            S             DH            DG         
       [K]       [cal/mol/K]    [kcal/mol]    [kcal/mol]  [cal/(mol-K)]  [kcal/mol]     [kcal/mol]    
 -----------------------------------------------------------------------------------------------------
     300.0000      10.0070       -48.0457      -65.3071      57.5381       0.0200        -0.1150       
     600.0000      15.9757       -44.0972      -83.9507      66.4225       3.9684        -18.7586      
     800.0000      18.9410       -40.5938      -97.7469      71.4414       7.4718        -32.5548      
     1000.0000     21.2722       -36.5630      -112.4919     75.9288       11.5026       -47.2998      
     1200.0000     23.0987       -32.1185      -128.0890     79.9754       15.9471       -62.8970      
     1400.0000     24.5303       -27.3498      -144.4572     83.6481       20.7158       -79.2651      
     1600.0000     25.6567       -22.3267      -161.5269     87.0002       25.7389       -96.3349      
     1800.0000     26.5478       -17.1028      -179.2388     90.0756       30.9628       -114.0467     
     2000.0000     27.2543       -11.7198      -197.5412     92.9107       36.3458       -132.3491     
     2200.0000     27.8138       -6.2108       -216.3891     95.5356       41.8548       -151.1970     
     2400.0000     28.2572       -0.6020       -235.7430     97.9754       47.4636       -170.5510     
     2600.0000     28.6090       5.0860        -255.5683     100.2516      53.1516       -190.3762     
 -----------------------------------------------------------------------------------------------------


 ====================================================================================================
   THERMO TABLE FOR MOLECULE H2
 ====================================================================================================
   Elemental Composition:
     H 2.0000
   Formation Enthalpy at 298K =          -0.0018 kcal/mol
   Formation Free Gibbs Energy at 298K = -9.3082 kcal/mol
   Molecular Weight =                    2.0160 kg/kmol
 -----------------------------------------------------------------------------------------------------
   Temperature       Cp             H             G            S             DH            DG         
       [K]       [cal/mol/K]    [kcal/mol]    [kcal/mol]  [cal/(mol-K)]  [kcal/mol]     [kcal/mol]    
 -----------------------------------------------------------------------------------------------------
     300.0000      6.8665        0.0119        -9.3708       31.2756       0.0137        -0.0625       
     600.0000      7.0204        2.1055        -19.5588      36.1071       2.1072        -10.2506      
     800.0000      7.0876        3.5150        -26.9923      38.1342       3.5168        -17.6841      
     1000.0000     7.2209        4.9449        -34.7841      39.7290       4.9467        -25.4758      
     1200.0000     7.3975        6.4062        -42.8666      41.0607       6.4080        -33.5583      
     1400.0000     7.5973        7.9055        -51.1967      42.2158       7.9073        -41.8884      
     1600.0000     7.8041        9.4456        -59.7445      43.2438       9.4474        -50.4362      
     1800.0000     8.0051        11.0267       -68.4877      44.1747       11.0285       -59.1795      
     2000.0000     8.1911        12.6467       -77.4092      45.0279       12.6485       -68.1009      
     2200.0000     8.3567        14.3018       -86.4946      45.8166       14.3036       -77.1864      
     2400.0000     8.5000        15.9878       -95.7321      46.5500       15.9896       -86.4239      
     2600.0000     8.6227        17.7004       -105.1114     47.2353       17.7022       -95.8031      
 -----------------------------------------------------------------------------------------------------


 ====================================================================================================
   THERMO TABLE FOR MOLECULE H
 ====================================================================================================
   Elemental Composition:
     H 1.0000
   Formation Enthalpy at 298K =          52.0966 kcal/mol
   Formation Free Gibbs Energy at 298K = 43.9276 kcal/mol
   Molecular Weight =                    1.0080 kg/kmol
 -----------------------------------------------------------------------------------------------------
   Temperature       Cp             H             G            S             DH            DG         
       [K]       [cal/mol/K]    [kcal/mol]    [kcal/mol]  [cal/(mol-K)]  [kcal/mol]     [kcal/mol]    
 -----------------------------------------------------------------------------------------------------
     300.0000      4.9675        52.1065       43.8728       27.4459       0.0099        -0.0549       
     600.0000      4.9676        53.5968       35.0633       30.8891       1.5002        -8.8643       
     800.0000      4.9675        54.5903       28.7357       32.3182       2.4937        -15.1919      
     1000.0000     4.9675        55.5838       22.1571       33.4267       3.4872        -21.7705      
     1200.0000     4.9675        56.5773       15.3785       34.3324       4.4807        -28.5491      
     1400.0000     4.9675        57.5708       8.4335        35.0981       5.4742        -35.4942      
     1600.0000     4.9675        58.5643       1.3460        35.7614       6.4677        -42.5816      
     1800.0000     4.9675        59.5578       -5.8659       36.3465       7.4612        -49.7935      
     2000.0000     4.9675        60.5513       -13.1885      36.8699       8.4547        -57.1161      
     2200.0000     4.9675        61.5448       -20.6105      37.3433       9.4482        -64.5382      
     2400.0000     4.9675        62.5383       -28.1230      37.7756       10.4417       -72.0507      
     2600.0000     4.9675        63.5318       -35.7185      38.1732       11.4352       -79.6461      
 -----------------------------------------------------------------------------------------------------


 ====================================================================================================
   THERMO TABLE FOR MOLECULE O2
 ====================================================================================================
   Elemental Composition:
     O 2.0000
   Formation Enthalpy at 298K =          -0.0026 kcal/mol
   Formation Free Gibbs Energy at 298K = -14.6100 kcal/mol
   Molecular Weight =                    31.9980 kg/kmol
 -----------------------------------------------------------------------------------------------------
   Temperature       Cp             H             G            S             DH            DG         
       [K]       [cal/mol/K]    [kcal/mol]    [kcal/mol]  [cal/(mol-K)]  [kcal/mol]     [kcal/mol]    
 -----------------------------------------------------------------------------------------------------
     300.0000      7.0318        0.0115        -14.7081      49.0652       0.0141        -0.0981       
     600.0000      7.6619        2.2104        -30.2617      54.1201       2.2129        -15.6517      
     800.0000      8.0430        3.7827        -41.3206      56.3791       3.7853        -26.7106      
     1000.0000     8.3256        5.4210        -52.7848      58.2058       5.4235        -38.1748      
     1200.0000     8.5350        7.1080        -64.5838      59.7432       7.1106        -49.9738      
     1400.0000     8.6934        8.8316        -76.6682      61.0713       8.8342        -62.0582      
     1600.0000     8.8196        10.5833       -89.0017      62.2406       10.5859       -74.3917      
     1800.0000     8.9284        12.3583       -101.5562     63.2858       12.3608       -86.9462      
     2000.0000     9.0310        14.1542       -114.3095     64.2319       14.1568       -99.6995      
     2200.0000     9.1348        15.9707       -127.2436     65.0974       15.9733       -112.6336     
     2400.0000     9.2436        17.8085       -140.3440     65.8969       17.8111       -125.7340     
     2600.0000     9.3574        19.6685       -153.5987     66.6412       19.6711       -138.9887     
 -----------------------------------------------------------------------------------------------------


 ====================================================================================================
   THERMO TABLE FOR MOLECULE O
 ====================================================================================================
   Elemental Composition:
     O 1.0000
   Formation Enthalpy at 298K =          59.5607 kcal/mol
   Formation Free Gibbs Energy at 298K = 48.0911 kcal/mol
   Molecular Weight =                    15.9990 kg/kmol
 -----------------------------------------------------------------------------------------------------
   Temperature       Cp             H             G            S             DH            DG         
       [K]       [cal/mol/K]    [kcal/mol]    [kcal/mol]  [cal/(mol-K)]  [kcal/mol]     [kcal/mol]    
 -----------------------------------------------------------------------------------------------------
     300.0000      5.2345        59.5711       48.0141       38.5235       0.0105        -0.0770       
     600.0000      5.0489        61.1048       35.8603       42.0742       1.5441        -12.2308      
     800.0000      5.0193        62.1114       27.2935       43.5223       2.5507        -20.7976      
     1000.0000     4.9998        63.1131       18.4731       44.6401       3.5525        -29.6180      
     1200.0000     4.9874        64.1118       9.4512        45.5505       4.5511        -38.6399      
     1400.0000     4.9802        65.1084       0.2623        46.3187       5.5478        -47.8288      
     1600.0000     4.9768        66.1041       -9.0694       46.9834       6.5434        -57.1605      
     1800.0000     4.9760        67.0994       -18.5258      47.5696       7.5387        -66.6169      
     2000.0000     4.9770        68.0946       -28.0931      48.0939       8.5340        -76.1842      
     2200.0000     4.9792        69.0902       -37.7601      48.5683       9.5296        -85.8512      
     2400.0000     4.9825        70.0864       -47.5177      49.0017       10.5257       -95.6088      
     2600.0000     4.9871        71.0833       -57.3585      49.4007       11.5226       -105.4496     
 -----------------------------------------------------------------------------------------------------


 ====================================================================================================
   THERMO TABLE FOR MOLECULE H2O
 ====================================================================================================
   Elemental Composition:
     H 2.0000
     O 1.0000
   Formation Enthalpy at 298K =          -57.7945 kcal/mol
   Formation Free Gibbs Energy at 298K = -71.2407 kcal/mol
   Molecular Weight =                    18.0150 kg/kmol
 -----------------------------------------------------------------------------------------------------
   Temperature       Cp             H             G            S             DH            DG         
       [K]       [cal/mol/K]    [kcal/mol]    [kcal/mol]  [cal/(mol-K)]  [kcal/mol]     [kcal/mol]    
 -----------------------------------------------------------------------------------------------------
     300.0000      8.0411        -57.7784      -71.3309      45.1752       0.0161        -0.0903       
     600.0000      8.6688        -55.2828      -85.8327      50.9164       2.5116        -14.5920      
     800.0000      9.2545        -53.4917      -96.2827      53.4888       4.3028        -25.0420      
     1000.0000     9.8733        -51.5789      -107.1992     55.6203       6.2156        -35.9586      
     1200.0000     10.4675       -49.5440      -118.5124     57.4737       8.2504        -47.2718      
     1400.0000     11.0046       -47.3957      -130.1755     59.1284       10.3987       -58.9348      
     1600.0000     11.4770       -45.1465      -142.1536     60.6294       12.6479       -70.9129      
     1800.0000     11.8910       -42.8088      -154.4190     62.0056       14.9856       -83.1783      
     2000.0000     12.2536       -40.3936      -166.9489     63.2776       17.4009       -95.7082      
     2200.0000     12.5713       -37.9104      -179.7241     64.4608       19.8841       -108.4834     
     2400.0000     12.8497       -35.3677      -192.7281     65.5668       22.4268       -121.4874     
     2600.0000     13.0935       -32.7728      -205.9463     66.6052       25.0217       -134.7057     
 -----------------------------------------------------------------------------------------------------


 ====================================================================================================
   THERMO TABLE FOR MOLECULE OH
 ====================================================================================================
   Elemental Composition:
     H 1.0000
     O 1.0000
   Formation Enthalpy at 298K =          8.9631 kcal/mol
   Formation Free Gibbs Energy at 298K = -4.1226 kcal/mol
   Molecular Weight =                    17.0070 kg/kmol
 -----------------------------------------------------------------------------------------------------
   Temperature       Cp             H             G            S             DH            DG         
       [K]       [cal/mol/K]    [kcal/mol]    [kcal/mol]  [cal/(mol-K)]  [kcal/mol]     [kcal/mol]    
 -----------------------------------------------------------------------------------------------------
     300.0000      7.1456        8.9774        -4.2105       43.9598       0.0143        -0.0879       
     600.0000      7.0473        11.0963       -18.2194      48.8595       2.1332        -14.0968      
     800.0000      7.1576        12.5151       -28.2046      50.8996       3.5520        -24.0819      
     1000.0000     7.3424        13.9643       -38.5514      52.5157       5.0011        -34.4288      
     1200.0000     7.5587        15.4542       -49.1938      53.8733       6.4910        -45.0712      
     1400.0000     7.7754        16.9877       -60.0891      55.0549       8.0246        -55.9664      
     1600.0000     7.9737        18.5631       -71.2071      56.1064       9.5999        -67.0845      
     1800.0000     8.1469        20.1755       -82.5248      57.0558       11.2124       -78.4022      
     2000.0000     8.2977        21.8203       -94.0239      57.9221       12.8572       -89.9012      
     2200.0000     8.4306        23.4934       -105.6891     58.7193       14.5303       -101.5664     
     2400.0000     8.5494        25.1916       -117.5077     59.4580       16.2285       -113.3851     
     2600.0000     8.6571        26.9124       -129.4690     60.1467       17.9493       -125.3463     
 -----------------------------------------------------------------------------------------------------


 ====================================================================================================
   THERMO TABLE FOR MOLECULE H2O2
 ====================================================================================================
   Elemental Composition:
     H 2.0000
     O 2.0000
   Formation Enthalpy at 298K =          -32.3871 kcal/mol
   Formation Free Gibbs Energy at 298K = -49.0799 kcal/mol
   Molecular Weight =                    34.0140 kg/kmol
 -----------------------------------------------------------------------------------------------------
   Temperature       Cp             H             G            S             DH            DG         
       [K]       [cal/mol/K]    [kcal/mol]    [kcal/mol]  [cal/(mol-K)]  [kcal/mol]     [kcal/mol]    
 -----------------------------------------------------------------------------------------------------
     300.0000      10.2271       -32.3667      -49.1920      56.0844       0.0204        -0.1121       
     600.0000      12.7694       -28.8953      -67.2973      64.0035       3.4918        -18.2175      
     800.0000      14.0361       -26.2099      -80.4958      67.8574       6.1772        -31.4159      
     1000.0000     15.0459       -23.2979      -94.4001      71.1022       9.0892        -45.3202      
     1200.0000     15.8593       -20.2046      -108.9084     73.9198       12.1825       -59.8285      
     1400.0000     16.5257       -16.9640      -123.9467     76.4162       15.4231       -74.8668      
     1600.0000     17.0833       -13.6015      -139.4581     78.6604       18.7856       -90.3782      
     1800.0000     17.5588       -10.1361      -155.3973     80.7006       22.2510       -106.3174     
     2000.0000     17.9683       -6.5824       -171.7271     82.5724       25.8047       -122.6472     
     2200.0000     18.3218       -2.9525       -188.4167     84.3019       29.4346       -139.3368     
     2400.0000     18.6277       0.7432        -205.4398     85.9096       33.1303       -156.3599     
     2600.0000     18.8937       4.4959        -222.7735     87.4113       36.8830       -173.6936     
 -----------------------------------------------------------------------------------------------------


 ====================================================================================================
   THERMO TABLE FOR MOLECULE HO2
 ====================================================================================================
   Elemental Composition:
     H 1.0000
     O 2.0000
   Formation Enthalpy at 298K =          2.9307 kcal/mol
   Formation Free Gibbs Energy at 298K = -13.3861 kcal/mol
   Molecular Weight =                    33.0060 kg/kmol
 -----------------------------------------------------------------------------------------------------
   Temperature       Cp             H             G            S             DH            DG         
       [K]       [cal/mol/K]    [kcal/mol]    [kcal/mol]  [cal/(mol-K)]  [kcal/mol]     [kcal/mol]    
 -----------------------------------------------------------------------------------------------------
     300.0000      8.4285        2.9476        -13.4957      54.8109       0.0168        -0.1096       
     600.0000      9.9805        5.7133        -30.9700      61.1389       2.7826        -17.5839      
     800.0000      10.8359       7.7979        -43.5073      64.1315       4.8672        -30.1211      
     1000.0000     11.5299       10.0369       -56.5898      66.6267       7.1062        -43.2037      
     1200.0000     12.0975       12.4015       -70.1353      68.7807       9.4707        -56.7492      
     1400.0000     12.5694       14.8695       -84.0853      70.6820       11.9388       -70.6992      
     1600.0000     12.9710       17.4246       -98.3951      72.3873       14.4938       -85.0090      
     1800.0000     13.3229       20.0546       -113.0298     73.9358       17.1239       -99.6436      
     2000.0000     13.6402       22.7514       -127.9609     75.3562       19.8207       -114.5748     
     2200.0000     13.9334       25.5091       -143.1651     76.6701       22.5784       -129.7790     
     2400.0000     14.2076       28.3235       -158.6230     77.8944       25.3928       -145.2368     
     2600.0000     14.4631       31.1909       -174.3178     79.0418       28.2602       -160.9317     
 -----------------------------------------------------------------------------------------------------


 ====================================================================================================
   THERMO TABLE FOR MOLECULE CO
 ====================================================================================================
   Elemental Composition:
     C 1.0000
     O 1.0000
   Formation Enthalpy at 298K =          -26.4132 kcal/mol
   Formation Free Gibbs Energy at 298K = -40.4893 kcal/mol
   Molecular Weight =                    28.0100 kg/kmol
 -----------------------------------------------------------------------------------------------------
   Temperature       Cp             H             G            S             DH            DG         
       [K]       [cal/mol/K]    [kcal/mol]    [kcal/mol]  [cal/(mol-K)]  [kcal/mol]     [kcal/mol]    
 -----------------------------------------------------------------------------------------------------
     300.0000      6.9509        -26.3993      -40.5838      47.2817       0.0139        -0.0945       
     600.0000      7.2847        -24.2745      -55.5811      52.1776       2.1387        -15.0918      
     800.0000      7.6182        -22.7841      -66.2394      54.3191       3.6291        -25.7501      
     1000.0000     7.9125        -21.2300      -77.2819      56.0518       5.1831        -36.7926      
     1200.0000     8.1467        -19.6232      -88.6424      57.5160       6.7900        -48.1531      
     1400.0000     8.3305        -17.9747      -100.2754     58.7862       8.4385        -59.7861      
     1600.0000     8.4738        -16.2937      -112.1470     59.9083       10.1195       -71.6577      
     1800.0000     8.5853        -14.5873      -124.2309     60.9131       11.8259       -83.7416      
     2000.0000     8.6722        -12.8612      -136.5059     61.8223       13.5520       -96.0166      
     2200.0000     8.7407        -11.1197      -148.9545     62.6522       15.2935       -108.4653     
     2400.0000     8.7955        -9.3658       -161.5623     63.4152       17.0474       -121.0730     
     2600.0000     8.8402        -7.6021       -174.3168     64.1210       18.8111       -133.8275     
 -----------------------------------------------------------------------------------------------------


 ====================================================================================================
   THERMO TABLE FOR MOLECULE CO2
 ====================================================================================================
   Elemental Composition:
     C 1.0000
     O 2.0000
   Formation Enthalpy at 298K =          -94.0341 kcal/mol
   Formation Free Gibbs Energy at 298K = -109.2584 kcal/mol
   Molecular Weight =                    44.0090 kg/kmol
 -----------------------------------------------------------------------------------------------------
   Temperature       Cp             H             G            S             DH            DG         
       [K]       [cal/mol/K]    [kcal/mol]    [kcal/mol]  [cal/(mol-K)]  [kcal/mol]     [kcal/mol]    
 -----------------------------------------------------------------------------------------------------
     300.0000      8.8843        -94.0164      -109.3606     51.1475       0.0177        -0.1022       
     600.0000      11.3237       -90.9494      -125.8310     58.1361       3.0848        -16.5726      
     800.0000      12.3004       -88.5804      -137.8099     61.5369       5.4538        -28.5515      
     1000.0000     12.9580       -86.0504      -150.4073     64.3569       7.9837        -41.1489      
     1200.0000     13.4210       -83.4101      -163.5252     66.7626       10.6241       -54.2668      
     1400.0000     13.7721       -80.6893      -177.0918     68.8589       13.3448       -67.8334      
     1600.0000     14.0530       -77.9058      -191.0529     70.7169       16.1283       -81.7945      
     1800.0000     14.2770       -75.0719      -205.3660     72.3856       18.9622       -96.1076      
     2000.0000     14.4530       -72.1982      -219.9968     73.8993       21.8359       -110.7384     
     2200.0000     14.5891       -69.2934      -234.9171     75.2835       24.7407       -125.6587     
     2400.0000     14.6931       -66.3647      -250.1029     76.5576       27.6694       -140.8445     
     2600.0000     14.7718       -63.4179      -265.5338     77.7369       30.6163       -156.2754     
 -----------------------------------------------------------------------------------------------------


 ====================================================================================================
   THERMO TABLE FOR MOLECULE CH4
 ====================================================================================================
   Elemental Composition:
     C 1.0000
     H 4.0000
   Formation Enthalpy at 298K =          -17.8303 kcal/mol
   Formation Free Gibbs Energy at 298K = -31.1008 kcal/mol
   Molecular Weight =                    16.0430 kg/kmol
 -----------------------------------------------------------------------------------------------------
   Temperature       Cp             H             G            S             DH            DG         
       [K]       [cal/mol/K]    [kcal/mol]    [kcal/mol]  [cal/(mol-K)]  [kcal/mol]     [kcal/mol]    
 -----------------------------------------------------------------------------------------------------
     300.0000      8.5416        -17.8132      -31.1900      44.5892       0.0171        -0.0891       
     600.0000      12.6059       -14.6789      -45.6790      51.6669       3.1514        -14.5782      
     800.0000      15.3030       -11.8802      -56.4194      55.6739       5.9500        -25.3185      
     1000.0000     17.5545       -8.5876       -67.9258      59.3382       9.2427        -36.8250      
     1200.0000     19.4266       -4.8837       -80.1352      62.7096       12.9466       -49.0343      
     1400.0000     20.9824       -0.8380       -92.9926      65.8247       16.9922       -61.8918      
     1600.0000     22.2789       3.4920        -106.4500     68.7137       21.3223       -75.3491      
     1800.0000     23.3662       8.0596        -120.4647     71.4024       25.8899       -89.3639      
     2000.0000     24.2879       12.8274       -134.9991     73.9133       30.6577       -103.8983     
     2200.0000     25.0809       17.7662       -150.0195     76.2662       35.5965       -118.9187     
     2400.0000     25.7759       22.8533       -165.4962     78.4790       40.6836       -134.3954     
     2600.0000     26.3965       28.0716       -181.4028     80.5671       45.9019       -150.3020     
 -----------------------------------------------------------------------------------------------------


 ====================================================================================================
   THERMO TABLE FOR MOLECULE CH3
 ====================================================================================================
   Elemental Composition:
     C 1.0000
     H 3.0000
   Formation Enthalpy at 298K =          35.0575 kcal/mol
   Formation Free Gibbs Energy at 298K = 21.2423 kcal/mol
   Molecular Weight =                    15.0350 kg/kmol
 -----------------------------------------------------------------------------------------------------
   Temperature       Cp             H             G            S             DH            DG         
       [K]       [cal/mol/K]    [kcal/mol]    [kcal/mol]  [cal/(mol-K)]  [kcal/mol]     [kcal/mol]    
 -----------------------------------------------------------------------------------------------------
     300.0000      9.1939        35.0758       21.1495       46.4210       0.0184        -0.0928       
     600.0000      11.4955       38.1837       6.0777        53.5100       3.1263        -15.1646      
     800.0000      12.8726       40.6234       -4.9844       57.0097       5.5659        -26.2267      
     1000.0000     14.0644       43.3203       -16.6934      60.0138       8.2628        -37.9358      
     1200.0000     15.0642       46.2362       -28.9668      62.6692       11.1788       -50.2091      
     1400.0000     15.8925       49.3346       -41.7432      65.0556       14.2771       -62.9856      
     1600.0000     16.5726       52.5834       -54.9745      67.2237       17.5259       -76.2168      
     1800.0000     17.1261       55.9552       -68.6205      69.2087       20.8977       -89.8628      
     2000.0000     17.5725       59.4267       -82.6475      71.0371       24.3692       -103.8899     
     2200.0000     17.9296       62.9782       -97.0263      72.7293       27.9207       -118.2686     
     2400.0000     18.2132       66.5936       -111.7313     74.3020       31.5361       -132.9736     
     2600.0000     18.4372       70.2595       -126.7401     75.7691       35.2020       -147.9824     
 -----------------------------------------------------------------------------------------------------


 ====================================================================================================
   THERMO TABLE FOR MOLECULE CH2
 ====================================================================================================
   Elemental Composition:
     C 1.0000
     H 2.0000
   Formation Enthalpy at 298K =          93.4958 kcal/mol
   Formation Free Gibbs Energy at 298K = 79.6492 kcal/mol
   Molecular Weight =                    14.0270 kg/kmol
 -----------------------------------------------------------------------------------------------------
   Temperature       Cp             H             G            S             DH            DG         
       [K]       [cal/mol/K]    [kcal/mol]    [kcal/mol]  [cal/(mol-K)]  [kcal/mol]     [kcal/mol]    
 -----------------------------------------------------------------------------------------------------
     300.0000      8.4014        93.5126       79.5562       46.5213       0.0168        -0.0930       
     600.0000      9.3701        96.1784       64.5931       52.6422       2.6826        -15.0561      
     800.0000      9.9945        98.1155       53.7762       55.4241       4.6196        -25.8730      
     1000.0000     10.5766       100.1734      42.4556       57.7178       6.6776        -37.1936      
     1200.0000     11.1012       102.3423      30.7101       59.6935       8.8464        -48.9391      
     1400.0000     11.5589       104.6094      18.5934       61.4400       11.1136       -61.0558      
     1600.0000     11.9462       106.9611      6.1458        63.0095       13.4653       -73.5033      
     1800.0000     12.2652       109.3833      -6.6008       64.4357       15.8875       -86.2500      
     2000.0000     12.5237       111.8632      -19.6204      65.7418       18.3673       -99.2696      
     2200.0000     12.7317       114.3895      -32.8907      66.9455       20.8936       -112.5399     
     2400.0000     12.8985       116.9531      -46.3928      68.0608       23.4573       -126.0419     
     2600.0000     13.0319       119.5466      -60.1099      69.0987       26.0508       -139.7591     
 -----------------------------------------------------------------------------------------------------


 ====================================================================================================
   THERMO TABLE FOR MOLECULE CH2(S)
 ====================================================================================================
   Elemental Composition:
     C 1.0000
     H 2.0000
   Formation Enthalpy at 298K =          102.4736 kcal/mol
   Formation Free Gibbs Energy at 298K = 88.9994 kcal/mol
   Molecular Weight =                    14.0270 kg/kmol
 -----------------------------------------------------------------------------------------------------
   Temperature       Cp             H             G            S             DH            DG         
       [K]       [cal/mol/K]    [kcal/mol]    [kcal/mol]  [cal/(mol-K)]  [kcal/mol]     [kcal/mol]    
 -----------------------------------------------------------------------------------------------------
     300.0000      8.0766        102.4897      88.9089       45.2693       0.0161        -0.0905       
     600.0000      9.0418        105.0428      74.3649       51.1298       2.5693        -14.6345      
     800.0000      9.8312        106.9305      63.8588       53.8396       4.4569        -25.1406      
     1000.0000     10.5498       108.9703      52.8578       56.1125       6.4968        -36.1416      
     1200.0000     11.1640       111.1434      41.4333       58.0917       8.6698        -47.5661      
     1400.0000     11.6874       113.4299      29.6356       59.8530       10.9563       -59.3638      
     1600.0000     12.1343       115.8132      17.5034       61.4436       13.3397       -71.4960      
     1800.0000     12.5176       118.2794      5.0674        62.8956       15.8058       -83.9320      
     2000.0000     12.8481       120.8168      -7.6471       64.2319       18.3432       -96.6465      
     2200.0000     13.1348       123.4157      -20.6189      65.4703       20.9422       -109.6183     
     2400.0000     13.3850       126.0683      -33.8296      66.6241       23.5947       -122.8290     
     2600.0000     13.6042       128.7677      -47.2636      67.7043       26.2941       -136.2630     
 -----------------------------------------------------------------------------------------------------


 ====================================================================================================
   THERMO TABLE FOR MOLECULE CH3O
 ====================================================================================================
   Elemental Composition:
     C 1.0000
     H 3.0000
     O 1.0000
   Formation Enthalpy at 298K =          5.0284 kcal/mol
   Formation Free Gibbs Energy at 298K = -11.6494 kcal/mol
   Molecular Weight =                    31.0340 kg/kmol
 -----------------------------------------------------------------------------------------------------
   Temperature       Cp             H             G            S             DH            DG         
       [K]       [cal/mol/K]    [kcal/mol]    [kcal/mol]  [cal/(mol-K)]  [kcal/mol]     [kcal/mol]    
 -----------------------------------------------------------------------------------------------------
     300.0000      10.0731       5.0485        -11.7614      56.0331       0.0201        -0.1120       
     600.0000      15.4378       8.9360        -29.9443      64.8004       3.9076        -18.2948      
     800.0000      17.8538       12.2779       -43.3947      69.5907       7.2494        -31.7453      
     1000.0000     19.6134       16.0338       -57.7402      73.7740       11.0054       -46.0908      
     1200.0000     20.9040       20.0920       -72.8719      77.4699       15.0636       -61.2225      
     1400.0000     21.8722       24.3740       -88.7017      80.7684       19.3456       -77.0523      
     1600.0000     22.6242       28.8266       -105.1575     83.7400       23.7982       -93.5081      
     1800.0000     23.2253       33.4137       -122.1797     86.4408       28.3853       -110.5303     
     2000.0000     23.7051       38.1086       -139.7186     88.9136       33.0802       -128.0692     
     2200.0000     24.0802       42.8888       -157.7321     91.1913       37.8604       -146.0827     
     2400.0000     24.3665       47.7348       -176.1839     93.2994       42.7064       -164.5344     
     2600.0000     24.5794       52.6305       -195.0420     95.2587       47.6021       -183.3926     
 -----------------------------------------------------------------------------------------------------


 ====================================================================================================
   THERMO TABLE FOR MOLECULE CH2OH
 ====================================================================================================
   Elemental Composition:
     C 1.0000
     H 3.0000
     O 1.0000
   Formation Enthalpy at 298K =          -4.1125 kcal/mol
   Formation Free Gibbs Energy at 298K = -21.4980 kcal/mol
   Molecular Weight =                    31.0340 kg/kmol
 -----------------------------------------------------------------------------------------------------
   Temperature       Cp             H             G            S             DH            DG         
       [K]       [cal/mol/K]    [kcal/mol]    [kcal/mol]  [cal/(mol-K)]  [kcal/mol]     [kcal/mol]    
 -----------------------------------------------------------------------------------------------------
     300.0000      11.2799       -4.0899       -21.6147      58.4159       0.0225        -0.1168       
     600.0000      15.3152       -0.0504       -40.6031      67.5878       4.0621        -19.1051      
     800.0000      17.0894       3.1994        -54.6007      72.2502       7.3119        -33.1027      
     1000.0000     18.4026       6.7548        -69.4567      76.2115       10.8672       -47.9587      
     1200.0000     19.4183       10.5408       -85.0512      79.6600       14.6532       -63.5533      
     1400.0000     20.2383       14.5092       -101.2947     82.7170       18.6216       -79.7967      
     1600.0000     20.9079       18.6261       -118.1175     85.4647       22.7386       -96.6195      
     1800.0000     21.4488       22.8638       -135.4638     87.9597       26.9762       -113.9658     
     2000.0000     21.8799       27.1983       -153.2873     90.2428       31.3108       -131.7893     
     2200.0000     22.2187       31.6096       -171.5488     92.3447       35.7220       -150.0509     
     2400.0000     22.4812       36.0807       -190.2147     94.2898       40.1932       -168.7168     
     2600.0000     22.6818       40.5979       -209.2556     96.0975       44.7104       -187.7576     
 -----------------------------------------------------------------------------------------------------


 ====================================================================================================
   THERMO TABLE FOR MOLECULE CH2O
 ====================================================================================================
   Elemental Composition:
     C 1.0000
     H 2.0000
     O 1.0000
   Formation Enthalpy at 298K =          -26.0926 kcal/mol
   Formation Free Gibbs Energy at 298K = -41.6683 kcal/mol
   Molecular Weight =                    30.0260 kg/kmol
 -----------------------------------------------------------------------------------------------------
   Temperature       Cp             H             G            S             DH            DG         
       [K]       [cal/mol/K]    [kcal/mol]    [kcal/mol]  [cal/(mol-K)]  [kcal/mol]     [kcal/mol]    
 -----------------------------------------------------------------------------------------------------
     300.0000      8.4464        -26.0757      -41.7728      52.3238       0.0169        -0.1046       
     600.0000      11.5200       -23.0935      -58.5476      59.0902       2.9991        -16.8793      
     800.0000      13.3448       -20.5996      -70.7314      62.6647       5.4929        -29.0632      
     1000.0000     14.7613       -17.7829      -83.5844      65.8016       8.3097        -41.9162      
     1200.0000     15.8458       -14.7172      -97.0291      68.5932       11.3753       -55.3609      
     1400.0000     16.6675       -11.4621      -111.0028     71.1005       14.6305       -69.3346      
     1600.0000     17.2868       -8.0637       -125.4534     73.3686       18.0289       -83.7851      
     1800.0000     17.7548       -4.5574       -140.3367     75.4329       21.5352       -98.6684      
     2000.0000     18.1137       -0.9690       -155.6150     77.3230       25.1235       -113.9467     
     2200.0000     18.3961       2.6830        -171.2559     79.0631       28.7756       -129.5876     
     2400.0000     18.6261       6.3859        -187.2316     80.6740       32.4785       -145.5633     
     2600.0000     18.8181       10.1309       -203.5180     82.1727       36.2235       -161.8498     
 -----------------------------------------------------------------------------------------------------


 ====================================================================================================
   THERMO TABLE FOR MOLECULE HCO
 ====================================================================================================
   Elemental Composition:
     C 1.0000
     H 1.0000
     O 1.0000
   Formation Enthalpy at 298K =          9.9861 kcal/mol
   Formation Free Gibbs Energy at 298K = -5.9848 kcal/mol
   Molecular Weight =                    29.0180 kg/kmol
 -----------------------------------------------------------------------------------------------------
   Temperature       Cp             H             G            S             DH            DG         
       [K]       [cal/mol/K]    [kcal/mol]    [kcal/mol]  [cal/(mol-K)]  [kcal/mol]     [kcal/mol]    
 -----------------------------------------------------------------------------------------------------
     300.0000      8.2740        10.0027       -6.0920       53.6490       0.0165        -0.1072       
     600.0000      9.8489        12.7139       -23.1961      59.8499       2.7278        -17.2113      
     800.0000      10.8308       14.7851       -35.4728      62.8224       4.7990        -29.4880      
     1000.0000     11.6208       17.0332       -48.2942      65.3274       7.0471        -42.3094      
     1200.0000     12.2556       19.4231       -61.5820      67.5043       9.4370        -55.5972      
     1400.0000     12.7727       21.9276       -75.2794      69.4336       11.9415       -69.2947      
     1600.0000     13.2041       24.5265       -89.3425      71.1681       14.5404       -83.3577      
     1800.0000     13.5759       27.2053       -103.7362     72.7453       17.2192       -97.7514      
     2000.0000     13.9088       29.9543       -118.4320     74.1931       19.9682       -112.4472     
     2200.0000     14.2177       32.7673       -133.4063     75.5334       22.7811       -127.4215     
     2400.0000     14.5118       35.6404       -148.6394     76.7832       25.6543       -142.6546     
     2600.0000     14.7947       38.5713       -164.1145     77.9560       28.5851       -158.1297     
 -----------------------------------------------------------------------------------------------------


 ====================================================================================================
   THERMO TABLE FOR MOLECULE C2H4
 ====================================================================================================
   Elemental Composition:
     C 2.0000
     H 4.0000
   Formation Enthalpy at 298K =          12.5340 kcal/mol
   Formation Free Gibbs Energy at 298K = -3.0781 kcal/mol
   Molecular Weight =                    28.0540 kg/kmol
 -----------------------------------------------------------------------------------------------------
   Temperature       Cp             H             G            S             DH            DG         
       [K]       [cal/mol/K]    [kcal/mol]    [kcal/mol]  [cal/(mol-K)]  [kcal/mol]     [kcal/mol]    
 -----------------------------------------------------------------------------------------------------
     300.0000      10.1219       12.5542       -3.1829       52.4570       0.0202        -0.1048       
     600.0000      16.8958       16.6786       -20.3506      61.7154       4.1446        -17.2726      
     800.0000      20.0414       20.3873       -33.2354      67.0284       7.8533        -30.1573      
     1000.0000     22.4074       24.6433       -47.1237      71.7670       12.1093       -44.0457      
     1200.0000     24.2095       29.3128       -61.9097      76.0188       16.7788       -58.8317      
     1400.0000     25.6134       34.3006       -77.5039      79.8604       21.7666       -74.4259      
     1600.0000     26.7354       39.5395       -93.8309      83.3565       27.0055       -90.7529      
     1800.0000     27.6425       44.9806       -110.8270     86.5598       32.4466       -107.7490     
     2000.0000     28.3681       50.5844       -128.4380     89.5112       38.0504       -125.3600     
     2200.0000     28.9394       56.3175       -146.6169     92.2429       43.7835       -143.5388     
     2400.0000     29.3815       62.1516       -165.3223     94.7808       49.6176       -162.2443     
     2600.0000     29.7180       68.0631       -184.5177     97.1465       55.5291       -181.4397     
 -----------------------------------------------------------------------------------------------------


 ====================================================================================================
   THERMO TABLE FOR MOLECULE C2H3
 ====================================================================================================
   Elemental Composition:
     C 2.0000
     H 3.0000
   Formation Enthalpy at 298K =          70.8746 kcal/mol
   Formation Free Gibbs Energy at 298K = 54.2372 kcal/mol
   Molecular Weight =                    27.0460 kg/kmol
 -----------------------------------------------------------------------------------------------------
   Temperature       Cp             H             G            S             DH            DG         
       [K]       [cal/mol/K]    [kcal/mol]    [kcal/mol]  [cal/(mol-K)]  [kcal/mol]     [kcal/mol]    
 -----------------------------------------------------------------------------------------------------
     300.0000      10.0131       70.8946       54.1255       55.8971       0.0200        -0.1117       
     600.0000      14.8552       74.6794       36.0105       64.4481       3.8048        -18.2267      
     800.0000      17.0665       77.8823       22.6503       69.0400       7.0077        -31.5869      
     1000.0000     18.7327       81.4697       8.4341        73.0356       10.5951       -45.8031      
     1200.0000     20.0247       85.3506       -6.5332       76.5698       14.4760       -60.7704      
     1400.0000     21.0604       89.4626       -22.1694      79.7372       18.5880       -76.4066      
     1600.0000     21.9058       93.7621       -38.4083      82.6065       22.8875       -92.6455      
     1800.0000     22.5911       98.2143       -55.1955      85.2277       27.3397       -109.4327     
     2000.0000     23.1399       102.7895      -72.4853      87.6374       31.9149       -126.7225     
     2200.0000     23.5737       107.4626      -90.2383      89.8640       36.5880       -144.4755     
     2400.0000     23.9123       112.2126      -108.4202     91.9303       41.3380       -162.6574     
     2600.0000     24.1739       117.0224      -127.0010     93.8551       46.1478       -181.2382     
 -----------------------------------------------------------------------------------------------------


 ====================================================================================================
   THERMO TABLE FOR MOLECULE N2
 ====================================================================================================
   Elemental Composition:
     N 2.0000
   Formation Enthalpy at 298K =          0.0002 kcal/mol
   Formation Free Gibbs Energy at 298K = -13.6452 kcal/mol
   Molecular Weight =                    28.0140 kg/kmol
 -----------------------------------------------------------------------------------------------------
   Temperature       Cp             H             G            S             DH            DG         
       [K]       [cal/mol/K]    [kcal/mol]    [kcal/mol]  [cal/(mol-K)]  [kcal/mol]     [kcal/mol]    
 -----------------------------------------------------------------------------------------------------
     300.0000      6.9435        0.0141        -13.7368      45.8366       0.0139        -0.0916       
     600.0000      7.2081        2.1267        -28.2976      50.7071       2.1264        -14.6524      
     800.0000      7.5104        3.5982        -38.6591      52.8217       3.5979        -25.0139      
     1000.0000     7.7989        5.1298        -49.3995      54.5293       5.1296        -35.7543      
     1200.0000     8.0386        6.7144        -60.4534      55.9732       6.7141        -46.8082      
     1400.0000     8.2321        8.3422        -71.7762      57.2274       8.3419        -58.1310      
     1600.0000     8.3869        10.0046       -83.3348      58.3371       10.0044       -69.6896      
     1800.0000     8.5099        11.6948       -95.1034      59.3324       11.6945       -81.4582      
     2000.0000     8.6070        13.4069       -107.0615     60.2342       13.4066       -93.4163      
     2200.0000     8.6835        15.1362       -119.1919     61.0582       15.1360       -105.5467     
     2400.0000     8.7438        16.8792       -131.4804     61.8165       16.8789       -117.8352     
     2600.0000     8.7915        18.6329       -143.9148     62.5183       18.6326       -130.2696     
 -----------------------------------------------------------------------------------------------------


