 ----------------------------------------------------------------------------------------------------------------------------------------------------------------------------------------------------------------------------------------------------------
                     SPECIFIC HEAT COEFFICIENTS                                                                     

             Cp = A + B*T + C*T^2 + D*T^3 + E*T^4  [J/kg/K]                                                         

    Species                      Cp(298K)         Cp(1000K)          LT-HT            A(LT)            B(LT)            C(LT)            D(LT)            E(LT)             A(HT)           B(HT)            C(HT)            D(HT)           E(HT)      
 ----------------------------------------------------------------------------------------------------------------------------------------------------------------------------------------------------------------------------------------------------------

    1. CH3OH                    1.300698e+03     2.777974e+03     1.800000e+03     2.198707e+02     4.231883e+00    -2.201340e-03     5.950135e-07    -6.745400e-11     7.050284e+02     3.153755e+00    -1.302899e-03     2.622579e-07    -2.123794e-11
    2. H2                       1.424523e+04     1.498777e+04     7.000000e+02     1.089642e+04     2.266389e+01    -5.244530e-02     5.309921e-05    -1.938506e-08     1.559786e+04    -4.201495e+00     5.123384e-03    -1.728104e-06     1.961255e-10
    3. H                        2.062109e+04     2.062113e+04     8.600000e+02     2.061711e+04     2.467647e-02    -4.889364e-05     4.023690e-08    -1.200477e-11     2.062378e+04    -6.379426e-03     5.273624e-06    -1.753228e-09     2.016580e-13
    4. O2                       9.191957e+02     1.088754e+03     7.000000e+02     9.728631e+02    -7.268857e-01     2.546782e-03    -2.683131e-06     9.872255e-10     7.327900e+02     6.449603e-01    -3.928883e-04     1.165543e-07    -1.266231e-11
    5. O                        1.369783e+03     1.307662e+03     7.200000e+02     1.635969e+03    -1.617129e+00     3.212378e-03    -2.930038e-06     1.012692e-09     1.364432e+03    -1.085935e-01     6.959564e-05    -2.005344e-08     2.281001e-12
    6. H2O                      1.867172e+03     2.293320e+03     1.420000e+03     1.874094e+03    -3.995960e-01     1.497247e-03    -8.318758e-07     1.534510e-10     1.231256e+03     1.411215e+00    -4.155812e-04     6.616565e-08    -4.654890e-12
    7. OH                       1.758653e+03     1.806537e+03     1.700000e+03     1.913273e+03    -8.128976e-01     1.128933e-03    -5.004200e-07     7.764938e-11     1.221563e+03     8.146544e-01    -3.071426e-04     6.274679e-08    -5.169266e-12
    8. H2O2                     1.255679e+03     1.850958e+03     1.800000e+03     8.183300e+02     1.723332e+00    -9.399346e-04     2.853147e-07    -3.608412e-11     1.165671e+03     9.514622e-01    -2.967099e-04     4.708333e-08    -2.996423e-12
    9. HO2                      1.067212e+03     1.461731e+03     7.000000e+02     9.118912e+02     2.665326e-01     1.276363e-03    -1.596592e-06     6.086019e-10     7.617482e+02     1.124493e+00    -5.621230e-04     1.543465e-07    -1.673337e-11
   10. CO                       1.038339e+03     1.182050e+03     9.600000e+02     1.115295e+03    -6.366166e-01     1.609102e-03    -1.237896e-06     3.321663e-10     8.289391e+02     5.565343e-01    -2.551961e-04     5.675565e-08    -4.982601e-12
   11. CO2                      8.426825e+02     1.232062e+03     1.450000e+03     4.377129e+02     1.743328e+00    -1.465415e-03     6.201044e-07    -1.036682e-10     8.896100e+02     4.967153e-01    -1.758161e-04     2.718517e-08    -1.440718e-12
   12. CH4                      2.223130e+03     4.578676e+03     7.000000e+02     2.715519e+03    -7.609893e+00     2.745398e-02    -2.807259e-05     1.017443e-08     2.619014e+02     6.410778e+00    -2.590310e-03     5.410271e-07    -4.472061e-11
   13. CH3                      2.554381e+03     3.914288e+03     1.060000e+03     1.923521e+03     1.961875e+00     8.151792e-04    -1.074913e-06     2.886262e-10     1.541812e+03     3.402285e+00    -1.223138e-03     2.070473e-07    -1.372295e-11
   14. CH2                      2.504321e+03     3.155139e+03     1.800000e+03     2.231630e+03     8.526025e-01     2.819004e-04    -2.559414e-07     4.494758e-11     1.667237e+03     2.106809e+00    -7.632716e-04     1.311593e-07    -8.816409e-12
   15. CH2(S)                   2.408210e+03     3.147147e+03     9.700000e+02     2.478782e+03    -1.310767e+00     4.573206e-03    -3.532478e-06     9.384052e-10     1.635592e+03     2.166302e+00    -8.037052e-04     1.629938e-07    -1.403598e-11
   16. CH3O                     1.352199e+03     2.644550e+03     1.740000e+03     2.383532e+02     4.557757e+00    -3.049065e-03     1.040261e-06    -1.427560e-10     1.533109e+03     1.581306e+00    -4.831592e-04     5.715557e-08    -1.505188e-12
   17. CH2OH                    1.516295e+03     2.481290e+03     1.360000e+03     6.291213e+02     3.740093e+00    -2.910416e-03     1.239101e-06    -2.166087e-10     1.351723e+03     1.614794e+00    -5.663362e-04     9.004233e-08    -5.384748e-12
   18. CH2O                     1.174811e+03     2.057145e+03     7.000000e+02     1.197966e+03    -1.941551e+00     8.727526e-03    -9.317388e-06     3.418550e-09     3.692181e+02     2.794153e+00    -1.420411e-03     3.473134e-07    -3.312912e-11
   19. HCO                      1.191874e+03     1.675740e+03     7.700000e+02     1.156094e+03    -6.184325e-01     3.387729e-03    -3.394191e-06     1.147813e-09     7.451135e+02     1.516529e+00    -7.712875e-04     2.066890e-07    -2.130395e-11
   20. C2H4                     1.501474e+03     3.342208e+03     1.650000e+03    -1.786932e+01     6.168539e+00    -3.980529e-03     1.365210e-06    -1.931429e-10     1.364512e+03     2.817313e+00    -9.339596e-04     1.342726e-07    -6.637260e-12
   21. C2H3                     1.542960e+03     2.898235e+03     1.450000e+03     3.794206e+02     4.802572e+00    -3.386887e-03     1.315722e-06    -2.125932e-10     1.287252e+03     2.298210e+00    -7.961675e-04     1.245865e-07    -7.225052e-12
   22. N2                       1.037140e+03     1.164911e+03     1.050000e+03     1.107350e+03    -5.436120e-01     1.283125e-03    -9.033842e-07     2.214316e-10     8.344916e+02     4.958504e-01    -2.018210e-04     3.943875e-08    -3.050104e-12

 ----------------------------------------------------------------------------------------------------------------------------------------------------------------------------------------------------------------------------------------------------------


 -------------------------------------------------------------------------------------------------------------------------------------------------------------------------------------------------------------------------------------------------------------------------------------------
                           ENTHALPY COEFFICIENTS                                                                     

             H/(RT) = A + B*T + C*T^2 + D*T^3 + E*T^4 + F/T  [-]                                                         

    Species                   H(298K)[J/kmol]  H(1000K)[J/kmol]      LT-HT            A(LT)            B(LT)            C(LT)            D(LT)            E(LT)           F(LT)             A(HT)            B(HT)            C(HT)           D(HT)             E(HT)            F(HT)      
 -------------------------------------------------------------------------------------------------------------------------------------------------------------------------------------------------------------------------------------------------------------------------------------------

    1. CH3OH                   -2.011272e+08    -1.529955e+08     1.800000e+03     8.473305e-01     8.154345e-03    -2.827817e-06     5.732609e-10    -5.199040e-14    -2.509625e+04     2.717015e+00     6.076918e-03    -1.673690e-06     2.526702e-10    -1.636922e-14    -2.576934e+04
    2. H2                      -7.522648e+03     2.069177e+07     7.000000e+02     2.642044e+00     2.747646e-03    -4.238788e-06     3.218729e-09    -9.400555e-13    -9.432366e+02     3.781999e+00    -5.093663e-04     4.140874e-07    -1.047530e-10     9.510876e-15    -1.102830e+03
    3. H                        2.179946e+08     2.325866e+08     8.600000e+02     2.499505e+00     1.495820e-06    -1.975866e-09     1.219525e-12    -2.910786e-16     2.547379e+04     2.500315e+00    -3.867034e-07     2.131151e-10    -5.313795e-14     4.889584e-18     2.547365e+04
    4. O2                      -1.079679e+04     2.268365e+07     7.000000e+02     3.744039e+00    -1.398701e-03     3.267075e-06    -2.581491e-09     7.598625e-13    -1.060698e+03     2.820124e+00     1.241057e-03    -5.040070e-07     1.121391e-10    -9.746113e-15    -9.313501e+02
    5. O                        2.492274e+08     2.640925e+08     7.200000e+02     3.147992e+00    -1.555870e-03     2.060460e-06    -1.409522e-09     3.897320e-13     2.913091e+04     2.625491e+00    -1.044798e-04     4.463952e-08    -9.646897e-12     8.778374e-16     2.920615e+04
    6. H2O                     -2.418369e+08    -2.158282e+08     1.420000e+03     4.060612e+00    -4.329036e-04     1.081365e-06    -4.506077e-10     6.649666e-14    -3.028313e+04     2.667771e+00     1.528844e-03    -3.001475e-07     3.584039e-11    -2.017156e-15    -2.988756e+04
    7. OH                       3.750557e+07     5.843252e+07     1.700000e+03     3.913546e+00    -8.313796e-04     7.697334e-07    -2.558988e-10     3.176593e-14     3.400050e+03     2.498674e+00     8.331764e-04    -2.094172e-07     3.208670e-11    -2.114718e-15     3.881107e+03
    8. H2O2                    -1.355216e+08    -9.748849e+07     1.800000e+03     3.347742e+00     3.525027e-03    -1.281740e-06     2.918017e-10    -2.952362e-14    -1.757848e+04     4.768696e+00     1.946189e-03    -4.046078e-07     4.815382e-11    -2.451640e-15    -1.809002e+04
    9. HO2                      1.226347e+07     4.199872e+07     7.000000e+02     3.619943e+00     5.290285e-04     1.688930e-06    -1.584502e-09     4.831946e-13     3.158982e+02     3.023919e+00     2.231955e-03    -7.438216e-07     1.531777e-10    -1.328532e-14     3.993416e+02
   10. CO                      -1.105242e+08    -8.883565e+07     9.600000e+02     3.757239e+00    -1.072326e-03     1.806930e-06    -1.042565e-09     2.238023e-13    -1.435755e+04     2.792554e+00     9.374344e-04    -2.865706e-07     4.780002e-11    -3.357106e-15    -1.417233e+04
   11. CO2                     -3.934792e+08    -3.600718e+08     1.450000e+03     2.316843e+00     4.613775e-03    -2.585514e-06     8.205634e-10    -1.097445e-13    -4.836261e+04     4.708765e+00     1.314574e-03    -3.102022e-07     3.597323e-11    -1.525163e-15    -4.905626e+04
   12. CH4                     -7.460951e+07    -3.593418e+07     7.000000e+02     5.239673e+00    -7.341756e-03     1.765776e-05    -1.354172e-08     3.926371e-12    -1.025263e+04     5.053464e-01     6.184892e-03    -1.666026e-06     2.609819e-10    -1.725795e-14    -9.589825e+03
   13. CH3                      1.466956e+08     1.812709e+08     1.060000e+03     3.478293e+00     1.773824e-03     4.913615e-07    -4.859399e-10     1.043842e-13     1.643995e+04     2.788051e+00     3.076167e-03    -7.372645e-07     9.360066e-11    -4.963027e-15     1.658628e+04
   14. CH2                      3.912267e+08     4.191687e+08     1.800000e+03     3.764895e+00     7.191960e-04     1.585277e-07    -1.079471e-10     1.516586e-14     4.586457e+04     2.812730e+00     1.777157e-03    -4.292284e-07     5.531844e-11    -2.974763e-15     4.620735e+04
   15. CH2(S)                   4.287934e+08     4.559787e+08     9.700000e+02     4.181854e+00    -1.105672e-03     2.571758e-06    -1.489876e-09     3.166293e-13     5.036694e+04     2.759343e+00     1.827342e-03    -4.519664e-07     6.874510e-11    -4.735909e-15     5.064291e+04
   16. CH3O                     2.104107e+07     6.709244e+07     1.740000e+03     8.896610e-01     8.505988e-03    -3.793578e-06     9.707023e-10    -1.065683e-13     1.603161e+03     5.722381e+00     2.951138e-03    -6.011357e-07     5.333375e-11    -1.123633e-15    -7.862522e+01
   17. CH2OH                   -1.720835e+07     2.826481e+07     1.360000e+03     2.348216e+00     6.980008e-03    -3.621074e-06     1.156246e-09    -1.616998e-13    -3.302221e+03     5.045350e+00     3.013635e-03    -7.046227e-07     8.402148e-11    -4.019750e-15    -4.035841e+03
   18. CH2O                    -1.091825e+08    -7.441118e+07     7.000000e+02     4.326213e+00    -3.505759e-03     1.050590e-05    -8.411966e-09     2.469080e-12    -1.432702e+04     1.333357e+00     5.045259e-03    -1.709842e-06     3.135630e-10    -2.392782e-14    -1.390802e+04
   19. HCO                      4.178628e+07     7.127428e+07     7.700000e+02     4.034840e+00    -1.079184e-03     3.941129e-06    -2.961485e-09     8.011879e-13     3.836364e+03     2.600493e+00     2.646391e-03    -8.972807e-07     1.803394e-10    -1.487043e-14     4.057253e+03
   20. C2H4                     5.244767e+07     1.031180e+08     1.650000e+03    -6.029325e-02     1.040670e-02    -4.476929e-06     1.151596e-09    -1.303375e-13     5.511517e+03     4.604027e+00     4.752977e-03    -1.050431e-06     1.132630e-10    -4.478983e-15     3.972291e+03
   21. C2H3                     2.965698e+08     3.409043e+08     1.450000e+03     1.234212e+00     7.811110e-03    -3.672386e-06     1.069973e-09    -1.383083e-13     3.469677e+04     4.187284e+00     3.737908e-03    -8.632808e-07     1.013164e-10    -4.700454e-15     3.384038e+04
   22. N2                       1.040434e+03     2.146532e+07     1.050000e+03     3.731007e+00    -9.157987e-04     1.441082e-06    -7.609454e-10     1.492143e-13    -1.062874e+03     2.811661e+00     8.353368e-04    -2.266658e-07     3.322034e-11    -2.055349e-15    -8.698116e+02

 -------------------------------------------------------------------------------------------------------------------------------------------------------------------------------------------------------------------------------------------------------------------------------------------


 -------------------------------------------------------------------------------------------------------------------------------------------------------------------------------------------------------------------------------------------------------------------------------------------
                             ENTROPY COEFFICIENTS                                                                     

             S/R = A*lnT + B*T + C*T^2 + D*T^3 + E*T^4 + F  [-]                                                         

    Species                 S(298K)[J/kmol/K] S(1000K)[J/kmol/K]     LT-HT            A(LT)            B(LT)            C(LT)            D(LT)            E(LT)           F(LT)             A(HT)            B(HT)            C(HT)           D(HT)             E(HT)            F(HT)      
 -------------------------------------------------------------------------------------------------------------------------------------------------------------------------------------------------------------------------------------------------------------------------------------------

    1. CH3OH                    2.404848e+05     3.177189e+05     1.800000e+03     8.473305e-01     1.630869e-02    -4.241725e-06     7.643478e-10    -6.498800e-14     1.959333e+01     2.717015e+00     1.215384e-02    -2.510535e-06     3.368936e-10    -2.046152e-14     9.474205e+00
    2. H2                       1.306785e+05     1.662433e+05     7.000000e+02     2.642044e+00     5.495293e-03    -6.358182e-06     4.291639e-09    -1.175069e-12    -5.122311e-01     3.781999e+00    -1.018733e-03     6.211312e-07    -1.396706e-10     1.188859e-14    -5.605259e+00
    3. H                        1.147064e+05     1.398716e+05     8.600000e+02     2.499505e+00     2.991640e-06    -2.963799e-09     1.626034e-12    -3.638483e-16    -4.445740e-01     2.500315e+00    -7.734068e-07     3.196727e-10    -7.085060e-14     6.111980e-18    -4.483572e-01
    4. O2                       2.051131e+05     2.435581e+05     7.000000e+02     3.744039e+00    -2.797401e-03     4.900613e-06    -3.441988e-09     9.498281e-13     3.821326e+00     2.820124e+00     2.482114e-03    -7.560105e-07     1.495187e-10    -1.218264e-14     7.949146e+00
    5. O                        1.610523e+05     1.867933e+05     7.200000e+02     3.147992e+00    -3.111741e-03     3.090689e-06    -1.879363e-09     4.871650e-13     2.134465e+00     2.625491e+00    -2.089596e-04     6.695927e-08    -1.286253e-11     1.097297e-15     4.483585e+00
    6. H2O                      1.888075e+05     2.327394e+05     1.420000e+03     4.060612e+00    -8.658072e-04     1.622048e-06    -6.008103e-10     8.312082e-14    -2.961505e-01     2.667771e+00     3.057688e-03    -4.502212e-07     4.778718e-11    -2.521445e-15     6.911911e+00
    7. OH                       1.837465e+05     2.197483e+05     1.700000e+03     3.913546e+00    -1.662759e-03     1.154600e-06    -3.411984e-10     3.970741e-14     2.054747e-01     2.498674e+00     1.666353e-03    -3.141258e-07     4.278227e-11    -2.643397e-15     7.782189e+00
    8. H2O2                     2.343953e+05     2.975221e+05     1.800000e+03     3.347742e+00     7.050054e-03    -1.922610e-06     3.890689e-10    -3.690453e-14     7.178689e+00     4.768696e+00     3.892378e-03    -6.069117e-07     6.420509e-11    -3.064550e-15    -5.118118e-01
    9. HO2                      2.291166e+05     2.787947e+05     7.000000e+02     3.619943e+00     1.058057e-03     2.533395e-06    -2.112669e-09     6.039932e-13     6.444115e+00     3.023919e+00     4.463909e-03    -1.115732e-06     2.042369e-10    -1.660666e-14     9.107000e+00
   10. CO                       1.976524e+05     2.345449e+05     9.600000e+02     3.757239e+00    -2.144652e-03     2.710395e-06    -1.390087e-09     2.797528e-13     2.799768e+00     2.792554e+00     1.874869e-03    -4.298560e-07     6.373336e-11    -4.196382e-15     7.414436e+00
   11. CO2                      2.137746e+05     2.692971e+05     1.450000e+03     2.316843e+00     9.227550e-03    -3.878270e-06     1.094085e-09    -1.371806e-13     1.007862e+01     4.708765e+00     2.629147e-03    -4.653032e-07     4.796431e-11    -1.906454e-15    -2.349765e+00
   12. CH4                      1.863415e+05     2.482967e+05     7.000000e+02     5.239673e+00    -1.468351e-02     2.648664e-05    -1.805563e-08     4.907964e-12    -4.976497e+00     5.053464e-01     1.236978e-02    -2.499040e-06     3.479759e-10    -2.157244e-14     1.617528e+01
   13. CH3                      1.939885e+05     2.511234e+05     1.060000e+03     3.478293e+00     3.547648e-03     7.370422e-07    -6.479199e-10     1.304803e-13     2.408760e+00     2.788051e+00     6.152335e-03    -1.105897e-06     1.248009e-10    -6.203784e-15     5.778998e+00
   14. CH2                      1.944303e+05     2.415161e+05     1.800000e+03     3.764895e+00     1.438392e-03     2.377915e-07    -1.439295e-10     1.895732e-14     1.489532e+00     2.812730e+00     3.554314e-03    -6.438426e-07     7.375791e-11    -3.718454e-15     6.642847e+00
   15. CH2(S)                   1.892002e+05     2.347988e+05     9.700000e+02     4.181854e+00    -2.211343e-03     3.857638e-06    -1.986501e-09     3.957866e-13    -7.030026e-01     2.759343e+00     3.654683e-03    -6.779496e-07     9.166014e-11    -5.919887e-15     6.116464e+00
   16. CH3O                     2.341855e+05     3.087022e+05     1.740000e+03     8.896610e-01     1.701198e-02    -5.690368e-06     1.294270e-09    -1.332104e-13     1.850011e+01     5.722381e+00     5.902276e-03    -9.017036e-07     7.111167e-11    -1.404541e-15    -7.491737e+00
   17. CH2OH                    2.441221e+05     3.189015e+05     1.360000e+03     2.348216e+00     1.396002e-02    -5.431610e-06     1.541661e-09    -2.021248e-13     1.226620e+01     5.045350e+00     6.027271e-03    -1.056934e-06     1.120286e-10    -5.024687e-15    -1.575241e+00
   18. CH2O                     2.187092e+05     2.753421e+05     7.000000e+02     4.326213e+00    -7.011519e-03     1.575885e-05    -1.121595e-08     3.086351e-12     2.620289e+00     1.333357e+00     1.009052e-02    -2.564763e-06     4.180840e-10    -2.990978e-14     1.599161e+01
   19. HCO                      2.242588e+05     2.733578e+05     7.700000e+02     4.034840e+00    -2.158369e-03     5.911694e-06    -3.948647e-09     1.001485e-12     4.200088e+00     2.600493e+00     5.292783e-03    -1.345921e-06     2.404526e-10    -1.858804e-14     1.074509e+01
   20. C2H4                     2.192200e+05     3.003040e+05     1.650000e+03    -6.029325e-02     2.081340e-02    -6.715393e-06     1.535461e-09    -1.629219e-13     2.106422e+01     4.604027e+00     9.505954e-03    -1.575646e-06     1.510174e-10    -5.598729e-15    -3.774209e+00
   21. C2H3                     2.336177e+05     3.056124e+05     1.450000e+03     1.234212e+00     1.562222e-02    -5.508579e-06     1.426631e-09    -1.728854e-13     1.686370e+01     4.187284e+00     7.475816e-03    -1.294921e-06     1.350886e-10    -5.875568e-15     1.519588e+00
   22. N2                       1.916057e+05     2.281742e+05     1.050000e+03     3.731007e+00    -1.831597e-03     2.161623e-06    -1.014594e-09     1.865179e-13     2.168212e+00     2.811661e+00     1.670674e-03    -3.399987e-07     4.429379e-11    -2.569186e-15     6.648381e+00

 -------------------------------------------------------------------------------------------------------------------------------------------------------------------------------------------------------------------------------------------------------------------------------------------


