 ----------------------------------------------------------------------------------------------------------------------------------------------------------------------------------------------------------------------------------------------------------
                     SPECIFIC HEAT COEFFICIENTS                                                                     

             Cp = A + B*T + C*T^2 + D*T^3 + E*T^4  [J/kg/K]                                                         

    Species                      Cp(298K)         Cp(1000K)          LT-HT            A(LT)            B(LT)            C(LT)            D(LT)            E(LT)             A(HT)           B(HT)            C(HT)            D(HT)           E(HT)      
 ----------------------------------------------------------------------------------------------------------------------------------------------------------------------------------------------------------------------------------------------------------

    1. C2H5OH                   1.395942e+03     3.092358e+03     1.580000e+03    -7.621450e+01     6.062174e+00    -4.204022e-03     1.541041e-06    -2.306212e-10     1.321988e+03     2.522421e+00    -8.434963e-04     1.230978e-07    -6.263055e-12
    2. N2                       1.037140e+03     1.164911e+03     1.050000e+03     1.107350e+03    -5.436120e-01     1.283125e-03    -9.033842e-07     2.214316e-10     8.344916e+02     4.958504e-01    -2.018210e-04     3.943875e-08    -3.050104e-12
    3. O2                       9.191957e+02     1.088754e+03     7.000000e+02     9.728631e+02    -7.268857e-01     2.546782e-03    -2.683131e-06     9.872255e-10     7.327900e+02     6.449603e-01    -3.928883e-04     1.165543e-07    -1.266231e-11
    4. CO                       1.038339e+03     1.182050e+03     9.600000e+02     1.115295e+03    -6.366166e-01     1.609102e-03    -1.237896e-06     3.321663e-10     8.289391e+02     5.565343e-01    -2.551961e-04     5.675565e-08    -4.982601e-12
    5. CO2                      8.426825e+02     1.232062e+03     1.450000e+03     4.377129e+02     1.743328e+00    -1.465415e-03     6.201044e-07    -1.036682e-10     8.896100e+02     4.967153e-01    -1.758161e-04     2.718517e-08    -1.440718e-12
    6. H2O                      1.867172e+03     2.293320e+03     1.420000e+03     1.874094e+03    -3.995960e-01     1.497247e-03    -8.318758e-07     1.534510e-10     1.231256e+03     1.411215e+00    -4.155812e-04     6.616565e-08    -4.654890e-12
    7. C2H5OH(L)                1.395942e+03     3.092358e+03     1.580000e+03    -7.621450e+01     6.062174e+00    -4.204022e-03     1.541041e-06    -2.306212e-10     1.321988e+03     2.522421e+00    -8.434963e-04     1.230978e-07    -6.263055e-12

 ----------------------------------------------------------------------------------------------------------------------------------------------------------------------------------------------------------------------------------------------------------


 -------------------------------------------------------------------------------------------------------------------------------------------------------------------------------------------------------------------------------------------------------------------------------------------
                           ENTHALPY COEFFICIENTS                                                                     

             H/(RT) = A + B*T + C*T^2 + D*T^3 + E*T^4 + F/T  [-]                                                         

    Species                   H(298K)[J/kmol]  H(1000K)[J/kmol]      LT-HT            A(LT)            B(LT)            C(LT)            D(LT)            E(LT)           F(LT)             A(HT)            B(HT)            C(HT)           D(HT)             E(HT)            F(HT)      
 -------------------------------------------------------------------------------------------------------------------------------------------------------------------------------------------------------------------------------------------------------------------------------------------

    1. C2H5OH                  -2.350207e+08    -1.576081e+08     1.580000e+03    -4.222914e-01     1.679473e-02    -7.764587e-06     2.134661e-09    -2.555664e-13    -2.944284e+04     7.324908e+00     6.988149e-03    -1.557889e-06     1.705159e-10    -6.940501e-15    -3.189096e+04
    2. N2                       1.040434e+03     2.146532e+07     1.050000e+03     3.731007e+00    -9.157987e-04     1.441082e-06    -7.609454e-10     1.492143e-13    -1.062874e+03     2.811661e+00     8.353368e-04    -2.266658e-07     3.322034e-11    -2.055349e-15    -8.698116e+02
    3. O2                      -1.079679e+04     2.268365e+07     7.000000e+02     3.744039e+00    -1.398701e-03     3.267075e-06    -2.581491e-09     7.598625e-13    -1.060698e+03     2.820124e+00     1.241057e-03    -5.040070e-07     1.121391e-10    -9.746113e-15    -9.313501e+02
    4. CO                      -1.105242e+08    -8.883565e+07     9.600000e+02     3.757239e+00    -1.072326e-03     1.806930e-06    -1.042565e-09     2.238023e-13    -1.435755e+04     2.792554e+00     9.374344e-04    -2.865706e-07     4.780002e-11    -3.357106e-15    -1.417233e+04
    5. CO2                     -3.934792e+08    -3.600718e+08     1.450000e+03     2.316843e+00     4.613775e-03    -2.585514e-06     8.205634e-10    -1.097445e-13    -4.836261e+04     4.708765e+00     1.314574e-03    -3.102022e-07     3.597323e-11    -1.525163e-15    -4.905626e+04
    6. H2O                     -2.418369e+08    -2.158282e+08     1.420000e+03     4.060612e+00    -4.329036e-04     1.081365e-06    -4.506077e-10     6.649666e-14    -3.028313e+04     2.667771e+00     1.528844e-03    -3.001475e-07     3.584039e-11    -2.017156e-15    -2.988756e+04
    7. C2H5OH(L)               -2.350207e+08    -1.576081e+08     1.580000e+03    -4.222914e-01     1.679473e-02    -7.764587e-06     2.134661e-09    -2.555664e-13    -2.944284e+04     7.324908e+00     6.988149e-03    -1.557889e-06     1.705159e-10    -6.940501e-15    -3.189096e+04

 -------------------------------------------------------------------------------------------------------------------------------------------------------------------------------------------------------------------------------------------------------------------------------------------


 -------------------------------------------------------------------------------------------------------------------------------------------------------------------------------------------------------------------------------------------------------------------------------------------
                             ENTROPY COEFFICIENTS                                                                     

             S/R = A*lnT + B*T + C*T^2 + D*T^3 + E*T^4 + F  [-]                                                         

    Species                 S(298K)[J/kmol/K] S(1000K)[J/kmol/K]     LT-HT            A(LT)            B(LT)            C(LT)            D(LT)            E(LT)           F(LT)             A(HT)            B(HT)            C(HT)           D(HT)             E(HT)            F(HT)      
 -------------------------------------------------------------------------------------------------------------------------------------------------------------------------------------------------------------------------------------------------------------------------------------------

    1. C2H5OH                   2.804514e+05     4.044193e+05     1.580000e+03    -4.222914e-01     3.358946e-02    -1.164688e-05     2.846214e-09    -3.194580e-13     2.708821e+01     7.324908e+00     1.397630e-02    -2.336834e-06     2.273546e-10    -8.675626e-15    -1.383131e+01
    2. N2                       1.916057e+05     2.281742e+05     1.050000e+03     3.731007e+00    -1.831597e-03     2.161623e-06    -1.014594e-09     1.865179e-13     2.168212e+00     2.811661e+00     1.670674e-03    -3.399987e-07     4.429379e-11    -2.569186e-15     6.648381e+00
    3. O2                       2.051131e+05     2.435581e+05     7.000000e+02     3.744039e+00    -2.797401e-03     4.900613e-06    -3.441988e-09     9.498281e-13     3.821326e+00     2.820124e+00     2.482114e-03    -7.560105e-07     1.495187e-10    -1.218264e-14     7.949146e+00
    4. CO                       1.976524e+05     2.345449e+05     9.600000e+02     3.757239e+00    -2.144652e-03     2.710395e-06    -1.390087e-09     2.797528e-13     2.799768e+00     2.792554e+00     1.874869e-03    -4.298560e-07     6.373336e-11    -4.196382e-15     7.414436e+00
    5. CO2                      2.137746e+05     2.692971e+05     1.450000e+03     2.316843e+00     9.227550e-03    -3.878270e-06     1.094085e-09    -1.371806e-13     1.007862e+01     4.708765e+00     2.629147e-03    -4.653032e-07     4.796431e-11    -1.906454e-15    -2.349765e+00
    6. H2O                      1.888075e+05     2.327394e+05     1.420000e+03     4.060612e+00    -8.658072e-04     1.622048e-06    -6.008103e-10     8.312082e-14    -2.961505e-01     2.667771e+00     3.057688e-03    -4.502212e-07     4.778718e-11    -2.521445e-15     6.911911e+00
    7. C2H5OH(L)                2.804514e+05     4.044193e+05     1.580000e+03    -4.222914e-01     3.358946e-02    -1.164688e-05     2.846214e-09    -3.194580e-13     2.708821e+01     7.324908e+00     1.397630e-02    -2.336834e-06     2.273546e-10    -8.675626e-15    -1.383131e+01

 -------------------------------------------------------------------------------------------------------------------------------------------------------------------------------------------------------------------------------------------------------------------------------------------


