-----------------------------------------------------------------------------------------------------------------------------------------------------
Name                              MW       Cp@298K        H@298K        G@298K        S@298K      Cp@1000K       H@1000K       G@1000K       S@1000K 
                           [kg/kmol]   [cal/mol/K]    [kcal/mol]    [kcal/mol]   [cal/mol/K]   [cal/mol/K]    [kcal/mol]    [kcal/mol]   [cal/mol/K] 
-----------------------------------------------------------------------------------------------------------------------------------------------------
C2H5OH                       46.0690       15.3688      -56.1655      -76.1383       67.0226       34.0457      -37.6654     -134.3140       96.6486
N2                           28.0140        6.9435        0.0002      -13.6452       45.7902        7.7989        5.1298      -49.3995       54.5293
O2                           31.9980        7.0290       -0.0026      -14.6100       49.0182        8.3256        5.4210      -52.7848       58.2058
CO                           28.0100        6.9505      -26.4132      -40.4893       47.2352        7.9125      -21.2300      -77.2819       56.0518
CO2                          44.0090        8.8628      -94.0341     -109.2584       51.0881       12.9580      -86.0504     -150.4073       64.3569
H2O                          18.0150        8.0386      -57.7945      -71.2407       45.1214        9.8733      -51.5789     -107.1992       55.6203
C2H5OH(L)                    46.0690       15.3688      -56.1655      -76.1383       67.0226       34.0457      -37.6654     -134.3140       96.6486
-----------------------------------------------------------------------------------------------------------------------------------------------------

 ====================================================================================================
   THERMO TABLE FOR MOLECULE C2H5OH
 ====================================================================================================
   Elemental Composition:
     C 2.0000
     H 6.0000
     O 1.0000
   Formation Enthalpy at 298K =          -56.1655 kcal/mol
   Formation Free Gibbs Energy at 298K = -76.1383 kcal/mol
   Molecular Weight =                    46.0690 kg/kmol
 -----------------------------------------------------------------------------------------------------
   Temperature       Cp             H             G            S             DH            DG         
       [K]       [cal/mol/K]    [kcal/mol]    [kcal/mol]  [cal/(mol-K)]  [kcal/mol]     [kcal/mol]    
 -----------------------------------------------------------------------------------------------------
     300.0000      15.4555       -56.1347      -76.2724      67.1257       0.0308        -0.1341       
     600.0000      25.8794       -49.8151      -98.6011      81.3101       6.3505        -22.4628      
     800.0000      30.5792       -44.1450      -115.6918     89.4336       12.0205       -39.5536      
     1000.0000     34.0457       -37.6654      -134.3140     96.6486       18.5002       -58.1757      
     1200.0000     36.6544       -30.5837      -154.3002     103.0971      25.5818       -78.1619      
     1400.0000     38.6835       -23.0420      -175.5102     108.9058      33.1235       -99.3720      
     1600.0000     40.3137       -15.1366      -197.8270     114.1815      41.0289       -121.6888     
     1800.0000     41.6337       -6.9371       -221.1530     119.0088      49.2284       -145.0147     
     2000.0000     42.6889       1.4992        -245.4050     123.4521      57.6647       -169.2667     
     2200.0000     43.5191       10.1234       -270.5115     127.5613      66.2889       -194.3733     
     2400.0000     44.1615       18.8943       -296.4100     131.3768      75.0598       -220.2717     
     2600.0000     44.6507       27.7778       -323.0449     134.9318      83.9433       -246.9067     
 -----------------------------------------------------------------------------------------------------


 ====================================================================================================
   THERMO TABLE FOR MOLECULE N2
 ====================================================================================================
   Elemental Composition:
     N 2.0000
   Formation Enthalpy at 298K =          0.0002 kcal/mol
   Formation Free Gibbs Energy at 298K = -13.6452 kcal/mol
   Molecular Weight =                    28.0140 kg/kmol
 -----------------------------------------------------------------------------------------------------
   Temperature       Cp             H             G            S             DH            DG         
       [K]       [cal/mol/K]    [kcal/mol]    [kcal/mol]  [cal/(mol-K)]  [kcal/mol]     [kcal/mol]    
 -----------------------------------------------------------------------------------------------------
     300.0000      6.9435        0.0141        -13.7368      45.8366       0.0139        -0.0916       
     600.0000      7.2081        2.1267        -28.2976      50.7071       2.1264        -14.6524      
     800.0000      7.5104        3.5982        -38.6591      52.8217       3.5979        -25.0139      
     1000.0000     7.7989        5.1298        -49.3995      54.5293       5.1296        -35.7543      
     1200.0000     8.0386        6.7144        -60.4534      55.9732       6.7141        -46.8082      
     1400.0000     8.2321        8.3422        -71.7762      57.2274       8.3419        -58.1310      
     1600.0000     8.3869        10.0046       -83.3348      58.3371       10.0044       -69.6896      
     1800.0000     8.5099        11.6948       -95.1034      59.3324       11.6945       -81.4582      
     2000.0000     8.6070        13.4069       -107.0615     60.2342       13.4066       -93.4163      
     2200.0000     8.6835        15.1362       -119.1919     61.0582       15.1360       -105.5467     
     2400.0000     8.7438        16.8792       -131.4804     61.8165       16.8789       -117.8352     
     2600.0000     8.7915        18.6329       -143.9148     62.5183       18.6326       -130.2696     
 -----------------------------------------------------------------------------------------------------


 ====================================================================================================
   THERMO TABLE FOR MOLECULE O2
 ====================================================================================================
   Elemental Composition:
     O 2.0000
   Formation Enthalpy at 298K =          -0.0026 kcal/mol
   Formation Free Gibbs Energy at 298K = -14.6100 kcal/mol
   Molecular Weight =                    31.9980 kg/kmol
 -----------------------------------------------------------------------------------------------------
   Temperature       Cp             H             G            S             DH            DG         
       [K]       [cal/mol/K]    [kcal/mol]    [kcal/mol]  [cal/(mol-K)]  [kcal/mol]     [kcal/mol]    
 -----------------------------------------------------------------------------------------------------
     300.0000      7.0318        0.0115        -14.7081      49.0652       0.0141        -0.0981       
     600.0000      7.6619        2.2104        -30.2617      54.1201       2.2129        -15.6517      
     800.0000      8.0430        3.7827        -41.3206      56.3791       3.7853        -26.7106      
     1000.0000     8.3256        5.4210        -52.7848      58.2058       5.4235        -38.1748      
     1200.0000     8.5350        7.1080        -64.5838      59.7432       7.1106        -49.9738      
     1400.0000     8.6934        8.8316        -76.6682      61.0713       8.8342        -62.0582      
     1600.0000     8.8196        10.5833       -89.0017      62.2406       10.5859       -74.3917      
     1800.0000     8.9284        12.3583       -101.5562     63.2858       12.3608       -86.9462      
     2000.0000     9.0310        14.1542       -114.3095     64.2319       14.1568       -99.6995      
     2200.0000     9.1348        15.9707       -127.2436     65.0974       15.9733       -112.6336     
     2400.0000     9.2436        17.8085       -140.3440     65.8969       17.8111       -125.7340     
     2600.0000     9.3574        19.6685       -153.5987     66.6412       19.6711       -138.9887     
 -----------------------------------------------------------------------------------------------------


 ====================================================================================================
   THERMO TABLE FOR MOLECULE CO
 ====================================================================================================
   Elemental Composition:
     C 1.0000
     O 1.0000
   Formation Enthalpy at 298K =          -26.4132 kcal/mol
   Formation Free Gibbs Energy at 298K = -40.4893 kcal/mol
   Molecular Weight =                    28.0100 kg/kmol
 -----------------------------------------------------------------------------------------------------
   Temperature       Cp             H             G            S             DH            DG         
       [K]       [cal/mol/K]    [kcal/mol]    [kcal/mol]  [cal/(mol-K)]  [kcal/mol]     [kcal/mol]    
 -----------------------------------------------------------------------------------------------------
     300.0000      6.9509        -26.3993      -40.5838      47.2817       0.0139        -0.0945       
     600.0000      7.2847        -24.2745      -55.5811      52.1776       2.1387        -15.0918      
     800.0000      7.6182        -22.7841      -66.2394      54.3191       3.6291        -25.7501      
     1000.0000     7.9125        -21.2300      -77.2819      56.0518       5.1831        -36.7926      
     1200.0000     8.1467        -19.6232      -88.6424      57.5160       6.7900        -48.1531      
     1400.0000     8.3305        -17.9747      -100.2754     58.7862       8.4385        -59.7861      
     1600.0000     8.4738        -16.2937      -112.1470     59.9083       10.1195       -71.6577      
     1800.0000     8.5853        -14.5873      -124.2309     60.9131       11.8259       -83.7416      
     2000.0000     8.6722        -12.8612      -136.5059     61.8223       13.5520       -96.0166      
     2200.0000     8.7407        -11.1197      -148.9545     62.6522       15.2935       -108.4653     
     2400.0000     8.7955        -9.3658       -161.5623     63.4152       17.0474       -121.0730     
     2600.0000     8.8402        -7.6021       -174.3168     64.1210       18.8111       -133.8275     
 -----------------------------------------------------------------------------------------------------


 ====================================================================================================
   THERMO TABLE FOR MOLECULE CO2
 ====================================================================================================
   Elemental Composition:
     C 1.0000
     O 2.0000
   Formation Enthalpy at 298K =          -94.0341 kcal/mol
   Formation Free Gibbs Energy at 298K = -109.2584 kcal/mol
   Molecular Weight =                    44.0090 kg/kmol
 -----------------------------------------------------------------------------------------------------
   Temperature       Cp             H             G            S             DH            DG         
       [K]       [cal/mol/K]    [kcal/mol]    [kcal/mol]  [cal/(mol-K)]  [kcal/mol]     [kcal/mol]    
 -----------------------------------------------------------------------------------------------------
     300.0000      8.8843        -94.0164      -109.3606     51.1475       0.0177        -0.1022       
     600.0000      11.3237       -90.9494      -125.8310     58.1361       3.0848        -16.5726      
     800.0000      12.3004       -88.5804      -137.8099     61.5369       5.4538        -28.5515      
     1000.0000     12.9580       -86.0504      -150.4073     64.3569       7.9837        -41.1489      
     1200.0000     13.4210       -83.4101      -163.5252     66.7626       10.6241       -54.2668      
     1400.0000     13.7721       -80.6893      -177.0918     68.8589       13.3448       -67.8334      
     1600.0000     14.0530       -77.9058      -191.0529     70.7169       16.1283       -81.7945      
     1800.0000     14.2770       -75.0719      -205.3660     72.3856       18.9622       -96.1076      
     2000.0000     14.4530       -72.1982      -219.9968     73.8993       21.8359       -110.7384     
     2200.0000     14.5891       -69.2934      -234.9171     75.2835       24.7407       -125.6587     
     2400.0000     14.6931       -66.3647      -250.1029     76.5576       27.6694       -140.8445     
     2600.0000     14.7718       -63.4179      -265.5338     77.7369       30.6163       -156.2754     
 -----------------------------------------------------------------------------------------------------


 ====================================================================================================
   THERMO TABLE FOR MOLECULE H2O
 ====================================================================================================
   Elemental Composition:
     H 2.0000
     O 1.0000
   Formation Enthalpy at 298K =          -57.7945 kcal/mol
   Formation Free Gibbs Energy at 298K = -71.2407 kcal/mol
   Molecular Weight =                    18.0150 kg/kmol
 -----------------------------------------------------------------------------------------------------
   Temperature       Cp             H             G            S             DH            DG         
       [K]       [cal/mol/K]    [kcal/mol]    [kcal/mol]  [cal/(mol-K)]  [kcal/mol]     [kcal/mol]    
 -----------------------------------------------------------------------------------------------------
     300.0000      8.0411        -57.7784      -71.3309      45.1752       0.0161        -0.0903       
     600.0000      8.6688        -55.2828      -85.8327      50.9164       2.5116        -14.5920      
     800.0000      9.2545        -53.4917      -96.2827      53.4888       4.3028        -25.0420      
     1000.0000     9.8733        -51.5789      -107.1992     55.6203       6.2156        -35.9586      
     1200.0000     10.4675       -49.5440      -118.5124     57.4737       8.2504        -47.2718      
     1400.0000     11.0046       -47.3957      -130.1755     59.1284       10.3987       -58.9348      
     1600.0000     11.4770       -45.1465      -142.1536     60.6294       12.6479       -70.9129      
     1800.0000     11.8910       -42.8088      -154.4190     62.0056       14.9856       -83.1783      
     2000.0000     12.2536       -40.3936      -166.9489     63.2776       17.4009       -95.7082      
     2200.0000     12.5713       -37.9104      -179.7241     64.4608       19.8841       -108.4834     
     2400.0000     12.8497       -35.3677      -192.7281     65.5668       22.4268       -121.4874     
     2600.0000     13.0935       -32.7728      -205.9463     66.6052       25.0217       -134.7057     
 -----------------------------------------------------------------------------------------------------


 ====================================================================================================
   THERMO TABLE FOR MOLECULE C2H5OH(L)
 ====================================================================================================
   Elemental Composition:
     C 2.0000
     H 6.0000
     O 1.0000
   Formation Enthalpy at 298K =          -56.1655 kcal/mol
   Formation Free Gibbs Energy at 298K = -76.1383 kcal/mol
   Molecular Weight =                    46.0690 kg/kmol
 -----------------------------------------------------------------------------------------------------
   Temperature       Cp             H             G            S             DH            DG         
       [K]       [cal/mol/K]    [kcal/mol]    [kcal/mol]  [cal/(mol-K)]  [kcal/mol]     [kcal/mol]    
 -----------------------------------------------------------------------------------------------------
     300.0000      15.4555       -56.1347      -76.2724      67.1257       0.0308        -0.1341       
     600.0000      25.8794       -49.8151      -98.6011      81.3101       6.3505        -22.4628      
     800.0000      30.5792       -44.1450      -115.6918     89.4336       12.0205       -39.5536      
     1000.0000     34.0457       -37.6654      -134.3140     96.6486       18.5002       -58.1757      
     1200.0000     36.6544       -30.5837      -154.3002     103.0971      25.5818       -78.1619      
     1400.0000     38.6835       -23.0420      -175.5102     108.9058      33.1235       -99.3720      
     1600.0000     40.3137       -15.1366      -197.8270     114.1815      41.0289       -121.6888     
     1800.0000     41.6337       -6.9371       -221.1530     119.0088      49.2284       -145.0147     
     2000.0000     42.6889       1.4992        -245.4050     123.4521      57.6647       -169.2667     
     2200.0000     43.5191       10.1234       -270.5115     127.5613      66.2889       -194.3733     
     2400.0000     44.1615       18.8943       -296.4100     131.3768      75.0598       -220.2717     
     2600.0000     44.6507       27.7778       -323.0449     134.9318      83.9433       -246.9067     
 -----------------------------------------------------------------------------------------------------


