================================================================================================================================================================================================================================================================================================================================
   Status of specific heat
--------------------------------------------------------------------------------------------------------------------------------------------------------------------------------------------------------------------------------------------------------------------------------------------------------------------------------
Name              Tlow[K]  Tmed[K]  Thigh[K] Cp/R(-)           Cp/R(+)           error(%)          dCp/R(-)          dCp/R(+)          error(%)          d2Cp/R(-)         d2Cp/R(+)         error(%)          d3Cp/R(-)         d3Cp/R(+)         error(%)          d4Cp/R(-)         d4Cp/R(+)         error(%)          
================================================================================================================================================================================================================================================================================================================================
C2H5OH            300.00   1580.00  3500.00  2.02141207e+01    2.02141207e+01    1.90256471e-07    3.76810989e-03    3.76810980e-03    2.39495204e-06    -3.92094714e-06   -3.92094720e-06   1.64765920e-06    2.77646311e-09    2.77646316e-09    1.89824213e-06    -3.06679702e-11   -8.32860091e-13   1.89424278e+02    
N2                200.00   1050.00  3500.00  3.95750613e+00    3.95750613e+00    5.29528236e-08    6.34597626e-04    6.34597628e-04    4.26790298e-07    -6.58803508e-07   -6.58803494e-07   2.07558091e-06    5.38314302e-10    5.38314320e-10    3.29918755e-06    1.79057175e-11    -2.46641861e-13   2.05586745e+02    
O2                200.00   700.00   3500.00  3.95886788e+00    3.95886789e+00    4.81783997e-08    9.57803530e-04    9.57803532e-04    2.06764810e-07    -1.42664158e-06   -1.42664157e-06   5.47859949e-07    1.87266370e-09    1.87266368e-09    6.53614732e-07    9.11834993e-11    -1.16953360e-12   2.05197121e+02    
CO                200.00   960.00   3500.00  3.95502226e+00    3.95502226e+00    8.86891802e-08    6.93448881e-04    6.93448870e-04    1.58406453e-06    -8.03745932e-07   -8.03745967e-07   4.36420499e-06    7.60461881e-10    7.60461841e-10    5.22629778e-06    2.68562705e-11    -4.02852686e-13   2.06091503e+02    
CO2               200.00   1450.00  3500.00  6.96939341e+00    6.96939340e+00    1.57340776e-07    7.44999938e-04    7.44999903e-04    4.78942731e-06    -8.01743761e-07   -8.01743811e-07   6.22296061e-06    5.97979226e-10    5.97979188e-10    6.43366852e-06    -1.31693396e-11   -1.83019539e-13   1.94517237e+02    
H2O               200.00   1420.00  3500.00  5.56351428e+00    5.56351427e+00    1.81370166e-07    1.25214076e-03    1.25214075e-03    8.98625396e-07    -8.23488027e-07   -8.23488042e-07   1.80463593e-06    5.16445885e-10    5.16445872e-10    2.66746282e-06    7.97959903e-12    -2.42058761e-13   2.12513473e+02    


================================================================================================================================================================================================================================================================================================================================
   Status of enthalpy
--------------------------------------------------------------------------------------------------------------------------------------------------------------------------------------------------------------------------------------------------------------------------------------------------------------------------------
Name              Tlow[K]  Tmed[K]  Thigh[K] H/RT(-)           H/RT(+)           error(%)          dH/RT(-)          dH/RT(+)          error(%)          d2H/RT(-)         d2H/RT(+)         error(%)          d3H/RT(-)         d3H/RT(+)         error(%)          d4H/RT(-)         d4H/RT(+)         error(%)          
================================================================================================================================================================================================================================================================================================================================
C2H5OH            300.00   1580.00  3500.00  -5.07776660e+00   -5.07776660e+00   -1.93803212e-08   1.27937473e-02    1.27937473e-02    1.90256471e-07    2.38487968e-06    2.38487962e-06    2.39495204e-06    -2.48161211e-09   -2.48161215e-09   1.64765919e-06    1.75725513e-12    1.75725516e-12    1.89824213e-06    
N2                200.00   1050.00  3500.00  2.64643171e+00    2.64643171e+00    1.38188086e-07    3.76905346e-03    3.76905346e-03    5.29528222e-08    6.04378691e-07    6.04378694e-07    4.26790298e-07    -6.27431912e-10   -6.27431899e-10   2.07558091e-06    5.12680288e-13    5.12680305e-13    3.29918754e-06    
O2                200.00   700.00   3500.00  2.14752384e+00    2.14752385e+00    3.17987256e-07    5.65552555e-03    5.65552555e-03    4.81783950e-08    1.36829076e-06    1.36829076e-06    2.06764813e-07    -2.03805939e-09   -2.03805938e-09   5.47859950e-07    2.67523385e-12    2.67523383e-12    6.53614732e-07    
CO                200.00   960.00   3500.00  -1.12950209e+01   -1.12950210e+01   -3.25149618e-07   4.11981485e-03    4.11981485e-03    8.86891760e-08    7.22342584e-07    7.22342573e-07    1.58406454e-06    -8.37235345e-10   -8.37235382e-10   4.36420499e-06    7.92147793e-13    7.92147751e-13    5.22629777e-06    
CO2               200.00   1450.00  3500.00  -2.77662830e+01   -2.77662830e+01   -1.19314228e-07   4.80647821e-03    4.80647820e-03    1.57340782e-07    5.13793061e-07    5.13793036e-07    4.78942732e-06    -5.52926732e-10   -5.52926766e-10   6.22296062e-06    4.12399466e-13    4.12399440e-13    6.43366852e-06    
H2O               200.00   1420.00  3500.00  -1.67196486e+01   -1.67196486e+01   -2.42161496e-07   3.91796781e-03    3.91796780e-03    1.81370151e-07    8.81789270e-07    8.81789262e-07    8.98625388e-07    -5.79921146e-10   -5.79921156e-10   1.80463593e-06    3.63694286e-13    3.63694276e-13    2.66746281e-06    


================================================================================================================================================================================================================================================================================================================================
   Status of entropy
--------------------------------------------------------------------------------------------------------------------------------------------------------------------------------------------------------------------------------------------------------------------------------------------------------------------------------
Name              Tlow[K]  Tmed[K]  Thigh[K] S/R(-)            S/R(+)            error(%)          dS/R(-)           dS/R(+)           error(%)          d2S/R(-)          d2S/R(+)          error(%)          d3S/R(-)          d3S/R(+)          error(%)          d4S/R(-)          d4S/R(+)          error(%)          
================================================================================================================================================================================================================================================================================================================================
C2H5OH            300.00   1580.00  3500.00  5.72095309e+01    5.72095310e+01    1.85364496e-07    1.27937473e-02    1.27937473e-02    1.90256485e-07    -5.71242873e-06   -5.71242877e-06   7.30181000e-07    4.74931033e-09    4.74931034e-09    2.50779827e-07    -7.26042271e-12   -7.26042270e-12   1.47958872e-07    
N2                200.00   1050.00  3500.00  2.76353375e+01    2.76353375e+01    9.38052926e-08    3.76905346e-03    3.76905346e-03    5.29527992e-08    -2.98519603e-06   -2.98519603e-06   2.27337794e-08    5.05865576e-09    5.05865578e-09    2.31883595e-07    -1.39406219e-11   -1.39406219e-11   1.19080484e-07    
O2                200.00   700.00   3500.00  2.78393992e+01    2.78393992e+01    4.26434382e-08    5.65552555e-03    5.65552555e-03    4.81783950e-08    -6.71103146e-06   -6.71103146e-06   1.58447429e-08    1.71363162e-08    1.71363162e-08    8.28873743e-08    -7.07661213e-11   -7.07661213e-11   1.10730033e-07    
CO                200.00   960.00   3500.00  2.80472581e+01    2.80472582e+01    8.39785534e-08    4.11981485e-03    4.11981485e-03    8.86891760e-08    -3.56913122e-06   -3.56913123e-06   4.27231306e-07    6.59845469e-09    6.59845469e-09    7.23058851e-08    -1.98280231e-11   -1.98280231e-11   1.33600850e-07    
CO2               200.00   1450.00  3500.00  3.48985957e+01    3.48985958e+01    4.80718198e-08    4.80647821e-03    4.80647820e-03    1.57340764e-07    -2.80101950e-06   -2.80101952e-06   6.92326267e-07    3.31054844e-09    3.31054843e-09    2.31398511e-07    -6.43701110e-12   -6.43701111e-12   1.65961812e-07    
H2O               200.00   1420.00  3500.00  2.98363592e+01    2.98363592e+01    6.52581208e-08    3.91796781e-03    3.91796780e-03    1.81370195e-07    -1.87734299e-06   -1.87734299e-06   1.55525097e-07    2.06422391e-09    2.06422390e-09    3.07774585e-07    -3.99734214e-12   -3.99734213e-12   9.30806514e-08    

================================================================================================================================
   Anomalous behaviour of thermodynamic properties
================================================================================================================================
LT Cp for N2 defined in [200.00-1050.00] has local maxima at: 294.73 
LT Cp for CO defined in [200.00-960.00] has local maxima at: 278.29 
