------------------------------
  Elements     Atomic Weight  
------------------------------
  1.	C         12.01099968
  2.	H          1.00800002
  3.	O         15.99899960
  4.	N         14.00699997
------------------------------


--------------------------------------------------------------------------------------------------------------
                                                Molecular        Temperature        Elements
  Species                  Phase  Charge         weight         Low      High       C       H       O       N
--------------------------------------------------------------------------------------------------------------
    1. NC7H16                G      0          100.204998    300.00   4000.00       7      16       0       0
    2. NC16H34               G      0          226.447995    300.00   4000.00      16      34       0       0
    3. N2                    G      0           28.014000    200.00   6000.00       0       0       0       2
    4. NC7H16(L)             G      0          100.204998    200.00   2000.00       7      16       0       0
    5. NC16H34(L)            G      0          226.447995    300.00   4000.00      16      34       0       0
--------------------------------------------------------------------------------------------------------------

--------------------------------------------------------------------------------------------------------------
                                                Molecular        Temperature        Elements
  Species                  Phase  Charge         weight         Low      High       C       H       O       N
--------------------------------------------------------------------------------------------------------------
    3. N2                    G      0           28.014000    200.00   6000.00       0       0       0       2
    1. NC7H16                G      0          100.204998    300.00   4000.00       7      16       0       0
    4. NC7H16(L)             G      0          100.204998    200.00   2000.00       7      16       0       0
    2. NC16H34               G      0          226.447995    300.00   4000.00      16      34       0       0
    5. NC16H34(L)            G      0          226.447995    300.00   4000.00      16      34       0       0
--------------------------------------------------------------------------------------------------------------

---------------------------------------------------------------------------------------
                                LIQUID MECHANISM                                       
---------------------------------------------------------------------------------------

       Number of materials:       1
       Number of liquid species:   2

       Materials: 
       LIQUIDMIX

       ------------------------------------------------------------------------------------------------------------------
       LIQUIDMIX               global-index    liquid-index    local-index     
       ------------------------------------------------------------------------------------------------------------------
       NC7H16(L)               4               1               1               
       NC16H34(L)              5               2               2               

--------------------------------------------------------------------------------------------------------
                                  CHEMICAL REACTIONS                                                  

                         Units: [kmol, m3, s] and [cal/mol]                                           
--------------------------------------------------------------------------------------------------------


