 ----------------------------------------------------------------------------------------------------------------------------------------------------------------------------------------------------------------------------------------------------------
                     SPECIFIC HEAT COEFFICIENTS                                                                     

             Cp = A + B*T + C*T^2 + D*T^3 + E*T^4  [J/kg/K]                                                         

    Species                      Cp(298K)         Cp(1000K)          LT-HT            A(LT)            B(LT)            C(LT)            D(LT)            E(LT)             A(HT)           B(HT)            C(HT)            D(HT)           E(HT)      
 ----------------------------------------------------------------------------------------------------------------------------------------------------------------------------------------------------------------------------------------------------------

    1. NC7H16                   1.652308e+03     3.807303e+03     1.000000e+03    -5.638379e+01     6.727216e+00    -3.512140e-03     5.791338e-07     6.947681e-11     1.701833e+03     2.874152e+00    -8.939986e-04     1.330909e-07    -7.774858e-12
    2. NC16H34                  1.638512e+03     3.735820e+03     1.391000e+03    -1.355264e+02     7.219013e+00    -4.691602e-03     1.550639e-06    -2.067039e-10     1.893099e+03     2.702598e+00    -9.175133e-04     1.417585e-07    -8.197543e-12
    3. N2                       1.039619e+03     1.166151e+03     1.000000e+03     1.049484e+03    -4.697429e-02    -1.267275e-04     7.050185e-07    -4.146493e-10     8.719975e+02     4.209706e-01    -1.493721e-04     2.396798e-08    -1.412943e-12
    4. NC7H16(L)                1.674764e+03     3.824317e+03     2.000000e+03    -3.036029e+01     6.689931e+00    -3.389023e-03     4.368901e-07     1.168801e-10    -3.036029e+01     6.689931e+00    -3.389023e-03     4.368901e-07     1.168801e-10
    5. NC16H34(L)               1.638512e+03     3.735820e+03     1.391000e+03    -1.355264e+02     7.219013e+00    -4.691602e-03     1.550639e-06    -2.067039e-10     1.893099e+03     2.702598e+00    -9.175133e-04     1.417585e-07    -8.197543e-12

 ----------------------------------------------------------------------------------------------------------------------------------------------------------------------------------------------------------------------------------------------------------


 -------------------------------------------------------------------------------------------------------------------------------------------------------------------------------------------------------------------------------------------------------------------------------------------
                           ENTHALPY COEFFICIENTS                                                                     

             H/(RT) = A + B*T + C*T^2 + D*T^3 + E*T^4 + F/T  [-]                                                         

    Species                   H(298K)[J/kmol]  H(1000K)[J/kmol]      LT-HT            A(LT)            B(LT)            C(LT)            D(LT)            E(LT)           F(LT)             A(HT)            B(HT)            C(HT)           D(HT)             E(HT)            F(HT)      
 -------------------------------------------------------------------------------------------------------------------------------------------------------------------------------------------------------------------------------------------------------------------------------------------

    1. NC7H16                  -1.883434e+08     1.638509e+07     1.000000e+03    -6.795313e-01     4.053784e-02    -1.410931e-05     1.744914e-09     1.674654e-13    -2.569070e+04     2.051031e+01     1.731948e-02    -3.591458e-06     4.009994e-10    -1.874035e-14    -3.264992e+04
    2. NC16H34                 -3.742274e+08     8.199868e+07     1.391000e+03    -3.691120e+00     9.830648e-02    -4.259261e-05     1.055808e-08    -1.125934e-12    -5.159273e+04     5.155939e+01     3.680321e-02    -8.329625e-06     9.652134e-10    -4.465273e-14    -7.137814e+04
    3. N2                      -4.368615e+03     2.146391e+07     1.000000e+03     3.536035e+00    -7.913547e-05    -1.423281e-07     5.938565e-10    -2.794164e-13    -1.047496e+03     2.938030e+00     7.091902e-04    -1.677603e-07     2.018889e-11    -9.521286e-16    -9.171810e+02
    4. NC7H16(L)               -1.863430e+08     1.992990e+07     2.000000e+03    -3.658989e-01     4.031316e-02    -1.361471e-05     1.316338e-09     2.817252e-13    -2.553360e+04    -3.658989e-01     4.031316e-02    -1.361471e-05     1.316338e-09     2.817252e-13    -2.553360e+04
    5. NC16H34(L)              -3.742274e+08     8.199868e+07     1.391000e+03    -3.691120e+00     9.830648e-02    -4.259261e-05     1.055808e-08    -1.125934e-12    -5.159273e+04     5.155939e+01     3.680321e-02    -8.329625e-06     9.652134e-10    -4.465273e-14    -7.137814e+04

 -------------------------------------------------------------------------------------------------------------------------------------------------------------------------------------------------------------------------------------------------------------------------------------------


 -------------------------------------------------------------------------------------------------------------------------------------------------------------------------------------------------------------------------------------------------------------------------------------------
                             ENTROPY COEFFICIENTS                                                                     

             S/R = A*lnT + B*T + C*T^2 + D*T^3 + E*T^4 + F  [-]                                                         

    Species                 S(298K)[J/kmol/K] S(1000K)[J/kmol/K]     LT-HT            A(LT)            B(LT)            C(LT)            D(LT)            E(LT)           F(LT)             A(HT)            B(HT)            C(HT)           D(HT)             E(HT)            F(HT)      
 -------------------------------------------------------------------------------------------------------------------------------------------------------------------------------------------------------------------------------------------------------------------------------------------

    1. NC7H16                   4.278168e+05     7.544137e+05     1.000000e+03    -6.795313e-01     8.107568e-02    -2.116397e-05     2.326553e-09     2.093317e-13     3.298156e+01     2.051031e+01     3.463896e-02    -5.387187e-06     5.346659e-10    -2.342544e-14    -8.070812e+01
    2. NC16H34                  8.061529e+05     1.534889e+06     1.391000e+03    -3.691120e+00     1.966130e-01    -6.388891e-05     1.407744e-08    -1.407418e-12     6.470805e+01     5.155939e+01     7.360643e-02    -1.249444e-05     1.286951e-09    -5.581592e-14    -2.341584e+02
    3. N2                       1.915921e+05     2.281728e+05     1.000000e+03     3.536035e+00    -1.582709e-04    -2.134921e-07     7.918086e-10    -3.492705e-13     2.946037e+00     2.938030e+00     1.418380e-03    -2.516405e-07     2.691852e-11    -1.190161e-15     5.955220e+00
    4. NC7H16(L)                4.345858e+05     7.638904e+05     2.000000e+03    -3.658989e-01     8.062632e-02    -2.042207e-05     1.755117e-09     3.521565e-13     3.209092e+01    -3.658989e-01     8.062632e-02    -2.042207e-05     1.755117e-09     3.521565e-13     3.209092e+01
    5. NC16H34(L)               8.061529e+05     1.534889e+06     1.391000e+03    -3.691120e+00     1.966130e-01    -6.388891e-05     1.407744e-08    -1.407418e-12     6.470805e+01     5.155939e+01     7.360643e-02    -1.249444e-05     1.286951e-09    -5.581592e-14    -2.341584e+02

 -------------------------------------------------------------------------------------------------------------------------------------------------------------------------------------------------------------------------------------------------------------------------------------------


