 ----------------------------------------------------------------------------------------------------------------------------------------------------------------------------------------------------------------------------------------------------------
                     SPECIFIC HEAT COEFFICIENTS                                                                     

             Cp = A + B*T + C*T^2 + D*T^3 + E*T^4  [J/kg/K]                                                         

    Species                      Cp(298K)         Cp(1000K)          LT-HT            A(LT)            B(LT)            C(LT)            D(LT)            E(LT)             A(HT)           B(HT)            C(HT)            D(HT)           E(HT)      
 ----------------------------------------------------------------------------------------------------------------------------------------------------------------------------------------------------------------------------------------------------------

    1. NC9H20                   1.670559e+03     3.802205e+03     6.286200e+02    -6.756243e+01     6.902637e+00    -3.815774e-03     7.437611e-07     3.914417e-11    -6.756243e+01     6.902637e+00    -3.815774e-03     7.437611e-07     3.914417e-11
    2. O2                       9.180628e+02     1.090204e+03     1.000000e+03     9.835019e+02    -7.847322e-01     2.577720e-03    -2.540852e-06     8.545663e-10     9.509754e+02     1.714646e-01    -3.745852e-05     5.577691e-09    -3.546958e-13
    3. CO2                      8.436484e+02     1.234536e+03     1.000000e+03     4.168932e+02     1.907592e+00    -1.882347e-03     1.033721e-06    -2.413232e-10     8.757447e+02     5.187153e-01    -1.886019e-04     3.041972e-08    -1.741937e-12
    4. CO                       1.040371e+03     1.183493e+03     1.000000e+03     1.067161e+03    -2.140794e-01     3.806612e-04     1.936665e-07    -2.439171e-10     9.006016e+02     4.076435e-01    -1.473643e-04     2.405232e-08    -1.440654e-12
    5. H2O                      1.864404e+03     2.291436e+03     1.000000e+03     1.939107e+03    -9.488297e-01     3.030162e-03    -2.551831e-06     8.228276e-10     1.260519e+03     1.362146e+00    -3.855436e-04     5.819366e-08    -3.879306e-12
    6. N2                       1.039619e+03     1.166151e+03     1.000000e+03     1.049484e+03    -4.697429e-02    -1.267275e-04     7.050185e-07    -4.146493e-10     8.719975e+02     4.209706e-01    -1.493721e-04     2.396798e-08    -1.412943e-12
    7. NC9H20(L)                2.240653e+03     3.802205e+03     6.286200e+02     2.752782e+03    -1.759289e+01     1.064212e-01    -2.390408e-04     2.036231e-07    -6.756243e+01     6.902637e+00    -3.815774e-03     7.437611e-07     3.914417e-11

 ----------------------------------------------------------------------------------------------------------------------------------------------------------------------------------------------------------------------------------------------------------


 -------------------------------------------------------------------------------------------------------------------------------------------------------------------------------------------------------------------------------------------------------------------------------------------
                           ENTHALPY COEFFICIENTS                                                                     

             H/(RT) = A + B*T + C*T^2 + D*T^3 + E*T^4 + F/T  [-]                                                         

    Species                   H(298K)[J/kmol]  H(1000K)[J/kmol]      LT-HT            A(LT)            B(LT)            C(LT)            D(LT)            E(LT)           F(LT)             A(HT)            B(HT)            C(HT)           D(HT)             E(HT)            F(HT)      
 -------------------------------------------------------------------------------------------------------------------------------------------------------------------------------------------------------------------------------------------------------------------------------------------

    1. NC9H20                  -2.304611e+08     3.265173e+07     6.286200e+02    -1.042219e+00     5.324008e-02    -1.962073e-05     2.868317e-09     1.207677e-13    -3.163912e+04    -1.042219e+00     5.324008e-02    -1.962073e-05     2.868317e-09     1.207677e-13    -3.163912e+04
    2. O2                      -4.406504e+03     2.270475e+07     1.000000e+03     3.784983e+00    -1.510011e-03     3.306764e-06    -2.444601e-09     6.577554e-13    -1.064136e+03     3.659805e+00     3.299387e-04    -4.805272e-08     5.366401e-12    -2.730076e-16    -1.216030e+03
    3. CO2                     -3.934801e+08    -3.600706e+08     1.000000e+03     2.206643e+00     5.048504e-03    -3.321129e-06     1.367889e-09    -2.554679e-13    -4.835299e+04     4.635375e+00     1.372797e-03    -3.327608e-07     4.025340e-11    -1.844037e-15    -4.902037e+04
    4. CO                      -1.105272e+08    -8.883326e+07     1.000000e+03     3.595084e+00    -3.605985e-04     4.274608e-07     1.631073e-10    -1.643430e-13    -1.434490e+04     3.033973e+00     6.866406e-04    -1.654817e-07     2.025704e-11    -9.706635e-16    -1.425860e+04
    5. H2O                     -2.418378e+08    -2.158323e+08     1.000000e+03     4.201476e+00    -1.027918e-03     2.188491e-06    -1.382267e-09     3.565652e-13    -3.029501e+04     2.731175e+00     1.475685e-03    -2.784533e-07     3.152215e-11    -1.681063e-15    -2.991691e+04
    6. N2                      -4.368615e+03     2.146391e+07     1.000000e+03     3.536035e+00    -7.913547e-05    -1.423281e-07     5.938565e-10    -2.794164e-13    -1.047496e+03     2.938030e+00     7.091902e-04    -1.677603e-07     2.018889e-11    -9.521286e-16    -9.171810e+02
    7. NC9H20(L)               -2.752181e+08     3.265173e+07     6.286200e+02     4.246445e+01    -1.356941e-01     5.472184e-04    -9.218618e-07     6.282185e-10    -4.239314e+04    -1.042219e+00     5.324008e-02    -1.962073e-05     2.868317e-09     1.207677e-13    -3.163912e+04

 -------------------------------------------------------------------------------------------------------------------------------------------------------------------------------------------------------------------------------------------------------------------------------------------


 -------------------------------------------------------------------------------------------------------------------------------------------------------------------------------------------------------------------------------------------------------------------------------------------
                             ENTROPY COEFFICIENTS                                                                     

             S/R = A*lnT + B*T + C*T^2 + D*T^3 + E*T^4 + F  [-]                                                         

    Species                 S(298K)[J/kmol/K] S(1000K)[J/kmol/K]     LT-HT            A(LT)            B(LT)            C(LT)            D(LT)            E(LT)           F(LT)             A(HT)            B(HT)            C(HT)           D(HT)             E(HT)            F(HT)      
 -------------------------------------------------------------------------------------------------------------------------------------------------------------------------------------------------------------------------------------------------------------------------------------------

    1. NC9H20                   5.114738e+05     9.317100e+05     6.286200e+02    -1.042219e+00     1.064802e-01    -2.943109e-05     3.824423e-09     1.509596e-13     3.823390e+01    -1.042219e+00     1.064802e-01    -2.943109e-05     3.824423e-09     1.509596e-13     3.823390e+01
    2. O2                       2.051340e+05     2.435837e+05     1.000000e+03     3.784983e+00    -3.020022e-03     4.960146e-06    -3.259468e-09     8.221943e-13     3.647807e+00     3.659805e+00     6.598774e-04    -7.207909e-08     7.155201e-12    -3.412595e-16     3.420741e+00
    3. CO2                      2.137641e+05     2.692969e+05     1.000000e+03     2.206643e+00     1.009701e-02    -4.981694e-06     1.823852e-09    -3.193349e-13     1.052619e+01     4.635375e+00     2.745595e-03    -4.991412e-07     5.367120e-11    -2.305047e-15    -1.928876e+00
    4. CO                       1.976451e+05     2.345473e+05     1.000000e+03     3.595084e+00    -7.211969e-04     6.411912e-07     2.174764e-10    -2.054287e-13     3.443556e+00     3.033973e+00     1.373281e-03    -2.482225e-07     2.700938e-11    -1.213329e-15     6.100761e+00
    5. H2O                      1.888149e+05     2.327362e+05     1.000000e+03     4.201476e+00    -2.055835e-03     3.282736e-06    -1.843023e-09     4.457065e-13    -8.606109e-01     2.731175e+00     2.951370e-03    -4.176799e-07     4.202953e-11    -2.101329e-15     6.551830e+00
    6. N2                       1.915921e+05     2.281728e+05     1.000000e+03     3.536035e+00    -1.582709e-04    -2.134921e-07     7.918086e-10    -3.492705e-13     2.946037e+00     2.938030e+00     1.418380e-03    -2.516405e-07     2.691852e-11    -1.190161e-15     5.955220e+00
    7. NC9H20(L)                4.217928e+05     9.317100e+05     6.286200e+02     4.246445e+01    -2.713882e-01     8.208275e-04    -1.229149e-06     7.852731e-10    -1.568781e+02    -1.042219e+00     1.064802e-01    -2.943109e-05     3.824423e-09     1.509596e-13     3.823390e+01

 -------------------------------------------------------------------------------------------------------------------------------------------------------------------------------------------------------------------------------------------------------------------------------------------


