-----------------------------------------------------------------------------------------------------------------------------------------------------
Name                              MW       Cp@298K        H@298K        G@298K        S@298K      Cp@1000K       H@1000K       G@1000K       S@1000K 
                           [kg/kmol]   [cal/mol/K]    [kcal/mol]    [kcal/mol]   [cal/mol/K]   [cal/mol/K]    [kcal/mol]    [kcal/mol]   [cal/mol/K] 
-----------------------------------------------------------------------------------------------------------------------------------------------------
NC9H20                      128.2590       51.2051      -55.0759      -91.5012      122.2326      116.5432        7.8031     -214.8580      222.6611
O2                           31.9980        7.0204       -0.0011      -14.6100       49.0232        8.3367        5.4260      -52.7859       58.2119
CO2                          44.0090        8.8729      -94.0343     -109.2578       51.0856       12.9840      -86.0501     -150.4070       64.3569
CO                           28.0100        6.9641      -26.4139      -40.4895       47.2335        7.9221      -21.2295      -77.2819       56.0524
H2O                          18.0150        8.0267      -57.7947      -71.2414       45.1232        9.8652      -51.5799     -107.1994       55.6196
N2                           28.0140        6.9601       -0.0010      -13.6455       45.7869        7.8072        5.1295      -49.3995       54.5290
NC9H20(L)                   128.2590       68.6793      -65.7719      -95.8105      100.8005      116.5432        7.8031     -214.8580      222.6611
-----------------------------------------------------------------------------------------------------------------------------------------------------

 ====================================================================================================
   THERMO TABLE FOR MOLECULE NC9H20
 ====================================================================================================
   Elemental Composition:
     C 9.0000
     H 20.0000
   Formation Enthalpy at 298K =          -55.0759 kcal/mol
   Formation Free Gibbs Energy at 298K = -91.5012 kcal/mol
   Molecular Weight =                    128.2590 kg/kmol
 -----------------------------------------------------------------------------------------------------
   Temperature       Cp             H             G            S             DH            DG         
       [K]       [cal/mol/K]    [kcal/mol]    [kcal/mol]  [cal/(mol-K)]  [kcal/mol]     [kcal/mol]    
 -----------------------------------------------------------------------------------------------------
     300.0000      51.5009       -54.9732      -91.7460      122.5761      0.1027        -0.2448       
     600.0000      87.8492       -33.6895      -135.8676     170.2967      21.3863       -44.3664      
     800.0000      104.4998      -14.3672      -172.7474     197.9752      40.7086       -81.2462      
     1000.0000     116.5432      7.8031        -214.8580     222.6611      62.8790       -123.3568     
     1200.0000     125.2811      32.0296       -261.6368     244.7220      87.1054       -170.1356     
     1400.0000     132.0609      57.7849       -312.5985     264.5596      112.8608      -221.0973     
     1600.0000     138.2767      84.8162       -367.3406     282.5981      139.8921      -275.8395     
     1800.0000     145.3680      113.1539      -425.5472     299.2784      168.2297      -334.0460     
     2000.0000     154.8209      143.1208      -486.9918     315.0563      198.1967      -395.4906     
     2200.0000     168.1674      175.3417      -551.5408     330.4011      230.4176      -460.0396     
     2400.0000     186.9854      210.7524      -619.1555     345.7950      265.8283      -527.6543     
     2600.0000     212.8991      250.6088      -689.8950     361.7322      305.6847      -598.3938     
 -----------------------------------------------------------------------------------------------------


 ====================================================================================================
   THERMO TABLE FOR MOLECULE O2
 ====================================================================================================
   Elemental Composition:
     O 2.0000
   Formation Enthalpy at 298K =          -0.0011 kcal/mol
   Formation Free Gibbs Energy at 298K = -14.6100 kcal/mol
   Molecular Weight =                    31.9980 kg/kmol
 -----------------------------------------------------------------------------------------------------
   Temperature       Cp             H             G            S             DH            DG         
       [K]       [cal/mol/K]    [kcal/mol]    [kcal/mol]  [cal/(mol-K)]  [kcal/mol]     [kcal/mol]    
 -----------------------------------------------------------------------------------------------------
     300.0000      7.0229        0.0130        -14.7080      49.0701       0.0140        -0.0981       
     600.0000      7.6666        2.2092        -30.2618      54.1184       2.2103        -15.6519      
     800.0000      8.0642        3.7847        -41.3207      56.3818       3.7858        -26.7108      
     1000.0000     8.3367        5.4260        -52.7859      58.2119       5.4271        -38.1760      
     1200.0000     8.5010        7.1100        -64.5859      59.7466       7.1111        -49.9760      
     1400.0000     8.6529        8.8256        -76.6705      61.0686       8.8266        -62.0605      
     1600.0000     8.7935        10.5704       -89.0029      62.2333       10.5715       -74.3930      
     1800.0000     8.9244        12.3424       -101.5557     63.2767       12.3434       -86.9458      
     2000.0000     9.0464        14.1396       -114.3072     64.2234       14.1406       -99.6972      
     2200.0000     9.1609        15.9604       -127.2398     65.0910       15.9615       -112.6299     
     2400.0000     9.2686        17.8035       -140.3392     65.8928       17.8045       -125.7293     
     2600.0000     9.3704        19.6675       -153.5932     66.6387       19.6685       -138.9833     
 -----------------------------------------------------------------------------------------------------


 ====================================================================================================
   THERMO TABLE FOR MOLECULE CO2
 ====================================================================================================
   Elemental Composition:
     C 1.0000
     O 2.0000
   Formation Enthalpy at 298K =          -94.0343 kcal/mol
   Formation Free Gibbs Energy at 298K = -109.2578 kcal/mol
   Molecular Weight =                    44.0090 kg/kmol
 -----------------------------------------------------------------------------------------------------
   Temperature       Cp             H             G            S             DH            DG         
       [K]       [cal/mol/K]    [kcal/mol]    [kcal/mol]  [cal/(mol-K)]  [kcal/mol]     [kcal/mol]    
 -----------------------------------------------------------------------------------------------------
     300.0000      8.8947        -94.0166      -109.3601     51.1450       0.0178        -0.1022       
     600.0000      11.3147       -90.9479      -125.8309     58.1382       3.0864        -16.5730      
     800.0000      12.2914       -88.5814      -137.8098     61.5356       5.4529        -28.5520      
     1000.0000     12.9840       -86.0501      -150.4070     64.3569       7.9842        -41.1492      
     1200.0000     13.4156       -83.4087      -163.5250     66.7636       10.6256       -54.2672      
     1400.0000     13.7679       -80.6892      -177.0918     68.8590       13.3452       -67.8339      
     1600.0000     14.0517       -77.9061      -191.0529     70.7167       16.1282       -81.7950      
     1800.0000     14.2771       -75.0724      -205.3659     72.3853       18.9620       -96.1080      
     2000.0000     14.4535       -72.1986      -219.9967     73.8990       21.8358       -110.7388     
     2200.0000     14.5895       -69.2937      -234.9169     75.2833       24.7407       -125.6590     
     2400.0000     14.6932       -66.3649      -250.1026     76.5574       27.6694       -140.8448     
     2600.0000     14.7717       -63.4181      -265.5335     77.7367       30.6163       -156.2757     
 -----------------------------------------------------------------------------------------------------


 ====================================================================================================
   THERMO TABLE FOR MOLECULE CO
 ====================================================================================================
   Elemental Composition:
     C 1.0000
     O 1.0000
   Formation Enthalpy at 298K =          -26.4139 kcal/mol
   Formation Free Gibbs Energy at 298K = -40.4895 kcal/mol
   Molecular Weight =                    28.0100 kg/kmol
 -----------------------------------------------------------------------------------------------------
   Temperature       Cp             H             G            S             DH            DG         
       [K]       [cal/mol/K]    [kcal/mol]    [kcal/mol]  [cal/(mol-K)]  [kcal/mol]     [kcal/mol]    
 -----------------------------------------------------------------------------------------------------
     300.0000      6.9646        -26.4000      -40.5840      47.2800       0.0139        -0.0945       
     600.0000      7.2693        -24.2751      -55.5817      52.1777       2.1388        -15.0922      
     800.0000      7.6228        -22.7865      -66.2397      54.3164       3.6274        -25.7502      
     1000.0000     7.9221        -21.2295      -77.2819      56.0524       5.1845        -36.7924      
     1200.0000     8.1407        -19.6225      -88.6426      57.5167       6.7914        -48.1531      
     1400.0000     8.3200        -17.9758      -100.2756     58.7856       8.4381        -59.7861      
     1600.0000     8.4654        -16.2967      -112.1469     59.9064       10.1172       -71.6574      
     1800.0000     8.5819        -14.5916      -124.2304     60.9104       11.8224       -83.7409      
     2000.0000     8.6739        -12.8656      -136.5048     61.8196       13.5483       -96.0153      
     2200.0000     8.7458        -11.1234      -148.9530     62.6498       15.2906       -108.4635     
     2400.0000     8.8013        -9.3684       -161.5603     63.4133       17.0455       -121.0708     
     2600.0000     8.8439        -7.6037       -174.3145     64.1195       18.8102       -133.8250     
 -----------------------------------------------------------------------------------------------------


 ====================================================================================================
   THERMO TABLE FOR MOLECULE H2O
 ====================================================================================================
   Elemental Composition:
     H 2.0000
     O 1.0000
   Formation Enthalpy at 298K =          -57.7947 kcal/mol
   Formation Free Gibbs Energy at 298K = -71.2414 kcal/mol
   Molecular Weight =                    18.0150 kg/kmol
 -----------------------------------------------------------------------------------------------------
   Temperature       Cp             H             G            S             DH            DG         
       [K]       [cal/mol/K]    [kcal/mol]    [kcal/mol]  [cal/(mol-K)]  [kcal/mol]     [kcal/mol]    
 -----------------------------------------------------------------------------------------------------
     300.0000      8.0290        -57.7786      -71.3317      45.1769       0.0161        -0.0903       
     600.0000      8.6799        -55.2840      -85.8328      50.9147       2.5106        -14.5915      
     800.0000      9.2556        -53.4911      -96.2829      53.4897       4.3036        -25.0415      
     1000.0000     9.8652        -51.5799      -107.1994     55.6196       6.2148        -35.9581      
     1200.0000     10.4722       -49.5448      -118.5125     57.4730       8.2498        -47.2711      
     1400.0000     11.0070       -47.3958      -130.1755     59.1284       10.3989       -58.9341      
     1600.0000     11.4773       -45.1464      -142.1536     60.6295       12.6483       -70.9122      
     1800.0000     11.8906       -42.8087      -154.4190     62.0057       14.9860       -83.1776      
     2000.0000     12.2532       -40.3935      -166.9489     63.2777       17.4012       -95.7076      
     2200.0000     12.5712       -37.9103      -179.7242     64.4608       19.8843       -108.4828     
     2400.0000     12.8499       -35.3676      -192.7281     65.5669       22.4270       -121.4868     
     2600.0000     13.0938       -32.7727      -205.9464     66.6053       25.0220       -134.7050     
 -----------------------------------------------------------------------------------------------------


 ====================================================================================================
   THERMO TABLE FOR MOLECULE N2
 ====================================================================================================
   Elemental Composition:
     N 2.0000
   Formation Enthalpy at 298K =          -0.0010 kcal/mol
   Formation Free Gibbs Energy at 298K = -13.6455 kcal/mol
   Molecular Weight =                    28.0140 kg/kmol
 -----------------------------------------------------------------------------------------------------
   Temperature       Cp             H             G            S             DH            DG         
       [K]       [cal/mol/K]    [kcal/mol]    [kcal/mol]  [cal/(mol-K)]  [kcal/mol]     [kcal/mol]    
 -----------------------------------------------------------------------------------------------------
     300.0000      6.9604        0.0129        -13.7372      45.8335       0.0139        -0.0916       
     600.0000      7.1917        2.1263        -28.2983      50.7077       2.1274        -14.6528      
     800.0000      7.5111        3.5955        -38.6595      52.8187       3.5965        -25.0140      
     1000.0000     7.8072        5.1295        -49.3995      54.5290       5.1305        -35.7540      
     1200.0000     8.0375        6.7147        -60.4535      55.9734       6.7157        -46.8079      
     1400.0000     8.2274        8.3418        -71.7762      57.2272       8.3428        -58.1307      
     1600.0000     8.3824        10.0033       -83.3347      58.3363       10.0043       -69.6892      
     1800.0000     8.5073        11.6927       -95.1031      59.3310       11.6938       -81.4576      
     2000.0000     8.6068        13.4045       -107.0609     60.2327       13.4056       -93.4154      
     2200.0000     8.6851        15.1340       -119.1911     61.0569       15.1351       -105.5455     
     2400.0000     8.7461        16.8774       -131.4793     61.8153       16.8784       -117.8338     
     2600.0000     8.7934        18.6315       -143.9134     62.5173       18.6326       -130.2679     
 -----------------------------------------------------------------------------------------------------


 ====================================================================================================
   THERMO TABLE FOR MOLECULE NC9H20(L)
 ====================================================================================================
   Elemental Composition:
     C 9.0000
     H 20.0000
   Formation Enthalpy at 298K =          -65.7719 kcal/mol
   Formation Free Gibbs Energy at 298K = -95.8105 kcal/mol
   Molecular Weight =                    128.2590 kg/kmol
 -----------------------------------------------------------------------------------------------------
   Temperature       Cp             H             G            S             DH            DG         
       [K]       [cal/mol/K]    [kcal/mol]    [kcal/mol]  [cal/(mol-K)]  [kcal/mol]     [kcal/mol]    
 -----------------------------------------------------------------------------------------------------
     300.0000      68.9066       -65.6343      -96.0126      101.2607      0.1376        -0.2021       
     600.0000      161.3928      -36.1399      -135.9321     166.3203      29.6320       -40.1216      
     800.0000      104.4998      -14.3672      -172.7474     197.9752      51.4047       -76.9369      
     1000.0000     116.5432      7.8031        -214.8580     222.6611      73.5751       -119.0475     
     1200.0000     125.2811      32.0296       -261.6368     244.7220      97.8015       -165.8263     
     1400.0000     132.0609      57.7849       -312.5985     264.5596      123.5569      -216.7880     
     1600.0000     138.2767      84.8162       -367.3406     282.5981      150.5882      -271.5302     
     1800.0000     145.3680      113.1539      -425.5472     299.2784      178.9258      -329.7367     
     2000.0000     154.8209      143.1208      -486.9918     315.0563      208.8927      -391.1813     
     2200.0000     168.1674      175.3417      -551.5408     330.4011      241.1137      -455.7303     
     2400.0000     186.9854      210.7524      -619.1555     345.7950      276.5243      -523.3450     
     2600.0000     212.8991      250.6088      -689.8950     361.7322      316.3808      -594.0845     
 -----------------------------------------------------------------------------------------------------


