------------------------------
  Elements     Atomic Weight  
------------------------------
  1.	C         12.01099968
  2.	H          1.00800002
  3.	O         15.99899960
  4.	N         14.00699997
------------------------------


--------------------------------------------------------------------------------------------------------------
                                                Molecular        Temperature        Elements
  Species                  Phase  Charge         weight         Low      High       C       H       O       N
--------------------------------------------------------------------------------------------------------------
    1. N2                    G      0           28.014000    200.00   6000.00       0       0       0       2
    2. TAR                   S      0          162.140996    300.00   4000.00       6      10       5       0
    3. H2O                   G      0           18.015000    200.00   6000.00       0       2       1       0
    4. O2                    G      0           31.997999    200.00   6000.00       0       0       2       0
    5. CO                    G      0           28.009999    200.00   6000.00       1       0       1       0
    6. CO2                   G      0           44.008999    200.00   6000.00       1       0       2       0
--------------------------------------------------------------------------------------------------------------

--------------------------------------------------------------------------------------------------------------
                                                Molecular        Temperature        Elements
  Species                  Phase  Charge         weight         Low      High       C       H       O       N
--------------------------------------------------------------------------------------------------------------
    1. N2                    G      0           28.014000    200.00   6000.00       0       0       0       2
    4. O2                    G      0           31.997999    200.00   6000.00       0       0       2       0
    3. H2O                   G      0           18.015000    200.00   6000.00       0       2       1       0
    5. CO                    G      0           28.009999    200.00   6000.00       1       0       1       0
    6. CO2                   G      0           44.008999    200.00   6000.00       1       0       2       0
    2. TAR                   S      0          162.140996    300.00   4000.00       6      10       5       0
--------------------------------------------------------------------------------------------------------------

------------------------------------------------------------------------------------------------------------------
  Species                  Shape       eps/kb          sigma             mu           alfa        zRot298         
------------------------------------------------------------------------------------------------------------------
    1. N2                    1        97.5300         3.6210         0.0000         1.7600         4.0000
    2. TAR                   2       818.5140         5.3510         0.0000        13.4000         1.0000
    3. H2O                   2       572.4000         2.6050         1.8440         0.0000         4.0000
    4. O2                    1       107.4000         3.4580         0.0000         1.6000         3.8000
    5. CO                    1        98.1000         3.6500         0.0000         1.9500         1.8000
    6. CO2                   1       244.0000         3.7630         0.0000         2.6500         2.1000
------------------------------------------------------------------------------------------------------------------


------------------------------------------------------------------------------------------------------------------
  Species                  Shape       eps/kb          sigma             mu           alfa        zRot298         
------------------------------------------------------------------------------------------------------------------
    1. N2                    1        97.5300         3.6210         0.0000         1.7600         4.0000
    2. TAR                   2       818.5140         5.3510         0.0000        13.4000         1.0000
    3. H2O                   2       572.4000         2.6050         1.8440         0.0000         4.0000
    4. O2                    1       107.4000         3.4580         0.0000         1.6000         3.8000
    5. CO                    1        98.1000         3.6500         0.0000         1.9500         1.8000
    6. CO2                   1       244.0000         3.7630         0.0000         2.6500         2.1000
------------------------------------------------------------------------------------------------------------------


---------------------------------------------------------------------------------------
                                  CHEMICAL REACTIONS                                   

                          Units: [mol, cm3, s] and [cal/mol]                           
---------------------------------------------------------------------------------------


      1. TAR + 3O2  => 5H2O + 6CO 
         k:       1.800000e+12	    0.00      30000.00
         Reaction order of species TAR                equal to 0.1500
         Reaction order of species O2                 equal to 1.6000


      2. 0.5O2 + CO  => CO2 
         k:       4.000000e+14	    0.00      40000.00
         Reaction order of species H2O                equal to 0.5000
         Reaction order of species O2                 equal to 0.2500
         Reaction order of species CO                 equal to 1.0000


      3. CO2  => 0.5O2 + CO 
         k:       5.000000e+08	    0.00      40000.00
         Reaction order of species CO2                equal to 1.0000


