------------------------------
  Elements     Atomic Weight  
------------------------------
  1.	C         12.01099968
  2.	H          1.00800002
  3.	O         15.99899960
  4.	N         14.00699997
------------------------------


--------------------------------------------------------------------------------------------------------------
                                                Molecular        Temperature        Elements
  Species                  Phase  Charge         weight         Low      High       C       H       O       N
--------------------------------------------------------------------------------------------------------------
    1. TAR                   S      0          162.140996    300.00   4000.00       6      10       5       0
    2. CH4                   G      0           16.043000    200.00   6000.00       1       4       0       0
    3. O2                    G      0           31.997999    200.00   6000.00       0       0       2       0
    4. CO                    G      0           28.009999    200.00   6000.00       1       0       1       0
    5. H2O                   G      0           18.015000    200.00   6000.00       0       2       1       0
    6. CO2                   G      0           44.008999    200.00   6000.00       1       0       2       0
    7. H2                    G      0            2.016000    200.00   6000.00       0       2       0       0
    8. N2                    G      0           28.014000    200.00   6000.00       0       0       0       2
    9. BIOMASS               S      0          162.140996    300.00   4000.00       6      10       5       0
   10. CHAR                  S      0           12.011000    300.00   4000.00       1       0       0       0
--------------------------------------------------------------------------------------------------------------

--------------------------------------------------------------------------------------------------------------
                                                Molecular        Temperature        Elements
  Species                  Phase  Charge         weight         Low      High       C       H       O       N
--------------------------------------------------------------------------------------------------------------
    8. N2                    G      0           28.014000    200.00   6000.00       0       0       0       2
    3. O2                    G      0           31.997999    200.00   6000.00       0       0       2       0
    7. H2                    G      0            2.016000    200.00   6000.00       0       2       0       0
    5. H2O                   G      0           18.015000    200.00   6000.00       0       2       1       0
   10. CHAR                  S      0           12.011000    300.00   4000.00       1       0       0       0
    4. CO                    G      0           28.009999    200.00   6000.00       1       0       1       0
    6. CO2                   G      0           44.008999    200.00   6000.00       1       0       2       0
    2. CH4                   G      0           16.043000    200.00   6000.00       1       4       0       0
    1. TAR                   S      0          162.140996    300.00   4000.00       6      10       5       0
    9. BIOMASS               S      0          162.140996    300.00   4000.00       6      10       5       0
--------------------------------------------------------------------------------------------------------------

---------------------------------------------------------------------------------------
                                SOLID MECHANISM                                      
---------------------------------------------------------------------------------------

       Number of materials:       1
       Number of solid species:   2

       Materials: 
       BIOMASS

       ------------------------------------------------------------------------------------------------------------------
       BIOMASS                 global-index    solid-index     local-index     
       ------------------------------------------------------------------------------------------------------------------
       BIOMASS                 9               1               1               
       CHAR                    10              2               2               

--------------------------------------------------------------------------------------------------------
                                  CHEMICAL REACTIONS                                                  

                         Units: [kmol, m3, s] and [cal/mol]                                           
--------------------------------------------------------------------------------------------------------


      1. BIOMASS  => 0.8TAR + H2O + 1.2CHAR 
         k:       1.500000e+14	    0.00      47000.00


