-----------------------------------------------------------------------------------------------------------------------------------------------------
Name                              MW       Cp@298K        H@298K        G@298K        S@298K      Cp@1000K       H@1000K       G@1000K       S@1000K 
                           [kg/kmol]   [cal/mol/K]    [kcal/mol]    [kcal/mol]   [cal/mol/K]   [cal/mol/K]    [kcal/mol]    [kcal/mol]   [cal/mol/K] 
-----------------------------------------------------------------------------------------------------------------------------------------------------
N2                           28.0140        6.9601       -0.0010      -13.6457       45.7873        7.8106        5.1296      -49.4000       54.5296
TAR                         162.1410       40.9338     -200.9061     -234.7737      113.6494       90.8835     -150.3807     -345.0900      194.7092
H2O                          18.0150        8.0267      -57.7947      -71.2414       45.1232        9.8652      -51.5799     -107.1994       55.6196
O2                           31.9980        7.0204       -0.0011      -14.6100       49.0232        8.3367        5.4260      -52.7859       58.2119
CO                           28.0100        6.9641      -26.4139      -40.4895       47.2335        7.9221      -21.2295      -77.2819       56.0524
CO2                          44.0090        8.8729      -94.0343     -109.2578       51.0856       12.9840      -86.0501     -150.4070       64.3569
BIOMASS                     162.1410       69.6701     -231.1618     -333.2802      342.6791       96.8716     -172.7057     -612.9536      440.2479
CHAR                         12.0110        2.7593       -0.0055       -0.5475        1.8186        9.7313        4.3787       -4.1694        8.5481
-----------------------------------------------------------------------------------------------------------------------------------------------------

 ====================================================================================================
   THERMO TABLE FOR MOLECULE N2
 ====================================================================================================
   Elemental Composition:
     N 2.0000
   Formation Enthalpy at 298K =          -0.0010 kcal/mol
   Formation Free Gibbs Energy at 298K = -13.6457 kcal/mol
   Molecular Weight =                    28.0140 kg/kmol
 -----------------------------------------------------------------------------------------------------
   Temperature       Cp             H             G            S             DH            DG         
       [K]       [cal/mol/K]    [kcal/mol]    [kcal/mol]  [cal/(mol-K)]  [kcal/mol]     [kcal/mol]    
 -----------------------------------------------------------------------------------------------------
     300.0000      6.9604        0.0129        -13.7373      45.8339       0.0139        -0.0916       
     600.0000      7.1913        2.1264        -28.2986      50.7083       2.1274        -14.6529      
     800.0000      7.5108        3.5954        -38.6599      52.8191       3.5964        -25.0142      
     1000.0000     7.8106        5.1296        -49.4000      54.5296       5.1307        -35.7543      
     1200.0000     8.0389        6.7153        -60.4541      55.9745       6.7163        -46.8084      
     1400.0000     8.2275        8.3425        -71.7771      57.2283       8.3436        -58.1314      
     1600.0000     8.3816        10.0040       -83.3358      58.3374       10.0050       -69.6901      
     1800.0000     8.5062        11.6932       -95.1045      59.3320       11.6943       -81.4588      
     2000.0000     8.6056        13.4048       -107.0624     60.2336       13.4058       -93.4168      
     2200.0000     8.6840        15.1340       -119.1927     61.0576       15.1351       -105.5471     
     2400.0000     8.7454        16.8772       -131.4811     61.8160       16.8783       -117.8354     
     2600.0000     8.7930        18.6313       -143.9154     62.5179       18.6323       -130.2697     
 -----------------------------------------------------------------------------------------------------


 ====================================================================================================
   THERMO TABLE FOR MOLECULE TAR
 ====================================================================================================
   Elemental Composition:
     C 6.0000
     H 10.0000
     O 5.0000
   Formation Enthalpy at 298K =          -200.9061 kcal/mol
   Formation Free Gibbs Energy at 298K = -234.7737 kcal/mol
   Molecular Weight =                    162.1410 kg/kmol
 -----------------------------------------------------------------------------------------------------
   Temperature       Cp             H             G            S             DH            DG         
       [K]       [cal/mol/K]    [kcal/mol]    [kcal/mol]  [cal/(mol-K)]  [kcal/mol]     [kcal/mol]    
 -----------------------------------------------------------------------------------------------------
     300.0000      41.2097       -200.8240     -235.0012     113.9241      0.0821        -0.2276       
     600.0000      71.6214       -183.4053     -275.1762     152.9514      17.5008       -40.4025      
     800.0000      83.2097       -167.8385     -308.0489     175.2631      33.0677       -73.2753      
     1000.0000     90.8835       -150.3807     -345.0900     194.7092      50.5254       -110.3163     
     1200.0000     97.0162       -131.6880     -385.7779     211.7416      69.2182       -151.0042     
     1400.0000     100.6666      -111.9080     -429.6798     226.9798      88.9981       -194.9061     
     1600.0000     103.6624      -91.4650      -476.4639     240.6243      109.4412      -241.6903     
     1800.0000     106.0924      -70.4807      -525.8438     252.9795      130.4254      -291.0701     
     2000.0000     108.0388      -49.0602      -577.5843     264.2620      151.8459      -342.8106     
     2200.0000     109.5774      -27.2924      -631.4880     274.6343      173.6137      -396.7143     
     2400.0000     110.7778      -5.2518       -687.3858     284.2225      195.6543      -452.6122     
     2600.0000     111.7031      17.0004       -745.1315     293.1276      217.9065      -510.3578     
 -----------------------------------------------------------------------------------------------------


 ====================================================================================================
   THERMO TABLE FOR MOLECULE H2O
 ====================================================================================================
   Elemental Composition:
     H 2.0000
     O 1.0000
   Formation Enthalpy at 298K =          -57.7947 kcal/mol
   Formation Free Gibbs Energy at 298K = -71.2414 kcal/mol
   Molecular Weight =                    18.0150 kg/kmol
 -----------------------------------------------------------------------------------------------------
   Temperature       Cp             H             G            S             DH            DG         
       [K]       [cal/mol/K]    [kcal/mol]    [kcal/mol]  [cal/(mol-K)]  [kcal/mol]     [kcal/mol]    
 -----------------------------------------------------------------------------------------------------
     300.0000      8.0290        -57.7786      -71.3317      45.1769       0.0161        -0.0903       
     600.0000      8.6799        -55.2840      -85.8328      50.9147       2.5106        -14.5915      
     800.0000      9.2556        -53.4911      -96.2829      53.4897       4.3036        -25.0415      
     1000.0000     9.8652        -51.5799      -107.1994     55.6196       6.2148        -35.9581      
     1200.0000     10.4722       -49.5448      -118.5125     57.4730       8.2498        -47.2711      
     1400.0000     11.0070       -47.3958      -130.1755     59.1284       10.3989       -58.9341      
     1600.0000     11.4773       -45.1464      -142.1536     60.6295       12.6483       -70.9122      
     1800.0000     11.8906       -42.8087      -154.4190     62.0057       14.9860       -83.1776      
     2000.0000     12.2532       -40.3935      -166.9489     63.2777       17.4012       -95.7076      
     2200.0000     12.5712       -37.9103      -179.7242     64.4608       19.8843       -108.4828     
     2400.0000     12.8499       -35.3676      -192.7281     65.5669       22.4270       -121.4868     
     2600.0000     13.0938       -32.7727      -205.9464     66.6053       25.0220       -134.7050     
 -----------------------------------------------------------------------------------------------------


 ====================================================================================================
   THERMO TABLE FOR MOLECULE O2
 ====================================================================================================
   Elemental Composition:
     O 2.0000
   Formation Enthalpy at 298K =          -0.0011 kcal/mol
   Formation Free Gibbs Energy at 298K = -14.6100 kcal/mol
   Molecular Weight =                    31.9980 kg/kmol
 -----------------------------------------------------------------------------------------------------
   Temperature       Cp             H             G            S             DH            DG         
       [K]       [cal/mol/K]    [kcal/mol]    [kcal/mol]  [cal/(mol-K)]  [kcal/mol]     [kcal/mol]    
 -----------------------------------------------------------------------------------------------------
     300.0000      7.0229        0.0130        -14.7080      49.0701       0.0140        -0.0981       
     600.0000      7.6666        2.2092        -30.2618      54.1184       2.2103        -15.6519      
     800.0000      8.0642        3.7847        -41.3207      56.3818       3.7858        -26.7108      
     1000.0000     8.3367        5.4260        -52.7859      58.2119       5.4271        -38.1760      
     1200.0000     8.5010        7.1100        -64.5859      59.7466       7.1111        -49.9760      
     1400.0000     8.6529        8.8256        -76.6705      61.0686       8.8266        -62.0605      
     1600.0000     8.7935        10.5704       -89.0029      62.2333       10.5715       -74.3930      
     1800.0000     8.9244        12.3424       -101.5557     63.2767       12.3434       -86.9458      
     2000.0000     9.0464        14.1396       -114.3072     64.2234       14.1406       -99.6972      
     2200.0000     9.1609        15.9604       -127.2398     65.0910       15.9615       -112.6299     
     2400.0000     9.2686        17.8035       -140.3392     65.8928       17.8045       -125.7293     
     2600.0000     9.3704        19.6675       -153.5932     66.6387       19.6685       -138.9833     
 -----------------------------------------------------------------------------------------------------


 ====================================================================================================
   THERMO TABLE FOR MOLECULE CO
 ====================================================================================================
   Elemental Composition:
     C 1.0000
     O 1.0000
   Formation Enthalpy at 298K =          -26.4139 kcal/mol
   Formation Free Gibbs Energy at 298K = -40.4895 kcal/mol
   Molecular Weight =                    28.0100 kg/kmol
 -----------------------------------------------------------------------------------------------------
   Temperature       Cp             H             G            S             DH            DG         
       [K]       [cal/mol/K]    [kcal/mol]    [kcal/mol]  [cal/(mol-K)]  [kcal/mol]     [kcal/mol]    
 -----------------------------------------------------------------------------------------------------
     300.0000      6.9646        -26.4000      -40.5840      47.2800       0.0139        -0.0945       
     600.0000      7.2693        -24.2751      -55.5817      52.1777       2.1388        -15.0922      
     800.0000      7.6228        -22.7865      -66.2397      54.3164       3.6274        -25.7502      
     1000.0000     7.9221        -21.2295      -77.2819      56.0524       5.1845        -36.7924      
     1200.0000     8.1407        -19.6225      -88.6426      57.5167       6.7914        -48.1531      
     1400.0000     8.3200        -17.9758      -100.2756     58.7856       8.4381        -59.7861      
     1600.0000     8.4654        -16.2967      -112.1469     59.9064       10.1172       -71.6574      
     1800.0000     8.5819        -14.5916      -124.2304     60.9104       11.8224       -83.7409      
     2000.0000     8.6739        -12.8656      -136.5048     61.8196       13.5483       -96.0153      
     2200.0000     8.7458        -11.1234      -148.9530     62.6498       15.2906       -108.4635     
     2400.0000     8.8013        -9.3684       -161.5603     63.4133       17.0455       -121.0708     
     2600.0000     8.8439        -7.6037       -174.3145     64.1195       18.8102       -133.8250     
 -----------------------------------------------------------------------------------------------------


 ====================================================================================================
   THERMO TABLE FOR MOLECULE CO2
 ====================================================================================================
   Elemental Composition:
     C 1.0000
     O 2.0000
   Formation Enthalpy at 298K =          -94.0343 kcal/mol
   Formation Free Gibbs Energy at 298K = -109.2578 kcal/mol
   Molecular Weight =                    44.0090 kg/kmol
 -----------------------------------------------------------------------------------------------------
   Temperature       Cp             H             G            S             DH            DG         
       [K]       [cal/mol/K]    [kcal/mol]    [kcal/mol]  [cal/(mol-K)]  [kcal/mol]     [kcal/mol]    
 -----------------------------------------------------------------------------------------------------
     300.0000      8.8947        -94.0166      -109.3601     51.1450       0.0178        -0.1022       
     600.0000      11.3147       -90.9479      -125.8309     58.1382       3.0864        -16.5730      
     800.0000      12.2914       -88.5814      -137.8098     61.5356       5.4529        -28.5520      
     1000.0000     12.9840       -86.0501      -150.4070     64.3569       7.9842        -41.1492      
     1200.0000     13.4156       -83.4087      -163.5250     66.7636       10.6256       -54.2672      
     1400.0000     13.7679       -80.6892      -177.0918     68.8590       13.3452       -67.8339      
     1600.0000     14.0517       -77.9061      -191.0529     70.7167       16.1282       -81.7950      
     1800.0000     14.2771       -75.0724      -205.3659     72.3853       18.9620       -96.1080      
     2000.0000     14.4535       -72.1986      -219.9967     73.8990       21.8358       -110.7388     
     2200.0000     14.5895       -69.2937      -234.9169     75.2833       24.7407       -125.6590     
     2400.0000     14.6932       -66.3649      -250.1026     76.5574       27.6694       -140.8448     
     2600.0000     14.7717       -63.4181      -265.5335     77.7367       30.6163       -156.2757     
 -----------------------------------------------------------------------------------------------------


 ====================================================================================================
   THERMO TABLE FOR MOLECULE BIOMASS
 ====================================================================================================
   Elemental Composition:
     C 6.0000
     H 10.0000
     O 5.0000
   Formation Enthalpy at 298K =          -231.1618 kcal/mol
   Formation Free Gibbs Energy at 298K = -333.2802 kcal/mol
   Molecular Weight =                    162.1410 kg/kmol
 -----------------------------------------------------------------------------------------------------
   Temperature       Cp             H             G            S             DH            DG         
       [K]       [cal/mol/K]    [kcal/mol]    [kcal/mol]  [cal/(mol-K)]  [kcal/mol]     [kcal/mol]    
 -----------------------------------------------------------------------------------------------------
     300.0000      69.7476       -231.0224     -333.9660     343.1454      0.1394        -0.6858       
     600.0000      81.3722       -208.3545     -445.3891     395.0577      22.8074       -112.1089     
     800.0000      89.1219       -191.3051     -526.9278     419.5284      39.8568       -193.6476     
     1000.0000     96.8716       -172.7057     -612.9536     440.2479      58.4561       -279.6734     
     1200.0000     104.6213      -152.5564     -702.8700     458.5947      78.6054       -369.5898     
     1400.0000     112.3711      -130.8572     -796.2829     475.3041      100.3047      -463.0027     
     1600.0000     120.1208      -107.6080     -892.9121     490.8151      123.5539      -559.6319     
     1800.0000     127.8705      -82.8089      -992.5481     505.4107      148.3530      -659.2679     
     2000.0000     135.6203      -56.4598      -1095.0284    519.2843      174.7021      -761.7482     
     2200.0000     143.3700      -28.5608      -1200.2230    532.5737      202.6011      -866.9428     
     2400.0000     151.1197      0.8882        -1308.0258    545.3808      232.0501      -974.7456     
     2600.0000     158.8694      31.8871       -1418.3484    557.7829      263.0490      -1085.0682    
 -----------------------------------------------------------------------------------------------------


 ====================================================================================================
   THERMO TABLE FOR MOLECULE CHAR
 ====================================================================================================
   Elemental Composition:
     C 1.0000
   Formation Enthalpy at 298K =          -0.0055 kcal/mol
   Formation Free Gibbs Energy at 298K = -0.5475 kcal/mol
   Molecular Weight =                    12.0110 kg/kmol
 -----------------------------------------------------------------------------------------------------
   Temperature       Cp             H             G            S             DH            DG         
       [K]       [cal/mol/K]    [kcal/mol]    [kcal/mol]  [cal/(mol-K)]  [kcal/mol]     [kcal/mol]    
 -----------------------------------------------------------------------------------------------------
     300.0000      2.7792        0.0000        -0.5511       1.8371        0.0055        -0.0037       
     600.0000      5.7587        1.2807        -1.5260       4.6778        1.2862        -0.9785       
     800.0000      7.7450        2.6310        -2.6541       6.6065        2.6366        -2.1066       
     1000.0000     9.7313        4.3787        -4.1694       8.5481        4.3842        -3.6219       
     1200.0000     11.7176       6.5236        -6.0739       10.4979       6.5291        -5.5264       
     1400.0000     13.7039       9.0657        -8.3689       12.4533       9.0713        -7.8215       
     1600.0000     15.6903       12.0052       -11.0555      14.4129       12.0107       -10.5080      
     1800.0000     17.6766       15.3418       -14.1343      16.3756       15.3474       -13.5868      
     2000.0000     19.6629       19.0758       -17.6059      18.3409       19.0813       -17.0585      
     2200.0000     21.6492       23.2070       -21.4708      20.3081       23.2125       -20.9233      
     2400.0000     23.6355       27.7355       -25.7293      22.2770       27.7410       -25.1818      
     2600.0000     25.6219       32.6612       -30.3817      24.2473       32.6668       -29.8342      
 -----------------------------------------------------------------------------------------------------


