------------------------------
  Elements     Atomic Weight  
------------------------------
  1.	C         12.01099968
  2.	H          1.00800002
  3.	O         15.99899960
------------------------------


------------------------------------------------------------------------------------------------------
                                                Molecular        Temperature        Elements
  Species                  Phase  Charge         weight         Low      High       C       H       O
------------------------------------------------------------------------------------------------------
    1. CO                    G      0           28.009999    200.00   6000.00       1       0       1
    2. O2                    G      0           31.997999    200.00   6000.00       0       0       2
    3. CO2                   G      0           44.008999    200.00   6000.00       1       0       2
    4. H2O                   G      0           18.015000    200.00   6000.00       0       2       1
------------------------------------------------------------------------------------------------------

------------------------------------------------------------------------------------------------------
                                                Molecular        Temperature        Elements
  Species                  Phase  Charge         weight         Low      High       C       H       O
------------------------------------------------------------------------------------------------------
    2. O2                    G      0           31.997999    200.00   6000.00       0       0       2
    4. H2O                   G      0           18.015000    200.00   6000.00       0       2       1
    1. CO                    G      0           28.009999    200.00   6000.00       1       0       1
    3. CO2                   G      0           44.008999    200.00   6000.00       1       0       2
------------------------------------------------------------------------------------------------------

------------------------------------------------------------------------------------------------------------------
  Species                  Shape       eps/kb          sigma             mu           alfa        zRot298         
------------------------------------------------------------------------------------------------------------------
    1. CO                    1        98.1000         3.6500         0.0000         1.9500         1.8000
    2. O2                    1       107.4000         3.4580         0.0000         1.6000         3.8000
    3. CO2                   1       244.0000         3.7630         0.0000         2.6500         2.1000
    4. H2O                   2       572.4000         2.6050         1.8440         0.0000         4.0000
------------------------------------------------------------------------------------------------------------------


------------------------------------------------------------------------------------------------------------------
  Species                  Shape       eps/kb          sigma             mu           alfa        zRot298         
------------------------------------------------------------------------------------------------------------------
    1. CO                    1        98.1000         3.6500         0.0000         1.9500         1.8000
    2. O2                    1       107.4000         3.4580         0.0000         1.6000         3.8000
    3. CO2                   1       244.0000         3.7630         0.0000         2.6500         2.1000
    4. H2O                   2       572.4000         2.6050         1.8440         0.0000         4.0000
------------------------------------------------------------------------------------------------------------------


---------------------------------------------------------------------------------------
                                  CHEMICAL REACTIONS                                   

                          Units: [mol, cm3, s] and [cal/mol]                           
---------------------------------------------------------------------------------------


      1. CO + 0.5O2  => CO2 
         k:       1.230000e+08	    0.00      29971.32
         Reaction order of species CO                 equal to 1.0000
         Reaction order of species O2                 equal to 0.5000
         Reaction order of species H2O                equal to 0.5000


