------------------------------
  Elements     Atomic Weight  
------------------------------
  1.	C         12.01099968
  2.	O         15.99899960
  3.	RH       102.90500000
------------------------------


------------------------------------------------------------------------------------------------------
                                                Molecular        Temperature        Elements
  Species                  Phase  Charge         weight         Low      High       C       O      RH
------------------------------------------------------------------------------------------------------
    1. CO                    G      0           28.009999    200.00   6000.00       1       1       0
    2. O2                    G      0           31.997999    200.00   6000.00       0       2       0
    3. CO2                   G      0           44.008999    200.00   6000.00       1       2       0
    4. C(S)                  S      0           12.011000    300.00   3000.00       1       0       0
------------------------------------------------------------------------------------------------------

------------------------------------------------------------------------------------------------------
                                                Molecular        Temperature        Elements
  Species                  Phase  Charge         weight         Low      High       C       O      RH
------------------------------------------------------------------------------------------------------
    2. O2                    G      0           31.997999    200.00   6000.00       0       2       0
    4. C(S)                  S      0           12.011000    300.00   3000.00       1       0       0
    1. CO                    G      0           28.009999    200.00   6000.00       1       1       0
    3. CO2                   G      0           44.008999    200.00   6000.00       1       2       0
------------------------------------------------------------------------------------------------------

---------------------------------------------------------------------------------------
                                SURFACE MECHANISM                                    
---------------------------------------------------------------------------------------

       Number of materials:       1
       Number of site phases:     1
       Number of bulk phases:     0
       Number of surface species: 1
       Number of bulk species:    0

       Materials: 
       MAT-1

       ------------------------------------------------------------------------------------------------------------------
       Site phases:        density[mol/cm2]     sites      global-index   local-index   internal-index
       ------------------------------------------------------------------------------------------------------------------
       1. SITE1            1.200000e-09     
             C(s)                             1.000000         4              1              1              

--------------------------------------------------------------------------------------------------------
                                  CHEMICAL REACTIONS                                                  

                         Units: [kmol, m3, s] and [cal/mol]                                           
--------------------------------------------------------------------------------------------------------


      1. 0.5O2 + C(s)  => CO 
         k:       6.581917e+01	    1.00      25812.62
         Reaction order of species O2                 equal to 1.0000
         Reaction order of species C(s)               equal to 0.0000


      2. CO2 + C(s)  => 2CO 
         k:       3.653356e+01	    0.45      35492.35
         Reaction order of species CO2                equal to 0.4500
         Reaction order of species C(s)               equal to 0.0000


