-----------------------------------------------------------------------------------------------------------------------------------------------------
Name                              MW       Cp@298K        H@298K        G@298K        S@298K      Cp@1000K       H@1000K       G@1000K       S@1000K 
                           [kg/kmol]   [cal/mol/K]    [kcal/mol]    [kcal/mol]   [cal/mol/K]   [cal/mol/K]    [kcal/mol]    [kcal/mol]   [cal/mol/K] 
-----------------------------------------------------------------------------------------------------------------------------------------------------
CO                           28.0100        6.9641      -26.4139      -40.4895       47.2335        7.9221      -21.2295      -77.2819       56.0524
O2                           31.9980        7.0204       -0.0011      -14.6100       49.0232        8.3367        5.4260      -52.7859       58.2119
CO2                          44.0090        8.8729      -94.0343     -109.2578       51.0856       12.9840      -86.0501     -150.4070       64.3569
-----------------------------------------------------------------------------------------------------------------------------------------------------

 ====================================================================================================
   THERMO TABLE FOR MOLECULE CO
 ====================================================================================================
   Elemental Composition:
     C 1.0000
     O 1.0000
   Formation Enthalpy at 298K =          -26.4139 kcal/mol
   Formation Free Gibbs Energy at 298K = -40.4895 kcal/mol
   Molecular Weight =                    28.0100 kg/kmol
 -----------------------------------------------------------------------------------------------------
   Temperature       Cp             H             G            S             DH            DG         
       [K]       [cal/mol/K]    [kcal/mol]    [kcal/mol]  [cal/(mol-K)]  [kcal/mol]     [kcal/mol]    
 -----------------------------------------------------------------------------------------------------
     300.0000      6.9646        -26.4000      -40.5840      47.2800       0.0139        -0.0945       
     600.0000      7.2693        -24.2751      -55.5817      52.1777       2.1388        -15.0922      
     800.0000      7.6228        -22.7865      -66.2397      54.3164       3.6274        -25.7502      
     1000.0000     7.9221        -21.2295      -77.2819      56.0524       5.1845        -36.7924      
     1200.0000     8.1407        -19.6225      -88.6426      57.5167       6.7914        -48.1531      
     1400.0000     8.3200        -17.9758      -100.2756     58.7856       8.4381        -59.7861      
     1600.0000     8.4654        -16.2967      -112.1469     59.9064       10.1172       -71.6574      
     1800.0000     8.5819        -14.5916      -124.2304     60.9104       11.8224       -83.7409      
     2000.0000     8.6739        -12.8656      -136.5048     61.8196       13.5483       -96.0153      
     2200.0000     8.7458        -11.1234      -148.9530     62.6498       15.2906       -108.4635     
     2400.0000     8.8013        -9.3684       -161.5603     63.4133       17.0455       -121.0708     
     2600.0000     8.8439        -7.6037       -174.3145     64.1195       18.8102       -133.8250     
 -----------------------------------------------------------------------------------------------------


 ====================================================================================================
   THERMO TABLE FOR MOLECULE O2
 ====================================================================================================
   Elemental Composition:
     O 2.0000
   Formation Enthalpy at 298K =          -0.0011 kcal/mol
   Formation Free Gibbs Energy at 298K = -14.6100 kcal/mol
   Molecular Weight =                    31.9980 kg/kmol
 -----------------------------------------------------------------------------------------------------
   Temperature       Cp             H             G            S             DH            DG         
       [K]       [cal/mol/K]    [kcal/mol]    [kcal/mol]  [cal/(mol-K)]  [kcal/mol]     [kcal/mol]    
 -----------------------------------------------------------------------------------------------------
     300.0000      7.0229        0.0130        -14.7080      49.0701       0.0140        -0.0981       
     600.0000      7.6666        2.2092        -30.2618      54.1184       2.2103        -15.6519      
     800.0000      8.0642        3.7847        -41.3207      56.3818       3.7858        -26.7108      
     1000.0000     8.3367        5.4260        -52.7859      58.2119       5.4271        -38.1760      
     1200.0000     8.5010        7.1100        -64.5859      59.7466       7.1111        -49.9760      
     1400.0000     8.6529        8.8256        -76.6705      61.0686       8.8266        -62.0605      
     1600.0000     8.7935        10.5704       -89.0029      62.2333       10.5715       -74.3930      
     1800.0000     8.9244        12.3424       -101.5557     63.2767       12.3434       -86.9458      
     2000.0000     9.0464        14.1396       -114.3072     64.2234       14.1406       -99.6972      
     2200.0000     9.1609        15.9604       -127.2398     65.0910       15.9615       -112.6299     
     2400.0000     9.2686        17.8035       -140.3392     65.8928       17.8045       -125.7293     
     2600.0000     9.3704        19.6675       -153.5932     66.6387       19.6685       -138.9833     
 -----------------------------------------------------------------------------------------------------


 ====================================================================================================
   THERMO TABLE FOR MOLECULE CO2
 ====================================================================================================
   Elemental Composition:
     C 1.0000
     O 2.0000
   Formation Enthalpy at 298K =          -94.0343 kcal/mol
   Formation Free Gibbs Energy at 298K = -109.2578 kcal/mol
   Molecular Weight =                    44.0090 kg/kmol
 -----------------------------------------------------------------------------------------------------
   Temperature       Cp             H             G            S             DH            DG         
       [K]       [cal/mol/K]    [kcal/mol]    [kcal/mol]  [cal/(mol-K)]  [kcal/mol]     [kcal/mol]    
 -----------------------------------------------------------------------------------------------------
     300.0000      8.8947        -94.0166      -109.3601     51.1450       0.0178        -0.1022       
     600.0000      11.3147       -90.9479      -125.8309     58.1382       3.0864        -16.5730      
     800.0000      12.2914       -88.5814      -137.8098     61.5356       5.4529        -28.5520      
     1000.0000     12.9840       -86.0501      -150.4070     64.3569       7.9842        -41.1492      
     1200.0000     13.4156       -83.4087      -163.5250     66.7636       10.6256       -54.2672      
     1400.0000     13.7679       -80.6892      -177.0918     68.8590       13.3452       -67.8339      
     1600.0000     14.0517       -77.9061      -191.0529     70.7167       16.1282       -81.7950      
     1800.0000     14.2771       -75.0724      -205.3659     72.3853       18.9620       -96.1080      
     2000.0000     14.4535       -72.1986      -219.9967     73.8990       21.8358       -110.7388     
     2200.0000     14.5895       -69.2937      -234.9169     75.2833       24.7407       -125.6590     
     2400.0000     14.6932       -66.3649      -250.1026     76.5574       27.6694       -140.8448     
     2600.0000     14.7717       -63.4181      -265.5335     77.7367       30.6163       -156.2757     
 -----------------------------------------------------------------------------------------------------


