------------------------------
  Elements     Atomic Weight  
------------------------------
  1.	H          1.00800002
  2.	O         15.99899960
------------------------------


----------------------------------------------------------------------------------------------
                                                Molecular        Temperature        Elements
  Species                  Phase  Charge         weight         Low      High       H       O
----------------------------------------------------------------------------------------------
    1. H2O                   G      0           18.015000    200.00   6000.00       2       1
----------------------------------------------------------------------------------------------

----------------------------------------------------------------------------------------------
                                                Molecular        Temperature        Elements
  Species                  Phase  Charge         weight         Low      High       H       O
----------------------------------------------------------------------------------------------
    1. H2O                   G      0           18.015000    200.00   6000.00       2       1
----------------------------------------------------------------------------------------------

------------------------------------------------------------------------------------------------------------------
  Species                  Shape       eps/kb          sigma             mu           alfa        zRot298         
------------------------------------------------------------------------------------------------------------------
    1. H2O                   2       572.4000         2.6050         1.8440         0.0000         4.0000
------------------------------------------------------------------------------------------------------------------


------------------------------------------------------------------------------------------------------------------
  Species                  Shape       eps/kb          sigma             mu           alfa        zRot298         
------------------------------------------------------------------------------------------------------------------
    1. H2O                   2       572.4000         2.6050         1.8440         0.0000         4.0000
------------------------------------------------------------------------------------------------------------------


---------------------------------------------------------------------------------------
                                  CHEMICAL REACTIONS                                   

                          Units: [mol, cm3, s] and [cal/mol]                           
---------------------------------------------------------------------------------------


