------------------------------
  Elements     Atomic Weight  
------------------------------
  1.	H          1.00800002
  2.	O         15.99899960
------------------------------


----------------------------------------------------------------------------------------------
                                                Molecular        Temperature        Elements
  Species                  Phase  Charge         weight         Low      High       H       O
----------------------------------------------------------------------------------------------
    1. H2O                   G      0           18.015000    300.00   3500.00       2       1
    2. H2O(L)                G      0           18.015000    300.00   3500.00       2       1
----------------------------------------------------------------------------------------------

----------------------------------------------------------------------------------------------
                                                Molecular        Temperature        Elements
  Species                  Phase  Charge         weight         Low      High       H       O
----------------------------------------------------------------------------------------------
    1. H2O                   G      0           18.015000    300.00   3500.00       2       1
    2. H2O(L)                G      0           18.015000    300.00   3500.00       2       1
----------------------------------------------------------------------------------------------

---------------------------------------------------------------------------------------
                                LIQUID MECHANISM                                       
---------------------------------------------------------------------------------------

       Number of materials:       1
       Number of liquid species:   1

       Materials: 
       LIQUIDMIX

       ------------------------------------------------------------------------------------------------------------------
       LIQUIDMIX               global-index    liquid-index    local-index     
       ------------------------------------------------------------------------------------------------------------------
       H2O(L)                  2               1               1               

--------------------------------------------------------------------------------------------------------
                                  CHEMICAL REACTIONS                                                  

                         Units: [kmol, m3, s] and [cal/mol]                                           
--------------------------------------------------------------------------------------------------------


