-----------------------------------------------------------------------------------------------------------------------------------------------------
Name                              MW       Cp@298K        H@298K        G@298K        S@298K      Cp@1000K       H@1000K       G@1000K       S@1000K 
                           [kg/kmol]   [cal/mol/K]    [kcal/mol]    [kcal/mol]   [cal/mol/K]   [cal/mol/K]    [kcal/mol]    [kcal/mol]   [cal/mol/K] 
-----------------------------------------------------------------------------------------------------------------------------------------------------
H2O                          18.0150        8.0267      -57.7947      -71.2414       45.1232        9.8652      -51.5799     -107.1994       55.6196
H2O(L)                       18.0150        8.0267      -57.7947      -71.2414       45.1232        9.8652      -51.5799     -107.1994       55.6196
-----------------------------------------------------------------------------------------------------------------------------------------------------

 ====================================================================================================
   THERMO TABLE FOR MOLECULE H2O
 ====================================================================================================
   Elemental Composition:
     H 2.0000
     O 1.0000
   Formation Enthalpy at 298K =          -57.7947 kcal/mol
   Formation Free Gibbs Energy at 298K = -71.2414 kcal/mol
   Molecular Weight =                    18.0150 kg/kmol
 -----------------------------------------------------------------------------------------------------
   Temperature       Cp             H             G            S             DH            DG         
       [K]       [cal/mol/K]    [kcal/mol]    [kcal/mol]  [cal/(mol-K)]  [kcal/mol]     [kcal/mol]    
 -----------------------------------------------------------------------------------------------------
     300.0000      8.0290        -57.7786      -71.3317      45.1769       0.0161        -0.0903       
     600.0000      8.6799        -55.2840      -85.8328      50.9147       2.5106        -14.5915      
     800.0000      9.2556        -53.4911      -96.2829      53.4897       4.3036        -25.0415      
     1000.0000     9.8652        -51.5799      -107.1994     55.6196       6.2148        -35.9581      
     1200.0000     10.4722       -49.5448      -118.5125     57.4730       8.2498        -47.2711      
     1400.0000     11.0070       -47.3958      -130.1755     59.1284       10.3989       -58.9341      
     1600.0000     11.4773       -45.1464      -142.1536     60.6295       12.6483       -70.9122      
     1800.0000     11.8906       -42.8087      -154.4190     62.0057       14.9860       -83.1776      
     2000.0000     12.2532       -40.3935      -166.9489     63.2777       17.4012       -95.7076      
     2200.0000     12.5712       -37.9103      -179.7242     64.4608       19.8843       -108.4828     
     2400.0000     12.8499       -35.3676      -192.7281     65.5669       22.4270       -121.4868     
     2600.0000     13.0938       -32.7727      -205.9464     66.6053       25.0220       -134.7050     
 -----------------------------------------------------------------------------------------------------


 ====================================================================================================
   THERMO TABLE FOR MOLECULE H2O(L)
 ====================================================================================================
   Elemental Composition:
     H 2.0000
     O 1.0000
   Formation Enthalpy at 298K =          -57.7947 kcal/mol
   Formation Free Gibbs Energy at 298K = -71.2414 kcal/mol
   Molecular Weight =                    18.0150 kg/kmol
 -----------------------------------------------------------------------------------------------------
   Temperature       Cp             H             G            S             DH            DG         
       [K]       [cal/mol/K]    [kcal/mol]    [kcal/mol]  [cal/(mol-K)]  [kcal/mol]     [kcal/mol]    
 -----------------------------------------------------------------------------------------------------
     300.0000      8.0290        -57.7786      -71.3317      45.1769       0.0161        -0.0903       
     600.0000      8.6799        -55.2840      -85.8328      50.9147       2.5106        -14.5915      
     800.0000      9.2556        -53.4911      -96.2829      53.4897       4.3036        -25.0415      
     1000.0000     9.8652        -51.5799      -107.1994     55.6196       6.2148        -35.9581      
     1200.0000     10.4722       -49.5448      -118.5125     57.4730       8.2498        -47.2711      
     1400.0000     11.0070       -47.3958      -130.1755     59.1284       10.3989       -58.9341      
     1600.0000     11.4773       -45.1464      -142.1536     60.6295       12.6483       -70.9122      
     1800.0000     11.8906       -42.8087      -154.4190     62.0057       14.9860       -83.1776      
     2000.0000     12.2532       -40.3935      -166.9489     63.2777       17.4012       -95.7076      
     2200.0000     12.5712       -37.9103      -179.7242     64.4608       19.8843       -108.4828     
     2400.0000     12.8499       -35.3676      -192.7281     65.5669       22.4270       -121.4868     
     2600.0000     13.0938       -32.7727      -205.9464     66.6053       25.0220       -134.7050     
 -----------------------------------------------------------------------------------------------------


