 ----------------------------------------------------------------------------------------------------------------------------------------------------------------------------------------------------------------------------------------------------------
                     SPECIFIC HEAT COEFFICIENTS                                                                     

             Cp = A + B*T + C*T^2 + D*T^3 + E*T^4  [J/kg/K]                                                         

    Species                      Cp(298K)         Cp(1000K)          LT-HT            A(LT)            B(LT)            C(LT)            D(LT)            E(LT)             A(HT)           B(HT)            C(HT)            D(HT)           E(HT)      
 ----------------------------------------------------------------------------------------------------------------------------------------------------------------------------------------------------------------------------------------------------------

    1. CH4                      2.224367e+03     4.595925e+03     1.000000e+03     2.668586e+03    -7.080587e+00     2.547014e-02    -2.509662e-05     8.634408e-09     8.568215e+02     5.196246e+00    -1.718871e-03     2.780383e-07    -1.630951e-11
    2. CH3OH                    1.339083e+03     2.791930e+03     1.000000e+03     1.468306e+03    -4.229198e+00     1.795485e-02    -1.967874e-05     7.276713e-09     9.152780e+02     2.677349e+00    -9.416577e-04     1.498399e-07    -8.879173e-12
    3. HOCHO                    8.972390e+02     1.647163e+03     1.000000e+03     7.042429e+02    -6.428971e-01     6.416821e-03    -7.921539e-06     3.090536e-09     8.334933e+02     1.165133e+00    -4.138398e-04     6.632791e-08    -3.951501e-12
    4. C2H6                     1.745360e+03     4.079992e+03     1.000000e+03     1.186595e+03    -1.521198e+00     1.657469e-02    -1.958935e-05     7.429259e-09     1.118917e+03     4.245403e+00    -1.512584e-03     2.427222e-07    -1.446577e-11
    5. C2H5OH                   1.417143e+03     3.102053e+03     1.000000e+03     8.768899e+02    -6.750206e-01     1.255325e-02    -1.600028e-05     6.347217e-09     1.184378e+03     2.744035e+00    -9.727211e-04     1.556176e-07    -9.256702e-12
    6. CHOCHO                   1.040597e+03     1.871932e+03     1.000000e+03     6.710658e+02     6.848197e-02     6.108639e-03    -8.295240e-06     3.318985e-09     1.249987e+03     9.069990e-01    -3.374936e-04     5.584180e-08    -3.402330e-12
    7. C2H5CHO                  1.295600e+03     2.832998e+03     1.000000e+03     6.077369e+02     9.567024e-01     7.062396e-03    -9.619840e-06     3.826003e-09     1.065198e+03     2.538169e+00    -9.077216e-04     1.460769e-07    -8.724770e-12
    8. CH2OHCH2CHO              1.263533e+03     2.451952e+03     1.382000e+03     2.992408e+02     3.886820e+00    -2.406162e-03     7.749674e-07    -1.029152e-10     1.334919e+03     1.617944e+00    -5.359639e-04     8.148871e-08    -4.661078e-12
    9. CH3CO2H                  1.055999e+03     2.321219e+03     1.000000e+03     3.862188e+02     1.384463e+00     4.743063e-03    -7.047762e-06     2.855236e-09     1.062062e+03     1.871247e+00    -7.280960e-04     1.236653e-07    -7.659027e-12
   10. C6H5OH                   1.097490e+03     2.473733e+03     1.000000e+03    -2.570665e+01     3.609466e+00     2.145289e-03    -6.312090e-06     3.056774e-09     1.250552e+03     1.761171e+00    -6.345148e-04     1.026831e-07    -6.158986e-12
   11. CRESOL                   1.162920e+03     2.622490e+03     1.000000e+03    -3.156019e+02     6.333383e+00    -5.228273e-03     2.207513e-06    -3.745303e-10     8.412252e+02     2.761913e+00    -1.198346e-03     2.347616e-07    -1.706304e-11
   12. C5H8O4                   1.007444e+03     2.292931e+03     1.000000e+03    -4.305906e+02     6.331776e+00    -5.816143e-03     2.704886e-06    -4.969982e-10     1.367534e+03     1.370740e+00    -4.717154e-04     7.354468e-08    -4.279725e-12
   13. VANILLIN                 1.080685e+03     2.338880e+03     1.260000e+03    -2.659320e+02     5.858723e+00    -5.151000e-03     2.324655e-06    -4.275656e-10     7.461734e+02     2.645690e+00    -1.325961e-03     3.008242e-07    -2.601200e-11
   14. C6H5OCH3                 1.141881e+03     2.645783e+03     1.393000e+03    -4.158682e+02     6.714712e+00    -5.686800e-03     2.461955e-06    -4.282148e-10     1.568005e+03     1.607597e+00    -5.555192e-04     8.687963e-08    -5.067543e-12
   15. C24H28O4                 6.683757e+02     1.282602e+03     1.080000e+03     6.746045e+01     2.569116e+00    -2.121933e-03     9.526911e-07    -1.847329e-10     2.824459e+02     1.772874e+00    -1.016040e-03     2.700415e-07    -2.671216e-11
   16. U2ME12                   1.451959e+03     3.068943e+03     1.391000e+03     2.687447e+00     6.029972e+00    -4.403031e-03     1.722309e-06    -2.829941e-10     1.669689e+03     2.075431e+00    -7.165792e-04     1.119475e-07    -6.523004e-12
   17. N2                       1.039619e+03     1.166151e+03     1.000000e+03     1.049484e+03    -4.697429e-02    -1.267275e-04     7.050185e-07    -4.146493e-10     8.719975e+02     4.209706e-01    -1.493721e-04     2.396798e-08    -1.412943e-12
   18. H2                       1.430297e+04     1.494359e+04     1.000000e+03     9.803073e+03     3.191817e+01    -7.783882e-02     8.063589e-05    -2.957473e-08     1.196885e+04     3.583931e+00    -6.840642e-04     7.871185e-08    -3.840167e-12
   19. H                        2.062101e+04     2.062112e+04     1.000000e+03     2.061920e+04     5.558024e-03     9.222393e-06    -3.053520e-08     1.767102e-11     2.061997e+04     1.934948e-03    -9.582388e-07     1.861749e-10    -1.261951e-14
   20. O2                       9.180628e+02     1.090204e+03     1.000000e+03     9.835019e+02    -7.847322e-01     2.577720e-03    -2.540852e-06     8.545663e-10     9.509754e+02     1.714646e-01    -3.745852e-05     5.577691e-09    -3.546958e-13
   21. O                        1.369578e+03     1.308430e+03     1.000000e+03     1.641723e+03    -1.670844e+00     3.374093e-03    -3.111649e-06     1.075107e-09     1.326032e+03    -1.990843e-02     4.381982e-07     2.085331e-09    -2.169569e-13
   22. H2O                      1.864404e+03     2.291436e+03     1.000000e+03     1.939107e+03    -9.488297e-01     3.030162e-03    -2.551831e-06     8.228276e-10     1.260519e+03     1.362146e+00    -3.855436e-04     5.819366e-08    -3.879306e-12
   23. OH                       1.757254e+03     1.805222e+03     1.000000e+03     1.943733e+03    -1.117372e+00     2.119036e-03    -1.759626e-06     6.194508e-10     1.391277e+03     5.364230e-01    -1.413469e-04     2.000027e-08    -1.131192e-12
   24. H2O2                     1.247050e+03     1.852968e+03     1.000000e+03     1.036079e+03    -6.101548e-02     3.907604e-03    -5.058000e-06     2.028300e-09     1.109811e+03     1.016809e+00    -3.199183e-04     4.908980e-08    -2.823535e-12
   25. HO2                      1.058986e+03     1.460895e+03     1.000000e+03     1.073759e+03    -1.122606e+00     5.168261e-03    -5.939830e-06     2.281311e-09     1.034242e+03     5.140095e-01    -9.216734e-05     4.684802e-09     1.256561e-13
   26. CO                       1.040371e+03     1.183493e+03     1.000000e+03     1.067161e+03    -2.140794e-01     3.806612e-04     1.936665e-07    -2.439171e-10     9.006016e+02     4.076435e-01    -1.473643e-04     2.405232e-08    -1.440654e-12
   27. CO2                      8.436484e+02     1.234536e+03     1.000000e+03     4.168932e+02     1.907592e+00    -1.882347e-03     1.033721e-06    -2.413232e-10     8.757447e+02     5.187153e-01    -1.886019e-04     3.041972e-08    -1.741937e-12
   28. CH3                      2.554859e+03     3.920695e+03     1.000000e+03     2.022446e+03     1.176024e+00     3.018528e-03    -3.659857e-06     1.363554e-09     1.646922e+03     3.206254e+00    -1.092510e-03     1.699379e-07    -9.908459e-12
   29. CH3O                     1.370430e+03     2.656079e+03     1.000000e+03     9.944468e+02    -7.514022e-01     1.008835e-02    -1.267429e-05     4.998977e-09     1.274682e+03     1.993666e+00    -7.225796e-04     1.173709e-07    -7.060544e-12
   30. CH2OH                    1.527096e+03     2.486230e+03     1.000000e+03     1.199808e+03    -3.618714e-01     7.460986e-03    -9.775331e-06     3.962639e-09     1.364521e+03     1.593445e+00    -5.532344e-04     8.653822e-08    -5.040145e-12
   31. CH2O                     1.178406e+03     2.064667e+03     1.000000e+03     1.327424e+03    -2.743704e+00     1.033479e-02    -1.050274e-05     3.648900e-09     8.776697e+02     1.714953e+00    -6.232008e-04     1.013419e-07    -6.096131e-12
   32. HCO                      1.192271e+03     1.681688e+03     1.000000e+03     1.137729e+03    -4.272748e-01     2.733594e-03    -2.529239e-06     7.668776e-10     1.105370e+03     7.567598e-01    -2.132274e-04     3.533266e-08    -2.547113e-12
   33. C2H5                     1.743299e+03     3.713464e+03     1.000000e+03     1.213570e+03    -1.021084e+00     1.380882e-02    -1.674797e-05     6.460130e-09     1.236486e+03     3.545578e+00    -1.257901e-03     2.012728e-07    -1.197118e-11
   34. C2H4                     1.528235e+03     3.354139e+03     1.000000e+03     1.173402e+03    -2.243700e+00     1.692263e-02    -2.049685e-05     7.998652e-09     1.183072e+03     3.106999e+00    -1.101684e-03     1.762321e-07    -1.048067e-11
   35. C2H3                     1.555113e+03     2.905707e+03     1.000000e+03     1.034090e+03     8.170151e-02     8.596080e-03    -1.146634e-05     4.660175e-09     1.275872e+03     2.318007e+00    -8.085061e-04     1.278784e-07    -7.544300e-12
   36. C2H2                     1.689430e+03     2.608073e+03     1.000000e+03     2.582278e+02     7.459826e+00    -1.134137e-02     8.945853e-06    -2.714463e-09     1.487645e+03     1.559550e+00    -5.135593e-04     7.886399e-08    -4.425970e-12
   37. CH3CHO                   1.255397e+03     2.556187e+03     1.000000e+03     8.926273e+02    -6.026934e-01     8.971632e-03    -1.084461e-05     4.139228e-09     1.019959e+03     2.212583e+00    -7.976648e-04     1.290446e-07    -7.735389e-12
   38. CH3CO                    1.179512e+03     2.254626e+03     1.000000e+03     7.795584e+02     1.694560e-01     5.931867e-03    -7.580959e-06     2.954704e-09     1.026384e+03     1.771984e+00    -6.416765e-04     1.042035e-07    -6.268417e-12
   39. CH2CHO                   1.261895e+03     2.316602e+03     1.000000e+03     5.398801e+02     1.952812e+00     3.124334e-03    -5.993736e-06     2.693313e-09     1.263111e+03     1.507089e+00    -5.339135e-04     8.539470e-08    -5.079158e-12
   40. HCCO                     1.217802e+03     1.726937e+03     1.000000e+03     3.801846e+02     4.482693e+00    -7.272430e-03     6.188934e-06    -2.052445e-09     1.198624e+03     7.526539e-01    -2.637206e-04     4.184150e-08    -2.461707e-12
   41. HCOOH                    8.972390e+02     1.647163e+03     1.000000e+03     7.042429e+02    -6.428971e-01     6.416821e-03    -7.921539e-06     3.090536e-09     8.334933e+02     1.165133e+00    -4.138398e-04     6.632791e-08    -3.951501e-12
   42. CH2OHCHO                 1.105282e+03     2.148313e+03     1.000000e+03     8.513921e+02    -8.263347e-01     8.251927e-03    -9.922521e-06     3.793849e-09     9.568427e+02     1.706877e+00    -6.069467e-04     9.734107e-08    -5.801375e-12
   43. C3H3                     1.661010e+03     2.658109e+03     1.000000e+03     2.876243e+02     6.969938e+00    -1.008685e-02     8.010900e-06    -2.523506e-09     1.520437e+03     1.621939e+00    -5.693695e-04     9.045597e-08    -5.353414e-12
   44. C2H3CHO                  1.283932e+03     2.538888e+03     1.000000e+03     6.968299e+02     7.414648e-01     6.504385e-03    -9.089255e-06     3.685464e-09     1.217056e+03     1.905589e+00    -6.885493e-04     1.114851e-07    -6.692889e-12
   45. PC4H9                    1.669612e+03     3.701884e+03     1.000000e+03     5.255527e+01     6.500654e+00    -3.924934e-03     1.073608e-06     0.000000e+00     4.162285e+02     4.936235e+00    -1.887115e-03     2.365353e-07     0.000000e+00
   46. NC5H11                   1.366956e+03     3.597419e+03     1.384000e+03    -3.557355e+02     6.801764e+00    -3.694145e-03     9.232765e-07    -7.774153e-11     1.534975e+03     3.049405e+00    -1.049176e-03     1.635245e-07    -9.512854e-12
   47. CYC6H8                   1.162086e+03     3.109335e+03     1.384000e+03    -7.466438e+02     8.100471e+00    -6.433277e-03     2.628408e-06    -4.396244e-10     1.741100e+03     2.083008e+00    -7.374715e-04     1.171738e-07    -6.908770e-12
   48. FURFURAL                 9.881664e+02     2.087789e+03     1.000000e+03    -1.611752e+02     4.940534e+00    -4.121871e-03     1.712902e-06    -2.826024e-10     1.380655e+03     1.056527e+00    -3.629961e-04     5.661112e-08    -3.297405e-12
   49. C4H3O                    9.703765e+02     2.253009e+03     1.000000e+03    -7.248350e+02     7.697152e+00    -7.810398e-03     3.804497e-06    -7.134074e-10     1.604895e+03     9.858731e-01    -3.479656e-04     5.519320e-08    -3.251064e-12
   50. C6H10O5                  1.056392e+03     2.345463e+03     1.000000e+03    -4.006146e+02     6.431670e+00    -5.962329e-03     2.793356e-06    -5.166184e-10     1.435051e+03     1.354626e+00    -4.685077e-04     7.329029e-08    -4.274925e-12
   51. C6H8O4                   1.062227e+03     2.275646e+03     1.398000e+03    -2.654288e+02     5.811350e+00    -5.223635e-03     2.387239e-06    -4.338790e-10     1.415626e+03     1.284767e+00    -4.464000e-04     7.004781e-08    -4.094591e-12
   52. C6H6O3                   1.024181e+03     2.109442e+03     1.382000e+03     3.947968e+01     4.077712e+00    -2.887784e-03     1.025414e-06    -1.453793e-10     1.278328e+03     1.227179e+00    -4.161141e-04     6.431196e-08    -3.722137e-12
   53. MLINO                    1.472250e+03     3.242057e+03     1.833000e+03    -4.482561e+01     6.198218e+00    -4.115491e-03     1.398588e-06    -1.944330e-10     1.480215e+03     2.570331e+00    -9.218959e-04     1.482307e-07    -8.823497e-12
   54. RMBX                     1.348348e+03     2.737201e+03     1.382000e+03     1.904872e+02     4.680336e+00    -2.927507e-03     9.061619e-07    -1.122775e-10     1.589982e+03     1.721692e+00    -6.020203e-04     9.485819e-08    -5.560491e-12
   55. RME7                     1.456986e+03     3.006208e+03     1.382000e+03     1.815591e+02     5.147192e+00    -3.197387e-03     1.001502e-06    -1.266585e-10     1.643598e+03     2.008868e+00    -6.844588e-04     1.058695e-07    -6.126861e-12
   56. CH3COCH3                 1.277244e+03     2.792395e+03     1.000000e+03     7.954268e+02    -4.063658e-01     1.010280e-02    -1.257091e-05     4.871447e-09     1.044743e+03     2.514623e+00    -9.042809e-04     1.460550e-07    -8.745411e-12
   57. FURAN                    9.789840e+02     2.460241e+03     1.000000e+03    -9.160630e+02     8.548353e+00    -8.494439e-03     4.078988e-06    -7.565982e-10     1.659988e+03     1.206041e+00    -4.217692e-04     6.649491e-08    -3.900437e-12
   58. CELL                     1.798100e+03     2.500139e+03     1.000000e+03     1.500083e+03     1.000056e+00     0.000000e+00     0.000000e+00     0.000000e+00     1.500083e+03     1.000056e+00     0.000000e+00     0.000000e+00     0.000000e+00
   59. GMSW                     1.798100e+03     2.500139e+03     1.000000e+03     1.500083e+03     1.000056e+00     0.000000e+00     0.000000e+00     0.000000e+00     1.500083e+03     1.000056e+00     0.000000e+00     0.000000e+00     0.000000e+00
   60. XYHW                     1.798100e+03     2.500139e+03     1.000000e+03     1.500083e+03     1.000056e+00     0.000000e+00     0.000000e+00     0.000000e+00     1.500083e+03     1.000056e+00     0.000000e+00     0.000000e+00     0.000000e+00
   61. XYGR                     1.798100e+03     2.500139e+03     1.000000e+03     1.500083e+03     1.000056e+00     0.000000e+00     0.000000e+00     0.000000e+00     1.500083e+03     1.000056e+00     0.000000e+00     0.000000e+00     0.000000e+00
   62. LIGC                     1.798100e+03     2.500139e+03     1.000000e+03     1.500083e+03     1.000056e+00     0.000000e+00     0.000000e+00     0.000000e+00     1.500083e+03     1.000056e+00     0.000000e+00     0.000000e+00     0.000000e+00
   63. LIGH                     1.798100e+03     2.500139e+03     1.000000e+03     1.500083e+03     1.000056e+00     0.000000e+00     0.000000e+00     0.000000e+00     1.500083e+03     1.000056e+00     0.000000e+00     0.000000e+00     0.000000e+00
   64. LIGO                     1.798100e+03     2.500139e+03     1.000000e+03     1.500083e+03     1.000056e+00     0.000000e+00     0.000000e+00     0.000000e+00     1.500083e+03     1.000056e+00     0.000000e+00     0.000000e+00     0.000000e+00
   65. TGL                      1.798100e+03     2.500139e+03     1.000000e+03     1.500083e+03     1.000056e+00     0.000000e+00     0.000000e+00     0.000000e+00     1.500083e+03     1.000056e+00     0.000000e+00     0.000000e+00     0.000000e+00
   66. TANN                     1.798100e+03     2.500139e+03     1.000000e+03     1.500083e+03     1.000056e+00     0.000000e+00     0.000000e+00     0.000000e+00     1.500083e+03     1.000056e+00     0.000000e+00     0.000000e+00     0.000000e+00
   67. MOIST                    4.182944e+03     1.790598e+05     1.000000e+03     3.348746e+04    -3.057384e+02     1.182434e+00    -2.015003e-03     1.283879e-06     1.500000e+03     1.000000e+00     0.000000e+00     0.000000e+00     0.000000e+00
   68. ASH                      1.798100e+03     2.500139e+03     1.000000e+03     1.500083e+03     1.000056e+00     0.000000e+00     0.000000e+00     0.000000e+00     1.500083e+03     1.000056e+00     0.000000e+00     0.000000e+00     0.000000e+00
   69. CELLA                    1.798100e+03     2.500139e+03     1.000000e+03     1.500083e+03     1.000056e+00     0.000000e+00     0.000000e+00     0.000000e+00     1.500083e+03     1.000056e+00     0.000000e+00     0.000000e+00     0.000000e+00
   70. HCE1                     1.798100e+03     2.500139e+03     1.000000e+03     1.500083e+03     1.000056e+00     0.000000e+00     0.000000e+00     0.000000e+00     1.500083e+03     1.000056e+00     0.000000e+00     0.000000e+00     0.000000e+00
   71. HCE2                     1.798100e+03     2.500139e+03     1.000000e+03     1.500083e+03     1.000056e+00     0.000000e+00     0.000000e+00     0.000000e+00     1.500083e+03     1.000056e+00     0.000000e+00     0.000000e+00     0.000000e+00
   72. LIGCC                    1.798100e+03     2.500139e+03     1.000000e+03     1.500083e+03     1.000056e+00     0.000000e+00     0.000000e+00     0.000000e+00     1.500083e+03     1.000056e+00     0.000000e+00     0.000000e+00     0.000000e+00
   73. LIGOH                    1.798100e+03     2.500139e+03     1.000000e+03     1.500083e+03     1.000056e+00     0.000000e+00     0.000000e+00     0.000000e+00     1.500083e+03     1.000056e+00     0.000000e+00     0.000000e+00     0.000000e+00
   74. LIG                      1.798100e+03     2.500139e+03     1.000000e+03     1.500083e+03     1.000056e+00     0.000000e+00     0.000000e+00     0.000000e+00     1.500083e+03     1.000056e+00     0.000000e+00     0.000000e+00     0.000000e+00
   75. ITANN                    3.333490e+03     4.634998e+03     1.000000e+03     2.780999e+03     1.853999e+00     0.000000e+00     0.000000e+00     0.000000e+00     2.780999e+03     1.853999e+00     0.000000e+00     0.000000e+00     0.000000e+00
   76. CHAR                     9.613585e+02     3.390414e+03     1.000000e+03    -6.977888e+01     3.460192e+00     0.000000e+00     0.000000e+00     0.000000e+00    -6.977888e+01     3.460192e+00     0.000000e+00     0.000000e+00     0.000000e+00
   77. COH2S                    1.798100e+03     2.500139e+03     1.000000e+03     1.500083e+03     1.000056e+00     0.000000e+00     0.000000e+00     0.000000e+00     1.500083e+03     1.000056e+00     0.000000e+00     0.000000e+00     0.000000e+00
   78. CO2S                     1.798100e+03     2.500139e+03     1.000000e+03     1.500083e+03     1.000056e+00     0.000000e+00     0.000000e+00     0.000000e+00     1.500083e+03     1.000056e+00     0.000000e+00     0.000000e+00     0.000000e+00
   79. COS                      1.798100e+03     2.500139e+03     1.000000e+03     1.500083e+03     1.000056e+00     0.000000e+00     0.000000e+00     0.000000e+00     1.500083e+03     1.000056e+00     0.000000e+00     0.000000e+00     0.000000e+00
   80. CH3OHS                   1.798100e+03     2.500139e+03     1.000000e+03     1.500083e+03     1.000056e+00     0.000000e+00     0.000000e+00     0.000000e+00     1.500083e+03     1.000056e+00     0.000000e+00     0.000000e+00     0.000000e+00
   81. CH4S                     1.798100e+03     2.500139e+03     1.000000e+03     1.500083e+03     1.000056e+00     0.000000e+00     0.000000e+00     0.000000e+00     1.500083e+03     1.000056e+00     0.000000e+00     0.000000e+00     0.000000e+00
   82. C2H4S                    1.798100e+03     2.500139e+03     1.000000e+03     1.500083e+03     1.000056e+00     0.000000e+00     0.000000e+00     0.000000e+00     1.500083e+03     1.000056e+00     0.000000e+00     0.000000e+00     0.000000e+00
   83. C6H5OHS                  1.798100e+03     2.500139e+03     1.000000e+03     1.500083e+03     1.000056e+00     0.000000e+00     0.000000e+00     0.000000e+00     1.500083e+03     1.000056e+00     0.000000e+00     0.000000e+00     0.000000e+00
   84. CH2OS                    1.798100e+03     2.500139e+03     1.000000e+03     1.500083e+03     1.000056e+00     0.000000e+00     0.000000e+00     0.000000e+00     1.500083e+03     1.000056e+00     0.000000e+00     0.000000e+00     0.000000e+00
   85. H2S                      1.798100e+03     2.500139e+03     1.000000e+03     1.500083e+03     1.000056e+00     0.000000e+00     0.000000e+00     0.000000e+00     1.500083e+03     1.000056e+00     0.000000e+00     0.000000e+00     0.000000e+00
   86. C2H6S                    1.798100e+03     2.500139e+03     1.000000e+03     1.500083e+03     1.000056e+00     0.000000e+00     0.000000e+00     0.000000e+00     1.500083e+03     1.000056e+00     0.000000e+00     0.000000e+00     0.000000e+00
   87. LVGS                     1.798100e+03     2.500139e+03     1.000000e+03     1.500083e+03     1.000056e+00     0.000000e+00     0.000000e+00     0.000000e+00     1.500083e+03     1.000056e+00     0.000000e+00     0.000000e+00     0.000000e+00
   88. CHARO                    9.613585e+02     3.390414e+03     1.000000e+03    -6.977888e+01     3.460192e+00     0.000000e+00     0.000000e+00     0.000000e+00    -6.977888e+01     3.460192e+00     0.000000e+00     0.000000e+00     0.000000e+00
   89. COSTIFFS                 1.798100e+03     2.500139e+03     1.000000e+03     1.500083e+03     1.000056e+00     0.000000e+00     0.000000e+00     0.000000e+00     1.500083e+03     1.000056e+00     0.000000e+00     0.000000e+00     0.000000e+00
   90. BMOIST                   4.182944e+03     1.790598e+05     1.000000e+03     3.348746e+04    -3.057384e+02     1.182434e+00    -2.015003e-03     1.283879e-06     1.500000e+03     1.000000e+00     0.000000e+00     0.000000e+00     0.000000e+00

 ----------------------------------------------------------------------------------------------------------------------------------------------------------------------------------------------------------------------------------------------------------


 -------------------------------------------------------------------------------------------------------------------------------------------------------------------------------------------------------------------------------------------------------------------------------------------
                           ENTHALPY COEFFICIENTS                                                                     

             H/(RT) = A + B*T + C*T^2 + D*T^3 + E*T^4 + F/T  [-]                                                         

    Species                   H(298K)[J/kmol]  H(1000K)[J/kmol]      LT-HT            A(LT)            B(LT)            C(LT)            D(LT)            E(LT)           F(LT)             A(HT)            B(HT)            C(HT)           D(HT)             E(HT)            F(HT)      
 -------------------------------------------------------------------------------------------------------------------------------------------------------------------------------------------------------------------------------------------------------------------------------------------

    1. CH4                     -7.460492e+07    -3.592585e+07     1.000000e+03     5.149115e+00    -6.831100e-03     1.638180e-05    -1.210617e-08     3.332069e-12    -1.024660e+04     1.653262e+00     5.013155e-03    -1.105537e-06     1.341208e-10    -6.293935e-15    -1.000959e+04
    2. CH3OH                   -2.010053e+08    -1.528930e+08     1.000000e+03     5.658511e+00    -8.149171e-03     2.306461e-05    -1.895932e-08     5.608551e-12    -2.561197e+04     3.527268e+00     5.158939e-03    -1.209643e-06     1.443620e-10    -6.843653e-15    -2.600288e+04
    3. HOCHO                   -3.785740e+08    -3.355084e+08     1.000000e+03     3.898362e+00    -1.779390e-03     1.184018e-05    -1.096249e-08     3.421554e-12    -4.677061e+04     4.613832e+00     3.224818e-03    -7.636084e-07     9.179012e-11    -4.374735e-15    -4.751485e+04
    4. C2H6                    -8.385893e+07    -1.944102e+07     1.000000e+03     4.291426e+00    -2.750775e-03     1.998128e-05    -1.771166e-08     5.373717e-12    -1.152221e+04     4.046664e+00     7.676940e-03    -1.823465e-06     2.194566e-10    -1.046335e-14    -1.244735e+04
    5. C2H5OH                  -2.349584e+08    -1.575784e+08     1.000000e+03     4.858696e+00    -1.870086e-03     2.318513e-05    -2.216370e-08     7.033767e-12    -2.999613e+04     6.562436e+00     7.602111e-03    -1.796560e-06     2.155625e-10    -1.025796e-14    -3.152562e+04
    6. CHOCHO                  -2.120898e+08    -1.488656e+08     1.000000e+03     4.684125e+00     2.390064e-04     1.421303e-05    -1.447546e-08     4.633387e-12    -2.719850e+04     8.725069e+00     3.165484e-03    -7.852494e-07     9.744571e-11    -4.749738e-15    -2.910241e+04
    7. C2H5CHO                 -1.851648e+08    -9.620106e+07     1.000000e+03     4.245297e+00     3.341484e-03     1.644460e-05    -1.679965e-08     5.345247e-12    -2.414730e+04     7.440857e+00     8.865088e-03    -2.113605e-06     2.551020e-10    -1.218923e-14    -2.600558e+04
    8. CH2OHCH2CHO             -3.360238e+08    -2.344063e+08     1.382000e+03     2.666133e+00     1.731511e-02    -7.146024e-06     1.726173e-09    -1.833878e-13    -4.257060e+04     1.189367e+01     7.207660e-03    -1.591751e-06     1.815091e-10    -8.305720e-15    -4.592717e+04
    9. CH3CO2H                 -4.322561e+08    -3.564269e+08     1.000000e+03     2.789502e+00     4.999709e-03     1.141907e-05    -1.272578e-08     4.124444e-12    -5.347525e+04     7.670846e+00     6.757630e-03    -1.752914e-06     2.232961e-10    -1.106361e-14    -5.575610e+04
   10. C6H5OH                  -9.641438e+07     3.223168e+07     1.000000e+03    -2.909786e-01     2.042812e-02     8.094314e-06    -1.786194e-08     6.920043e-12    -1.341298e+04     1.415524e+01     9.967517e-03    -2.394065e-06     2.905725e-10    -1.394295e-14    -1.812874e+04
   11. CRESOL                  -1.287738e+08     2.695669e+07     1.000000e+03    -4.104798e+00     4.118679e-02    -2.266675e-05     7.177867e-09    -9.742472e-13    -1.737672e+04     1.094119e+01     1.796107e-02    -5.195331e-06     7.633423e-10    -4.438525e-14    -2.118374e+04
   12. C5H8O4                  -6.341285e+08    -4.667673e+08     1.000000e+03    -6.841991e+00     5.030528e-02    -3.080575e-05     1.074501e-08    -1.579439e-12    -7.796232e+04     2.172982e+01     1.089038e-02    -2.498485e-06     2.921522e-10    -1.360078e-14    -8.665054e+04
   13. VANILLIN                -3.713189e+08    -1.731837e+08     1.260000e+03    -4.866375e+00     5.360532e-02    -3.141993e-05     1.063490e-08    -1.564832e-12    -4.721829e+04     1.365447e+01     2.420716e-02    -8.088060e-06     1.376220e-09    -9.520039e-14    -5.188554e+04
   14. C6H5OCH3                -7.157228e+07     8.490925e+07     1.393000e+03    -5.408887e+00     4.366662e-02    -2.465466e-05     8.005201e-09    -1.113894e-12    -1.028215e+04     2.039387e+01     1.045441e-02    -2.408408e-06     2.824946e-10    -1.318195e-14    -1.860614e+04
   15. C24H28O4                -1.413192e+06     2.758391e+08     1.080000e+03     3.087105e+00     5.878357e-02    -3.236775e-05     1.089919e-08    -1.690739e-12    -5.535554e+03     1.292521e+01     4.056486e-02    -1.549858e-05     3.089390e-09    -2.444789e-13    -7.660584e+03
   16. U2ME12                  -3.916666e+08    -3.601878e+07     1.391000e+03     6.797983e-02     7.626504e-02    -3.712536e-05     1.089159e-08    -1.431685e-12    -5.299962e+04     4.223531e+01     2.624935e-02    -6.042034e-06     7.079370e-10    -3.300030e-14    -6.769682e+04
   17. N2                      -4.368615e+03     2.146391e+07     1.000000e+03     3.536035e+00    -7.913547e-05    -1.423281e-07     5.938565e-10    -2.794164e-13    -1.047496e+03     2.938030e+00     7.091902e-04    -1.677603e-07     2.018889e-11    -9.521286e-16    -9.171810e+02
   18. H2                      -4.325295e+03     2.068572e+07     1.000000e+03     2.376942e+00     3.869585e-03    -6.291169e-06     4.887928e-09    -1.434191e-12    -9.211731e+02     2.902076e+00     4.344963e-04    -5.528814e-08     4.771297e-12    -1.862244e-16    -7.979487e+02
   19. H                        2.179946e+08     2.325866e+08     1.000000e+03     2.499759e+00     3.369122e-07     3.726909e-10    -9.254803e-13     4.284676e-16     2.547377e+04     2.499852e+00     1.172913e-07    -3.872388e-11     5.642707e-15    -3.059840e-19     2.547380e+04
   20. O2                      -4.406504e+03     2.270475e+07     1.000000e+03     3.784983e+00    -1.510011e-03     3.306764e-06    -2.444601e-09     6.577554e-13    -1.064136e+03     3.659805e+00     3.299387e-04    -4.805272e-08     5.366401e-12    -2.730076e-16    -1.216030e+03
   21. O                        2.492254e+08     2.640874e+08     1.000000e+03     3.159065e+00    -1.607550e-03     2.164185e-06    -1.496888e-09     4.137522e-13     2.912985e+04     2.551601e+00    -1.915427e-05     2.810658e-10     1.003168e-12    -8.349531e-17     2.922876e+04
   22. H2O                     -2.418378e+08    -2.158323e+08     1.000000e+03     4.201476e+00    -1.027918e-03     2.188491e-06    -1.382267e-09     3.565652e-13    -3.029501e+04     2.731175e+00     1.475685e-03    -2.784533e-07     3.152215e-11    -1.681063e-15    -2.991691e+04
   23. OH                       3.748547e+07     5.840821e+07     1.000000e+03     3.975852e+00    -1.142776e-03     1.444810e-06    -8.998166e-10     2.534139e-13     3.393411e+03     2.845817e+00     5.486191e-04    -9.637370e-08     1.022750e-11    -4.627645e-16     3.717066e+03
   24. H2O2                    -1.354632e+08    -9.744328e+07     1.000000e+03     4.238542e+00    -1.248055e-04     5.328597e-06    -5.172999e-09     1.659533e-12    -1.764860e+04     4.540175e+00     2.079855e-03    -4.362559e-07     5.020590e-11    -2.310185e-15    -1.795140e+04
   25. HO2                      1.225174e+07     4.200428e+07     1.000000e+03     4.262512e+00    -2.228210e-03     6.838831e-06    -5.894850e-09     1.811229e-12     2.624424e+02     4.105640e+00     1.020234e-03    -1.219592e-07     4.649326e-12     9.976366e-17     4.328988e+01
   26. CO                      -1.105272e+08    -8.883326e+07     1.000000e+03     3.595084e+00    -3.605985e-04     4.274608e-07     1.631073e-10    -1.643430e-13    -1.434490e+04     3.033973e+00     6.866406e-04    -1.654817e-07     2.025704e-11    -9.706635e-16    -1.425860e+04
   27. CO2                     -3.934801e+08    -3.600706e+08     1.000000e+03     2.206643e+00     5.048504e-03    -3.321129e-06     1.367889e-09    -2.554679e-13    -4.835299e+04     4.635375e+00     1.372797e-03    -3.327608e-07     4.025340e-11    -1.844037e-15    -4.902037e+04
   28. CH3                      1.466941e+08     1.812659e+08     1.000000e+03     3.657180e+00     1.063299e-03     1.819463e-06    -1.654525e-09     4.931415e-13     1.642272e+04     2.978121e+00     2.898926e-03    -6.585267e-07     7.682448e-11    -3.583483e-15     1.650951e+04
   29. CH3O                     2.109359e+07     6.712996e+07     1.000000e+03     3.711805e+00    -1.402317e-03     1.255170e-05    -1.182680e-08     3.731768e-12     1.307725e+03     4.757792e+00     3.720712e-03    -8.990173e-07     1.095226e-10    -5.270742e-15     3.901392e+02
   30. CH2OH                   -1.720701e+07     2.824795e+07     1.000000e+03     4.478323e+00    -6.753484e-04     9.282790e-06    -9.121685e-09     2.958136e-12    -3.524767e+03     5.093120e+00     2.973793e-03    -6.883217e-07     8.075168e-11    -3.762501e-15    -4.058132e+03
   31. CH2O                    -1.091687e+08    -7.437827e+07     1.000000e+03     4.793723e+00    -4.954167e-03     1.244067e-05    -9.482131e-09     2.635453e-12    -1.437920e+04     3.169527e+00     3.096603e-03    -7.501879e-07     9.149392e-11    -4.402989e-15    -1.454868e+04
   32. HCO                      4.179776e+07     7.130317e+07     1.000000e+03     3.970747e+00    -7.456080e-04     3.180139e-06    -2.206801e-09     5.352903e-13     3.842033e+03     3.857811e+00     1.320570e-03    -2.480591e-07     3.082831e-11    -1.777917e-15     3.616429e+03
   33. C2H5                     1.196917e+08     1.778991e+08     1.000000e+03     4.241859e+00    -1.784526e-03     1.608891e-05    -1.463503e-08     4.516090e-12     1.296903e+04     4.321956e+00     6.196527e-03    -1.465603e-06     1.758800e-10    -8.368705e-15     1.217595e+04
   34. C2H4                     5.249327e+07     1.031384e+08     1.000000e+03     3.959201e+00    -3.785257e-03     1.903300e-05    -1.728971e-08     5.397684e-12     5.089776e+03     3.991827e+00     5.241695e-03    -1.239071e-06     1.486571e-10    -7.072608e-15     4.268659e+03
   35. C2H3                     2.965720e+08     3.408883e+08     1.000000e+03     3.363776e+00     1.328829e-04     9.320690e-06    -9.324674e-09     3.031804e-12     3.447496e+04     4.150268e+00     3.770107e-03    -8.766595e-07     1.039935e-10    -4.908150e-15     3.385664e+04
   36. C2H2                     2.281921e+08     2.692476e+08     1.000000e+03     8.086797e-01     1.168079e-02    -1.183907e-05     7.003824e-09    -1.700150e-12     2.642898e+04     4.658785e+00     2.441983e-03    -5.360963e-07     6.174364e-11    -2.772119e-15     2.575940e+04
   37. CH3CHO                  -1.661973e+08    -1.045420e+08     1.000000e+03     4.729459e+00    -1.596643e-03     1.584497e-05    -1.436465e-08     4.386222e-12    -2.157288e+04     5.404111e+00     5.861529e-03    -1.408771e-06     1.709311e-10    -8.196973e-15    -2.259312e+04
   38. CH3CO                   -1.030760e+07     4.387206e+07     1.000000e+03     4.035870e+00     4.386474e-04     1.023667e-05    -9.811891e-09     3.059374e-12    -2.682074e+03     5.313716e+00     4.586890e-03    -1.107346e-06     1.348686e-10    -6.490474e-15    -3.645041e+03
   39. CH2CHO                   1.274461e+07     7.013895e+07     1.000000e+03     2.795026e+00     5.054974e-03     5.391688e-06    -7.757579e-09     2.788723e-12     1.629450e+02     6.539283e+00     3.901193e-03    -9.213787e-07     1.105247e-10    -5.259086e-15    -1.188587e+03
   40. HCCO                     1.782915e+08     2.223858e+08     1.000000e+03     1.876080e+00     1.106027e-02    -1.196231e-05     7.635064e-09    -2.025621e-12     2.016338e+04     5.914793e+00     1.857044e-03    -4.337900e-07     5.161834e-11    -2.429535e-15     1.935963e+04
   41. HCOOH                   -3.786402e+08    -3.355747e+08     1.000000e+03     3.898362e+00    -1.779390e-03     1.184018e-05    -1.096249e-08     3.421554e-12    -4.677857e+04     4.613832e+00     3.224818e-03    -7.636084e-07     9.179012e-11    -4.374735e-15    -4.533032e+04
   42. CH2OHCHO                -3.065615e+08    -2.348011e+08     1.000000e+03     6.149261e+00    -2.984141e-03     1.986678e-05    -1.791659e-08     5.480288e-12    -3.883568e+04     6.910888e+00     6.164042e-03    -1.461244e-06     1.757638e-10    -8.380197e-15    -4.002116e+04
   43. C3H3                     3.514942e+08     4.134978e+08     1.000000e+03     1.351109e+00     1.637056e-02    -1.579425e-05     9.407756e-09    -2.370823e-12     4.076799e+04     7.142217e+00     3.809511e-03    -8.915334e-07     1.062287e-10    -5.029509e-15     3.957096e+04
   44. C2H3CHO                 -6.807541e+07     1.146275e+07     1.000000e+03     4.698689e+00     2.499830e-03     1.461958e-05    -1.532210e-08     4.970180e-12    -1.008753e+04     8.206549e+00     6.424646e-03    -1.547618e-06     1.879347e-10    -9.025962e-15    -1.188383e+04
   45. PC4H9                    7.201975e+07     1.857477e+08     1.000000e+03     3.610272e-01     2.232805e-02    -8.987413e-06     1.843781e-09     0.000000e+00     6.794879e+03     2.859271e+00     1.695467e-02    -4.321163e-06     4.062184e-10     0.000000e+00     6.441319e+03
   46. NC5H11                   2.831400e+07     1.609129e+08     1.384000e+03    -3.043864e+00     2.909977e-02    -1.053636e-05     1.975012e-09    -1.330396e-13     1.991854e+03     1.313407e+01     1.304617e-02    -2.992437e-06     3.498008e-10    -1.627942e-14    -4.277352e+03
   47. CYC6H8                   9.338250e+07     2.250313e+08     1.384000e+03    -7.195723e+00     3.903384e-02    -2.066674e-05     6.332771e-09    -8.473694e-13     1.040826e+04     1.677972e+01     1.003742e-02    -2.369109e-06     2.823135e-10    -1.331655e-14     2.224531e+03
   48. FURFURAL                -1.512395e+08    -3.895302e+07     1.000000e+03    -1.862600e+00     2.854732e-02    -1.587795e-05     4.948733e-09    -6.531717e-13    -1.978730e+04     1.595536e+01     6.104807e-03    -1.398306e-06     1.635548e-10    -7.621207e-15    -2.556646e+04
   49. C4H3O                    1.957379e+08     2.805563e+08     1.000000e+03    -5.846741e+00     3.104379e-02    -2.100035e-05     7.672059e-09    -1.150912e-12     2.302532e+04     1.294558e+01     3.976177e-03    -9.355990e-07     1.113013e-10    -5.244816e-15     1.759464e+04
   50. C6H10O5                 -8.406777e+08    -6.292576e+08     1.000000e+03    -7.812417e+00     6.271226e-02    -3.875729e-05     1.361836e-08    -2.014923e-12    -1.034283e+05     2.798504e+01     1.320833e-02    -3.045469e-06     3.573100e-10    -1.667313e-14    -1.143137e+05
   51. C6H8O4                  -5.836672e+08    -4.003812e+08     1.398000e+03    -4.601042e+00     5.036806e-02    -3.018281e-05     1.034532e-08    -1.504204e-12    -7.258012e+04     2.453899e+01     1.113531e-02    -2.579355e-06     3.035588e-10    -1.419544e-14    -8.166106e+04
   52. C6H6O3                  -3.339369e+08    -1.859184e+08     1.382000e+03     5.988146e-01     3.092469e-02    -1.460031e-05     3.888283e-09    -4.410131e-13    -4.273131e+04     1.938925e+01     9.306723e-03    -2.103827e-06     2.438656e-10    -1.129123e-14    -4.926789e+04
   53. MLINO                   -5.092265e+08     1.052776e+07     1.833000e+03    -1.587619e+00     1.097633e-01    -4.858706e-05     1.238369e-08    -1.377273e-12    -6.932881e+04     5.242580e+01     4.551758e-02    -1.088381e-05     1.312497e-09    -6.250156e-14    -8.690394e+04
   54. RMBX                    -2.661084e+08    -1.125588e+08     1.382000e+03     2.316808e+00     2.846240e-02    -1.186864e-05     2.755308e-09    -2.731161e-13    -3.493046e+04     1.933822e+01     1.047007e-02    -2.440699e-06     2.884292e-10    -1.352594e-14    -4.128525e+04
   55. RME7                    -3.076287e+08    -7.018705e+07     1.382000e+03     3.127124e+00     4.432690e-02    -1.835697e-05     4.312398e-09    -4.363063e-13    -4.141472e+04     2.830887e+01     1.730009e-02    -3.929643e-06     4.558669e-10    -2.110547e-14    -5.070312e+04
   56. CH3COCH3                -2.148239e+08    -1.273678e+08     1.000000e+03     5.556389e+00    -1.419318e-03     2.352410e-05    -2.195327e-08     6.805819e-12    -2.783254e+04     7.297970e+00     8.782846e-03    -2.105594e-06     2.550639e-10    -1.221807e-14    -2.953689e+04
   57. FURAN                   -4.235643e+07     4.993480e+07     1.000000e+03    -7.500303e+00     3.499499e-02    -2.318285e-05     8.349220e-09    -1.238936e-12    -5.416343e+03     1.359122e+01     4.937255e-03    -1.151084e-06     1.361075e-10    -6.386998e-15    -1.156395e+04
   58. CELL                    -9.388362e+08    -6.942170e+08     1.000000e+03     2.925325e+01     9.751082e-03     0.000000e+00     0.000000e+00     0.000000e+00    -1.224994e+05     2.925325e+01     9.751082e-03     0.000000e+00     0.000000e+00     0.000000e+00    -1.224994e+05
   59. GMSW                    -7.925073e+08    -5.931878e+08     1.000000e+03     2.383600e+01     7.945333e-03     0.000000e+00     0.000000e+00     0.000000e+00    -1.031254e+05     2.383600e+01     7.945333e-03     0.000000e+00     0.000000e+00     0.000000e+00    -1.031254e+05
   60. XYHW                    -8.263049e+08    -6.269854e+08     1.000000e+03     2.383600e+01     7.945333e-03     0.000000e+00     0.000000e+00     0.000000e+00    -1.071903e+05     2.383600e+01     7.945333e-03     0.000000e+00     0.000000e+00     0.000000e+00    -1.071903e+05
   61. XYGR                    -8.485090e+08    -6.491895e+08     1.000000e+03     2.383600e+01     7.945333e-03     0.000000e+00     0.000000e+00     0.000000e+00    -1.098609e+05     2.383600e+01     7.945333e-03     0.000000e+00     0.000000e+00     0.000000e+00    -1.098609e+05
   62. LIGC                    -7.151911e+08    -3.255393e+08     1.000000e+03     4.659725e+01     1.553242e-02     0.000000e+00     0.000000e+00     0.000000e+00    -1.012830e+05     4.659725e+01     1.553242e-02     0.000000e+00     0.000000e+00     0.000000e+00    -1.012830e+05
   63. LIGH                    -1.646019e+09    -9.875442e+08     1.000000e+03     7.874495e+01     2.624832e-02     0.000000e+00     0.000000e+00     0.000000e+00    -2.237675e+05     7.874495e+01     2.624832e-02     0.000000e+00     0.000000e+00     0.000000e+00    -2.237675e+05
   64. LIGO                    -1.882946e+09    -1.245700e+09     1.000000e+03     7.620628e+01     2.540209e-02     0.000000e+00     0.000000e+00     0.000000e+00    -2.514316e+05     7.620628e+01     2.540209e-02     0.000000e+00     0.000000e+00     0.000000e+00    -2.514316e+05
   65. TGL                     -1.593024e+09    -2.391025e+08     1.000000e+03     1.619112e+02     5.397041e-02     0.000000e+00     0.000000e+00     0.000000e+00    -2.446391e+05     1.619112e+02     5.397041e-02     0.000000e+00     0.000000e+00     0.000000e+00    -2.446391e+05
   66. TANN                    -1.183692e+09    -7.246696e+08     1.000000e+03     5.489307e+01     1.829769e-02     0.000000e+00     0.000000e+00     0.000000e+00    -1.603485e+05     5.489307e+01     1.829769e-02     0.000000e+00     0.000000e+00     0.000000e+00    -1.603485e+05
   67. MOIST                   -2.858397e+08     1.523394e+08     1.000000e+03     7.255750e+01    -3.312227e-01     8.539958e-04    -1.091480e-06     5.563580e-10    -4.188655e+04     3.250060e+00     1.083353e-03     0.000000e+00     0.000000e+00     0.000000e+00    -3.499474e+04
   68. ASH                     -3.142404e+07     2.756844e+07     1.000000e+03     7.054727e+00     2.351576e-03     0.000000e+00     0.000000e+00     0.000000e+00    -6.090581e+03     7.054727e+00     2.351576e-03     0.000000e+00     0.000000e+00     0.000000e+00    -6.090581e+03
   69. CELLA                   -9.613101e+08    -7.166909e+08     1.000000e+03     2.925325e+01     9.751082e-03     0.000000e+00     0.000000e+00     0.000000e+00    -1.252024e+05     2.925325e+01     9.751082e-03     0.000000e+00     0.000000e+00     0.000000e+00    -1.252024e+05
   70. HCE1                    -7.605390e+08    -5.612195e+08     1.000000e+03     2.383600e+01     7.945333e-03     0.000000e+00     0.000000e+00     0.000000e+00    -9.928052e+04     2.383600e+01     7.945333e-03     0.000000e+00     0.000000e+00     0.000000e+00    -9.928052e+04
   71. HCE2                    -8.570928e+08    -6.577733e+08     1.000000e+03     2.383600e+01     7.945333e-03     0.000000e+00     0.000000e+00     0.000000e+00    -1.108933e+05     2.383600e+01     7.945333e-03     0.000000e+00     0.000000e+00     0.000000e+00    -1.108933e+05
   72. LIGCC                   -4.560341e+08    -6.638232e+07     1.000000e+03     4.659725e+01     1.553242e-02     0.000000e+00     0.000000e+00     0.000000e+00    -7.011362e+04     4.659725e+01     1.553242e-02     0.000000e+00     0.000000e+00     0.000000e+00    -7.011362e+04
   73. LIGOH                   -1.361841e+09    -7.909904e+08     1.000000e+03     6.826624e+01     2.275541e-02     0.000000e+00     0.000000e+00     0.000000e+00    -1.861559e+05     6.826624e+01     2.275541e-02     0.000000e+00     0.000000e+00     0.000000e+00    -1.861559e+05
   74. LIG                     -6.821433e+08    -3.680161e+08     1.000000e+03     3.756549e+01     1.252183e-02     0.000000e+00     0.000000e+00     0.000000e+00    -9.434949e+04     3.756549e+01     1.252183e-02     0.000000e+00     0.000000e+00     0.000000e+00    -9.434949e+04
   75. ITANN                   -1.183692e+09    -7.246696e+08     1.000000e+03     5.489307e+01     1.829769e-02     0.000000e+00     0.000000e+00     0.000000e+00    -1.603485e+05     5.489307e+01     1.829769e-02     0.000000e+00     0.000000e+00     0.000000e+00    -1.603485e+05
   76. CHAR                    -1.901405e+06     1.644506e+07     1.000000e+03    -1.008020e-01     2.499282e-03     0.000000e+00     0.000000e+00     0.000000e+00    -4.205937e+02    -1.008020e-01     2.499282e-03     0.000000e+00     0.000000e+00     0.000000e+00    -4.205937e+02
   77. COH2S                   -3.425301e+08    -2.972305e+08     1.000000e+03     5.417248e+00     1.805749e-03     0.000000e+00     0.000000e+00     0.000000e+00    -4.297161e+04     5.417248e+00     1.805749e-03     0.000000e+00     0.000000e+00     0.000000e+00    -4.297161e+04
   78. CO2S                    -3.108885e+08    -2.444929e+08     1.000000e+03     7.940041e+00     2.646680e-03     0.000000e+00     0.000000e+00     0.000000e+00    -3.999247e+04     7.940041e+00     2.646680e-03     0.000000e+00     0.000000e+00     0.000000e+00    -3.999247e+04
   79. COS                     -7.021831e+07    -2.796013e+07     1.000000e+03     5.053524e+00     1.684508e-03     0.000000e+00     0.000000e+00     0.000000e+00    -1.010086e+04     5.053524e+00     1.684508e-03     0.000000e+00     0.000000e+00     0.000000e+00    -1.010086e+04
   80. CH3OHS                  -2.024237e+08    -1.540825e+08     1.000000e+03     5.780972e+00     1.926991e-03     0.000000e+00     0.000000e+00     0.000000e+00    -2.623983e+04     5.780972e+00     1.926991e-03     0.000000e+00     0.000000e+00     0.000000e+00    -2.623983e+04
   81. CH4S                    -6.781955e+07    -4.361577e+07     1.000000e+03     2.894455e+00     9.648184e-04     0.000000e+00     0.000000e+00     0.000000e+00    -9.105045e+03     2.894455e+00     9.648184e-04     0.000000e+00     0.000000e+00     0.000000e+00    -9.105045e+03
   82. C2H4S                    5.572941e+07     9.805397e+07     1.000000e+03     5.061463e+00     1.687154e-03     0.000000e+00     0.000000e+00     0.000000e+00     5.044566e+03     5.061463e+00     1.687154e-03     0.000000e+00     0.000000e+00     0.000000e+00     5.044566e+03
   83. C6H5OHS                 -1.085220e+08     3.346458e+07     1.000000e+03     1.697973e+01     5.659911e-03     0.000000e+00     0.000000e+00     0.000000e+00    -1.861478e+04     1.697973e+01     5.659911e-03     0.000000e+00     0.000000e+00     0.000000e+00    -1.861478e+04
   84. CH2OS                   -1.906024e+08    -1.453027e+08     1.000000e+03     5.417248e+00     1.805749e-03     0.000000e+00     0.000000e+00     0.000000e+00    -2.469890e+04     5.417248e+00     1.805749e-03     0.000000e+00     0.000000e+00     0.000000e+00    -2.469890e+04
   85. H2S                      7.503044e+06     1.054455e+07     1.000000e+03     3.637238e-01     1.212413e-04     0.000000e+00     0.000000e+00     0.000000e+00     7.832525e+02     3.637238e-01     1.212413e-04     0.000000e+00     0.000000e+00     0.000000e+00     7.832525e+02
   86. C2H6S                   -7.700068e+07    -3.163462e+07     1.000000e+03     5.425186e+00     1.808395e-03     0.000000e+00     0.000000e+00     0.000000e+00    -1.103835e+04     5.425186e+00     1.808395e-03     0.000000e+00     0.000000e+00     0.000000e+00    -1.103835e+04
   87. LVGS                    -9.647549e+08    -7.201357e+08     1.000000e+03     2.925325e+01     9.751082e-03     0.000000e+00     0.000000e+00     0.000000e+00    -1.256168e+05     2.925325e+01     9.751082e-03     0.000000e+00     0.000000e+00     0.000000e+00    -1.256168e+05
   88. CHARO                   -8.541712e+06     3.424278e+07     1.000000e+03    -2.350731e-01     5.828398e-03     0.000000e+00     0.000000e+00     0.000000e+00    -1.474865e+03    -2.350731e-01     5.828398e-03     0.000000e+00     0.000000e+00     0.000000e+00    -1.474865e+03
   89. COSTIFFS                -6.489989e+07    -2.264171e+07     1.000000e+03     5.053524e+00     1.684508e-03     0.000000e+00     0.000000e+00     0.000000e+00    -9.461204e+03     5.053524e+00     1.684508e-03     0.000000e+00     0.000000e+00     0.000000e+00    -9.461204e+03
   90. BMOIST                  -3.024686e+08     1.357105e+08     1.000000e+03     7.255750e+01    -3.312227e-01     8.539958e-04    -1.091480e-06     5.563580e-10    -4.388655e+04     3.250060e+00     1.083353e-03     0.000000e+00     0.000000e+00     0.000000e+00    -3.499474e+04

 -------------------------------------------------------------------------------------------------------------------------------------------------------------------------------------------------------------------------------------------------------------------------------------------


 -------------------------------------------------------------------------------------------------------------------------------------------------------------------------------------------------------------------------------------------------------------------------------------------
                             ENTROPY COEFFICIENTS                                                                     

             S/R = A*lnT + B*T + C*T^2 + D*T^3 + E*T^4 + F  [-]                                                         

    Species                 S(298K)[J/kmol/K] S(1000K)[J/kmol/K]     LT-HT            A(LT)            B(LT)            C(LT)            D(LT)            E(LT)           F(LT)             A(HT)            B(HT)            C(HT)           D(HT)             E(HT)            F(HT)      
 -------------------------------------------------------------------------------------------------------------------------------------------------------------------------------------------------------------------------------------------------------------------------------------------

    1. CH4                      1.863520e+05     2.483061e+05     1.000000e+03     5.149115e+00    -1.366220e-02     2.457270e-05    -1.614156e-08     4.165086e-12    -4.638488e+00     1.653262e+00     1.002631e-02    -1.658306e-06     1.788277e-10    -7.867419e-15     9.905063e+00
    2. CH3OH                    2.406329e+05     3.177823e+05     1.000000e+03     5.658511e+00    -1.629834e-02     3.459691e-05    -2.527910e-08     7.010689e-12    -8.973305e-01     3.527268e+00     1.031788e-02    -1.814465e-06     1.924827e-10    -8.554566e-15     5.167587e+00
    3. HOCHO                    2.471262e+05     3.171156e+05     1.000000e+03     3.898362e+00    -3.558779e-03     1.776027e-05    -1.461665e-08     4.276942e-12     7.349540e+00     4.613832e+00     6.449636e-03    -1.145413e-06     1.223868e-10    -5.468419e-15     8.478838e-01
    4. C2H6                     2.291934e+05     3.316047e+05     1.000000e+03     4.291426e+00    -5.501549e-03     2.997192e-05    -2.361555e-08     6.717146e-12     2.666790e+00     4.046664e+00     1.535388e-02    -2.735197e-06     2.926088e-10    -1.307919e-14    -9.686983e-01
    5. C2H5OH                   2.805584e+05     4.044376e+05     1.000000e+03     4.858696e+00    -3.740173e-03     3.477769e-05    -2.955160e-08     8.792209e-12     4.801855e+00     6.562436e+00     1.520422e-02    -2.694840e-06     2.874167e-10    -1.282245e-14    -9.473020e+00
    6. CHOCHO                   2.724515e+05     3.754589e+05     1.000000e+03     4.684125e+00     4.780128e-04     2.131954e-05    -1.930061e-08     5.791733e-12     4.511872e+00     8.725069e+00     6.330968e-03    -1.177874e-06     1.299276e-10    -5.937173e-15    -2.039039e+01
    7. C2H5CHO                  2.888045e+05     4.312274e+05     1.000000e+03     4.245297e+00     6.682967e-03     2.466690e-05    -2.239954e-08     6.681559e-12     6.907386e+00     7.440857e+00     1.773018e-02    -3.170408e-06     3.401360e-10    -1.523654e-14    -1.441954e+01
    8. CH2OHCH2CHO              3.488088e+05     5.133046e+05     1.382000e+03     2.666133e+00     3.463023e-02    -1.071904e-05     2.301564e-09    -2.292348e-13     1.733584e+01     1.189367e+01     1.441532e-02    -2.387627e-06     2.420121e-10    -1.038215e-14    -3.272857e+01
    9. CH3CO2H                  2.834393e+05     4.048343e+05     1.000000e+03     2.789502e+00     9.999417e-03     1.712861e-05    -1.696771e-08     5.155555e-12     1.410531e+01     7.670846e+00     1.351526e-02    -2.629372e-06     2.977282e-10    -1.382951e-14    -1.546773e+01
   10. C6H5OH                   3.151860e+05     5.212868e+05     1.000000e+03    -2.909786e-01     4.085624e-02     1.214147e-05    -2.381592e-08     8.650054e-12     2.687456e+01     1.415524e+01     1.993503e-02    -3.591098e-06     3.874300e-10    -1.742869e-14    -5.179849e+01
   11. CRESOL                   3.531444e+05     6.024533e+05     1.000000e+03    -4.104798e+00     8.237358e-02    -3.400012e-05     9.570489e-09    -1.217809e-12     4.408729e+01     1.094119e+01     3.592213e-02    -7.792997e-06     1.017790e-09    -5.548157e-14    -3.221201e+01
   12. C5H8O4                   4.390471e+05     7.070137e+05     1.000000e+03    -6.841991e+00     1.006106e-01    -4.620863e-05     1.432669e-08    -1.974298e-12     6.554269e+01     2.172982e+01     2.178077e-02    -3.747728e-06     3.895363e-10    -1.700097e-14    -8.357525e+01
   13. VANILLIN                 4.870133e+05     8.053720e+05     1.260000e+03    -4.866375e+00     1.072106e-01    -4.712990e-05     1.417986e-08    -1.956040e-12     5.817516e+01     1.365447e+01     4.841432e-02    -1.213209e-05     1.834959e-09    -1.190005e-13    -3.545757e+01
   14. C6H5OCH3                 3.514300e+05     6.014585e+05     1.393000e+03    -5.408887e+00     8.733324e-02    -3.698198e-05     1.067360e-08    -1.392367e-12     5.006961e+01     2.039387e+01     2.090882e-02    -3.612611e-06     3.766595e-10    -1.647744e-14    -8.629205e+01
   15. C24H28O4                 7.811877e+05     1.230837e+06     1.080000e+03     3.087105e+00     1.175671e-01    -4.855163e-05     1.453226e-08    -2.113423e-12     4.527642e+01     1.292521e+01     8.112972e-02    -2.324787e-05     4.119187e-09    -3.055986e-13    -2.943886e+00
   16. U2ME12                   6.756736e+05     1.247526e+06     1.391000e+03     6.797983e-02     1.525301e-01    -5.568804e-05     1.452212e-08    -1.789607e-12     3.999873e+01     4.223531e+01     5.249870e-02    -9.063051e-06     9.439160e-10    -4.125037e-14    -1.862700e+02
   17. N2                       1.915921e+05     2.281728e+05     1.000000e+03     3.536035e+00    -1.582709e-04    -2.134921e-07     7.918086e-10    -3.492705e-13     2.946037e+00     2.938030e+00     1.418380e-03    -2.516405e-07     2.691852e-11    -1.190161e-15     5.955220e+00
   18. H2                       1.306653e+05     1.662346e+05     1.000000e+03     2.376942e+00     7.739169e-03    -9.436754e-06     6.517237e-09    -1.792739e-12     5.471847e-01     2.902076e+00     8.689926e-04    -8.293222e-08     6.361730e-12    -2.327804e-16    -8.455913e-01
   19. H                        1.147064e+05     1.398716e+05     1.000000e+03     2.499759e+00     6.738245e-07     5.590363e-10    -1.233974e-12     5.355846e-16    -4.455740e-01     2.499852e+00     2.345825e-07    -5.808582e-11     7.523610e-15    -3.824800e-19    -4.458646e-01
   20. O2                       2.051340e+05     2.435837e+05     1.000000e+03     3.784983e+00    -3.020022e-03     4.960146e-06    -3.259468e-09     8.221943e-13     3.647807e+00     3.659805e+00     6.598774e-04    -7.207909e-08     7.155201e-12    -3.412595e-16     3.420741e+00
   21. O                        1.610488e+05     1.867873e+05     1.000000e+03     3.159065e+00    -3.215100e-03     3.246278e-06    -1.995850e-09     5.171903e-13     2.090783e+00     2.551601e+00    -3.830855e-05     4.215987e-10     1.337557e-12    -1.043691e-16     4.876170e+00
   22. H2O                      1.888149e+05     2.327362e+05     1.000000e+03     4.201476e+00    -2.055835e-03     3.282736e-06    -1.843023e-09     4.457065e-13    -8.606109e-01     2.731175e+00     2.951370e-03    -4.176799e-07     4.202953e-11    -2.101329e-15     6.551830e+00
   23. OH                       1.837277e+05     2.197291e+05     1.000000e+03     3.975852e+00    -2.285553e-03     2.167214e-06    -1.199755e-09     3.167673e-13    -3.553973e-02     2.845817e+00     1.097238e-03    -1.445606e-07     1.363666e-11    -5.784556e-16     5.803399e+00
   24. H2O2                     2.345104e+05     2.975553e+05     1.000000e+03     4.238542e+00    -2.496109e-04     7.992895e-06    -6.897332e-09     2.074416e-12     3.588501e+00     4.540175e+00     4.159710e-03    -6.543839e-07     6.694121e-11    -2.887731e-15     8.558817e-01
   25. HO2                      2.291381e+05     2.788063e+05     1.000000e+03     4.262512e+00    -4.456420e-03     1.025825e-05    -7.859800e-09     2.264036e-12     3.882237e+00     4.105640e+00     2.040468e-03    -1.829388e-07     6.199101e-12     1.247046e-16     3.308081e+00
   26. CO                       1.976451e+05     2.345473e+05     1.000000e+03     3.595084e+00    -7.211969e-04     6.411912e-07     2.174764e-10    -2.054287e-13     3.443556e+00     3.033973e+00     1.373281e-03    -2.482225e-07     2.700938e-11    -1.213329e-15     6.100761e+00
   27. CO2                      2.137641e+05     2.692969e+05     1.000000e+03     2.206643e+00     1.009701e-02    -4.981694e-06     1.823852e-09    -3.193349e-13     1.052619e+01     4.635375e+00     2.745595e-03    -4.991412e-07     5.367120e-11    -2.305047e-15    -1.928876e+00
   28. CH3                      1.939881e+05     2.511186e+05     1.000000e+03     3.657180e+00     2.126598e-03     2.729194e-06    -2.206033e-09     6.164269e-13     1.673535e+00     2.978121e+00     5.797852e-03    -9.877900e-07     1.024326e-10    -4.479354e-15     4.722480e+00
   29. CH3O                     2.342564e+05     3.087260e+05     1.000000e+03     3.711805e+00    -2.804633e-03     1.882755e-05    -1.576907e-08     4.664711e-12     6.572409e+00     4.757792e+00     7.441425e-03    -1.348526e-06     1.460302e-10    -6.588427e-15    -1.966800e+00
   30. CH2OH                    2.441447e+05     3.188862e+05     1.000000e+03     4.478323e+00    -1.350697e-03     1.392419e-05    -1.216225e-08     3.697669e-12     3.309120e+00     5.093120e+00     5.947585e-03    -1.032483e-06     1.076689e-10    -4.703126e-15    -1.846906e+00
   31. CH2O                     2.187450e+05     2.753817e+05     1.000000e+03     4.793723e+00    -9.908333e-03     1.866100e-05    -1.264284e-08     3.294316e-12     6.027981e-01     3.169527e+00     6.193206e-03    -1.125282e-06     1.219919e-10    -5.503736e-15     6.042079e+00
   32. HCO                      2.242823e+05     2.733900e+05     1.000000e+03     3.970747e+00    -1.491216e-03     4.770209e-06    -2.942401e-09     6.691128e-13     4.446604e+00     3.857811e+00     2.641139e-03    -3.720886e-07     4.110441e-11    -2.222397e-15     3.924512e+00
   33. C2H5                     2.429568e+05     3.362769e+05     1.000000e+03     4.241859e+00    -3.569052e-03     2.413336e-05    -1.951337e-08     5.645113e-12     4.447038e+00     4.321956e+00     1.239305e-02    -2.198405e-06     2.345066e-10    -1.046088e-14     1.711038e-01
   34. C2H4                     2.192996e+05     3.003154e+05     1.000000e+03     3.959201e+00    -7.570514e-03     2.854950e-05    -2.305295e-08     6.747105e-12     4.097302e+00     3.991827e+00     1.048339e-02    -1.858607e-06     1.982095e-10    -8.840760e-15    -2.690818e-01
   35. C2H3                     2.336404e+05     3.055972e+05     1.000000e+03     3.363776e+00     2.657657e-04     1.398104e-05    -1.243290e-08     3.789754e-12     7.915101e+00     4.150268e+00     7.540213e-03    -1.314989e-06     1.386580e-10    -6.135188e-15     1.728122e+00
   36. C2H2                     2.008931e+05     2.689067e+05     1.000000e+03     8.086797e-01     2.336158e-02    -1.775861e-05     9.338432e-09    -2.125188e-12     1.393968e+01     4.658785e+00     4.883967e-03    -8.041444e-07     8.232485e-11    -3.465149e-15    -3.998382e+00
   37. CH3CHO                   2.639228e+05     3.631512e+05     1.000000e+03     4.729459e+00    -3.193286e-03     2.376746e-05    -1.915287e-08     5.482778e-12     4.103016e+00     5.404111e+00     1.172306e-02    -2.113157e-06     2.279082e-10    -1.024622e-14    -3.480792e+00
   38. CH3CO                    2.674219e+05     3.551487e+05     1.000000e+03     4.035870e+00     8.772949e-04     1.535501e-05    -1.308252e-08     3.824217e-12     7.861768e+00     5.313716e+00     9.173779e-03    -1.661019e-06     1.798249e-10    -8.113092e-15    -1.675756e+00
   39. CH2CHO                   2.641748e+05     3.576214e+05     1.000000e+03     2.795026e+00     1.010995e-02     8.087532e-06    -1.034344e-08     3.485903e-12     1.236467e+01     6.539283e+00     7.802386e-03    -1.382068e-06     1.473663e-10    -6.573857e-15    -8.720914e+00
   40. HCCO                     2.463819e+05     3.199527e+05     1.000000e+03     1.876080e+00     2.212054e-02    -1.794347e-05     1.018008e-08    -2.532027e-12     1.369683e+01     5.914793e+00     3.714087e-03    -6.506850e-07     6.882445e-11    -3.036919e-15    -5.505673e+00
   41. HCOOH                    2.471262e+05     3.171156e+05     1.000000e+03     3.898362e+00    -3.558779e-03     1.776027e-05    -1.461665e-08     4.276942e-12     7.349540e+00     4.613832e+00     6.449636e-03    -1.145413e-06     1.223868e-10    -5.468419e-15     8.478838e-01
   42. CH2OHCHO                 3.092068e+05     4.251808e+05     1.000000e+03     6.149261e+00    -5.968281e-03     2.980017e-05    -2.388879e-08     6.850360e-12     1.866446e+00     6.910888e+00     1.232808e-02    -2.191865e-06     2.343517e-10    -1.047525e-14    -6.961326e+00
   43. C3H3                     2.566242e+05     3.589261e+05     1.000000e+03     1.351109e+00     3.274113e-02    -2.369137e-05     1.254367e-08    -2.963528e-12     1.520586e+01     7.142217e+00     7.619022e-03    -1.337300e-06     1.416383e-10    -6.286886e-15    -1.258487e+01
   44. C2H3CHO                  3.077404e+05     4.362416e+05     1.000000e+03     4.698689e+00     4.999660e-03     2.192937e-05    -2.042946e-08     6.212725e-12     7.298120e+00     8.206549e+00     1.284929e-02    -2.321427e-06     2.505796e-10    -1.128245e-14    -1.498819e+01
   45. PC4H9                    3.284369e+05     5.104823e+05     1.000000e+03     3.610272e-01     4.465609e-02    -1.348112e-05     2.458375e-09     0.000000e+00     2.526968e+01     2.859271e+00     3.390935e-02    -6.481745e-06     5.416245e-10     0.000000e+00     1.367654e+01
   46. NC5H11                   3.680135e+05     5.772771e+05     1.384000e+03    -3.043864e+00     5.819954e-02    -1.580454e-05     2.633350e-09    -1.662996e-13     4.559470e+01     1.313407e+01     2.609235e-02    -4.488656e-06     4.664011e-10    -2.034927e-14    -4.344560e+01
   47. CYC6H8                   2.908128e+05     4.987919e+05     1.384000e+03    -7.195723e+00     7.806768e-02    -3.100011e-05     8.443695e-09    -1.059212e-12     5.524512e+01     1.677972e+01     2.007483e-02    -3.553663e-06     3.764180e-10    -1.664569e-14    -7.291207e+01
   48. FURFURAL                 3.257101e+05     5.064435e+05     1.000000e+03    -1.862600e+00     5.709464e-02    -2.381693e-05     6.598311e-09    -8.164646e-13     3.471799e+01     1.595536e+01     1.220961e-02    -2.097458e-06     2.180730e-10    -9.526508e-15    -5.968305e+01
   49. C4H3O                    2.656367e+05     4.014560e+05     1.000000e+03    -5.846741e+00     6.208759e-02    -3.150053e-05     1.022941e-08    -1.438641e-12     4.929409e+01     1.294558e+01     7.952355e-03    -1.403398e-06     1.484017e-10    -6.556020e-15    -4.788199e+01
   50. C6H10O5                  4.755579e+05     8.147471e+05     1.000000e+03    -7.812417e+00     1.254245e-01    -5.813593e-05     1.815782e-08    -2.518654e-12     6.903009e+01     2.798504e+01     2.641667e-02    -4.568204e-06     4.764133e-10    -2.084141e-14    -1.177544e+02
   51. C6H8O4                   4.356895e+05     7.304876e+05     1.398000e+03    -4.601042e+00     1.007361e-01    -4.527422e-05     1.379376e-08    -1.880255e-12     5.226493e+01     2.453899e+01     2.227063e-02    -3.869032e-06     4.047450e-10    -1.774429e-14    -1.005501e+02
   52. C6H6O3                   4.108460e+05     6.493702e+05     1.382000e+03     5.988146e-01     6.184938e-02    -2.190047e-05     5.184378e-09    -5.512663e-13     2.938280e+01     1.938925e+01     1.861345e-02    -3.155740e-06     3.251541e-10    -1.411404e-14    -7.167865e+01
   53. MLINO                    9.180968e+05     1.750738e+06     1.833000e+03    -1.587619e+00     2.195265e-01    -7.288059e-05     1.651159e-08    -1.721591e-12     6.009628e+01     5.242580e+01     9.103516e-02    -1.632571e-05     1.749996e-09    -7.812695e-14    -2.278792e+02
   54. RMBX                     3.821372e+05     6.297577e+05     1.382000e+03     2.316808e+00     5.692479e-02    -1.780296e-05     3.673744e-09    -3.413951e-13     1.728433e+01     1.933822e+01     2.094015e-02    -3.661049e-06     3.845723e-10    -1.690743e-14    -7.558344e+01
   55. RME7                     5.254175e+05     9.077771e+05     1.382000e+03     3.127124e+00     8.865381e-02    -2.753545e-05     5.749865e-09    -5.453829e-13     2.125625e+01     2.830887e+01     3.460018e-02    -5.894465e-06     6.078226e-10    -2.638184e-14    -1.157915e+02
   56. CH3COCH3                 2.956205e+05     4.355575e+05     1.000000e+03     5.556389e+00    -2.838635e-03     3.528615e-05    -2.927103e-08     8.507274e-12     2.319602e+00     7.297970e+00     1.756569e-02    -3.158390e-06     3.400852e-10    -1.527259e-14    -1.275917e+01
   57. FURAN                    2.522876e+05     3.991849e+05     1.000000e+03    -7.500303e+00     6.998999e-02    -3.477428e-05     1.113229e-08    -1.548670e-12     5.502184e+01     1.359122e+01     9.874509e-03    -1.726626e-06     1.814766e-10    -7.983747e-15    -5.425136e+01
   58. CELL                     1.433996e+06     1.842289e+06     1.000000e+03     2.925325e+01     1.950216e-02     0.000000e+00     0.000000e+00     0.000000e+00     0.000000e+00     2.925325e+01     1.950216e-02     0.000000e+00     0.000000e+00     0.000000e+00     0.000000e+00
   59. GMSW                     1.168442e+06     1.501126e+06     1.000000e+03     2.383600e+01     1.589067e-02     0.000000e+00     0.000000e+00     0.000000e+00     0.000000e+00     2.383600e+01     1.589067e-02     0.000000e+00     0.000000e+00     0.000000e+00     0.000000e+00
   60. XYHW                     1.168442e+06     1.501126e+06     1.000000e+03     2.383600e+01     1.589067e-02     0.000000e+00     0.000000e+00     0.000000e+00     0.000000e+00     2.383600e+01     1.589067e-02     0.000000e+00     0.000000e+00     0.000000e+00     0.000000e+00
   61. XYGR                     1.168442e+06     1.501126e+06     1.000000e+03     2.383600e+01     1.589067e-02     0.000000e+00     0.000000e+00     0.000000e+00     0.000000e+00     2.383600e+01     1.589067e-02     0.000000e+00     0.000000e+00     0.000000e+00     0.000000e+00
   62. LIGC                     2.284200e+06     2.934566e+06     1.000000e+03     4.659725e+01     3.106483e-02     0.000000e+00     0.000000e+00     0.000000e+00     0.000000e+00     4.659725e+01     3.106483e-02     0.000000e+00     0.000000e+00     0.000000e+00     0.000000e+00
   63. LIGH                     3.860083e+06     4.959140e+06     1.000000e+03     7.874495e+01     5.249663e-02     0.000000e+00     0.000000e+00     0.000000e+00     0.000000e+00     7.874495e+01     5.249663e-02     0.000000e+00     0.000000e+00     0.000000e+00     0.000000e+00
   64. LIGO                     3.735637e+06     4.799261e+06     1.000000e+03     7.620628e+01     5.080419e-02     0.000000e+00     0.000000e+00     0.000000e+00     0.000000e+00     7.620628e+01     5.080419e-02     0.000000e+00     0.000000e+00     0.000000e+00     0.000000e+00
   65. TGL                      7.936901e+06     1.019672e+07     1.000000e+03     1.619112e+02     1.079408e-01     0.000000e+00     0.000000e+00     0.000000e+00     0.000000e+00     1.619112e+02     1.079408e-01     0.000000e+00     0.000000e+00     0.000000e+00     0.000000e+00
   66. TANN                     2.690862e+06     3.457014e+06     1.000000e+03     5.489307e+01     3.659538e-02     0.000000e+00     0.000000e+00     0.000000e+00     0.000000e+00     5.489307e+01     3.659538e-02     0.000000e+00     0.000000e+00     0.000000e+00     0.000000e+00
   67. MOIST                    6.990078e+04     5.954709e+05     1.000000e+03     7.255750e+01    -6.624454e-01     1.280994e-03    -1.455306e-06     6.954475e-10    -2.882801e+02     3.250060e+00     2.166707e-03     0.000000e+00     0.000000e+00     0.000000e+00     0.000000e+00
   68. ASH                      3.458232e+05     4.442873e+05     1.000000e+03     7.054727e+00     4.703151e-03     0.000000e+00     0.000000e+00     0.000000e+00     0.000000e+00     7.054727e+00     4.703151e-03     0.000000e+00     0.000000e+00     0.000000e+00     0.000000e+00
   69. CELLA                    1.433996e+06     1.842289e+06     1.000000e+03     2.925325e+01     1.950216e-02     0.000000e+00     0.000000e+00     0.000000e+00     0.000000e+00     2.925325e+01     1.950216e-02     0.000000e+00     0.000000e+00     0.000000e+00     0.000000e+00
   70. HCE1                     1.168442e+06     1.501126e+06     1.000000e+03     2.383600e+01     1.589067e-02     0.000000e+00     0.000000e+00     0.000000e+00     0.000000e+00     2.383600e+01     1.589067e-02     0.000000e+00     0.000000e+00     0.000000e+00     0.000000e+00
   71. HCE2                     1.168442e+06     1.501126e+06     1.000000e+03     2.383600e+01     1.589067e-02     0.000000e+00     0.000000e+00     0.000000e+00     0.000000e+00     2.383600e+01     1.589067e-02     0.000000e+00     0.000000e+00     0.000000e+00     0.000000e+00
   72. LIGCC                    2.284200e+06     2.934566e+06     1.000000e+03     4.659725e+01     3.106483e-02     0.000000e+00     0.000000e+00     0.000000e+00     0.000000e+00     4.659725e+01     3.106483e-02     0.000000e+00     0.000000e+00     0.000000e+00     0.000000e+00
   73. LIGOH                    3.346416e+06     4.299220e+06     1.000000e+03     6.826624e+01     4.551083e-02     0.000000e+00     0.000000e+00     0.000000e+00     0.000000e+00     6.826624e+01     4.551083e-02     0.000000e+00     0.000000e+00     0.000000e+00     0.000000e+00
   74. LIG                      1.841463e+06     2.365771e+06     1.000000e+03     3.756549e+01     2.504366e-02     0.000000e+00     0.000000e+00     0.000000e+00     0.000000e+00     3.756549e+01     2.504366e-02     0.000000e+00     0.000000e+00     0.000000e+00     0.000000e+00
   75. ITANN                    2.690862e+06     3.457014e+06     1.000000e+03     5.489307e+01     3.659538e-02     0.000000e+00     0.000000e+00     0.000000e+00     0.000000e+00     5.489307e+01     3.659538e-02     0.000000e+00     0.000000e+00     0.000000e+00     0.000000e+00
   76. CHAR                     7.610176e+03     3.577088e+04     1.000000e+03    -1.008020e-01     4.998564e-03     0.000000e+00     0.000000e+00     0.000000e+00     0.000000e+00    -1.008020e-01     4.998564e-03     0.000000e+00     0.000000e+00     0.000000e+00     0.000000e+00
   77. COH2S                    2.655539e+05     3.411634e+05     1.000000e+03     5.417248e+00     3.611499e-03     0.000000e+00     0.000000e+00     0.000000e+00     0.000000e+00     5.417248e+00     3.611499e-03     0.000000e+00     0.000000e+00     0.000000e+00     0.000000e+00
   78. CO2S                     3.892214e+05     5.000419e+05     1.000000e+03     7.940041e+00     5.293361e-03     0.000000e+00     0.000000e+00     0.000000e+00     0.000000e+00     7.940041e+00     5.293361e-03     0.000000e+00     0.000000e+00     0.000000e+00     0.000000e+00
   79. COS                      2.477241e+05     3.182570e+05     1.000000e+03     5.053524e+00     3.369016e-03     0.000000e+00     0.000000e+00     0.000000e+00     0.000000e+00     5.053524e+00     3.369016e-03     0.000000e+00     0.000000e+00     0.000000e+00     0.000000e+00
   80. CH3OHS                   2.833837e+05     3.640697e+05     1.000000e+03     5.780972e+00     3.853981e-03     0.000000e+00     0.000000e+00     0.000000e+00     0.000000e+00     5.780972e+00     3.853981e-03     0.000000e+00     0.000000e+00     0.000000e+00     0.000000e+00
   81. CH4S                     1.418864e+05     1.822848e+05     1.000000e+03     2.894455e+00     1.929637e-03     0.000000e+00     0.000000e+00     0.000000e+00     0.000000e+00     2.894455e+00     1.929637e-03     0.000000e+00     0.000000e+00     0.000000e+00     0.000000e+00
   82. C2H4S                    2.481133e+05     3.187570e+05     1.000000e+03     5.061463e+00     3.374308e-03     0.000000e+00     0.000000e+00     0.000000e+00     0.000000e+00     5.061463e+00     3.374308e-03     0.000000e+00     0.000000e+00     0.000000e+00     0.000000e+00
   83. C6H5OHS                  8.323478e+05     1.069337e+06     1.000000e+03     1.697973e+01     1.131982e-02     0.000000e+00     0.000000e+00     0.000000e+00     0.000000e+00     1.697973e+01     1.131982e-02     0.000000e+00     0.000000e+00     0.000000e+00     0.000000e+00
   84. CH2OS                    2.655539e+05     3.411634e+05     1.000000e+03     5.417248e+00     3.611499e-03     0.000000e+00     0.000000e+00     0.000000e+00     0.000000e+00     5.417248e+00     3.611499e-03     0.000000e+00     0.000000e+00     0.000000e+00     0.000000e+00
   85. H2S                      1.782977e+04     2.290633e+04     1.000000e+03     3.637238e-01     2.424826e-04     0.000000e+00     0.000000e+00     0.000000e+00     0.000000e+00     3.637238e-01     2.424826e-04     0.000000e+00     0.000000e+00     0.000000e+00     0.000000e+00
   86. C2H6S                    2.659430e+05     3.416633e+05     1.000000e+03     5.425186e+00     3.616791e-03     0.000000e+00     0.000000e+00     0.000000e+00     0.000000e+00     5.425186e+00     3.616791e-03     0.000000e+00     0.000000e+00     0.000000e+00     0.000000e+00
   87. LVGS                     1.433996e+06     1.842289e+06     1.000000e+03     2.925325e+01     1.950216e-02     0.000000e+00     0.000000e+00     0.000000e+00     0.000000e+00     2.925325e+01     1.950216e-02     0.000000e+00     0.000000e+00     0.000000e+00     0.000000e+00
   88. CHARO                    1.774715e+04     8.341874e+04     1.000000e+03    -2.350731e-01     1.165680e-02     0.000000e+00     0.000000e+00     0.000000e+00     0.000000e+00    -2.350731e-01     1.165680e-02     0.000000e+00     0.000000e+00     0.000000e+00     0.000000e+00
   89. COSTIFFS                 2.477241e+05     3.182570e+05     1.000000e+03     5.053524e+00     3.369016e-03     0.000000e+00     0.000000e+00     0.000000e+00     0.000000e+00     5.053524e+00     3.369016e-03     0.000000e+00     0.000000e+00     0.000000e+00     0.000000e+00
   90. BMOIST                   6.990078e+04     5.954709e+05     1.000000e+03     7.255750e+01    -6.624454e-01     1.280994e-03    -1.455306e-06     6.954475e-10    -2.882801e+02     3.250060e+00     2.166707e-03     0.000000e+00     0.000000e+00     0.000000e+00     0.000000e+00

 -------------------------------------------------------------------------------------------------------------------------------------------------------------------------------------------------------------------------------------------------------------------------------------------


