 ----------------------------------------------------------------------------------------------------------------------------------------------------------------------------------------------------------------------------------------------------------
                     SPECIFIC HEAT COEFFICIENTS                                                                     

             Cp = A + B*T + C*T^2 + D*T^3 + E*T^4  [J/kg/K]                                                         

    Species                      Cp(298K)         Cp(1000K)          LT-HT            A(LT)            B(LT)            C(LT)            D(LT)            E(LT)             A(HT)           B(HT)            C(HT)            D(HT)           E(HT)      
 ----------------------------------------------------------------------------------------------------------------------------------------------------------------------------------------------------------------------------------------------------------

    1. N2                       1.039626e+03     1.166660e+03     1.000000e+03     1.047991e+03    -3.670217e-02    -1.492886e-04     7.227908e-07    -4.181308e-10     8.763149e+02     4.145954e-01    -1.462114e-04     2.332852e-08    -1.367506e-12
    2. C2H4                     1.528235e+03     3.354139e+03     1.000000e+03     1.173402e+03    -2.243700e+00     1.692263e-02    -2.049685e-05     7.998652e-09     1.183072e+03     3.106999e+00    -1.101684e-03     1.762321e-07    -1.048067e-11
    3. C2H6                     1.745360e+03     4.079992e+03     1.000000e+03     1.186595e+03    -1.521198e+00     1.657469e-02    -1.958935e-05     7.429259e-09     1.118917e+03     4.245403e+00    -1.512584e-03     2.427222e-07    -1.446577e-11
    4. CH4                      2.224367e+03     4.595925e+03     1.000000e+03     2.668586e+03    -7.080587e+00     2.547014e-02    -2.509662e-05     8.634408e-09     8.568215e+02     5.196246e+00    -1.718871e-03     2.780383e-07    -1.630951e-11
    5. CO                       1.040371e+03     1.183493e+03     1.000000e+03     1.067161e+03    -2.140794e-01     3.806612e-04     1.936665e-07    -2.439171e-10     9.006016e+02     4.076435e-01    -1.473643e-04     2.405232e-08    -1.440654e-12
    6. CO2                      8.436484e+02     1.234536e+03     1.000000e+03     4.168932e+02     1.907592e+00    -1.882347e-03     1.033721e-06    -2.413232e-10     8.757447e+02     5.187153e-01    -1.886019e-04     3.041972e-08    -1.741937e-12
    7. H2                       1.430297e+04     1.494359e+04     1.000000e+03     9.803073e+03     3.191817e+01    -7.783882e-02     8.063589e-05    -2.957473e-08     1.196885e+04     3.583931e+00    -6.840642e-04     7.871185e-08    -3.840167e-12
    8. C2H3CHO                  1.241148e+03     2.477710e+03     1.398000e+03     1.088314e+02     4.708365e+00    -3.405030e-03     1.248866e-06    -1.833226e-10     1.481778e+03     1.456852e+00    -4.911843e-04     7.556403e-08    -4.357468e-12
    9. CH2O                     1.178406e+03     2.064667e+03     1.000000e+03     1.327424e+03    -2.743704e+00     1.033479e-02    -1.050274e-05     3.648900e-09     8.776697e+02     1.714953e+00    -6.232008e-04     1.013419e-07    -6.096131e-12
   10. C2H5CHO                  1.295600e+03     2.832998e+03     1.000000e+03     6.077369e+02     9.567024e-01     7.062396e-03    -9.619840e-06     3.826003e-09     1.065198e+03     2.538169e+00    -9.077216e-04     1.460769e-07    -8.724770e-12
   11. C2H5OH                   1.377966e+03     3.068844e+03     1.402000e+03     3.894831e+01     5.328237e+00    -3.036930e-03     8.112232e-07    -7.263384e-11     1.469968e+03     2.315792e+00    -7.743478e-04     1.183888e-07    -6.795133e-12
   12. C5H8O4                   1.007444e+03     2.292931e+03     1.000000e+03    -4.305906e+02     6.331776e+00    -5.816143e-03     2.704886e-06    -4.969982e-10     1.367534e+03     1.370740e+00    -4.717154e-04     7.354468e-08    -4.279725e-12
   13. C6H10O5                  1.056392e+03     2.345463e+03     1.000000e+03    -4.006146e+02     6.431670e+00    -5.962329e-03     2.793356e-06    -5.166184e-10     1.435051e+03     1.354626e+00    -4.685077e-04     7.329029e-08    -4.274925e-12
   14. C6H5OCH3                 1.141881e+03     2.645783e+03     1.393000e+03    -4.158682e+02     6.714712e+00    -5.686800e-03     2.461955e-06    -4.282148e-10     1.568005e+03     1.607597e+00    -5.555192e-04     8.687963e-08    -5.067543e-12
   15. C6H5OH                   1.097490e+03     2.473733e+03     1.000000e+03    -2.570665e+01     3.609466e+00     2.145289e-03    -6.312090e-06     3.056774e-09     1.250552e+03     1.761171e+00    -6.345148e-04     1.026831e-07    -6.158986e-12
   16. C6H6O3                   1.024181e+03     2.109442e+03     1.382000e+03     3.947968e+01     4.077712e+00    -2.887784e-03     1.025414e-06    -1.453793e-10     1.278328e+03     1.227179e+00    -4.161141e-04     6.431196e-08    -3.722137e-12
   17. C24H28O4                 6.684556e+02     1.276150e+03     1.398000e+03     1.185461e+02     2.183316e+00    -1.123158e-03    -9.400335e-08     1.914498e-10     1.083628e+03     1.845983e-01     8.417077e-05    -5.080481e-08     6.887849e-12
   18. CH2OHCH2CHO              1.263533e+03     2.451952e+03     1.382000e+03     2.992408e+02     3.886820e+00    -2.406162e-03     7.749674e-07    -1.029152e-10     1.334919e+03     1.617944e+00    -5.359639e-04     8.148871e-08    -4.661078e-12
   19. CH2OHCHO                 1.105282e+03     2.148313e+03     1.000000e+03     8.513921e+02    -8.263347e-01     8.251927e-03    -9.922521e-06     3.793849e-09     9.568427e+02     1.706877e+00    -6.069467e-04     9.734107e-08    -5.801375e-12
   20. CH3CHO                   1.255397e+03     2.556187e+03     1.000000e+03     8.926273e+02    -6.026934e-01     8.971632e-03    -1.084461e-05     4.139228e-09     1.019959e+03     2.212583e+00    -7.976648e-04     1.290446e-07    -7.735389e-12
   21. CH3CO2H                  1.055999e+03     2.321219e+03     1.000000e+03     3.862188e+02     1.384463e+00     4.743063e-03    -7.047762e-06     2.855236e-09     1.062062e+03     1.871247e+00    -7.280960e-04     1.236653e-07    -7.659027e-12
   22. CH3OH                    1.339083e+03     2.791930e+03     1.000000e+03     1.468306e+03    -4.229198e+00     1.795485e-02    -1.967874e-05     7.276713e-09     9.152780e+02     2.677349e+00    -9.416577e-04     1.498399e-07    -8.879173e-12
   23. CHOCHO                   1.040597e+03     1.871932e+03     1.000000e+03     6.710658e+02     6.848197e-02     6.108639e-03    -8.295240e-06     3.318985e-09     1.249987e+03     9.069990e-01    -3.374936e-04     5.584180e-08    -3.402330e-12
   24. CRESOL                   1.162920e+03     2.622490e+03     1.000000e+03    -3.156019e+02     6.333383e+00    -5.228273e-03     2.207513e-06    -3.745303e-10     8.412252e+02     2.761913e+00    -1.198346e-03     2.347616e-07    -1.706304e-11
   25. FURFURAL                 9.881664e+02     2.087789e+03     1.000000e+03    -1.611752e+02     4.940534e+00    -4.121871e-03     1.712902e-06    -2.826024e-10     1.380655e+03     1.056527e+00    -3.629961e-04     5.661112e-08    -3.297405e-12
   26. H2O                      1.864404e+03     2.291436e+03     1.000000e+03     1.939107e+03    -9.488297e-01     3.030162e-03    -2.551831e-06     8.228276e-10     1.260519e+03     1.362146e+00    -3.855436e-04     5.819366e-08    -3.879306e-12
   27. HOCHO                    9.113664e+02     1.641285e+03     1.800000e+03     3.345770e+02     2.302345e+00    -1.344905e-03     3.966759e-07    -4.740757e-11     6.855229e+02     1.522465e+00    -6.950047e-04     1.559723e-07    -1.397651e-11
   28. MLINO                    1.472250e+03     3.242057e+03     1.833000e+03    -4.482561e+01     6.198218e+00    -4.115491e-03     1.398588e-06    -1.944330e-10     1.480215e+03     2.570331e+00    -9.218959e-04     1.482307e-07    -8.823497e-12
   29. U2ME12                   1.451959e+03     3.068943e+03     1.391000e+03     2.687447e+00     6.029972e+00    -4.403031e-03     1.722309e-06    -2.829941e-10     1.669689e+03     2.075431e+00    -7.165792e-04     1.119475e-07    -6.523004e-12
   30. VANILLIN                 1.080685e+03     2.338880e+03     1.260000e+03    -2.659320e+02     5.858723e+00    -5.151000e-03     2.324655e-06    -4.275656e-10     7.461734e+02     2.645690e+00    -1.325961e-03     3.008242e-07    -2.601200e-11
   31. CELL                     1.798000e+03     2.500000e+03     1.000000e+03     1.500000e+03     1.000000e+00     0.000000e+00     0.000000e+00     0.000000e+00     1.500000e+03     1.000000e+00     0.000000e+00     0.000000e+00     0.000000e+00
   32. GMSW                     1.798000e+03     2.500000e+03     1.000000e+03     1.500000e+03     1.000000e+00     0.000000e+00     0.000000e+00     0.000000e+00     1.500000e+03     1.000000e+00     0.000000e+00     0.000000e+00     0.000000e+00
   33. XYHW                     1.798000e+03     2.500000e+03     1.000000e+03     1.500000e+03     1.000000e+00     0.000000e+00     0.000000e+00     0.000000e+00     1.500000e+03     1.000000e+00     0.000000e+00     0.000000e+00     0.000000e+00
   34. XYGR                     1.798000e+03     2.500000e+03     1.000000e+03     1.500000e+03     1.000000e+00     0.000000e+00     0.000000e+00     0.000000e+00     1.500000e+03     1.000000e+00     0.000000e+00     0.000000e+00     0.000000e+00
   35. LIGC                     1.798000e+03     2.500000e+03     1.000000e+03     1.500000e+03     1.000000e+00     0.000000e+00     0.000000e+00     0.000000e+00     1.500000e+03     1.000000e+00     0.000000e+00     0.000000e+00     0.000000e+00
   36. LIGH                     1.798000e+03     2.500000e+03     1.000000e+03     1.500000e+03     1.000000e+00     0.000000e+00     0.000000e+00     0.000000e+00     1.500000e+03     1.000000e+00     0.000000e+00     0.000000e+00     0.000000e+00
   37. LIGO                     1.798000e+03     2.500000e+03     1.000000e+03     1.500000e+03     1.000000e+00     0.000000e+00     0.000000e+00     0.000000e+00     1.500000e+03     1.000000e+00     0.000000e+00     0.000000e+00     0.000000e+00
   38. TGL                      1.798000e+03     2.500000e+03     1.000000e+03     1.500000e+03     1.000000e+00     0.000000e+00     0.000000e+00     0.000000e+00     1.500000e+03     1.000000e+00     0.000000e+00     0.000000e+00     0.000000e+00
   39. TANN                     1.798000e+03     2.500000e+03     1.000000e+03     1.500000e+03     1.000000e+00     0.000000e+00     0.000000e+00     0.000000e+00     1.500000e+03     1.000000e+00     0.000000e+00     0.000000e+00     0.000000e+00
   40. MOIST                    4.214546e+03     3.989788e+03     1.000000e+03     4.174400e+03     7.384479e-01    -2.769180e-03     2.769180e-06    -9.230599e-10     4.174400e+03     7.384479e-01    -2.769180e-03     2.769180e-06    -9.230599e-10
   41. ASH                      4.603748e+03     6.401207e+03     1.000000e+03     3.840724e+03     2.560483e+00     0.000000e+00     0.000000e+00     0.000000e+00     3.840724e+03     2.560483e+00     0.000000e+00     0.000000e+00     0.000000e+00
   42. CELLA                    1.798000e+03     2.500000e+03     1.000000e+03     1.500000e+03     1.000000e+00     0.000000e+00     0.000000e+00     0.000000e+00     1.500000e+03     1.000000e+00     0.000000e+00     0.000000e+00     0.000000e+00
   43. HCE1                     1.798000e+03     2.500000e+03     1.000000e+03     1.500000e+03     1.000000e+00     0.000000e+00     0.000000e+00     0.000000e+00     1.500000e+03     1.000000e+00     0.000000e+00     0.000000e+00     0.000000e+00
   44. HCE2                     1.798000e+03     2.500000e+03     1.000000e+03     1.500000e+03     1.000000e+00     0.000000e+00     0.000000e+00     0.000000e+00     1.500000e+03     1.000000e+00     0.000000e+00     0.000000e+00     0.000000e+00
   45. LIGCC                    1.798000e+03     2.500000e+03     1.000000e+03     1.500000e+03     1.000000e+00     0.000000e+00     0.000000e+00     0.000000e+00     1.500000e+03     1.000000e+00     0.000000e+00     0.000000e+00     0.000000e+00
   46. LIGOH                    1.798000e+03     2.500000e+03     1.000000e+03     1.500000e+03     1.000000e+00     0.000000e+00     0.000000e+00     0.000000e+00     1.500000e+03     1.000000e+00     0.000000e+00     0.000000e+00     0.000000e+00
   47. LIG                      1.798000e+03     2.500000e+03     1.000000e+03     1.500000e+03     1.000000e+00     0.000000e+00     0.000000e+00     0.000000e+00     1.500000e+03     1.000000e+00     0.000000e+00     0.000000e+00     0.000000e+00
   48. ITANN                    1.798000e+03     2.500000e+03     1.000000e+03     1.500000e+03     1.000000e+00     0.000000e+00     0.000000e+00     0.000000e+00     1.500000e+03     1.000000e+00     0.000000e+00     0.000000e+00     0.000000e+00
   49. CHAR                     9.613050e+02     3.390225e+03     1.000000e+03    -6.977500e+01     3.460000e+00     0.000000e+00     0.000000e+00     0.000000e+00    -6.977500e+01     3.460000e+00     0.000000e+00     0.000000e+00     0.000000e+00
   50. COH2S                    1.798000e+03     2.500000e+03     1.000000e+03     1.500000e+03     1.000000e+00     0.000000e+00     0.000000e+00     0.000000e+00     1.500000e+03     1.000000e+00     0.000000e+00     0.000000e+00     0.000000e+00
   51. CO2S                     1.798000e+03     2.500000e+03     1.000000e+03     1.500000e+03     1.000000e+00     0.000000e+00     0.000000e+00     0.000000e+00     1.500000e+03     1.000000e+00     0.000000e+00     0.000000e+00     0.000000e+00
   52. COS                      1.798000e+03     2.500000e+03     1.000000e+03     1.500000e+03     1.000000e+00     0.000000e+00     0.000000e+00     0.000000e+00     1.500000e+03     1.000000e+00     0.000000e+00     0.000000e+00     0.000000e+00
   53. CH3OHS                   1.798000e+03     2.500000e+03     1.000000e+03     1.500000e+03     1.000000e+00     0.000000e+00     0.000000e+00     0.000000e+00     1.500000e+03     1.000000e+00     0.000000e+00     0.000000e+00     0.000000e+00
   54. CH4S                     1.798000e+03     2.500000e+03     1.000000e+03     1.500000e+03     1.000000e+00     0.000000e+00     0.000000e+00     0.000000e+00     1.500000e+03     1.000000e+00     0.000000e+00     0.000000e+00     0.000000e+00
   55. C2H4S                    1.798000e+03     2.500000e+03     1.000000e+03     1.500000e+03     1.000000e+00     0.000000e+00     0.000000e+00     0.000000e+00     1.500000e+03     1.000000e+00     0.000000e+00     0.000000e+00     0.000000e+00
   56. C6H5OHS                  1.798000e+03     2.500000e+03     1.000000e+03     1.500000e+03     1.000000e+00     0.000000e+00     0.000000e+00     0.000000e+00     1.500000e+03     1.000000e+00     0.000000e+00     0.000000e+00     0.000000e+00
   57. CH2OS                    1.798000e+03     2.500000e+03     1.000000e+03     1.500000e+03     1.000000e+00     0.000000e+00     0.000000e+00     0.000000e+00     1.500000e+03     1.000000e+00     0.000000e+00     0.000000e+00     0.000000e+00
   58. H2S                      1.798000e+03     2.500000e+03     1.000000e+03     1.500000e+03     1.000000e+00     0.000000e+00     0.000000e+00     0.000000e+00     1.500000e+03     1.000000e+00     0.000000e+00     0.000000e+00     0.000000e+00
   59. C2H6S                    1.798000e+03     2.500000e+03     1.000000e+03     1.500000e+03     1.000000e+00     0.000000e+00     0.000000e+00     0.000000e+00     1.500000e+03     1.000000e+00     0.000000e+00     0.000000e+00     0.000000e+00
   60. COSTIFFS                 1.798000e+03     2.500000e+03     1.000000e+03     1.500000e+03     1.000000e+00     0.000000e+00     0.000000e+00     0.000000e+00     1.500000e+03     1.000000e+00     0.000000e+00     0.000000e+00     0.000000e+00
   61. CHARO                    4.122183e+02     1.453766e+03     1.000000e+03    -2.992030e+01     1.483687e+00     0.000000e+00     0.000000e+00     0.000000e+00    -2.992030e+01     1.483687e+00     0.000000e+00     0.000000e+00     0.000000e+00

 ----------------------------------------------------------------------------------------------------------------------------------------------------------------------------------------------------------------------------------------------------------


 -------------------------------------------------------------------------------------------------------------------------------------------------------------------------------------------------------------------------------------------------------------------------------------------
                           ENTHALPY COEFFICIENTS                                                                     

             H/(RT) = A + B*T + C*T^2 + D*T^3 + E*T^4 + F/T  [-]                                                         

    Species                   H(298K)[J/kmol]  H(1000K)[J/kmol]      LT-HT            A(LT)            B(LT)            C(LT)            D(LT)            E(LT)           F(LT)             A(HT)            B(HT)            C(HT)           D(HT)             E(HT)            F(HT)      
 -------------------------------------------------------------------------------------------------------------------------------------------------------------------------------------------------------------------------------------------------------------------------------------------

    1. N2                      -4.368616e+03     2.146458e+07     1.000000e+03     3.531005e+00    -6.183049e-05    -1.676665e-07     6.088265e-10    -2.817625e-13    -1.046976e+03     2.952576e+00     6.984502e-04    -1.642105e-07     1.965025e-11    -9.215104e-16    -9.239487e+02
    2. C2H4                     5.249327e+07     1.031384e+08     1.000000e+03     3.959201e+00    -3.785257e-03     1.903300e-05    -1.728971e-08     5.397684e-12     5.089776e+03     3.991827e+00     5.241695e-03    -1.239071e-06     1.486571e-10    -7.072608e-15     4.268659e+03
    3. C2H6                    -8.385893e+07    -1.944102e+07     1.000000e+03     4.291426e+00    -2.750775e-03     1.998128e-05    -1.771166e-08     5.373717e-12    -1.152221e+04     4.046664e+00     7.676940e-03    -1.823465e-06     2.194566e-10    -1.046335e-14    -1.244735e+04
    4. CH4                     -7.460492e+07    -3.592585e+07     1.000000e+03     5.149115e+00    -6.831100e-03     1.638180e-05    -1.210617e-08     3.332069e-12    -1.024660e+04     1.653262e+00     5.013155e-03    -1.105537e-06     1.341208e-10    -6.293935e-15    -1.000959e+04
    5. CO                      -1.105272e+08    -8.883326e+07     1.000000e+03     3.595084e+00    -3.605985e-04     4.274608e-07     1.631073e-10    -1.643430e-13    -1.434490e+04     3.033973e+00     6.866406e-04    -1.654817e-07     2.025704e-11    -9.706635e-16    -1.425860e+04
    6. CO2                     -3.934801e+08    -3.600706e+08     1.000000e+03     2.206643e+00     5.048504e-03    -3.321129e-06     1.367889e-09    -2.554679e-13    -4.835299e+04     4.635375e+00     1.372797e-03    -3.327608e-07     4.025340e-11    -1.844037e-15    -4.902037e+04
    7. H2                      -4.325295e+03     2.068572e+07     1.000000e+03     2.376942e+00     3.869585e-03    -6.291169e-06     4.887928e-09    -1.434191e-12    -9.211731e+02     2.902076e+00     4.344963e-04    -5.528814e-08     4.771297e-12    -1.862244e-16    -7.979487e+02
    8. C2H3CHO                 -6.604074e+07     1.187272e+07     1.398000e+03     7.338445e-01     1.587413e-02    -7.653316e-06     2.105261e-09    -2.472270e-13    -9.384735e+03     9.991554e+00     4.911740e-03    -1.104010e-06     1.273811e-10    -5.876438e-15    -1.253035e+04
    9. CH2O                    -1.091687e+08    -7.437827e+07     1.000000e+03     4.793723e+00    -4.954167e-03     1.244067e-05    -9.482131e-09     2.635453e-12    -1.437920e+04     3.169527e+00     3.096603e-03    -7.501879e-07     9.149392e-11    -4.402989e-15    -1.454868e+04
   10. C2H5CHO                 -1.851648e+08    -9.620106e+07     1.000000e+03     4.245297e+00     3.341484e-03     1.644460e-05    -1.679965e-08     5.345247e-12    -2.414730e+04     7.440857e+00     8.865088e-03    -2.113605e-06     2.551020e-10    -1.218923e-14    -2.600558e+04
   11. C2H5OH                  -2.348816e+08    -1.585881e+08     1.402000e+03     2.158059e-01     1.476142e-02    -5.609035e-06     1.123712e-09    -8.049031e-14    -2.948518e+04     8.144839e+00     6.415703e-03    -1.430176e-06     1.639929e-10    -7.530132e-15    -3.240055e+04
   12. C5H8O4                  -6.341285e+08    -4.667673e+08     1.000000e+03    -6.841991e+00     5.030528e-02    -3.080575e-05     1.074501e-08    -1.579439e-12    -7.796232e+04     2.172982e+01     1.089038e-02    -2.498485e-06     2.921522e-10    -1.360078e-14    -8.665054e+04
   13. C6H10O5                 -8.406777e+08    -6.292576e+08     1.000000e+03    -7.812417e+00     6.271226e-02    -3.875729e-05     1.361836e-08    -2.014923e-12    -1.034283e+05     2.798504e+01     1.320833e-02    -3.045469e-06     3.573100e-10    -1.667313e-14    -1.143137e+05
   14. C6H5OCH3                -7.157228e+07     8.490925e+07     1.393000e+03    -5.408887e+00     4.366662e-02    -2.465466e-05     8.005201e-09    -1.113894e-12    -1.028215e+04     2.039387e+01     1.045441e-02    -2.408408e-06     2.824946e-10    -1.318195e-14    -1.860614e+04
   15. C6H5OH                  -9.641438e+07     3.223168e+07     1.000000e+03    -2.909786e-01     2.042812e-02     8.094314e-06    -1.786194e-08     6.920043e-12    -1.341298e+04     1.415524e+01     9.967517e-03    -2.394065e-06     2.905725e-10    -1.394295e-14    -1.812874e+04
   16. C6H6O3                  -3.339369e+08    -1.859184e+08     1.382000e+03     5.988146e-01     3.092469e-02    -1.460031e-05     3.888283e-09    -4.410131e-13    -4.273131e+04     1.938925e+01     9.306723e-03    -2.103827e-06     2.438656e-10    -1.129123e-14    -4.926789e+04
   17. C24H28O4                -1.066832e+06     2.760548e+08     1.398000e+03     5.424874e+00     4.995615e-02    -1.713255e-05    -1.075438e-09     1.752214e-12    -5.723476e+03     4.958867e+01     4.223767e-03     1.283933e-06    -5.812288e-10     6.303995e-14    -1.640476e+04
   18. CH2OHCH2CHO             -3.360238e+08    -2.344063e+08     1.382000e+03     2.666133e+00     1.731511e-02    -7.146024e-06     1.726173e-09    -1.833878e-13    -4.257060e+04     1.189367e+01     7.207660e-03    -1.591751e-06     1.815091e-10    -8.305720e-15    -4.592717e+04
   19. CH2OHCHO                -3.065615e+08    -2.348011e+08     1.000000e+03     6.149261e+00    -2.984141e-03     1.986678e-05    -1.791659e-08     5.480288e-12    -3.883568e+04     6.910888e+00     6.164042e-03    -1.461244e-06     1.757638e-10    -8.380197e-15    -4.002116e+04
   20. CH3CHO                  -1.661973e+08    -1.045420e+08     1.000000e+03     4.729459e+00    -1.596643e-03     1.584497e-05    -1.436465e-08     4.386222e-12    -2.157288e+04     5.404111e+00     5.861529e-03    -1.408771e-06     1.709311e-10    -8.196973e-15    -2.259312e+04
   21. CH3CO2H                 -4.322561e+08    -3.564269e+08     1.000000e+03     2.789502e+00     4.999709e-03     1.141907e-05    -1.272578e-08     4.124444e-12    -5.347525e+04     7.670846e+00     6.757630e-03    -1.752914e-06     2.232961e-10    -1.106361e-14    -5.575610e+04
   22. CH3OH                   -2.010053e+08    -1.528930e+08     1.000000e+03     5.658511e+00    -8.149171e-03     2.306461e-05    -1.895932e-08     5.608551e-12    -2.561197e+04     3.527268e+00     5.158939e-03    -1.209643e-06     1.443620e-10    -6.843653e-15    -2.600288e+04
   23. CHOCHO                  -2.120898e+08    -1.488656e+08     1.000000e+03     4.684125e+00     2.390064e-04     1.421303e-05    -1.447546e-08     4.633387e-12    -2.719850e+04     8.725069e+00     3.165484e-03    -7.852494e-07     9.744571e-11    -4.749738e-15    -2.910241e+04
   24. CRESOL                  -1.287738e+08     2.695669e+07     1.000000e+03    -4.104798e+00     4.118679e-02    -2.266675e-05     7.177867e-09    -9.742472e-13    -1.737672e+04     1.094119e+01     1.796107e-02    -5.195331e-06     7.633423e-10    -4.438525e-14    -2.118374e+04
   25. FURFURAL                -1.512395e+08    -3.895302e+07     1.000000e+03    -1.862600e+00     2.854732e-02    -1.587795e-05     4.948733e-09    -6.531717e-13    -1.978730e+04     1.595536e+01     6.104807e-03    -1.398306e-06     1.635548e-10    -7.621207e-15    -2.556646e+04
   26. H2O                     -2.418378e+08    -2.158323e+08     1.000000e+03     4.201476e+00    -1.027918e-03     2.188491e-06    -1.382267e-09     3.565652e-13    -3.029501e+04     2.731175e+00     1.475685e-03    -2.784533e-07     3.152215e-11    -1.681063e-15    -2.991691e+04
   27. HOCHO                   -3.787746e+08    -3.356811e+08     1.800000e+03     1.852063e+00     6.372355e-03    -2.481589e-06     5.489534e-10    -5.248526e-14    -4.661246e+04     3.794736e+00     4.213829e-03    -1.282408e-06     2.158475e-10    -1.547349e-14    -4.731182e+04
   28. MLINO                   -5.092265e+08     1.052776e+07     1.833000e+03    -1.587619e+00     1.097633e-01    -4.858706e-05     1.238369e-08    -1.377273e-12    -6.932881e+04     5.242580e+01     4.551758e-02    -1.088381e-05     1.312497e-09    -6.250156e-14    -8.690394e+04
   29. U2ME12                  -3.916666e+08    -3.601878e+07     1.391000e+03     6.797983e-02     7.626504e-02    -3.712536e-05     1.089159e-08    -1.431685e-12    -5.299962e+04     4.223531e+01     2.624935e-02    -6.042034e-06     7.079370e-10    -3.300030e-14    -6.769682e+04
   30. VANILLIN                -3.713189e+08    -1.731837e+08     1.260000e+03    -4.866375e+00     5.360532e-02    -3.141993e-05     1.063490e-08    -1.564832e-12    -4.721829e+04     1.365447e+01     2.420716e-02    -8.088060e-06     1.376220e-09    -9.520039e-14    -5.188554e+04
   31. CELL                    -9.672806e+08    -7.226750e+08     1.000000e+03     2.925162e+01     9.750540e-03     0.000000e+00     0.000000e+00     0.000000e+00    -1.259200e+05     2.925162e+01     9.750540e-03     0.000000e+00     0.000000e+00     0.000000e+00    -1.259200e+05
   32. GMSW                    -7.917997e+08    -5.924913e+08     1.000000e+03     2.383467e+01     7.944891e-03     0.000000e+00     0.000000e+00     0.000000e+00    -1.030399e+05     2.383467e+01     7.944891e-03     0.000000e+00     0.000000e+00     0.000000e+00    -1.030399e+05
   33. XYHW                    -8.253172e+08    -6.260088e+08     1.000000e+03     2.383467e+01     7.944891e-03     0.000000e+00     0.000000e+00     0.000000e+00    -1.070711e+05     2.383467e+01     7.944891e-03     0.000000e+00     0.000000e+00     0.000000e+00    -1.070711e+05
   34. XYGR                    -8.473430e+08    -6.480346e+08     1.000000e+03     2.383467e+01     7.944891e-03     0.000000e+00     0.000000e+00     0.000000e+00    -1.097202e+05     2.383467e+01     7.944891e-03     0.000000e+00     0.000000e+00     0.000000e+00    -1.097202e+05
   35. LIGC                    -7.344748e+08    -3.448447e+08     1.000000e+03     4.659465e+01     1.553155e-02     0.000000e+00     0.000000e+00     0.000000e+00    -1.036015e+05     4.659465e+01     1.553155e-02     0.000000e+00     0.000000e+00     0.000000e+00    -1.036015e+05
   36. LIGH                    -1.650487e+09    -9.920489e+08     1.000000e+03     7.874057e+01     2.624686e-02     0.000000e+00     0.000000e+00     0.000000e+00    -2.243035e+05     7.874057e+01     2.624686e-02     0.000000e+00     0.000000e+00     0.000000e+00    -2.243035e+05
   37. LIGO                    -1.887401e+09    -1.250190e+09     1.000000e+03     7.620204e+01     2.540068e-02     0.000000e+00     0.000000e+00     0.000000e+00    -2.519661e+05     7.620204e+01     2.540068e-02     0.000000e+00     0.000000e+00     0.000000e+00    -2.519661e+05
   38. TGL                     -1.592934e+09    -2.390882e+08     1.000000e+03     1.619022e+02     5.396741e-02     0.000000e+00     0.000000e+00     0.000000e+00    -2.446253e+05     1.619022e+02     5.396741e-02     0.000000e+00     0.000000e+00     0.000000e+00    -2.446253e+05
   39. TANN                    -1.176777e+09    -7.177802e+08     1.000000e+03     5.489002e+01     1.829667e-02     0.000000e+00     0.000000e+00     0.000000e+00    -1.595158e+05     5.489002e+01     1.829667e-02     0.000000e+00     0.000000e+00     0.000000e+00    -1.595158e+05
   40. MOIST                   -2.857034e+08    -2.339843e+08     1.000000e+03     9.044700e+00     8.000000e-04    -2.000000e-06     1.500000e-09    -4.000000e-13    -3.708655e+04     9.044700e+00     8.000000e-04    -2.000000e-06     1.500000e-09    -4.000000e-13    -3.708655e+04
   41. ASH                     -8.045623e+07     7.058460e+07     1.000000e+03     1.806250e+01     6.020834e-03     0.000000e+00     0.000000e+00     0.000000e+00    -1.559396e+04     1.806250e+01     6.020834e-03     0.000000e+00     0.000000e+00     0.000000e+00    -1.559396e+04
   42. CELLA                   -9.672806e+08    -7.226750e+08     1.000000e+03     2.925162e+01     9.750540e-03     0.000000e+00     0.000000e+00     0.000000e+00    -1.259200e+05     2.925162e+01     9.750540e-03     0.000000e+00     0.000000e+00     0.000000e+00    -1.259200e+05
   43. HCE1                    -7.600704e+08    -5.607620e+08     1.000000e+03     2.383467e+01     7.944891e-03     0.000000e+00     0.000000e+00     0.000000e+00    -9.922374e+04     2.383467e+01     7.944891e-03     0.000000e+00     0.000000e+00     0.000000e+00    -9.922374e+04
   44. HCE2                    -8.558347e+08    -6.565263e+08     1.000000e+03     2.383467e+01     7.944891e-03     0.000000e+00     0.000000e+00     0.000000e+00    -1.107415e+05     2.383467e+01     7.944891e-03     0.000000e+00     0.000000e+00     0.000000e+00    -1.107415e+05
   45. LIGCC                   -5.132229e+08    -1.235928e+08     1.000000e+03     4.659465e+01     1.553155e-02     0.000000e+00     0.000000e+00     0.000000e+00    -7.699100e+04     4.659465e+01     1.553155e-02     0.000000e+00     0.000000e+00     0.000000e+00    -7.699100e+04
   46. LIGOH                   -1.366320e+09    -7.955010e+08     1.000000e+03     6.826244e+01     2.275415e-02     0.000000e+00     0.000000e+00     0.000000e+00    -1.866934e+05     6.826244e+01     2.275415e-02     0.000000e+00     0.000000e+00     0.000000e+00    -1.866934e+05
   47. LIG                     -6.811182e+08    -3.670085e+08     1.000000e+03     3.756340e+01     1.252113e-02     0.000000e+00     0.000000e+00     0.000000e+00    -9.422552e+04     3.756340e+01     1.252113e-02     0.000000e+00     0.000000e+00     0.000000e+00    -9.422552e+04
   48. ITANN                   -7.113277e+08    -4.637427e+08     1.000000e+03     2.960793e+01     9.869309e-03     0.000000e+00     0.000000e+00     0.000000e+00    -9.525266e+04     2.960793e+01     9.869309e-03     0.000000e+00     0.000000e+00     0.000000e+00    -9.525266e+04
   49. CHAR                    -2.317558e+04     1.832227e+07     1.000000e+03    -1.007964e-01     2.499143e-03     0.000000e+00     0.000000e+00     0.000000e+00    -1.946840e+02    -1.007964e-01     2.499143e-03     0.000000e+00     0.000000e+00     0.000000e+00    -1.946840e+02
   50. COH2S                   -3.412127e+08    -2.959155e+08     1.000000e+03     5.416947e+00     1.805649e-03     0.000000e+00     0.000000e+00     0.000000e+00    -4.281305e+04     5.416947e+00     1.805649e-03     0.000000e+00     0.000000e+00     0.000000e+00    -4.281305e+04
   51. CO2S                    -3.110813e+08    -2.446894e+08     1.000000e+03     7.939599e+00     2.646533e-03     0.000000e+00     0.000000e+00     0.000000e+00    -4.001551e+04     7.939599e+00     2.646533e-03     0.000000e+00     0.000000e+00     0.000000e+00    -4.001551e+04
   52. COS                     -6.480914e+07    -2.255331e+07     1.000000e+03     5.053243e+00     1.684414e-03     0.000000e+00     0.000000e+00     0.000000e+00    -9.450198e+03     5.053243e+00     1.684414e-03     0.000000e+00     0.000000e+00     0.000000e+00    -9.450198e+03
   53. CH3OHS                  -2.031999e+08    -1.548614e+08     1.000000e+03     5.780650e+00     1.926883e-03     0.000000e+00     0.000000e+00     0.000000e+00    -2.633308e+04     5.780650e+00     1.926883e-03     0.000000e+00     0.000000e+00     0.000000e+00    -2.633308e+04
   54. CH4S                    -6.874179e+07    -4.453935e+07     1.000000e+03     2.894294e+00     9.647647e-04     0.000000e+00     0.000000e+00     0.000000e+00    -9.215912e+03     2.894294e+00     9.647647e-04     0.000000e+00     0.000000e+00     0.000000e+00    -9.215912e+03
   55. C2H4S                    5.470294e+07     9.702515e+07     1.000000e+03     5.061181e+00     1.687060e-03     0.000000e+00     0.000000e+00     0.000000e+00     4.921203e+03     5.061181e+00     1.687060e-03     0.000000e+00     0.000000e+00     0.000000e+00     4.921203e+03
   56. C6H5OHS                 -1.085221e+08     3.345653e+07     1.000000e+03     1.697879e+01     5.659596e-03     0.000000e+00     0.000000e+00     0.000000e+00    -1.861449e+04     1.697879e+01     5.659596e-03     0.000000e+00     0.000000e+00     0.000000e+00    -1.861449e+04
   57. CH2OS                   -1.890195e+08    -1.437223e+08     1.000000e+03     5.416947e+00     1.805649e-03     0.000000e+00     0.000000e+00     0.000000e+00    -2.450842e+04     5.416947e+00     1.805649e-03     0.000000e+00     0.000000e+00     0.000000e+00    -2.450842e+04
   58. H2S                      1.013210e+07     1.317343e+07     1.000000e+03     3.637036e-01     1.212345e-04     0.000000e+00     0.000000e+00     0.000000e+00     1.099461e+03     3.637036e-01     1.212345e-04     0.000000e+00     0.000000e+00     0.000000e+00     1.099461e+03
   59. C2H6S                   -7.706011e+07    -3.169657e+07     1.000000e+03     5.424885e+00     1.808295e-03     0.000000e+00     0.000000e+00     0.000000e+00    -1.104540e+04     5.424885e+00     1.808295e-03     0.000000e+00     0.000000e+00     0.000000e+00    -1.104540e+04
   60. COSTIFFS                -6.480914e+07    -2.255331e+07     1.000000e+03     5.053243e+00     1.684414e-03     0.000000e+00     0.000000e+00     0.000000e+00    -9.450198e+03     5.053243e+00     1.684414e-03     0.000000e+00     0.000000e+00     0.000000e+00    -9.450198e+03
   61. CHARO                   -2.317558e+04     1.832227e+07     1.000000e+03    -1.007964e-01     2.499143e-03     0.000000e+00     0.000000e+00     0.000000e+00    -1.946840e+02    -1.007964e-01     2.499143e-03     0.000000e+00     0.000000e+00     0.000000e+00    -1.946840e+02

 -------------------------------------------------------------------------------------------------------------------------------------------------------------------------------------------------------------------------------------------------------------------------------------------


 -------------------------------------------------------------------------------------------------------------------------------------------------------------------------------------------------------------------------------------------------------------------------------------------
                             ENTROPY COEFFICIENTS                                                                     

             S/R = A*lnT + B*T + C*T^2 + D*T^3 + E*T^4 + F  [-]                                                         

    Species                 S(298K)[J/kmol/K] S(1000K)[J/kmol/K]     LT-HT            A(LT)            B(LT)            C(LT)            D(LT)            E(LT)           F(LT)             A(HT)            B(HT)            C(HT)           D(HT)             E(HT)            F(HT)      
 -------------------------------------------------------------------------------------------------------------------------------------------------------------------------------------------------------------------------------------------------------------------------------------------

    1. N2                       1.915940e+05     2.281754e+05     1.000000e+03     3.531005e+00    -1.236610e-04    -2.514997e-07     8.117687e-10    -3.522031e-13     2.967470e+00     2.952576e+00     1.396900e-03    -2.463158e-07     2.620034e-11    -1.151888e-15     5.871888e+00
    2. C2H4                     2.192996e+05     3.003154e+05     1.000000e+03     3.959201e+00    -7.570514e-03     2.854950e-05    -2.305295e-08     6.747105e-12     4.097302e+00     3.991827e+00     1.048339e-02    -1.858607e-06     1.982095e-10    -8.840760e-15    -2.690818e-01
    3. C2H6                     2.291934e+05     3.316047e+05     1.000000e+03     4.291426e+00    -5.501549e-03     2.997192e-05    -2.361555e-08     6.717146e-12     2.666790e+00     4.046664e+00     1.535388e-02    -2.735197e-06     2.926088e-10    -1.307919e-14    -9.686983e-01
    4. CH4                      1.863520e+05     2.483061e+05     1.000000e+03     5.149115e+00    -1.366220e-02     2.457270e-05    -1.614156e-08     4.165086e-12    -4.638488e+00     1.653262e+00     1.002631e-02    -1.658306e-06     1.788277e-10    -7.867419e-15     9.905063e+00
    5. CO                       1.976451e+05     2.345473e+05     1.000000e+03     3.595084e+00    -7.211969e-04     6.411912e-07     2.174764e-10    -2.054287e-13     3.443556e+00     3.033973e+00     1.373281e-03    -2.482225e-07     2.700938e-11    -1.213329e-15     6.100761e+00
    6. CO2                      2.137641e+05     2.692969e+05     1.000000e+03     2.206643e+00     1.009701e-02    -4.981694e-06     1.823852e-09    -3.193349e-13     1.052619e+01     4.635375e+00     2.745595e-03    -4.991412e-07     5.367120e-11    -2.305047e-15    -1.928876e+00
    7. H2                       1.306653e+05     1.662346e+05     1.000000e+03     2.376942e+00     7.739169e-03    -9.436754e-06     6.517237e-09    -1.792739e-12     5.471847e-01     2.902076e+00     8.689926e-04    -8.293222e-08     6.361730e-12    -2.327804e-16    -8.455913e-01
    8. C2H3CHO                  2.804055e+05     4.062976e+05     1.398000e+03     7.338445e-01     3.174827e-02    -1.147997e-05     2.807014e-09    -3.090337e-13     2.103089e+01     9.991554e+00     9.823480e-03    -1.656015e-06     1.698415e-10    -7.345547e-15    -2.851689e+01
    9. CH2O                     2.187450e+05     2.753817e+05     1.000000e+03     4.793723e+00    -9.908333e-03     1.866100e-05    -1.264284e-08     3.294316e-12     6.027981e-01     3.169527e+00     6.193206e-03    -1.125282e-06     1.219919e-10    -5.503736e-15     6.042079e+00
   10. C2H5CHO                  2.888045e+05     4.312274e+05     1.000000e+03     4.245297e+00     6.682967e-03     2.466690e-05    -2.239954e-08     6.681559e-12     6.907386e+00     7.440857e+00     1.773018e-02    -3.170408e-06     3.401360e-10    -1.523654e-14    -1.441954e+01
   11. C2H5OH                   2.817894e+05     4.038351e+05     1.402000e+03     2.158059e-01     2.952284e-02    -8.413552e-06     1.498283e-09    -1.006129e-13     2.457251e+01     8.144839e+00     1.283141e-02    -2.145264e-06     2.186572e-10    -9.412665e-15    -1.862411e+01
   12. C5H8O4                   4.390471e+05     7.070137e+05     1.000000e+03    -6.841991e+00     1.006106e-01    -4.620863e-05     1.432669e-08    -1.974298e-12     6.554269e+01     2.172982e+01     2.178077e-02    -3.747728e-06     3.895363e-10    -1.700097e-14    -8.357525e+01
   13. C6H10O5                  4.755579e+05     8.147471e+05     1.000000e+03    -7.812417e+00     1.254245e-01    -5.813593e-05     1.815782e-08    -2.518654e-12     6.903009e+01     2.798504e+01     2.641667e-02    -4.568204e-06     4.764133e-10    -2.084141e-14    -1.177544e+02
   14. C6H5OCH3                 3.514300e+05     6.014585e+05     1.393000e+03    -5.408887e+00     8.733324e-02    -3.698198e-05     1.067360e-08    -1.392367e-12     5.006961e+01     2.039387e+01     2.090882e-02    -3.612611e-06     3.766595e-10    -1.647744e-14    -8.629205e+01
   15. C6H5OH                   3.151860e+05     5.212868e+05     1.000000e+03    -2.909786e-01     4.085624e-02     1.214147e-05    -2.381592e-08     8.650054e-12     2.687456e+01     1.415524e+01     1.993503e-02    -3.591098e-06     3.874300e-10    -1.742869e-14    -5.179849e+01
   16. C6H6O3                   4.108460e+05     6.493702e+05     1.382000e+03     5.988146e-01     6.184938e-02    -2.190047e-05     5.184378e-09    -5.512663e-13     2.938280e+01     1.938925e+01     1.861345e-02    -3.155740e-06     3.251541e-10    -1.411404e-14    -7.167865e+01
   17. C24H28O4                 7.815112e+05     1.231045e+06     1.398000e+03     5.424874e+00     9.991229e-02    -2.569883e-05    -1.433918e-09     2.190267e-12     3.561715e+01     4.958867e+01     8.447534e-03     1.925899e-06    -7.749717e-10     7.879994e-14    -1.934483e+02
   18. CH2OHCH2CHO              3.488088e+05     5.133046e+05     1.382000e+03     2.666133e+00     3.463023e-02    -1.071904e-05     2.301564e-09    -2.292348e-13     1.733584e+01     1.189367e+01     1.441532e-02    -2.387627e-06     2.420121e-10    -1.038215e-14    -3.272857e+01
   19. CH2OHCHO                 3.092068e+05     4.251808e+05     1.000000e+03     6.149261e+00    -5.968281e-03     2.980017e-05    -2.388879e-08     6.850360e-12     1.866446e+00     6.910888e+00     1.232808e-02    -2.191865e-06     2.343517e-10    -1.047525e-14    -6.961326e+00
   20. CH3CHO                   2.639228e+05     3.631512e+05     1.000000e+03     4.729459e+00    -3.193286e-03     2.376746e-05    -1.915287e-08     5.482778e-12     4.103016e+00     5.404111e+00     1.172306e-02    -2.113157e-06     2.279082e-10    -1.024622e-14    -3.480792e+00
   21. CH3CO2H                  2.834393e+05     4.048343e+05     1.000000e+03     2.789502e+00     9.999417e-03     1.712861e-05    -1.696771e-08     5.155555e-12     1.410531e+01     7.670846e+00     1.351526e-02    -2.629372e-06     2.977282e-10    -1.382951e-14    -1.546773e+01
   22. CH3OH                    2.406329e+05     3.177823e+05     1.000000e+03     5.658511e+00    -1.629834e-02     3.459691e-05    -2.527910e-08     7.010689e-12    -8.973305e-01     3.527268e+00     1.031788e-02    -1.814465e-06     1.924827e-10    -8.554566e-15     5.167587e+00
   23. CHOCHO                   2.724515e+05     3.754589e+05     1.000000e+03     4.684125e+00     4.780128e-04     2.131954e-05    -1.930061e-08     5.791733e-12     4.511872e+00     8.725069e+00     6.330968e-03    -1.177874e-06     1.299276e-10    -5.937173e-15    -2.039039e+01
   24. CRESOL                   3.531444e+05     6.024533e+05     1.000000e+03    -4.104798e+00     8.237358e-02    -3.400012e-05     9.570489e-09    -1.217809e-12     4.408729e+01     1.094119e+01     3.592213e-02    -7.792997e-06     1.017790e-09    -5.548157e-14    -3.221201e+01
   25. FURFURAL                 3.257101e+05     5.064435e+05     1.000000e+03    -1.862600e+00     5.709464e-02    -2.381693e-05     6.598311e-09    -8.164646e-13     3.471799e+01     1.595536e+01     1.220961e-02    -2.097458e-06     2.180730e-10    -9.526508e-15    -5.968305e+01
   26. H2O                      1.888149e+05     2.327362e+05     1.000000e+03     4.201476e+00    -2.055835e-03     3.282736e-06    -1.843023e-09     4.457065e-13    -8.606109e-01     2.731175e+00     2.951370e-03    -4.176799e-07     4.202953e-11    -2.101329e-15     6.551830e+00
   27. HOCHO                    2.467822e+05     3.169951e+05     1.800000e+03     1.852063e+00     1.274471e-02    -3.722383e-06     7.319379e-10    -6.560657e-14     1.564350e+01     3.794736e+00     8.427658e-03    -1.923612e-06     2.877967e-10    -1.934186e-14     5.129341e+00
   28. MLINO                    9.180968e+05     1.750738e+06     1.833000e+03    -1.587619e+00     2.195265e-01    -7.288059e-05     1.651159e-08    -1.721591e-12     6.009628e+01     5.242580e+01     9.103516e-02    -1.632571e-05     1.749996e-09    -7.812695e-14    -2.278792e+02
   29. U2ME12                   6.756736e+05     1.247526e+06     1.391000e+03     6.797983e-02     1.525301e-01    -5.568804e-05     1.452212e-08    -1.789607e-12     3.999873e+01     4.223531e+01     5.249870e-02    -9.063051e-06     9.439160e-10    -4.125037e-14    -1.862700e+02
   30. VANILLIN                 4.870133e+05     8.053720e+05     1.260000e+03    -4.866375e+00     1.072106e-01    -4.712990e-05     1.417986e-08    -1.956040e-12     5.817516e+01     1.365447e+01     4.841432e-02    -1.213209e-05     1.834959e-09    -1.190005e-13    -3.545757e+01
   31. CELL                     1.433917e+06     1.842186e+06     1.000000e+03     2.925162e+01     1.950108e-02     0.000000e+00     0.000000e+00     0.000000e+00     0.000000e+00     2.925162e+01     1.950108e-02     0.000000e+00     0.000000e+00     0.000000e+00     0.000000e+00
   32. GMSW                     1.168378e+06     1.501042e+06     1.000000e+03     2.383467e+01     1.588978e-02     0.000000e+00     0.000000e+00     0.000000e+00     0.000000e+00     2.383467e+01     1.588978e-02     0.000000e+00     0.000000e+00     0.000000e+00     0.000000e+00
   33. XYHW                     1.168378e+06     1.501042e+06     1.000000e+03     2.383467e+01     1.588978e-02     0.000000e+00     0.000000e+00     0.000000e+00     0.000000e+00     2.383467e+01     1.588978e-02     0.000000e+00     0.000000e+00     0.000000e+00     0.000000e+00
   34. XYGR                     1.168378e+06     1.501042e+06     1.000000e+03     2.383467e+01     1.588978e-02     0.000000e+00     0.000000e+00     0.000000e+00     0.000000e+00     2.383467e+01     1.588978e-02     0.000000e+00     0.000000e+00     0.000000e+00     0.000000e+00
   35. LIGC                     2.284073e+06     2.934403e+06     1.000000e+03     4.659465e+01     3.106310e-02     0.000000e+00     0.000000e+00     0.000000e+00     0.000000e+00     4.659465e+01     3.106310e-02     0.000000e+00     0.000000e+00     0.000000e+00     0.000000e+00
   36. LIGH                     3.859869e+06     4.958864e+06     1.000000e+03     7.874057e+01     5.249371e-02     0.000000e+00     0.000000e+00     0.000000e+00     0.000000e+00     7.874057e+01     5.249371e-02     0.000000e+00     0.000000e+00     0.000000e+00     0.000000e+00
   37. LIGO                     3.735430e+06     4.798995e+06     1.000000e+03     7.620204e+01     5.080136e-02     0.000000e+00     0.000000e+00     0.000000e+00     0.000000e+00     7.620204e+01     5.080136e-02     0.000000e+00     0.000000e+00     0.000000e+00     0.000000e+00
   38. TGL                      7.936459e+06     1.019616e+07     1.000000e+03     1.619022e+02     1.079348e-01     0.000000e+00     0.000000e+00     0.000000e+00     0.000000e+00     1.619022e+02     1.079348e-01     0.000000e+00     0.000000e+00     0.000000e+00     0.000000e+00
   39. TANN                     2.690713e+06     3.456822e+06     1.000000e+03     5.489002e+01     3.659335e-02     0.000000e+00     0.000000e+00     0.000000e+00     0.000000e+00     5.489002e+01     3.659335e-02     0.000000e+00     0.000000e+00     0.000000e+00     0.000000e+00
   40. MOIST                   -1.966306e+06    -1.876587e+06     1.000000e+03     9.044700e+00     1.600000e-03    -3.000000e-06     2.000000e-09    -5.000000e-13    -2.882801e+02     9.044700e+00     1.600000e-03    -3.000000e-06     2.000000e-09    -5.000000e-13    -2.882801e+02
   41. ASH                      8.854252e+05     1.137527e+06     1.000000e+03     1.806250e+01     1.204167e-02     0.000000e+00     0.000000e+00     0.000000e+00     0.000000e+00     1.806250e+01     1.204167e-02     0.000000e+00     0.000000e+00     0.000000e+00     0.000000e+00
   42. CELLA                    1.433917e+06     1.842186e+06     1.000000e+03     2.925162e+01     1.950108e-02     0.000000e+00     0.000000e+00     0.000000e+00     0.000000e+00     2.925162e+01     1.950108e-02     0.000000e+00     0.000000e+00     0.000000e+00     0.000000e+00
   43. HCE1                     1.168378e+06     1.501042e+06     1.000000e+03     2.383467e+01     1.588978e-02     0.000000e+00     0.000000e+00     0.000000e+00     0.000000e+00     2.383467e+01     1.588978e-02     0.000000e+00     0.000000e+00     0.000000e+00     0.000000e+00
   44. HCE2                     1.168378e+06     1.501042e+06     1.000000e+03     2.383467e+01     1.588978e-02     0.000000e+00     0.000000e+00     0.000000e+00     0.000000e+00     2.383467e+01     1.588978e-02     0.000000e+00     0.000000e+00     0.000000e+00     0.000000e+00
   45. LIGCC                    2.284073e+06     2.934403e+06     1.000000e+03     4.659465e+01     3.106310e-02     0.000000e+00     0.000000e+00     0.000000e+00     0.000000e+00     4.659465e+01     3.106310e-02     0.000000e+00     0.000000e+00     0.000000e+00     0.000000e+00
   46. LIGOH                    3.346230e+06     4.298980e+06     1.000000e+03     6.826244e+01     4.550829e-02     0.000000e+00     0.000000e+00     0.000000e+00     0.000000e+00     6.826244e+01     4.550829e-02     0.000000e+00     0.000000e+00     0.000000e+00     0.000000e+00
   47. LIG                      1.841361e+06     2.365640e+06     1.000000e+03     3.756340e+01     2.504227e-02     0.000000e+00     0.000000e+00     0.000000e+00     0.000000e+00     3.756340e+01     2.504227e-02     0.000000e+00     0.000000e+00     0.000000e+00     0.000000e+00
   48. ITANN                    1.451383e+06     1.864626e+06     1.000000e+03     2.960793e+01     1.973862e-02     0.000000e+00     0.000000e+00     0.000000e+00     0.000000e+00     2.960793e+01     1.973862e-02     0.000000e+00     0.000000e+00     0.000000e+00     0.000000e+00
   49. CHAR                     7.609753e+03     3.576889e+04     1.000000e+03    -1.007964e-01     4.998286e-03     0.000000e+00     0.000000e+00     0.000000e+00     0.000000e+00    -1.007964e-01     4.998286e-03     0.000000e+00     0.000000e+00     0.000000e+00     0.000000e+00
   50. COH2S                    2.655391e+05     3.411444e+05     1.000000e+03     5.416947e+00     3.611298e-03     0.000000e+00     0.000000e+00     0.000000e+00     0.000000e+00     5.416947e+00     3.611298e-03     0.000000e+00     0.000000e+00     0.000000e+00     0.000000e+00
   51. CO2S                     3.891998e+05     5.000141e+05     1.000000e+03     7.939599e+00     5.293066e-03     0.000000e+00     0.000000e+00     0.000000e+00     0.000000e+00     7.939599e+00     5.293066e-03     0.000000e+00     0.000000e+00     0.000000e+00     0.000000e+00
   52. COS                      2.477104e+05     3.182393e+05     1.000000e+03     5.053243e+00     3.368829e-03     0.000000e+00     0.000000e+00     0.000000e+00     0.000000e+00     5.053243e+00     3.368829e-03     0.000000e+00     0.000000e+00     0.000000e+00     0.000000e+00
   53. CH3OHS                   2.833679e+05     3.640494e+05     1.000000e+03     5.780650e+00     3.853767e-03     0.000000e+00     0.000000e+00     0.000000e+00     0.000000e+00     5.780650e+00     3.853767e-03     0.000000e+00     0.000000e+00     0.000000e+00     0.000000e+00
   54. CH4S                     1.418785e+05     1.822747e+05     1.000000e+03     2.894294e+00     1.929529e-03     0.000000e+00     0.000000e+00     0.000000e+00     0.000000e+00     2.894294e+00     1.929529e-03     0.000000e+00     0.000000e+00     0.000000e+00     0.000000e+00
   55. C2H4S                    2.480995e+05     3.187392e+05     1.000000e+03     5.061181e+00     3.374121e-03     0.000000e+00     0.000000e+00     0.000000e+00     0.000000e+00     5.061181e+00     3.374121e-03     0.000000e+00     0.000000e+00     0.000000e+00     0.000000e+00
   56. C6H5OHS                  8.323015e+05     1.069277e+06     1.000000e+03     1.697879e+01     1.131919e-02     0.000000e+00     0.000000e+00     0.000000e+00     0.000000e+00     1.697879e+01     1.131919e-02     0.000000e+00     0.000000e+00     0.000000e+00     0.000000e+00
   57. CH2OS                    2.655391e+05     3.411444e+05     1.000000e+03     5.416947e+00     3.611298e-03     0.000000e+00     0.000000e+00     0.000000e+00     0.000000e+00     5.416947e+00     3.611298e-03     0.000000e+00     0.000000e+00     0.000000e+00     0.000000e+00
   58. H2S                      1.782878e+04     2.290505e+04     1.000000e+03     3.637036e-01     2.424691e-04     0.000000e+00     0.000000e+00     0.000000e+00     0.000000e+00     3.637036e-01     2.424691e-04     0.000000e+00     0.000000e+00     0.000000e+00     0.000000e+00
   59. C2H6S                    2.659283e+05     3.416443e+05     1.000000e+03     5.424885e+00     3.616590e-03     0.000000e+00     0.000000e+00     0.000000e+00     0.000000e+00     5.424885e+00     3.616590e-03     0.000000e+00     0.000000e+00     0.000000e+00     0.000000e+00
   60. COSTIFFS                 2.477104e+05     3.182393e+05     1.000000e+03     5.053243e+00     3.368829e-03     0.000000e+00     0.000000e+00     0.000000e+00     0.000000e+00     5.053243e+00     3.368829e-03     0.000000e+00     0.000000e+00     0.000000e+00     0.000000e+00
   61. CHARO                    7.609753e+03     3.576889e+04     1.000000e+03    -1.007964e-01     4.998286e-03     0.000000e+00     0.000000e+00     0.000000e+00     0.000000e+00    -1.007964e-01     4.998286e-03     0.000000e+00     0.000000e+00     0.000000e+00     0.000000e+00

 -------------------------------------------------------------------------------------------------------------------------------------------------------------------------------------------------------------------------------------------------------------------------------------------


