------------------------------
  Elements     Atomic Weight  
------------------------------
  1.	C         12.01099968
  2.	H          1.00800002
  3.	O         15.99899960
  4.	N         14.00699997
  5.	AR        39.94800186
------------------------------


----------------------------------------------------------------------------------------------------------------------
                                                Molecular        Temperature        Elements
  Species                  Phase  Charge         weight         Low      High       C       H       O       N      AR
----------------------------------------------------------------------------------------------------------------------
    1. AR                    G      0           39.948002    200.00   6000.00       0       0       0       0       1
    2. N2                    G      0           28.014000    200.00   6000.00       0       0       0       2       0
    3. H2                    G      0            2.016000    200.00   6000.00       0       2       0       0       0
    4. H                     G      0            1.008000    200.00   6000.00       0       1       0       0       0
    5. O2                    G      0           31.997999    200.00   6000.00       0       0       2       0       0
    6. O                     G      0           15.999000    200.00   6000.00       0       0       1       0       0
    7. H2O                   G      0           18.015000    200.00   6000.00       0       2       1       0       0
    8. OH                    G      0           17.007000    200.00   6000.00       0       1       1       0       0
    9. H2O2                  G      0           34.013999    200.00   6000.00       0       2       2       0       0
   10. HO2                   G      0           33.005999    200.00   6000.00       0       1       2       0       0
   11. CO                    G      0           28.009999    200.00   6000.00       1       0       1       0       0
   12. CO2                   G      0           44.008999    200.00   6000.00       1       0       2       0       0
   13. HOCO                  G      0           45.016999    200.00   6000.00       1       1       2       0       0
   14. CH4                   G      0           16.043000    300.00   4000.00       1       4       0       0       0
   15. CH3                   G      0           15.035000    300.00   4000.00       1       3       0       0       0
   16. CH2                   G      0           14.027000    300.00   4000.00       1       2       0       0       0
   17. CH2(S)                G      0           14.027000    300.00   4000.00       1       2       0       0       0
   18. CH3O2H                G      0           48.040999    300.00   4000.00       1       4       2       0       0
   19. CH3O2                 G      0           47.032999    300.00   4000.00       1       3       2       0       0
   20. CH3OH                 G      0           32.041999    300.00   4000.00       1       4       1       0       0
   21. CH3O                  G      0           31.033999    300.00   4000.00       1       3       1       0       0
   22. CH2OH                 G      0           31.033999    300.00   4000.00       1       3       1       0       0
   23. CH2O                  G      0           30.025999    300.00   4000.00       1       2       1       0       0
   24. HCO                   G      0           29.017999    200.00   6000.00       1       1       1       0       0
   25. C2H6                  G      0           30.069999    300.00   4000.00       2       6       0       0       0
   26. C2H5                  G      0           29.061999    300.00   4000.00       2       5       0       0       0
   27. C2H4                  G      0           28.053999    300.00   4000.00       2       4       0       0       0
   28. C2H3                  G      0           27.045999    300.00   4000.00       2       3       0       0       0
   29. C2H2                  G      0           26.037999    300.00   4000.00       2       2       0       0       0
   30. CH3CO                 G      0           43.044999    300.00   4000.00       2       3       1       0       0
   31. CH2CHO                G      0           43.044999    300.00   4000.00       2       3       1       0       0
   32. CH2CO                 G      0           42.036999    300.00   4000.00       2       2       1       0       0
   33. HCCO                  G      0           41.028999    300.00   4000.00       2       1       1       0       0
   34. C3H4-P                G      0           40.064999    300.00   4000.00       3       4       0       0       0
   35. C3H4-A                G      0           40.064999    300.00   4000.00       3       4       0       0       0
   36. C3H3                  G      0           39.056999    300.00   4000.00       3       3       0       0       0
   37. C3H2                  G      0           38.048999    300.00   4000.00       3       2       0       0       0
   38. CH3COCH2              G      0           57.071999    300.00   4000.00       3       5       1       0       0
   39. CH3CO2H               G      0           60.051999    300.00   4000.00       2       4       2       0       0
   40. CH2COOH               G      0           59.043999    300.00   5000.00       2       3       2       0       0
----------------------------------------------------------------------------------------------------------------------

----------------------------------------------------------------------------------------------------------------------
                                                Molecular        Temperature        Elements
  Species                  Phase  Charge         weight         Low      High       C       H       O       N      AR
----------------------------------------------------------------------------------------------------------------------
    2. N2                    G      0           28.014000    200.00   6000.00       0       0       0       2       0
    1. AR                    G      0           39.948002    200.00   6000.00       0       0       0       0       1
    5. O2                    G      0           31.997999    200.00   6000.00       0       0       2       0       0
    3. H2                    G      0            2.016000    200.00   6000.00       0       2       0       0       0
    6. O                     G      0           15.999000    200.00   6000.00       0       0       1       0       0
    9. H2O2                  G      0           34.013999    200.00   6000.00       0       2       2       0       0
    4. H                     G      0            1.008000    200.00   6000.00       0       1       0       0       0
   10. HO2                   G      0           33.005999    200.00   6000.00       0       1       2       0       0
    7. H2O                   G      0           18.015000    200.00   6000.00       0       2       1       0       0
    8. OH                    G      0           17.007000    200.00   6000.00       0       1       1       0       0
   24. HCO                   G      0           29.017999    200.00   6000.00       1       1       1       0       0
   23. CH2O                  G      0           30.025999    300.00   4000.00       1       2       1       0       0
   16. CH2                   G      0           14.027000    300.00   4000.00       1       2       0       0       0
   17. CH2(S)                G      0           14.027000    300.00   4000.00       1       2       0       0       0
   13. HOCO                  G      0           45.016999    200.00   6000.00       1       1       2       0       0
   11. CO                    G      0           28.009999    200.00   6000.00       1       0       1       0       0
   12. CO2                   G      0           44.008999    200.00   6000.00       1       0       2       0       0
   15. CH3                   G      0           15.035000    300.00   4000.00       1       3       0       0       0
   21. CH3O                  G      0           31.033999    300.00   4000.00       1       3       1       0       0
   22. CH2OH                 G      0           31.033999    300.00   4000.00       1       3       1       0       0
   19. CH3O2                 G      0           47.032999    300.00   4000.00       1       3       2       0       0
   14. CH4                   G      0           16.043000    300.00   4000.00       1       4       0       0       0
   20. CH3OH                 G      0           32.041999    300.00   4000.00       1       4       1       0       0
   18. CH3O2H                G      0           48.040999    300.00   4000.00       1       4       2       0       0
   33. HCCO                  G      0           41.028999    300.00   4000.00       2       1       1       0       0
   32. CH2CO                 G      0           42.036999    300.00   4000.00       2       2       1       0       0
   29. C2H2                  G      0           26.037999    300.00   4000.00       2       2       0       0       0
   30. CH3CO                 G      0           43.044999    300.00   4000.00       2       3       1       0       0
   31. CH2CHO                G      0           43.044999    300.00   4000.00       2       3       1       0       0
   28. C2H3                  G      0           27.045999    300.00   4000.00       2       3       0       0       0
   40. CH2COOH               G      0           59.043999    300.00   5000.00       2       3       2       0       0
   27. C2H4                  G      0           28.053999    300.00   4000.00       2       4       0       0       0
   39. CH3CO2H               G      0           60.051999    300.00   4000.00       2       4       2       0       0
   26. C2H5                  G      0           29.061999    300.00   4000.00       2       5       0       0       0
   25. C2H6                  G      0           30.069999    300.00   4000.00       2       6       0       0       0
   37. C3H2                  G      0           38.048999    300.00   4000.00       3       2       0       0       0
   36. C3H3                  G      0           39.056999    300.00   4000.00       3       3       0       0       0
   34. C3H4-P                G      0           40.064999    300.00   4000.00       3       4       0       0       0
   35. C3H4-A                G      0           40.064999    300.00   4000.00       3       4       0       0       0
   38. CH3COCH2              G      0           57.071999    300.00   4000.00       3       5       1       0       0
----------------------------------------------------------------------------------------------------------------------

------------------------------------------------------------------------------------------------------------------
  Species                  Shape       eps/kb          sigma             mu           alfa        zRot298         
------------------------------------------------------------------------------------------------------------------
    1. AR                    0       136.5000         3.3300         0.0000         0.0000         0.0000
    2. N2                    1        97.5300         3.6210         0.0000         1.7600         4.0000
    3. H2                    1        38.0000         2.9200         0.0000         0.7900       280.0000
    4. H                     0       145.0000         2.0500         0.0000         0.0000         0.0000
    5. O2                    1       107.4000         3.4580         0.0000         1.6000         3.8000
    6. O                     0        80.0000         2.7500         0.0000         0.0000         0.0000
    7. H2O                   2       572.4000         2.6050         1.8440         0.0000         4.0000
    8. OH                    1        80.0000         2.7500         0.0000         0.0000         0.0000
    9. H2O2                  2       107.4000         3.4580         0.0000         0.0000         3.8000
   10. HO2                   2       107.4000         3.4580         0.0000         0.0000         1.0000
   11. CO                    1        98.1000         3.6500         0.0000         1.9500         1.8000
   12. CO2                   1       244.0000         3.7630         0.0000         2.6500         2.1000
   13. HOCO                  2       498.0000         3.5900         0.0000         0.0000         2.0000
   14. CH4                   2       141.4000         3.7460         0.0000         2.6000        13.0000
   15. CH3                   1       144.0000         3.8000         0.0000         0.0000         0.0000
   16. CH2                   1       144.0000         3.8000         0.0000         0.0000         0.0000
   17. CH2(S)                1       144.0000         3.8000         0.0000         0.0000         0.0000
   18. CH3O2H                2       481.8000         3.6260         0.0000         0.0000         1.0000
   19. CH3O2                 2       481.8000         3.6260         0.0000         0.0000         1.0000
   20. CH3OH                 2       481.8000         3.6260         0.0000         0.0000         1.0000
   21. CH3O                  2       417.0000         3.6900         1.7000         0.0000         2.0000
   22. CH2OH                 2       417.0000         3.6900         1.7000         0.0000         2.0000
   23. CH2O                  2       498.0000         3.5900         0.0000         0.0000         2.0000
   24. HCO                   2       498.0000         3.5900         0.0000         0.0000         0.0000
   25. C2H6                  2       247.5000         4.3500         0.0000         0.0000         1.5000
   26. C2H5                  2       247.5000         4.3500         0.0000         0.0000         1.5000
   27. C2H4                  2       238.4000         3.4960         0.0000         0.0000         1.5000
   28. C2H3                  2       265.3000         3.7210         0.0000         0.0000         1.0000
   29. C2H2                  1       265.3000         3.7210         0.0000         0.0000         2.5000
   30. CH3CO                 2       436.0000         3.9700         0.0000         0.0000         2.0000
   31. CH2CHO                2       436.0000         3.9700         0.0000         0.0000         2.0000
   32. CH2CO                 2       436.0000         3.9700         0.0000         0.0000         2.0000
   33. HCCO                  2       150.0000         2.5000         0.0000         0.0000         1.0000
   34. C3H4-P                1       324.8000         4.2900         0.0000         0.0000         1.0000
   35. C3H4-A                1       324.8000         4.2900         0.0000         0.0000         1.0000
   36. C3H3                  1       324.8000         4.2900         0.0000         0.0000         1.0000
   37. C3H2                  2       209.0000         4.1000         0.0000         0.0000         1.0000
   38. CH3COCH2              2       435.5000         4.8600         0.0000         0.0000         1.0000
   39. CH3CO2H               2       436.0000         3.9700         0.0000         0.0000         2.0000
   40. CH2COOH               2       442.0890         4.4280         0.0000         0.0000         1.0000
------------------------------------------------------------------------------------------------------------------


------------------------------------------------------------------------------------------------------------------
  Species                  Shape       eps/kb          sigma             mu           alfa        zRot298         
------------------------------------------------------------------------------------------------------------------
    1. AR                    0       136.5000         3.3300         0.0000         0.0000         0.0000
    2. N2                    1        97.5300         3.6210         0.0000         1.7600         4.0000
    3. H2                    1        38.0000         2.9200         0.0000         0.7900       280.0000
    4. H                     0       145.0000         2.0500         0.0000         0.0000         0.0000
    5. O2                    1       107.4000         3.4580         0.0000         1.6000         3.8000
    6. O                     0        80.0000         2.7500         0.0000         0.0000         0.0000
    7. H2O                   2       572.4000         2.6050         1.8440         0.0000         4.0000
    8. OH                    1        80.0000         2.7500         0.0000         0.0000         0.0000
    9. H2O2                  2       107.4000         3.4580         0.0000         0.0000         3.8000
   10. HO2                   2       107.4000         3.4580         0.0000         0.0000         1.0000
   11. CO                    1        98.1000         3.6500         0.0000         1.9500         1.8000
   12. CO2                   1       244.0000         3.7630         0.0000         2.6500         2.1000
   13. HOCO                  2       498.0000         3.5900         0.0000         0.0000         2.0000
   14. CH4                   2       141.4000         3.7460         0.0000         2.6000        13.0000
   15. CH3                   1       144.0000         3.8000         0.0000         0.0000         0.0000
   16. CH2                   1       144.0000         3.8000         0.0000         0.0000         0.0000
   17. CH2(S)                1       144.0000         3.8000         0.0000         0.0000         0.0000
   18. CH3O2H                2       481.8000         3.6260         0.0000         0.0000         1.0000
   19. CH3O2                 2       481.8000         3.6260         0.0000         0.0000         1.0000
   20. CH3OH                 2       481.8000         3.6260         0.0000         0.0000         1.0000
   21. CH3O                  2       417.0000         3.6900         1.7000         0.0000         2.0000
   22. CH2OH                 2       417.0000         3.6900         1.7000         0.0000         2.0000
   23. CH2O                  2       498.0000         3.5900         0.0000         0.0000         2.0000
   24. HCO                   2       498.0000         3.5900         0.0000         0.0000         0.0000
   25. C2H6                  2       247.5000         4.3500         0.0000         0.0000         1.5000
   26. C2H5                  2       247.5000         4.3500         0.0000         0.0000         1.5000
   27. C2H4                  2       238.4000         3.4960         0.0000         0.0000         1.5000
   28. C2H3                  2       265.3000         3.7210         0.0000         0.0000         1.0000
   29. C2H2                  1       265.3000         3.7210         0.0000         0.0000         2.5000
   30. CH3CO                 2       436.0000         3.9700         0.0000         0.0000         2.0000
   31. CH2CHO                2       436.0000         3.9700         0.0000         0.0000         2.0000
   32. CH2CO                 2       436.0000         3.9700         0.0000         0.0000         2.0000
   33. HCCO                  2       150.0000         2.5000         0.0000         0.0000         1.0000
   34. C3H4-P                1       324.8000         4.2900         0.0000         0.0000         1.0000
   35. C3H4-A                1       324.8000         4.2900         0.0000         0.0000         1.0000
   36. C3H3                  1       324.8000         4.2900         0.0000         0.0000         1.0000
   37. C3H2                  2       209.0000         4.1000         0.0000         0.0000         1.0000
   38. CH3COCH2              2       435.5000         4.8600         0.0000         0.0000         1.0000
   39. CH3CO2H               2       436.0000         3.9700         0.0000         0.0000         2.0000
   40. CH2COOH               2       442.0890         4.4280         0.0000         0.0000         1.0000
------------------------------------------------------------------------------------------------------------------


---------------------------------------------------------------------------------------
                                  CHEMICAL REACTIONS                                   

                          Units: [mol, cm3, s] and [cal/mol]                           
---------------------------------------------------------------------------------------


      1. H2 +M  = 2H +M 
         k:       4.577000e+19	   -1.40     104400.00
         Third body efficiencies
         H2                  	enhanced by	   2.500
         H2O                 	enhanced by	  12.000
         CO                  	enhanced by	   1.900
         CO2                 	enhanced by	   3.800
         CH4                 	enhanced by	   2.000
         C2H6                	enhanced by	   3.000


      2. H2 + O  = H + OH 
         k:       5.080000e+04	    2.67       6292.00


      3. H2 + OH  = H + H2O 
         k:       4.380000e+13	    0.00       6990.00


      4. 2O +M  = O2 +M 
         k:       6.165000e+15	   -0.50          0.00
         Third body efficiencies
         H2                  	enhanced by	   2.500
         H2O                 	enhanced by	  12.000
         AR                  	enhanced by	   0.830
         CO                  	enhanced by	   1.900
         CO2                 	enhanced by	   3.800
         CH4                 	enhanced by	   2.000
         C2H6                	enhanced by	   3.000


      5. H + O2  = O + OH 
         k:       1.140000e+14	    0.00      15286.00


      6. H + OH +M  = H2O +M 
         k:       3.500000e+22	   -2.00          0.00
         Third body efficiencies
         H2                  	enhanced by	   0.730
         H2O                 	enhanced by	   3.650
         CH4                 	enhanced by	   2.000
         C2H6                	enhanced by	   3.000
         AR                  	enhanced by	   0.380


      7. O + H2O  = 2OH 
         k:       6.700000e+07	    1.70      14986.80


      8. H + O +M  = OH +M 
         k:       4.714000e+18	   -1.00          0.00
         Third body efficiencies
         H2                  	enhanced by	   2.500
         H2O                 	enhanced by	  12.000
         AR                  	enhanced by	   0.750
         CO                  	enhanced by	   1.500
         CO2                 	enhanced by	   2.000
         CH4                 	enhanced by	   2.000
         C2H6                	enhanced by	   3.000


      9. H2O2 (+M)  = 2OH (+M) 
         Fall-off (Troe)
         k0:      2.490000e+24	   -2.30      48749.00
         kInf:    2.000000e+12	    0.90      48749.00
         Troe Parameters
         a    4.30e-01
         T*** 1.00e-30
         T*   1.00e+30
         T**  0.00e+00
         Third body efficiencies
         H2O                 	enhanced by	   7.650
         CO2                 	enhanced by	   1.600
         N2                  	enhanced by	   1.500
         O2                  	enhanced by	   1.200
         H2O2                	enhanced by	   7.700
         H2                  	enhanced by	   3.700
         CO                  	enhanced by	   2.800


     10. H + H2O2  = H2O + OH 
         k:       2.410000e+13	    0.00       3970.00


     11. H + H2O2  = H2 + HO2 
         k:       2.150000e+10	    1.00       6000.00


     12. O + H2O2  = OH + HO2 
         k:       9.550000e+06	    2.00       3970.00


     13. OH + H2O2  = H2O + HO2 
         k:       1.740000e+12	    0.00        318.00


     14. OH + H2O2  = H2O + HO2 
         k:       7.590000e+13	    0.00       7269.00


     15. H + HO2  = 2OH 
         k:       7.079000e+13	    0.00        295.00


     16. H + HO2  = H2 + O2 
         k:       1.140200e+10	    1.08        553.78


     17. O + HO2  = O2 + OH 
         k:       3.250000e+13	    0.00          0.00


     18. OH + HO2  = O2 + H2O 
         k:       7.000000e+12	    0.00      -1092.96


     19. OH + HO2  = O2 + H2O 
         k:       4.500000e+14	    0.00      10929.60


     20. 2HO2  = O2 + H2O2 
         k:       1.000000e+14	    0.00      11040.88


     21. 2HO2  = O2 + H2O2 
         k:       1.900000e+11	    0.00      -1408.92


     22. H + O2 (+M)  = HO2 (+M) 
         Fall-off (Troe)
         k0:      1.740000e+19	   -1.23          0.00
         kInf:    4.650000e+12	    0.44          0.00
         Troe Parameters
         a    6.70e-01
         T*** 1.00e-30
         T*   1.00e+30
         T**  1.00e+30
         Third body efficiencies
         H2                  	enhanced by	   1.300
         CO                  	enhanced by	   1.900
         CO2                 	enhanced by	   3.800
         H2O                 	enhanced by	  10.000
         AR                  	enhanced by	   0.500
         CH4                 	enhanced by	   2.000
         C2H6                	enhanced by	   3.000


     23. O + CO (+M)  = CO2 (+M) 
         Fall-off (Lindemann)
         k0:      1.170000e+24	   -2.79       4191.00
         kInf:    1.362000e+10	    0.00       2384.00
         Third body efficiencies
         H2                  	enhanced by	   2.000
         H2O                 	enhanced by	  12.000
         CO                  	enhanced by	   1.750
         CO2                 	enhanced by	   3.600
         AR                  	enhanced by	   0.700


     24. OH + CO  = H + CO2 
         k:       7.015000e+04	    2.05       -355.70


     25. OH + CO  = H + CO2 
         k:       5.757000e+12	   -0.66        331.80


     26. HO2 + CO  = OH + CO2 
         k:       1.570000e+05	    2.18      17940.00


     27. O2 + CO  = O + CO2 
         k:       1.119000e+12	    0.00      47700.00


     28. HOCO  = OH + CO 
         k:       6.300000e+32	   -5.96      32470.00
         Pressure Logarithmic Interpolation
         1	1.000000e-03	1.550000e-08	    2.93       8768.00
         2	3.000000e-03	1.770000e+03	    0.34      18076.00
         3	2.960000e-02	2.020000e+13	   -1.87      22755.00
         4	9.870000e-02	1.680000e+18	   -3.05      24323.00
         5	2.961000e-01	2.500000e+24	   -4.63      27067.00
         6	9.869000e-01	4.540000e+26	   -5.12      27572.00
         7	2.960700e+00	7.120000e+28	   -5.60      28535.00
         8	9.869000e+00	5.480000e+29	   -5.70      28899.00
         9	2.960700e+01	9.890000e+31	   -6.19      30518.00
         10	9.869000e+01	5.740000e+33	   -6.53      32068.00
         11	2.960700e+02	2.610000e+33	   -6.29      32231.00
         12	9.869000e+02	6.300000e+32	   -5.96      32470.00


     29. HOCO  = H + CO2 
         k:       1.897000e+38	   -8.05      34240.00
         Pressure Logarithmic Interpolation
         1	1.000000e-03	4.758000e+18	   -3.82      17676.00
         2	3.000000e-03	2.225000e+20	   -4.15      19037.00
         3	9.900000e-03	7.564000e+21	   -4.43      20325.00
         4	2.960000e-02	9.107000e+24	   -5.19      22419.00
         5	9.870000e-02	3.144000e+29	   -6.38      25233.00
         6	2.961000e-01	1.150000e+32	   -7.04      26662.00
         7	9.869000e-01	1.069000e+36	   -8.11      29064.00
         8	2.960700e+00	2.438000e+36	   -8.15      29336.00
         9	9.869000e+00	6.663000e+35	   -7.92      29217.00
         10	2.960700e+01	1.723000e+38	   -8.51      31273.00
         11	9.869000e+01	3.007000e+41	   -9.29      33966.00
         12	2.960700e+02	6.767000e+36	   -7.83      31613.00
         13	9.869000e+02	1.897000e+38	   -8.05      34240.00


     30. H + CH3 (+M)  = CH4 (+M) 
         Fall-off (Troe)
         k0:      2.480000e+33	   -4.76       2440.00
         kInf:    1.270000e+16	   -0.63        383.00
         Troe Parameters
         a    7.83e-01
         T*** 7.40e+01
         T*   2.94e+03
         T**  6.96e+03
         Third body efficiencies
         H2                  	enhanced by	   2.000
         H2O                 	enhanced by	   6.000
         AR                  	enhanced by	   0.700
         CO                  	enhanced by	   1.500
         CO2                 	enhanced by	   2.000
         CH4                 	enhanced by	   2.000
         C2H6                	enhanced by	   3.000


     31. H + CH4  = H2 + CH3 
         k:       6.140000e+05	    2.50       9587.00


     32. O + CH4  = OH + CH3 
         k:       1.020000e+09	    1.50       8600.00


     33. OH + CH4  = H2O + CH3 
         k:       5.830000e+04	    2.60       2190.00


     34. HO2 + CH4  = H2O2 + CH3 
         k:       1.130000e+01	    3.74      21010.00


     35. CH4 + CH3O2  = CH3 + CH3O2H 
         k:       9.600000e-01	    3.77      17810.00


     36. HO2 + CH3  = O2 + CH4 
         k:       1.160000e+05	    2.23      -3022.00


     37. CH4 + CH2  = 2CH3 
         k:       2.460000e+06	    2.00       8270.00


     38. N2 + CH2(S)  = N2 + CH2 
         k:       1.500000e+13	    0.00        600.00


     39. AR + CH2(S)  = AR + CH2 
         k:       9.000000e+12	    0.00        600.00


     40. H2O + CH2(S)  = H2O + CH2 
         k:       3.000000e+13	    0.00          0.00


     41. CO + CH2(S)  = CO + CH2 
         k:       9.000000e+12	    0.00          0.00


     42. CO2 + CH2(S)  = CO2 + CH2 
         k:       7.000000e+12	    0.00          0.00


     43. O2 + CH2(S)  => H + OH + CO 
         k:       2.800000e+13	    0.00          0.00


     44. O2 + CH2(S)  = H2O + CO 
         k:       1.200000e+13	    0.00          0.00


     45. O + CH2(S)  = H2 + CO 
         k:       1.500000e+13	    0.00          0.00


     46. O + CH2(S)  = H + HCO 
         k:       1.500000e+13	    0.00          0.00


     47. H2 + CH2(S)  = H + CH3 
         k:       7.000000e+13	    0.00          0.00


     48. OH + CH2(S)  = H + CH2O 
         k:       3.000000e+13	    0.00          0.00


     49. CO2 + CH2(S)  = CO + CH2O 
         k:       1.400000e+13	    0.00          0.00


     50. H + CH2 (+M)  = CH3 (+M) 
         Fall-off (Troe)
         k0:      3.200000e+27	   -3.14       1230.00
         kInf:    2.500000e+16	   -0.80          0.00
         Troe Parameters
         a    6.80e-01
         T*** 7.80e+01
         T*   2.00e+03
         T**  5.59e+03
         Third body efficiencies
         H2                  	enhanced by	   2.000
         H2O                 	enhanced by	   6.000
         AR                  	enhanced by	   0.700
         CO                  	enhanced by	   1.500
         CO2                 	enhanced by	   2.000
         CH4                 	enhanced by	   2.000
         C2H6                	enhanced by	   3.000


     51. O2 + CH2  = OH + HCO 
         k:       1.060000e+13	    0.00       1500.00


     52. O2 + CH2  => 2H + CO2 
         k:       2.640000e+12	    0.00       1500.00


     53. O + CH2  => 2H + CO 
         k:       5.000000e+13	    0.00          0.00


     54. O2 + CH3 (+M)  = CH3O2 (+M) 
         Fall-off (Troe)
         k0:      6.850000e+24	   -3.00          0.00
         kInf:    7.812000e+09	    0.90          0.00
         Troe Parameters
         a    6.00e-01
         T*** 1.00e+03
         T*   7.00e+01
         T**  1.70e+03


     55. O2 + CH3  = O + CH3O 
         k:       7.546000e+12	    0.00      28320.00


     56. O2 + CH3  = OH + CH2O 
         k:       2.641000e+00	    3.28       8105.00


     57. O + CH3  = H + CH2O 
         k:       5.540000e+13	    0.05       -136.00


     58. OH + CH3  = H2O + CH2(S) 
         k:       4.936000e+14	   -0.67       -445.80
         Pressure Logarithmic Interpolation
         1	1.000000e-02	4.936000e+14	   -0.67       -445.80
         2	1.000000e-01	1.207000e+15	   -0.78       -175.60
         3	1.000000e+00	5.282000e+17	   -1.52       1772.00
         4	1.000000e+01	4.788000e+23	   -3.15       7003.00
         5	1.000000e+02	8.433000e+19	   -1.96       8244.00


     59. OH + CH3  = H2 + CH2O 
         k:       3.502000e+05	    1.44      -3244.00
         Pressure Logarithmic Interpolation
         1	1.000000e-02	3.502000e+05	    1.44      -3244.00
         2	1.000000e-01	8.854000e+05	    1.33      -2975.00
         3	1.000000e+00	1.650000e+07	    0.97      -2010.00
         4	1.000000e+01	5.374000e+09	    0.29        280.00
         5	1.000000e+02	9.494000e+18	   -2.20       9769.00


     60. OH + CH3  = H + CH2OH 
         k:       1.621000e+10	    0.96       3210.00
         Pressure Logarithmic Interpolation
         1	1.000000e-02	1.621000e+10	    0.96       3214.00
         2	1.000000e-01	1.807000e+10	    0.95       3247.00
         3	1.000000e+00	4.686000e+10	    0.83       3566.00
         4	1.000000e+01	1.525000e+13	    0.13       5641.00
         5	1.000000e+02	3.590000e+14	   -0.19       8601.00


     61. OH + CH3  = H + CH3O 
         k:       1.186000e+09	    1.02      11940.00
         Pressure Logarithmic Interpolation
         1	1.000000e-02	1.186000e+09	    1.02      11940.00
         2	1.000000e-01	1.188000e+09	    1.02      11940.00
         3	1.000000e+00	1.230000e+09	    1.01      11950.00
         4	1.000000e+01	1.798000e+09	    0.96      12060.00
         5	1.000000e+02	5.242000e+10	    0.55      13070.00


     62. OH + CH3  = H2O + CH2 
         k:       4.293000e+04	    2.57       3997.80


     63. HO2 + CH3  = OH + CH3O 
         k:       1.000000e+12	    0.27       -687.50


     64. O + CH3O2  = O2 + CH3O 
         k:       3.600000e+13	    0.00          0.00


     65. H + CH3O2  = OH + CH3O 
         k:       9.600000e+13	    0.00          0.00


     66. OH + CH3O2  = O2 + CH3OH 
         k:       6.000000e+13	    0.00          0.00


     67. HO2 + CH3O2  = O2 + CH3O2H 
         k:       2.470000e+11	    0.00      -1570.00


     68. H2O2 + CH3O2  = HO2 + CH3O2H 
         k:       2.410000e+12	    0.00       9936.00


     69. CH3 + CH3O2  = 2CH3O 
         k:       5.080000e+12	    0.00      -1411.00


     70. 2CH3O2  => O2 + CH3OH + CH2O 
         k:       3.110000e+14	   -1.61      -1051.00


     71. 2CH3O2  => O2 + 2CH3O 
         k:       1.400000e+16	   -1.61       1860.00


     72. H2 + CH3O2  = H + CH3O2H 
         k:       1.500000e+14	    0.00      26030.00


     73. CH3O2H  = OH + CH3O 
         k:       6.310000e+14	    0.00      42300.00


     74. CH3OH (+M)  = OH + CH3 (+M) 
         Fall-off (Troe)
         k0:      1.500000e+43	   -7.00      97992.20
         kInf:    2.084000e+18	   -0.61      92540.60
         Troe Parameters
         a    -4.75e-01
         T*** 3.56e+04
         T*   1.12e+03
         T**  9.02e+03


     75. CH3OH (+M)  = H2O + CH2(S) (+M) 
         Fall-off (Troe)
         k0:      1.430000e+47	   -8.23      99417.10
         kInf:    3.121000e+18	   -1.02      91712.00
         Troe Parameters
         a    2.54e+00
         T*** 3.29e+03
         T*   4.73e+04
         T**  4.71e+04


     76. CH3OH (+M)  = H + CH2OH (+M) 
         Fall-off (Troe)
         k0:      3.390000e+42	   -7.24     105230.30
         kInf:    7.896000e-03	    5.04      84467.40
         Troe Parameters
         a    -7.39e+01
         T*** 3.70e+04
         T*   4.15e+04
         T**  5.22e+03


     77. H + CH3OH  = H2 + CH3O 
         k:       1.990000e+05	    2.56      10300.00


     78. H + CH3OH  = H2 + CH2OH 
         k:       3.070000e+05	    2.55       5440.00


     79. O + CH3OH  = OH + CH3O 
         k:       3.880000e+04	    2.50       3080.00


     80. O + CH3OH  = OH + CH2OH 
         k:       3.880000e+05	    2.50       3080.00


     81. OH + CH3OH  = H2O + CH3O 
         k:       1.500000e+02	    3.03       -763.00


     82. OH + CH3OH  = H2O + CH2OH 
         k:       3.080000e+04	    2.65       -806.70


     83. O2 + CH3OH  = HO2 + CH3O 
         k:       3.580000e+04	    2.27      42764.50


     84. O2 + CH3OH  = HO2 + CH2OH 
         k:       3.580000e+05	    2.27      42764.50


     85. HO2 + CH3OH  = H2O2 + CH3O 
         k:       1.220000e+12	    0.00      20070.70


     86. HO2 + CH3OH  = H2O2 + CH2OH 
         k:       3.260000e+13	    0.00      18782.20


     87. CH3 + CH3OH  = CH4 + CH2OH 
         k:       2.130000e-01	    3.95       7055.10


     88. CH3 + CH3OH  = CH4 + CH3O 
         k:       3.220000e+03	    2.42       8579.50


     89. CH3OH + HCO  = CH2OH + CH2O 
         k:       1.800000e+03	    2.90      13110.00


     90. CH3OH + CH3O  = CH3OH + CH2OH 
         k:       3.000000e+11	    0.00       4074.00


     91. CH3O2 + CH3OH  = CH3O2H + CH2OH 
         k:       1.810000e+12	    0.00      13710.00


     92. O2 + CH2OH  = HO2 + CH2O 
         k:       1.510000e+15	   -1.00          0.00


     93. O2 + CH2OH  = HO2 + CH2O 
         k:       2.410000e+14	    0.00       5017.00


     94. H + CH2OH  = H2 + CH2O 
         k:       6.000000e+12	    0.00          0.00


     95. HO2 + CH2OH  = H2O2 + CH2O 
         k:       1.200000e+13	    0.00          0.00


     96. CH2OH + HCO  = 2CH2O 
         k:       1.800000e+14	    0.00          0.00


     97. CH2OH + HCO  = CO + CH3OH 
         k:       1.000000e+13	    0.00          0.00


     98. CH3O + CH2OH  = CH3OH + CH2O 
         k:       2.400000e+13	    0.00          0.00


     99. OH + CH2OH  = H2O + CH2O 
         k:       2.400000e+13	    0.00          0.00


    100. O + CH2OH  = OH + CH2O 
         k:       4.200000e+13	    0.00          0.00


    101. 2CH2OH  = CH3OH + CH2O 
         k:       3.000000e+12	    0.00          0.00


    102. O2 + CH3O  = HO2 + CH2O 
         k:       4.380000e-19	    9.50      -5501.00


    103. H + CH3O  = H2 + CH2O 
         k:       2.000000e+13	    0.00          0.00


    104. HO2 + CH3O  = H2O2 + CH2O 
         k:       3.010000e+11	    0.00          0.00


    105. CH3 + CH3O  = CH4 + CH2O 
         k:       1.200000e+13	    0.00          0.00


    106. 2CH3O  = CH3OH + CH2O 
         k:       6.030000e+13	    0.00          0.00


    107. H + HCO (+M)  = CH2O (+M) 
         Fall-off (Troe)
         k0:      1.350000e+24	   -2.57       1425.00
         kInf:    1.090000e+12	    0.48       -260.00
         Troe Parameters
         a    7.82e-01
         T*** 2.71e+02
         T*   2.76e+03
         T**  6.57e+03
         Third body efficiencies
         H2                  	enhanced by	   2.000
         H2O                 	enhanced by	   6.000
         AR                  	enhanced by	   0.700
         CO                  	enhanced by	   1.500
         CO2                 	enhanced by	   2.000
         CH4                 	enhanced by	   2.000
         C2H6                	enhanced by	   3.000


    108. H2 + CO (+M)  = CH2O (+M) 
         Fall-off (Troe)
         k0:      5.070000e+27	   -3.42      84348.00
         kInf:    4.300000e+07	    1.50      79600.00
         Troe Parameters
         a    9.32e-01
         T*** 1.97e+02
         T*   1.54e+03
         T**  1.03e+04
         Third body efficiencies
         H2                  	enhanced by	   2.000
         H2O                 	enhanced by	   6.000
         AR                  	enhanced by	   0.700
         CO                  	enhanced by	   1.500
         CO2                 	enhanced by	   2.000
         CH4                 	enhanced by	   2.000
         C2H6                	enhanced by	   3.000


    109. O2 + CH2O  = HO2 + HCO 
         k:       8.070000e+15	    0.00      53420.00


    110. O + CH2O  = OH + HCO 
         k:       6.260000e+09	    1.15       2260.00


    111. H + CH2O  = H2 + HCO 
         k:       5.740000e+07	    1.90       2740.00


    112. OH + CH2O  = H2O + HCO 
         k:       7.820000e+07	    1.63      -1055.00


    113. HO2 + CH2O  = H2O2 + HCO 
         k:       1.880000e+04	    2.70      11520.00


    114. CH3 + CH2O  = CH4 + HCO 
         k:       3.830000e+01	    3.36       4312.00


    115. CH3O + CH2O  = CH3OH + HCO 
         k:       6.620000e+11	    0.00       2294.00


    116. CH3O2 + CH2O  = CH3O2H + HCO 
         k:       1.990000e+12	    0.00      11660.00


    117. HCO +M  = H + CO +M 
         k:       5.700000e+11	    0.66      14870.00
         Third body efficiencies
         H2                  	enhanced by	   2.000
         H2O                 	enhanced by	   6.000
         CO                  	enhanced by	   1.500
         CO2                 	enhanced by	   2.000
         CH4                 	enhanced by	   2.000
         C2H6                	enhanced by	   3.000


    118. O2 + HCO  = HO2 + CO 
         k:       7.580000e+12	    0.00        410.00


    119. O + HCO  = OH + CO 
         k:       3.020000e+13	    0.00          0.00


    120. H + HCO  = H2 + CO 
         k:       7.340000e+13	    0.00          0.00


    121. OH + HCO  = H2O + CO 
         k:       3.011000e+13	    0.00          0.00


    122. CH3 + HCO  = CO + CH4 
         k:       2.650000e+13	    0.00          0.00


    123. 2HCO  = CO + CH2O 
         k:       1.800000e+13	    0.00          0.00


    124. O + HCO  = H + CO2 
         k:       3.000000e+13	    0.00          0.00


    125. HO2 + HCO  => H + OH + CO2 
         k:       3.000000e+13	    0.00          0.00


    126. 2HCO  => H2 + 2CO 
         k:       3.000000e+12	    0.00          0.00


    127. H + CH2O (+M)  = CH2OH (+M) 
         Fall-off (Troe)
         k0:      1.270000e+32	   -4.82       6530.00
         kInf:    5.400000e+11	    0.45       3600.00
         Troe Parameters
         a    7.19e-01
         T*** 1.03e+02
         T*   1.29e+03
         T**  4.16e+03
         Third body efficiencies
         H2                  	enhanced by	   2.000
         H2O                 	enhanced by	   6.000
         CO                  	enhanced by	   1.500
         CO2                 	enhanced by	   2.000
         CH4                 	enhanced by	   2.000
         C2H6                	enhanced by	   3.000


    128. CH3O (+M)  = H + CH2O (+M) 
         Fall-off (Troe)
         k0:      1.870000e+25	   -3.00      24307.00
         kInf:    6.800000e+13	    0.00      26170.00
         Troe Parameters
         a    9.00e-01
         T*** 2.50e+03
         T*   1.30e+03
         T**  1.00e+99
         Third body efficiencies
         H2                  	enhanced by	   2.000
         H2O                 	enhanced by	   6.000
         CO                  	enhanced by	   1.500
         CO2                 	enhanced by	   2.000
         CH4                 	enhanced by	   2.000
         C2H6                	enhanced by	   3.000


    129. 2CH3 (+M)  = C2H6 (+M) 
         Fall-off (Troe)
         k0:      8.050000e+31	   -3.75        981.60
         kInf:    2.277000e+15	   -0.69        174.90
         Troe Parameters
         a    0.00e+00
         T*** 5.70e+02
         T*   1.00e+30
         T**  1.00e+30
         Third body efficiencies
         H2O                 	enhanced by	   5.000
         CO                  	enhanced by	   2.000
         CO2                 	enhanced by	   3.000


    130. H + C2H5 (+M)  = C2H6 (+M) 
         Fall-off (Troe)
         k0:      1.990000e+41	   -7.08       6685.00
         kInf:    5.210000e+17	   -0.99       1580.00
         Troe Parameters
         a    8.42e-01
         T*** 1.25e+02
         T*   2.22e+03
         T**  6.88e+03
         Third body efficiencies
         H2                  	enhanced by	   2.000
         H2O                 	enhanced by	   6.000
         AR                  	enhanced by	   0.700
         CO                  	enhanced by	   1.500
         CO2                 	enhanced by	   2.000
         CH4                 	enhanced by	   2.000
         C2H6                	enhanced by	   3.000


    131. O2 + C2H6  = HO2 + C2H5 
         k:       6.030000e+13	    0.00      51870.00


    132. O + C2H6  = OH + C2H5 
         k:       3.550000e+06	    2.40       5830.00


    133. H + C2H6  = H2 + C2H5 
         k:       1.150000e+08	    1.90       7530.00


    134. OH + C2H6  = H2O + C2H5 
         k:       1.480000e+07	    1.90        950.00


    135. HO2 + C2H6  = H2O2 + C2H5 
         k:       3.460000e+01	    3.61      16920.00


    136. CH2(S) + C2H6  = CH3 + C2H5 
         k:       1.200000e+14	    0.00          0.00


    137. CH3 + C2H6  = CH4 + C2H5 
         k:       5.550000e-04	    4.72       3231.00


    138. CH3O + C2H6  = CH3OH + C2H5 
         k:       2.410000e+11	    0.00       7090.00


    139. CH3O2 + C2H6  = CH3O2H + C2H5 
         k:       1.940000e+01	    3.64      17100.00


    140. H + C2H4 (+M)  = C2H5 (+M) 
         Fall-off (Troe)
         k0:      1.420000e+39	   -6.64       5769.00
         kInf:    9.569000e+08	    1.46       1355.00
         Troe Parameters
         a    -5.69e-01
         T*** 2.99e+02
         T*   -9.15e+03
         T**  1.52e+02
         Third body efficiencies
         H2                  	enhanced by	   2.000
         H2O                 	enhanced by	   6.000
         CH4                 	enhanced by	   2.000
         CO                  	enhanced by	   1.500
         CO2                 	enhanced by	   2.000
         C2H6                	enhanced by	   3.000
         AR                  	enhanced by	   0.700


    141. H + C2H5  = H2 + C2H4 
         k:       2.000000e+12	    0.00          0.00


    142. 2C2H4  = C2H5 + C2H3 
         k:       4.820000e+14	    0.00      71530.00


    143. CH3 + C2H5  = CH4 + C2H4 
         k:       1.180000e+04	    2.45      -2921.00


    144. 2CH3  = H + C2H5 
         k:       4.740000e+12	    0.10      10664.30
         Pressure Logarithmic Interpolation
         1	1.000000e-02	4.740000e+12	    0.10      10664.30
         2	1.000000e-01	2.570000e+13	   -0.10      11406.10
         3	1.000000e+00	3.100000e+14	   -0.36      13372.50
         4	1.000000e+01	2.150000e+10	    0.89      13532.50
         5	1.000000e+02	1.032000e+02	    3.23      11236.10


    145. O2 + C2H5  = HO2 + C2H4 
         k:       2.094000e+09	    0.49       -391.40
         Pressure Logarithmic Interpolation
         1	4.000000e-02	2.094000e+09	    0.49       -391.40
         2	1.000000e+00	1.843000e+07	    1.13       -720.60
         3	1.000000e+01	7.561000e+14	   -1.01       4749.00


    146. H + C2H3 (+M)  = C2H4 (+M) 
         Fall-off (Troe)
         k0:      1.400000e+30	   -3.86       3320.00
         kInf:    6.080000e+12	    0.27        280.00
         Troe Parameters
         a    7.82e-01
         T*** 2.08e+02
         T*   2.66e+03
         T**  6.10e+03
         Third body efficiencies
         H2                  	enhanced by	   2.000
         H2O                 	enhanced by	   6.000
         AR                  	enhanced by	   0.700
         CO                  	enhanced by	   1.500
         CO2                 	enhanced by	   2.000
         CH4                 	enhanced by	   2.000
         C2H6                	enhanced by	   3.000


    147. C2H4 +M  = H2 + C2H2 +M 
         k:       2.610000e+16	    0.00      67823.00
         Third body efficiencies
         H2                  	enhanced by	   2.000
         H2O                 	enhanced by	   6.000
         CH4                 	enhanced by	   2.000
         CO                  	enhanced by	   1.500
         CO2                 	enhanced by	   2.000
         C2H6                	enhanced by	   3.000
         AR                  	enhanced by	   0.700


    148. O2 + C2H4  = HO2 + C2H3 
         k:       4.220000e+13	    0.00      57623.10


    149. H + C2H4  = H2 + C2H3 
         k:       5.070000e+07	    1.93      12950.00


    150. OH + C2H4  = H2O + C2H3 
         k:       2.230000e+04	    2.75       2215.50


    151. CH3O + C2H4  = CH3OH + C2H3 
         k:       1.200000e+11	    0.00       6750.00


    152. CH3O2 + C2H4  = CH3O2H + C2H3 
         k:       8.590000e+00	    3.75      27132.00


    153. CH3 + C2H4  = CH4 + C2H3 
         k:       9.760000e+02	    2.95      15148.00


    154. CH3 + C2H4  = CH4 + C2H3 
         k:       8.130000e-05	    4.42       8835.80


    155. O + C2H4  = CH3 + HCO 
         k:       7.453000e+06	    1.88        183.00


    156. O + C2H4  = H + CH2CHO 
         k:       6.098000e+06	    1.88        183.00


    157. CH3 + CH2(S)  = H + C2H4 
         k:       2.000000e+13	    0.00          0.00


    158. OH + C2H4  = CH3 + CH2O 
         k:       5.350000e+00	    2.92      -1732.70
         Pressure Logarithmic Interpolation
         1	1.000000e-02	5.350000e+00	    2.92      -1732.70
         2	2.500000e-02	3.190000e+01	    2.71      -1172.30
         3	1.000000e-01	5.550000e+02	    2.36       -180.80
         4	1.000000e+00	1.780000e+05	    1.68       2060.50
         5	1.000000e+01	2.370000e+09	    0.56       6006.70
         6	1.000000e+02	2.760000e+13	   -0.50      11455.10


    159. H + C2H2 (+M)  = C2H3 (+M) 
         Fall-off (Troe)
         k0:      6.350000e+31	   -4.66       3780.00
         kInf:    1.710000e+10	    1.27       2709.00
         Troe Parameters
         a    7.88e-01
         T*** -1.02e+04
         T*   1.00e-30
         T**  0.00e+00
         Third body efficiencies
         H2                  	enhanced by	   2.000
         H2O                 	enhanced by	   6.000
         AR                  	enhanced by	   0.700
         CO                  	enhanced by	   1.500
         CO2                 	enhanced by	   2.000
         CH4                 	enhanced by	   2.000
         C2H6                	enhanced by	   3.000


    160. O2 + C2H3  = O + CH2CHO 
         k:       1.760000e+12	    0.15       4205.00
         Pressure Logarithmic Interpolation
         1	1.000000e-02	7.880000e+20	   -2.67       6742.00
         2	1.000000e-01	7.720000e+20	   -2.67       6713.00
         3	3.160000e-01	9.870000e+20	   -2.70       6724.00
         4	1.000000e+00	7.100000e+20	   -2.65       6489.00
         5	3.160000e+00	4.500000e+20	   -2.53       6406.00
         6	1.000000e+01	1.760000e+23	   -3.22       8697.00
         7	3.160000e+01	3.140000e+25	   -3.77      11530.00
         8	1.000000e+02	1.020000e+26	   -3.80      13910.00


    161. O2 + C2H3  = O + CH2CHO 
         k:       1.760000e+12	    0.15       4205.00
         Pressure Logarithmic Interpolation
         1	1.000000e-02	1.360000e+10	    0.62       -277.60
         2	1.000000e-01	1.420000e+10	    0.62       -247.70
         3	3.160000e-01	1.660000e+10	    0.60       -162.50
         4	1.000000e+00	2.020000e+10	    0.58         38.40
         5	3.160000e+00	9.750000e+09	    0.67        248.00
         6	1.000000e+01	7.340000e+09	    0.72        778.10
         7	3.160000e+01	1.570000e+09	    0.92       1219.00
         8	1.000000e+02	7.850000e+07	    1.28       1401.00


    162. O2 + C2H3  = HO2 + C2H2 
         k:       6.490000e+06	    1.50       5218.00
         Pressure Logarithmic Interpolation
         1	1.000000e-02	1.080000e+07	    1.28       3322.00
         2	1.000000e-01	7.750000e+06	    1.33       3216.00
         3	3.160000e-01	1.210000e+07	    1.27       3311.00
         4	1.000000e+00	2.150000e+07	    1.19       3367.00
         5	3.160000e+00	1.130000e+08	    1.00       3695.00
         6	1.000000e+01	1.310000e+11	    0.12       5872.00
         7	3.160000e+01	1.190000e+09	    0.82       5617.00
         8	1.000000e+02	1.060000e+17	   -1.45      12230.00


    163. O2 + C2H3  = HO2 + C2H2 
         k:       6.490000e+06	    1.50       5218.00
         Pressure Logarithmic Interpolation
         1	1.000000e-02	4.760000e+01	    2.75       -796.40
         2	1.000000e-01	5.160000e+01	    2.73       -768.30
         3	3.160000e-01	5.550000e+01	    2.73       -658.50
         4	1.000000e+00	4.600000e+01	    2.76       -492.80
         5	3.160000e+00	3.750000e+00	    3.07       -601.00
         6	1.000000e+01	5.480000e+00	    3.07         85.70
         7	3.160000e+01	4.470000e+08	    0.00        955.00
         8	1.000000e+02	2.020000e+01	    2.94       1847.00


    164. O2 + C2H3  = OH + CH2CO 
         k:       1.170000e+03	    2.43       7074.00
         Pressure Logarithmic Interpolation
         1	1.000000e-02	8.660000e+02	    2.41       6061.00
         2	1.000000e-01	8.910000e+02	    2.41       6078.00
         3	3.160000e-01	9.430000e+02	    2.40       6112.00
         4	1.000000e+00	1.060000e+03	    2.39       6180.00
         5	3.160000e+00	1.090000e+03	    2.38       6179.00
         6	1.000000e+01	1.390000e+03	    2.36       6074.00
         7	3.160000e+01	2.490000e+06	    1.42       8480.00
         8	1.000000e+02	1.660000e+10	    0.36      12010.00


    165. O2 + C2H3  = OH + CH2CO 
         k:       1.170000e+03	    2.43       7074.00
         Pressure Logarithmic Interpolation
         1	1.000000e-02	1.820000e-01	    3.12       1331.00
         2	1.000000e-01	2.070000e-01	    3.11       1383.00
         3	3.160000e-01	2.710000e-01	    3.08       1496.00
         4	1.000000e+00	5.260000e-01	    3.01       1777.00
         5	3.160000e+00	1.370000e+00	    2.90       2225.00
         6	1.000000e+01	4.190000e-01	    2.93       2052.00
         7	3.160000e+01	1.190000e-04	    4.21       2043.00
         8	1.000000e+02	1.300000e-03	    3.97       3414.00


    166. O2 + C2H3  = CH2O + HCO 
         k:       1.160000e+16	   -1.13       3791.00
         Pressure Logarithmic Interpolation
         1	1.000000e-02	2.490000e+36	   -7.60      12640.00
         2	1.000000e-01	2.430000e+36	   -7.60      12610.00
         3	3.160000e-01	1.950000e+36	   -7.57      12490.00
         4	1.000000e+00	2.730000e+35	   -7.32      11820.00
         5	3.160000e+00	1.430000e+36	   -7.47      12460.00
         6	1.000000e+01	5.180000e+35	   -7.20      13430.00
         7	3.160000e+01	3.190000e+20	   -2.57       5578.00
         8	1.000000e+02	2.730000e+33	   -6.28      16000.00


    167. O2 + C2H3  = CH2O + HCO 
         k:       1.160000e+16	   -1.13       3791.00
         Pressure Logarithmic Interpolation
         1	1.000000e-02	4.540000e+15	   -1.28        515.30
         2	1.000000e-01	4.590000e+15	   -1.28        513.00
         3	3.160000e-01	4.810000e+15	   -1.29        520.60
         4	1.000000e+00	6.080000e+15	   -1.31        645.70
         5	3.160000e+00	9.450000e+15	   -1.36       1066.00
         6	1.000000e+01	2.560000e+15	   -1.18       1429.00
         7	3.160000e+01	1.030000e+69	  -19.23      14760.00
         8	1.000000e+02	4.210000e+10	    0.19        830.60


    168. O2 + C2H3  => H + CO + CH2O 
         k:       1.160000e+16	   -1.13       3791.00
         Pressure Logarithmic Interpolation
         1	1.000000e-02	5.820000e+36	   -7.60      12640.00
         2	1.000000e-01	5.660000e+36	   -7.60      12610.00
         3	3.160000e-01	4.550000e+36	   -7.57      12490.00
         4	1.000000e+00	6.360000e+35	   -7.32      11820.00
         5	3.160000e+00	3.350000e+36	   -7.47      12460.00
         6	1.000000e+01	1.210000e+36	   -7.20      13430.00
         7	3.160000e+01	7.430000e+20	   -2.57       5578.00
         8	1.000000e+02	6.360000e+33	   -6.28      16000.00


    169. O2 + C2H3  => H + CO + CH2O 
         k:       1.160000e+16	   -1.13       3791.00
         Pressure Logarithmic Interpolation
         1	1.000000e-02	1.060000e+16	   -1.28        515.30
         2	1.000000e-01	1.070000e+16	   -1.28        513.00
         3	3.160000e-01	1.130000e+16	   -1.29        520.60
         4	1.000000e+00	1.420000e+16	   -1.31        645.70
         5	3.160000e+00	2.200000e+16	   -1.36       1066.00
         6	1.000000e+01	5.980000e+15	   -1.18       1429.00
         7	3.160000e+01	2.390000e+69	  -19.23      14760.00
         8	1.000000e+02	9.810000e+10	    0.19        830.60


    170. O2 + C2H3  = CO + CH3O 
         k:       3.090000e+13	   -0.89       3682.00
         Pressure Logarithmic Interpolation
         1	1.000000e-02	8.190000e+18	   -2.66       3201.00
         2	1.000000e-01	4.060000e+14	   -1.32        885.80
         3	3.160000e-01	4.340000e+14	   -1.33        900.60
         4	1.000000e+00	1.030000e+11	   -0.33       -747.80
         5	3.160000e+00	1.890000e+12	   -3.00      -8995.00
         6	1.000000e+01	1.930000e+24	   -5.63          1.80
         7	3.160000e+01	1.100000e+18	   -2.22       5178.00
         8	1.000000e+02	5.790000e+32	   -6.45      16810.00


    171. O2 + C2H3  = CO + CH3O 
         k:       3.090000e+13	   -0.89       3682.00
         Pressure Logarithmic Interpolation
         1	1.000000e-02	1.290000e+09	    0.18      -1717.00
         2	1.000000e-01	5.990000e+11	   -2.93      -9564.00
         3	3.160000e-01	2.910000e+11	   -2.93     -10120.00
         4	1.000000e+00	5.770000e+21	   -3.54       4772.00
         5	3.160000e+00	4.990000e+15	   -1.62       1849.00
         6	1.000000e+01	9.330000e+16	   -1.96       3324.00
         7	3.160000e+01	1.020000e+72	  -20.69      15860.00
         8	1.000000e+02	1.100000e+09	    0.31       1024.00


    172. O2 + C2H3  = CO2 + CH3 
         k:       6.160000e+13	   -1.05       3743.00
         Pressure Logarithmic Interpolation
         1	1.000000e-02	2.370000e+35	   -7.76      12630.00
         2	1.000000e-01	1.730000e+35	   -7.72      12520.00
         3	3.160000e-01	4.470000e+34	   -7.55      12140.00
         4	1.000000e+00	7.250000e+31	   -6.70      10440.00
         5	3.160000e+00	3.630000e+35	   -7.75      12830.00
         6	1.000000e+01	2.090000e+35	   -7.53      14050.00
         7	3.160000e+01	3.840000e+18	   -2.44       5408.00
         8	1.000000e+02	1.210000e+32	   -6.32      16190.00


    173. O2 + C2H3  = CO2 + CH3 
         k:       6.160000e+13	   -1.05       3743.00
         Pressure Logarithmic Interpolation
         1	1.000000e-02	6.270000e+13	   -1.16        406.30
         2	1.000000e-01	6.240000e+13	   -1.16        401.40
         3	3.160000e-01	6.120000e+13	   -1.16        397.00
         4	1.000000e+00	5.320000e+13	   -1.14        446.70
         5	3.160000e+00	1.450000e+14	   -1.26        987.70
         6	1.000000e+01	5.020000e+13	   -1.11       1409.00
         7	3.160000e+01	1.400000e+70	  -20.11      15430.00
         8	1.000000e+02	9.210000e+08	    0.25        855.30


    174. H + C2H3  = H2 + C2H2 
         k:       9.635300e+13	    0.00          0.00


    175. OH + C2H3  = H2O + C2H2 
         k:       3.011000e+13	    0.00          0.00


    176. CH3 + C2H3  = CH4 + C2H2 
         k:       3.920000e+11	    0.00          0.00


    177. 2C2H3  = C2H4 + C2H2 
         k:       9.600000e+11	    0.00          0.00


    178. O + C2H2  = CO + CH2 
         k:       7.395000e+08	    1.28       2472.00


    179. O + C2H2  = H + HCCO 
         k:       2.958000e+09	    1.28       2472.00


    180. HO2 + C2H2  = OH + CH2CO 
         k:       6.030000e+09	    0.00       7949.00


    181. HCO + C2H2  = CO + C2H3 
         k:       1.000000e+07	    2.00       6000.00


    182. CH2 + C2H2  = H + C3H3 
         k:       1.200000e+13	    0.00       6620.00


    183. CH2(S) + C2H2  = H + C3H3 
         k:       2.000000e+13	    0.00          0.00


    184. C2H2 + HCCO  = CO + C3H3 
         k:       1.000000e+11	    0.00       3000.00


    185. OH + C2H2  = H + CH2CO 
         k:       1.578000e+03	    2.56       -844.50
         Pressure Logarithmic Interpolation
         1	1.000000e-02	1.578000e+03	    2.56       -844.50
         2	2.500000e-02	1.518000e+04	    2.28       -292.10
         3	1.000000e-01	3.017000e+05	    1.92        598.10
         4	1.000000e+00	7.528000e+06	    1.55       2106.00
         5	1.000000e+01	5.101000e+06	    1.65       3400.00
         6	1.000000e+02	1.457000e+04	    2.45       4477.00


    186. OH + C2H2  = CO + CH3 
         k:       4.757000e+05	    1.68       -329.80
         Pressure Logarithmic Interpolation
         1	1.000000e-02	4.757000e+05	    1.68       -329.80
         2	2.500000e-02	4.372000e+06	    1.40        226.50
         3	1.000000e-01	7.648000e+07	    1.05       1115.00
         4	1.000000e+00	1.277000e+09	    0.73       2579.00
         5	1.000000e+01	4.312000e+08	    0.92       3736.00
         6	1.000000e+02	8.250000e+05	    1.77       4697.00


    187. CH3CO  = CO + CH3 
         k:       1.070000e+12	    0.63      16895.50
         Pressure Logarithmic Interpolation
         1	1.000000e-01	1.960000e+16	   -2.09      15196.60
         2	1.000000e+00	6.450000e+18	   -2.52      16436.50
         3	1.000000e+01	8.180000e+19	   -2.55      17263.10
         4	1.000000e+02	1.260000e+20	   -2.32      18012.10


    188. O2 + CH3CO  = HO2 + CH2CO 
         k:       3.600000e+10	    0.54       3721.00
         Pressure Logarithmic Interpolation
         1	1.000000e-01	1.300000e+08	    1.99        228.00
         2	1.000000e+00	3.600000e+10	    0.54       3721.00
         3	1.000000e+01	7.700000e+13	   -0.34       7510.00


    189. CH3CO (+M)  = H + CH2CO (+M) 
         Fall-off (Troe)
         k0:      1.520000e+51	  -10.27      55390.00
         kInf:    9.413000e+07	    1.92      44987.20
         Troe Parameters
         a    6.01e-01
         T*** 8.10e+09
         T*   6.68e+02
         T**  5.00e+09


    190. H + CH3CO  = H2 + CH2CO 
         k:       2.000000e+13	    0.00          0.00


    191. O + CH3CO  = OH + CH2CO 
         k:       2.000000e+13	    0.00          0.00


    192. CH3 + CH3CO  = CH4 + CH2CO 
         k:       5.000000e+13	    0.00          0.00


    193. CH2CHO (+M)  = H + CH2CO (+M) 
         Fall-off (Troe)
         k0:      6.000000e+29	   -3.80      43423.90
         kInf:    1.430000e+15	   -0.15      45600.00
         Troe Parameters
         a    9.85e-01
         T*** 3.93e+02
         T*   9.80e+09
         T**  5.00e+09


    194. CH2CHO (+M)  = CO + CH3 (+M) 
         Fall-off (Troe)
         k0:      9.520000e+33	   -5.07      41300.00
         kInf:    2.930000e+12	    0.29      40300.00
         Troe Parameters
         a    7.13e-17
         T*** 1.15e+03
         T*   4.99e+09
         T**  1.79e+09


    195. CH2CO (+M)  = CO + CH2 (+M) 
         Fall-off (Lindemann)
         k0:      3.000000e+15	    0.00      57000.00
         kInf:    3.000000e+13	    0.00      71000.00
         Third body efficiencies
         H2                  	enhanced by	   2.000
         H2O                 	enhanced by	   6.000
         AR                  	enhanced by	   0.700
         CO                  	enhanced by	   1.500
         CO2                 	enhanced by	   2.000
         CH4                 	enhanced by	   2.000
         C2H6                	enhanced by	   3.000


    196. O + C2H3  = H + CH2CO 
         k:       3.000000e+13	    0.00          0.00


    197. H + CH2CO  = CO + CH3 
         k:       7.770000e+08	    1.45       2780.00


    198. CH3 + HCO  = H2 + CH2CO 
         k:       4.900000e+08	    0.75        842.00
         Pressure Logarithmic Interpolation
         1	5.000000e-02	6.100000e+06	    1.24      -1733.00
         2	1.000000e-01	1.100000e+07	    1.18      -1303.00
         3	1.000000e+00	4.900000e+08	    0.75        842.00
         4	1.000000e+01	1.600000e+11	    0.11       4387.00


    199. O + CH2CO  = CO2 + CH2 
         k:       1.750000e+12	    0.00       1350.00


    200. OH + CH2CO  = CO + CH2OH 
         k:       2.000000e+12	    0.00      -1010.00


    201. CH2(S) + CH2CO  = CO + C2H4 
         k:       2.000000e+13	    0.00       -526.00


    202. CH3 + CH2CO  = CO + C2H5 
         k:       4.769000e+04	    2.31       9468.00


    203. OH + HCCO  => H2 + 2CO 
         k:       1.000000e+14	    0.00          0.00


    204. O + HCCO  => H + 2CO 
         k:       8.000000e+13	    0.00          0.00


    205. H + HCCO  = CO + CH2(S) 
         k:       1.000000e+14	    0.00          0.00


    206. O2 + HCCO  => OH + 2CO 
         k:       1.910000e+11	   -0.02       1020.00


    207. O2 + HCCO  => H + CO + CO2 
         k:       4.780000e+12	   -0.14       1150.00


    208. CH2(S) + C2H4  = CH3 + C2H3 
         k:       1.770000e+19	   -1.94       6790.00
         Pressure Logarithmic Interpolation
         1	1.000000e-02	1.770000e+19	   -1.94       6790.00
         2	1.000000e-01	1.680000e+19	   -1.80       4310.00
         3	1.000000e+00	4.160000e+24	   -3.19       9760.00
         4	1.000000e+01	7.890000e+24	   -3.07      13900.00
         5	1.000000e+02	7.360000e+29	   -4.28      23800.00


    209. CH2(S) + C2H4  = CH3 + C2H3 
         k:       4.300000e+12	    0.19       -110.41
         Pressure Logarithmic Interpolation
         1	1.000000e-02	4.300000e+12	    0.19       -110.41
         2	1.000000e-01	2.260000e+11	    0.54         47.81
         3	1.000000e+00	4.920000e+09	    1.02        599.77
         4	1.000000e+01	1.470000e+08	    1.33       1228.40
         5	1.000000e+02	8.110000e+10	    0.55       5506.50


    210. CH2O + C2H3  = HCO + C2H4 
         k:       1.000000e+11	    0.00          0.00
         Pressure Logarithmic Interpolation
         1	1.000000e-03	1.110000e+07	    1.09       1807.20
         2	1.000000e-02	2.470000e+07	    0.99       1994.90
         3	1.000000e-01	2.470000e+08	    0.70       2596.20
         4	1.000000e+00	1.420000e+10	    0.21       3934.20
         5	1.000000e+01	3.450000e+13	   -0.73       6944.30
         6	1.000000e+02	3.310000e+14	   -0.87      10965.70
         7	1.000000e+03	1.650000e+01	    3.17       9399.80


    211. C3H4-P + C3H3  = C3H4-A + C3H3 
         k:       6.140000e+06	    1.74      10450.00


    212. O2 + C3H4-P  = HO2 + C3H3 
         k:       3.000000e+13	    0.00      42630.00


    213. O + C3H4-P  = OH + C3H3 
         k:       7.650000e+08	    1.50       8600.00


    214. H + C3H4-P  = H2 + C3H3 
         k:       3.572000e+04	    2.83       4821.00


    215. OH + C3H4-P  = H2O + C3H3 
         k:       2.000000e+07	    2.00       5000.00


    216. OH + C3H4-P  => 0.15CO + 0.15C2H5 + 0.85CH3COCH2 
         k:       1.600000e+12	    0.00       1000.00


    217. HO2 + C3H4-P  = H2O2 + C3H3 
         k:       9.550000e-02	    4.17       9632.80


    218. CH3 + C3H4-P  = CH4 + C3H3 
         k:       1.800000e+12	    0.00       7700.00


    219. CH3O2 + C3H4-P  = CH3O2H + C3H3 
         k:       9.550000e-02	    4.17       9632.80


    220. C2H3 + C3H4-P  = C2H4 + C3H3 
         k:       1.000000e+12	    0.00       7700.00


    221. H + C3H4-A  = H2 + C3H3 
         k:       6.625000e+03	    3.10       5522.00


    222. O2 + C3H4-A  = HO2 + C3H3 
         k:       4.000000e+13	    0.00      41320.00


    223. OH + C3H4-A  = H2O + C3H3 
         k:       2.000000e+07	    2.00       5000.00


    224. CH3 + C3H4-A  = CH4 + C3H3 
         k:       1.300000e+12	    0.00       7700.00


    225. HO2 + C3H4-A  = H2O2 + C3H3 
         k:       3.580000e-02	    4.17       9632.80


    226. CH3O2 + C3H4-A  = CH3O2H + C3H3 
         k:       7.161000e-02	    4.17       9632.80


    227. H + C3H4-A  = H + C3H4-P 
         k:       2.440000e+10	    1.04       2159.00
         Pressure Logarithmic Interpolation
         1	1.000000e-03	8.490000e+10	    0.89       2503.00
         2	3.900000e-02	1.480000e+13	    0.26       4103.00
         3	1.000000e+00	2.480000e+15	   -0.33       6436.00
         4	1.000000e+01	2.350000e+25	   -3.23      13165.00
         5	1.000000e+02	1.020000e+24	   -2.67      15552.00


    228. H + C3H4-A  = H + C3H4-P 
         k:       2.440000e+10	    1.04       2159.00
         Pressure Logarithmic Interpolation
         1	1.000000e-03	1.000000e-10	    0.00          0.00
         2	3.900000e-02	1.000000e-10	    0.00          0.00
         3	1.000000e+00	1.000000e-10	    0.00          0.00
         4	1.000000e+01	1.790000e+07	    1.98       4521.00
         5	1.000000e+02	4.630000e+04	    2.62       4466.00


    229. H + C3H4-A  = CH3 + C2H2 
         k:       3.740000e+01	    3.35         57.80
         Pressure Logarithmic Interpolation
         1	1.000000e-03	1.230000e+08	    1.53       4737.00
         2	3.900000e-02	2.720000e+09	    1.20       6834.00
         3	1.000000e+00	1.260000e+20	   -1.83      15003.00
         4	1.000000e+01	1.680000e+16	   -0.60      14754.00
         5	1.000000e+02	1.370000e+17	   -0.79      17603.00


    230. H + C3H4-A  = CH3 + C2H2 
         k:       3.740000e+01	    3.35         57.80
         Pressure Logarithmic Interpolation
         1	1.000000e-03	1.000000e-10	    0.00          0.00
         2	3.900000e-02	1.000000e-10	    0.00          0.00
         3	1.000000e+00	1.230000e+04	    2.68       6335.00
         4	1.000000e+01	3.310000e+08	    1.14       8886.00
         5	1.000000e+02	1.280000e+06	    1.71       9774.00


    231. H + C3H4-P  = CH3 + C2H2 
         k:       2.120000e+10	    1.06       3945.00
         Pressure Logarithmic Interpolation
         1	1.000000e-03	2.440000e+10	    1.04       3980.00
         2	3.900000e-02	3.890000e+10	    0.99       4114.00
         3	1.000000e+00	3.460000e+12	    0.44       5463.00
         4	1.000000e+01	1.720000e+14	   -0.01       7134.00
         5	1.000000e+02	1.900000e+15	   -0.29       8306.00


    232. O + C3H4-P  = CH3 + HCCO 
         k:       7.300000e+12	    0.00       2250.00


    233. O + C3H4-P  = CO + C2H4 
         k:       1.000000e+13	    0.00       2250.00


    234. O + C3H4-P  = HCO + C2H3 
         k:       3.200000e+12	    0.00       2010.00


    235. O + C3H4-A  = CO + C2H4 
         k:       2.000000e+07	    1.80       1000.00


    236. O + C3H4-A  = CH2O + C2H2 
         k:       3.000000e-03	    4.61      -4243.00


    237. HO2 + C3H4-P  => OH + CO + C2H4 
         k:       3.000000e+12	    0.00      19000.00


    238. HO2 + C3H4-A  => OH + CO + C2H4 
         k:       1.000000e+11	    0.00      14000.00


    239. HO2 + C3H4-A  => OH + CH2 + CH2CO 
         k:       4.000000e+12	    0.00      19000.00


    240. HO2 + C3H3  => OH + CO + C2H3 
         k:       8.000000e+11	    0.00          0.00


    241. HCO + C3H3  = CO + C3H4-A 
         k:       2.500000e+13	    0.00          0.00


    242. HCO + C3H3  = CO + C3H4-P 
         k:       2.500000e+13	    0.00          0.00


    243. O2 + C3H3  = HCO + CH2CO 
         k:       1.700000e+05	    1.70       1500.00


    244. H + C3H3  = H2 + C3H2 
         k:       2.140000e+05	    2.52       7453.00


    245. OH + C3H3  = H2O + C3H2 
         k:       2.000000e+13	    0.00       8000.00


    246. OH + C3H3  = CH2O + C2H2 
         k:       2.000000e+12	    0.00          0.00


    247. OH + C3H3  = HCO + C2H3 
         k:       1.000000e+13	    0.00          0.00


    248. OH + C3H3  = CO + C2H4 
         k:       1.000000e+13	    0.00          0.00


    249. O2 + C3H4-A  => CH2O + CH2CO 
         k:       1.000000e+15	    0.00      41000.00


    250. O + C2H2  => CH2CO 
         k:       1.000000e+13	    0.00      15000.00


    251. O + CH2CO  => 2HCO 
         k:       2.000000e+13	    0.00       2300.00


    252. O + CH2CO  => CO + CH2O 
         k:       1.000000e+12	    0.00       5000.00


    253. OH + CH2CO  => CO2 + CH3 
         k:       1.000000e+13	    0.00          0.00


    254. O2 + CH2CO  => CO2 + CH2O 
         k:       1.000000e+14	    0.00      37000.00


    255. O2 + CH2CO  => OH + CO + HCO 
         k:       3.000000e+14	    0.00      40000.00


    256. OH + CH3CO  => H2O + CH2CO 
         k:       3.000000e+12	    0.00          0.00


    257. OH + CH2CHO  => H2O + CH2CO 
         k:       5.000000e+12	    0.00          0.00


    258. HO2 + CH2CO  => OH + CO + CH2O 
         k:       1.000000e+10	    0.00       5000.00


    259. O2 + CH2CHO  => HO2 + CH2CO 
         k:       5.000000e+11	    0.00       3000.00


    260. 2CH2CO  = CH3CO + HCCO 
         k:       1.500000e+13	    0.00      60500.00


    261. 2CH2CO  = CO2 + C3H4-A 
         k:       7.500000e+09	    0.00      27700.00


    262. 2CH2CO  => 2CO + C2H4 
         k:       7.500000e+10	    0.00      40000.00


    263. CH2CO  => H + HCCO 
         k:       1.500000e+14	    0.00     102400.00


    264. CH2 + CH2CO  = CO + C2H4 
         k:       5.000000e+03	    2.80       6210.00


    265. CH2 + CH2CO  = CH3 + HCCO 
         k:       3.600000e+13	    0.00      11000.00


    266. CH3 + CH2CO  = OH + C3H4-A 
         k:       1.500000e+11	    0.00      32300.00


    267. CH3 + CH2CO  = OH + C3H4-P 
         k:       3.000000e+10	    0.00      39000.00


    268. OH + HCCO  = H + CO + HCO 
         k:       1.000000e+13	    0.00          0.00


    269. O2 + HCCO  = CO2 + HCO 
         k:       2.400000e+11	    0.00       -854.00


    270. CH2 + HCCO  = CO + C2H3 
         k:       3.000000e+13	    0.00          0.00


    271. 2HCCO  => 2CO + C2H2 
         k:       1.000000e+13	    0.00          0.00


    272. C2H3 + HCCO  = CO + C3H4-P 
         k:       4.000000e+13	    0.00          0.00


    273. O2 + C2H2  = OH + HCCO 
         k:       2.000000e+07	    1.50      30000.00


    274. O2 + C3H2  = HCO + HCCO 
         k:       4.000000e+13	    0.00          0.00


    275. O + OH +M  = HO2 +M 
         k:       1.000000e+16	    0.00          0.00


    276. O2 + C2H5  => CH3O + CH2O 
         k:       1.000000e+14	    0.00      24000.00


    277. O2 + C2H5  => O + CH3 + CH2O 
         k:       1.000000e+13	    0.00      27000.00


    278. HO2 + C2H5  => OH + CH3 + CH2O 
         k:       5.000000e+12	    0.00          0.00


    279. CH3COCH2  = CH3 + CH2CO 
         k:       1.000000e+14	    0.00      31000.00


    280. O2 + CH3COCH2  => OH + CH2O + CH2CO 
         k:       8.000000e+11	    0.00          0.00


    281. HO2 + CH3COCH2  => OH + CH2O + CH3CO 
         k:       1.000000e+11	    0.00          0.00


    282. H + CH3O2  = CH3O2H 
         k:       5.000000e+13	    0.00          0.00


    283. CH3O2  = OH + CH2O 
         k:       1.500000e+13	    0.00      47000.00


    284. OH + CH3O2  => HO2 + CH3O 
         k:       3.000000e+12	    0.00          0.00


    285. HO2 + CH3O2  => O2 + H2O + CH2O 
         k:       5.000000e+10	    0.00          0.00


    286. CH3O2 + CH3O  => CH3O2H + CH2O 
         k:       6.000000e+11	    0.00          0.00


    287. CH3O2H + CH3O  => OH + CH3OH + CH2O 
         k:       1.500000e+11	    0.00       6500.00


    288. CH3O2 + CH2O  => H2 + OH + CO + CH2O 
         k:       2.000000e+11	    0.00      11000.00


    289. CO + CH3O2  => CO2 + CH3O 
         k:       1.000000e+14	    0.00      24000.00


    290. CH2 + HCO  = CO + CH3 
         k:       2.000000e+13	    0.00          0.00


    291. O + CH2  = H2 + CO 
         k:       5.000000e+13	    0.00          0.00


    292. OH + CH2  = H + CH2O 
         k:       3.000000e+13	    0.00          0.00


    293. CO2 + CH2  = CO + CH2O 
         k:       1.100000e+11	    0.00       1000.00


    294. O + CH2(S)  = 2H + CO 
         k:       3.000000e+13	    0.00          0.00


    295. OH + C3H2  = HCO + C2H2 
         k:       5.000000e+13	    0.00          0.00


    296. CH4 + CH2(S)  = 2CH3 
         k:       4.300000e+13	    0.00          0.00


    297. C2H6 + C2H2  = C2H5 + C2H3 
         k:       2.000000e+14	    0.00      60000.00


    298. 2CH3  => H2 + C2H4 
         k:       5.000000e+14	    0.00      32000.00


    299. 2CH2  => 2H + C2H2 
         k:       1.200000e+14	    0.00          0.00


    300. C3H3  = H + C3H2 
         k:       1.000000e+13	    0.00      97000.00


    301. C2H6  = H2 + C2H4 
         k:       3.000000e+13	    0.00      78500.00


    302. H + C3H3  = C3H4-A 
         k:       2.050000e+13	    0.21       -173.00
         Pressure Logarithmic Interpolation
         1	4.000000e-02	3.390000e+36	   -7.41       6337.00
         2	1.000000e+00	3.160000e+29	   -5.00       4711.00
         3	1.000000e+01	8.710000e+23	   -3.20       3255.00
         4	1.000000e+02	2.050000e+13	    0.21       -173.00


    303. H + C3H3  = C3H4-P 
         k:       6.400000e+13	    0.10        -31.20
         Pressure Logarithmic Interpolation
         1	4.000000e-02	3.630000e+36	   -7.36       6039.00
         2	1.000000e+00	7.940000e+29	   -5.06       4861.00
         3	1.000000e+01	1.070000e+24	   -3.15       3261.00
         4	1.000000e+02	6.400000e+13	    0.10        -31.20


    304. O2 + C3H4-P  => HCO + CH3CO 
         k:       7.000000e+13	    0.00      41000.00


    305. H + CH3OH  => H2O + CH3 
         k:       6.500000e+11	    0.00       5300.00


    306. O + CH2O  => 2H + CO2 
         k:       2.000000e+13	    0.00       5000.00


    307. OH + CH2O  => H2 + H + CO2 
         k:       1.000000e+11	    0.00          0.00


    308. HO2 + C2H2  => CH2O + HCO 
         k:       5.000000e+12	    0.00      15000.00


    309. CH2O + HCO  = CO2 + CH3 
         k:       5.000000e+11	    0.00       8000.00


    310. CH2O + C2H3  => 0.5CH3O + 0.5CH2OH + C2H2 
         k:       5.000000e+11	    0.00       6000.00


    311. CO + CH3O  = CO2 + CH3 
         k:       5.000000e+11	    0.00       6500.00


    312. O2 + C2H2  => CO + CH2O 
         k:       3.000000e+11	    0.00      26000.00


    313. O2 + C2H4  => 2CH2O 
         k:       1.000000e+14	    0.00      48000.00


    314. O2 + C2H2  => 2HCO 
         k:       3.000000e+11	    0.00      27000.00


    315. O2 + C2H4  => CH3O + HCO 
         k:       1.000000e+14	    0.00      43000.00


    316. O2 + CH2CHO  => OH + CO + CH2O 
         k:       6.000000e+10	    0.00          0.00


    317. O + CH3 +M  => CH3O +M 
         k:       5.000000e+16	    0.00          0.00


    318. O + C2H3  => CH2CHO 
         k:       2.500000e+13	    0.00          0.00


    319. O + CH2CHO  => CH2O + HCO 
         k:       5.000000e+13	    0.00          0.00


    320. HO2 + C2H3  => OH + CH2CHO 
         k:       3.000000e+12	    0.00          0.00


    321. HO2 + HCO  = H2O2 + CO 
         k:       4.000000e+11	    0.00          0.00


    322. OH + CH3O  => H2O + CH2O 
         k:       1.500000e+13	    0.00          0.00


    323. CH3O + HCO  = 2CH2O 
         k:       1.000000e+13	    0.00          0.00


    324. CH3O + HCO  => CO + CH3OH 
         k:       1.000000e+13	    0.00          0.00


    325. CH3 + CH2OH  => CH4 + CH2O 
         k:       1.500000e+13	    0.00          0.00


    326. OH + CH2CHO  => CH2OH + HCO 
         k:       1.000000e+13	    0.00          0.00


    327. CH2CHO  = CH3CO 
         k:       2.000000e+11	    0.00      32000.00


    328. OH + C2H2  => CH2CHO 
         k:       5.000000e+11	    0.00          0.00


    329. C3H4-P  = C3H4-A 
         k:       1.400000e+52	  -10.86      95400.00
         Pressure Logarithmic Interpolation
         1	1.000000e-01	6.400000e+61	  -14.59      88200.00
         2	1.000000e+00	5.200000e+60	  -13.93      91100.00
         3	1.000000e+01	1.900000e+57	  -12.62      93300.00
         4	1.000000e+02	1.400000e+52	  -10.86      95400.00


    330. H2 + HCCO  => H + CH2CO 
         k:       5.992000e+05	    2.00       7705.88


    331. CH4 + HCCO  => CH3 + CH2CO 
         k:       2.996000e+05	    2.00      10274.99


    332. C2H6 + C2H3  => C2H5 + C2H4 
         k:       6.102000e+05	    2.00       5704.86


    333. CH2OH + C2H6  => CH3OH + C2H5 
         k:       2.547000e+05	    2.00      12835.00


    334. HCO + C2H6  => CH2O + C2H5 
         k:       1.134000e+06	    2.00      15407.96


    335. C2H6 + C3H3  => C2H5 + C3H4-A 
         k:       2.430000e+05	    2.00      16545.66


    336. C2H6 + HCCO  => C2H5 + CH2CO 
         k:       3.852000e+05	    2.00       7127.10


    337. C2H5 + C2H4  => C2H6 + C2H3 
         k:       1.600000e+05	    2.00      12804.86


    338. O + C2H4  => OH + C2H3 
         k:       1.880000e+07	    2.00       8057.53


    339. HO2 + C2H4  => H2O2 + C2H3 
         k:       6.400000e+06	    2.00      24887.96


    340. CH2OH + C2H4  => CH3OH + C2H3 
         k:       2.264000e+05	    2.00      16955.72


    341. C2H4 + C3H3  => C2H3 + C3H4-A 
         k:       2.160000e+05	    2.00      20642.98


    342. C2H4 + HCCO  => C2H3 + CH2CO 
         k:       3.424000e+05	    2.00      10274.48


    343. C2H3 + C3H4-A  => C2H4 + C3H3 
         k:       4.068000e+06	    2.00      10542.98


    344. C2H5 + C3H4-A  => C2H6 + C3H3 
         k:       1.200000e+06	    2.00      13545.66


    345. O + C3H4-A  => OH + C3H3 
         k:       1.410000e+08	    2.00       8057.53


    346. CH3O + C3H4-A  => CH3OH + C3H3 
         k:       2.568000e+06	    2.00       7035.56


    347. CH2OH + C3H4-A  => CH3OH + C3H3 
         k:       1.698000e+06	    2.00      17696.52


    348. HCO + C3H4-A  => CH2O + C3H3 
         k:       7.560000e+06	    2.00      19686.13


    349. HCCO + C3H4-A  => CH2CO + C3H3 
         k:       2.568000e+06	    2.00      12152.94


    350. C2H5 + C3H4-P  => C2H6 + C3H3 
         k:       1.200000e+06	    2.00      13545.66


    351. CH3O + C3H4-P  => CH3OH + C3H3 
         k:       2.568000e+06	    2.00       7035.56


    352. CH2OH + C3H4-P  => CH3OH + C3H3 
         k:       1.698000e+06	    2.00      17696.52


    353. HCO + C3H4-P  => CH2O + C3H3 
         k:       7.560000e+06	    2.00      19686.13


    354. HCCO + C3H4-P  => CH2CO + C3H3 
         k:       2.568000e+06	    2.00      12152.94


    355. H2O + HCCO  => OH + CH2CO 
         k:       4.280000e+05	    2.00      12957.85


    356. H2O + CH3O2  => OH + CH3O2H 
         k:       7.600000e+05	    2.00      26091.66


    357. H2O2 + C2H3  => HO2 + C2H4 
         k:       5.424000e+04	    2.00        837.96


    358. H2O2 + HCCO  => HO2 + CH2CO 
         k:       3.424000e+04	    2.00       1926.22


    359. CH2O + C2H5  => HCO + C2H6 
         k:       1.600000e+05	    2.00       5307.96


    360. CH2O + C3H3  => HCO + C3H4-A 
         k:       2.160000e+05	    2.00      12586.13


    361. CH2O + HCCO  => HCO + CH2CO 
         k:       3.424000e+05	    2.00       4161.68


    362. CH3OH + C3H3  => CH3O + C3H4-A 
         k:       2.700000e+04	    2.00      15235.56


    363. CH3OH + HCCO  => CH3O + CH2CO 
         k:       4.280000e+04	    2.00       5816.99


    364. CH3O2 + CH3OH  => CH3O2H + CH3O 
         k:       7.600000e+04	    2.00      15598.15


    365. CH3OH + C2H3  => CH2OH + C2H4 
         k:       2.034000e+05	    2.00       6355.72


    366. CH3OH + C2H5  => CH2OH + C2H6 
         k:       6.000000e+04	    2.00       9335.00


    367. CH3OH + C3H3  => CH2OH + C3H4-A 
         k:       8.100000e+04	    2.00      17196.52


    368. CH3OH + HCCO  => CH2OH + CH2CO 
         k:       1.284000e+05	    2.00       7777.95


    369. H + CH2CO  => H2 + HCCO 
         k:       2.400000e+07	    2.00       9455.88


    370. CH3 + CH2CO  => CH4 + HCCO 
         k:       2.400000e+05	    2.00      10374.99


    371. C2H3 + CH2CO  => C2H4 + HCCO 
         k:       5.424000e+05	    2.00       8974.48


    372. C2H5 + CH2CO  => C2H6 + HCCO 
         k:       1.600000e+05	    2.00      12927.09


    373. O + CH2CO  => OH + HCCO 
         k:       1.880000e+07	    2.00       8057.53


    374. O2 + CH2CO  => HO2 + HCCO 
         k:       1.360000e+07	    2.00      54834.21


    375. OH + CH2CO  => H2O + HCCO 
         k:       1.200000e+10	    1.00       2307.85


    376. HO2 + CH2CO  => H2O2 + HCCO 
         k:       6.400000e+06	    2.00      24676.22


    377. CH3O + CH2CO  => CH3OH + HCCO 
         k:       3.424000e+05	    2.00       6416.99


    378. CH2OH + CH2CO  => CH3OH + HCCO 
         k:       2.264000e+05	    2.00      17077.95


    379. HCO + CH2CO  => CH2O + HCCO 
         k:       1.008000e+06	    2.00      20061.68


    380. CH2CO + C3H3  => HCCO + C3H4-A 
         k:       2.160000e+05	    2.00      20952.94


    381. CH3O2 + CH2CO  => CH3O2H + HCCO 
         k:       6.080000e+05	    2.00      20202.44


    382. O + CH3O2H  => OH + CH3O2 
         k:       4.700000e+06	    2.00       2500.00


    383. OH + CH3O2H  => H2O + CH3O2 
         k:       3.000000e+09	    1.00        941.66


    384. CH3O2H + CH3O  => CH3O2 + CH3OH 
         k:       8.560000e+04	    2.00       1698.15


    385. CH3O2H + HCCO  => CH3O2 + CH2CO 
         k:       8.560000e+04	    2.00       5702.44


    386. CH3CO2H  => OH + CH3CO 
         k:       1.000000e+16	    0.00     109000.00


    387. CH3CO2H  = CO2 + CH4 
         k:       4.179000e+14	   -0.31      72507.45
         Pressure Logarithmic Interpolation
         1	9.870000e-02	1.540000e+43	   -8.78      87088.98
         2	9.870000e-01	4.009000e+29	   -4.75      80019.29
         3	9.870000e+00	1.258000e+22	   -2.49      76727.76
         4	9.870000e+01	4.179000e+14	   -0.31      72507.45


    388. CH3CO2H  = HOCO + CH3 
         k:       7.056000e+36	   -5.89     105725.77
         Pressure Logarithmic Interpolation
         1	9.870000e-02	4.006000e+59	  -13.25     113157.00
         2	9.870000e-01	6.430000e+56	  -12.03     114056.90
         3	9.870000e+00	1.184000e+48	   -9.25     111217.20
         4	9.870000e+01	7.056000e+36	   -5.89     105725.80


    389. CH3CO2H  = H2O + CH2CO 
         k:       9.440000e+12	    0.25      73083.23
         Pressure Logarithmic Interpolation
         1	9.870000e-02	3.618000e+43	   -8.85      88381.12
         2	9.870000e-01	4.301000e+32	   -5.53      83623.98
         3	9.870000e+00	2.220000e+21	   -2.19      77783.20
         4	9.870000e+01	9.440000e+12	    0.25      73083.23


    390. OH + CH3CO2H  => H2O + CH2COOH 
         k:       1.897000e+01	    3.51       -196.29


    391. H + CH3CO2H  => H2 + CH2COOH 
         k:       1.992000e+03	    3.04       5794.45


    392. CH3 + CH3CO2H  => CH4 + CH2COOH 
         k:       8.693000e+01	    3.16       8175.07


    393. HO2 + CH3CO2H  => H2O2 + CH2COOH 
         k:       2.282000e-01	    3.83      17550.00


    394. O2 + CH3CO2H  => HO2 + CH2COOH 
         k:       6.707000e+05	    2.26      50638.87


    395. OH + CH3CO2H  => H2O + CO2 + CH3 
         k:       5.370000e+00	    3.44       -761.33


    396. H + CH3CO2H  => H2 + CO2 + CH3 
         k:       2.138000e+09	    1.30      16754.75


    397. CH3 + CH3CO2H  => CO2 + CH4 + CH3 
         k:       2.943000e+04	    2.33      13465.19


    398. HO2 + CH3CO2H  => H2O2 + CO2 + CH3 
         k:       8.898000e+03	    2.33      23111.92


    399. O2 + CH3CO2H  => HO2 + CO2 + CH3 
         k:       1.700000e+06	    2.00      50025.57


    400. CH3CO2H  => H + CH2COOH 
         k:       1.320000e+41	   -7.57     114640.30
         Pressure Logarithmic Interpolation
         1	9.870000e-02	2.630000e+57	  -13.36     116418.90
         2	9.870000e-01	6.310000e+58	  -13.25     120010.60
         3	9.870000e+00	8.510000e+52	  -11.19     119545.00
         4	9.870000e+01	1.320000e+41	   -7.57     114640.30


    401. H + CH2COOH  => CH3CO2H 
         k:       7.949000e+33	   -6.07      10519.41
         Pressure Logarithmic Interpolation
         1	9.870000e-02	5.125000e+51	  -12.27      13728.70
         2	9.870000e-01	4.167000e+51	  -11.75      16115.80
         3	9.870000e+00	1.150000e+45	   -9.51      15069.45
         4	9.870000e+01	7.949000e+33	   -6.07      10519.41


    402. CH2COOH  = OH + CH2CO 
         k:       1.740000e+29	   -4.37      60089.60
         Pressure Logarithmic Interpolation
         1	9.870000e-02	9.770000e+46	  -10.39      63881.70
         2	9.870000e-01	1.050000e+46	   -9.70      65682.45
         3	9.870000e+00	4.370000e+39	   -7.56      64434.70
         4	9.870000e+01	1.740000e+29	   -4.37      60089.60


    403. CH2COOH  = CO2 + CH3 
         k:       5.620000e+20	   -2.36      46013.60
         Pressure Logarithmic Interpolation
         1	9.870000e-02	6.760000e+42	   -9.23      54416.66
         2	9.870000e-01	1.380000e+37	   -7.36      53063.72
         3	9.870000e+00	5.620000e+28	   -4.77      49689.70
         4	9.870000e+01	5.620000e+20	   -2.36      46013.60


    404. H + CH2COOH  = H2O + CH2CO 
         k:       1.620000e+18	   -1.44      11056.50
         Pressure Logarithmic Interpolation
         1	9.870000e-02	2.451000e+21	   -2.62       3165.93
         2	9.870000e-01	2.511000e+25	   -3.69       7510.72
         3	9.870000e+00	5.245000e+26	   -3.94      12089.40
         4	9.870000e+01	1.620000e+18	   -1.44      11056.50


    405. H + CH2COOH  = CO2 + CH4 
         k:       5.245000e+18	   -1.69      10183.10
         Pressure Logarithmic Interpolation
         1	9.870000e-02	7.046000e+22	   -3.12       3588.08
         2	9.870000e-01	3.981000e+26	   -4.11       7754.05
         3	9.870000e+00	6.624000e+26	   -4.07      11345.50
         4	9.870000e+01	5.245000e+18	   -1.69      10183.10


    406. H + CH2COOH  = HOCO + CH3 
         k:       2.240000e+22	   -2.26      16097.74
         Pressure Logarithmic Interpolation
         1	9.870000e-02	8.491000e+18	   -1.54       5894.95
         2	9.870000e-01	3.017000e+22	   -2.50       9396.20
         3	9.870000e+00	9.093000e+25	   -3.39      14494.40
         4	9.870000e+01	2.240000e+22	   -2.26      16097.74


    407. H + CH3CO2H  => H2 + 0.75OH + 0.25CO2 + 0.25CH3 + 0.75CH2CO 
         k:       1.200000e+07	    2.00       6349.34


    408. CH3 + CH3CO2H  => 0.75OH + 0.25CO2 + CH4 + 0.25CH3 + 0.75CH2CO 
         k:       1.200000e+05	    2.00       7443.70


    409. C2H3 + CH3CO2H  => 0.75OH + 0.25CO2 + 0.25CH3 + C2H4 + 0.75CH2CO 
         k:       2.712000e+05	    2.00       6239.48


    410. C2H5 + CH3CO2H  => 0.75OH + 0.25CO2 + 0.25CH3 + C2H6 + 0.75CH2CO 
         k:       8.000000e+04	    2.00       9289.16


    411. O + CH3CO2H  => 1.75OH + 0.25CO2 + 0.25CH3 + 0.75CH2CO 
         k:       9.400000e+06	    2.00       4691.70


    412. O2 + CH3CO2H  => 0.75OH + HO2 + 0.25CO2 + 0.25CH3 + 0.75CH2CO 
         k:       6.800000e+06	    2.00      48272.65


    413. OH + CH3CO2H  => H2O + 0.75OH + 0.25CO2 + 0.25CH3 + 0.75CH2CO 
         k:       6.000000e+09	    1.00       1540.75


    414. HO2 + CH3CO2H  => 0.75OH + H2O2 + 0.25CO2 + 0.25CH3 + 0.75CH2CO 
         k:       3.200000e+06	    2.00      19190.53


    415. CH3O + CH3CO2H  => 0.75OH + 0.25CO2 + 0.25CH3 + CH3OH + 0.75CH2CO 
         k:       1.712000e+05	    2.00       3572.50


    416. CH2OH + CH3CO2H  => 0.75OH + 0.25CO2 + 0.25CH3 + CH3OH + 0.75CH2CO 
         k:       1.132000e+05	    2.00      13045.84


    417. HCO + CH3CO2H  => 0.75OH + 0.25CO2 + 0.25CH3 + CH2O + 0.75CH2CO 
         k:       5.040000e+05	    2.00      15279.95


    418. C3H3 + CH3CO2H  => 0.75OH + 0.25CO2 + 0.25CH3 + 0.75CH2CO + C3H4-A 
         k:       1.080000e+05	    2.00      17080.28


    419. HCCO + CH3CO2H  => 0.75OH + 0.25CO2 + 0.25CH3 + 1.75CH2CO 
         k:       1.712000e+05	    2.00       7661.72


    420. CH3O2 + CH3CO2H  => 0.75OH + 0.25CO2 + 0.25CH3 + CH3O2H + 0.75CH2CO 
         k:       3.040000e+05	    2.00      15598.15


