------------------------------
  Elements     Atomic Weight  
------------------------------
  1.	C         12.01099968
  2.	H          1.00800002
  3.	O         15.99899960
  4.	N         14.00699997
  5.	AR        39.94800186
------------------------------


----------------------------------------------------------------------------------------------------------------------
                                                Molecular        Temperature        Elements
  Species                  Phase  Charge         weight         Low      High       C       H       O       N      AR
----------------------------------------------------------------------------------------------------------------------
    1. AR                    G      0           39.948002    200.00   6000.00       0       0       0       0       1
    2. N2                    G      0           28.014000    200.00   6000.00       0       0       0       2       0
    3. H2                    G      0            2.016000    200.00   6000.00       0       2       0       0       0
    4. H                     G      0            1.008000    200.00   6000.00       0       1       0       0       0
    5. O2                    G      0           31.997999    200.00   6000.00       0       0       2       0       0
    6. O                     G      0           15.999000    200.00   6000.00       0       0       1       0       0
    7. H2O                   G      0           18.015000    200.00   6000.00       0       2       1       0       0
    8. OH                    G      0           17.007000    200.00   6000.00       0       1       1       0       0
    9. H2O2                  G      0           34.013999    200.00   6000.00       0       2       2       0       0
   10. HO2                   G      0           33.005999    200.00   6000.00       0       1       2       0       0
   11. CO                    G      0           28.009999    200.00   6000.00       1       0       1       0       0
   12. CO2                   G      0           44.008999    200.00   6000.00       1       0       2       0       0
   13. HOCO                  G      0           45.016999    200.00   6000.00       1       1       2       0       0
   14. CH4                   G      0           16.043000    300.00   4000.00       1       4       0       0       0
   15. CH3                   G      0           15.035000    300.00   4000.00       1       3       0       0       0
   16. CH2                   G      0           14.027000    300.00   4000.00       1       2       0       0       0
   17. CH2(S)                G      0           14.027000    300.00   4000.00       1       2       0       0       0
   18. CH3O2H                G      0           48.040999    300.00   4000.00       1       4       2       0       0
   19. CH3O2                 G      0           47.032999    300.00   4000.00       1       3       2       0       0
   20. CH3OH                 G      0           32.041999    300.00   4000.00       1       4       1       0       0
   21. CH3O                  G      0           31.033999    300.00   4000.00       1       3       1       0       0
   22. CH2OH                 G      0           31.033999    300.00   4000.00       1       3       1       0       0
   23. CH2O                  G      0           30.025999    300.00   4000.00       1       2       1       0       0
   24. HCO                   G      0           29.017999    200.00   6000.00       1       1       1       0       0
   25. C2H6                  G      0           30.069999    300.00   4000.00       2       6       0       0       0
   26. C2H5                  G      0           29.061999    300.00   4000.00       2       5       0       0       0
   27. C2H4                  G      0           28.053999    300.00   4000.00       2       4       0       0       0
   28. C2H3                  G      0           27.045999    300.00   4000.00       2       3       0       0       0
   29. C2H2                  G      0           26.037999    300.00   4000.00       2       2       0       0       0
   30. CH3CO                 G      0           43.044999    300.00   4000.00       2       3       1       0       0
   31. CH2CHO                G      0           43.044999    300.00   4000.00       2       3       1       0       0
   32. CH2CO                 G      0           42.036999    300.00   4000.00       2       2       1       0       0
   33. HCCO                  G      0           41.028999    300.00   4000.00       2       1       1       0       0
   34. C3H4-P                G      0           40.064999    300.00   4000.00       3       4       0       0       0
   35. C3H4-A                G      0           40.064999    300.00   4000.00       3       4       0       0       0
   36. C3H3                  G      0           39.056999    300.00   4000.00       3       3       0       0       0
   37. C3H2                  G      0           38.048999    300.00   4000.00       3       2       0       0       0
   38. CH3COCH2              G      0           57.071999    300.00   4000.00       3       5       1       0       0
   39. CH3CO2H               G      0           60.051999    300.00   4000.00       2       4       2       0       0
   40. CH2COOH               G      0           59.043999    300.00   5000.00       2       3       2       0       0
   41. CH3CO2H(L)            L      0           60.051999    300.00   4000.00       2       4       2       0       0
----------------------------------------------------------------------------------------------------------------------

----------------------------------------------------------------------------------------------------------------------
                                                Molecular        Temperature        Elements
  Species                  Phase  Charge         weight         Low      High       C       H       O       N      AR
----------------------------------------------------------------------------------------------------------------------
    2. N2                    G      0           28.014000    200.00   6000.00       0       0       0       2       0
    1. AR                    G      0           39.948002    200.00   6000.00       0       0       0       0       1
    5. O2                    G      0           31.997999    200.00   6000.00       0       0       2       0       0
    3. H2                    G      0            2.016000    200.00   6000.00       0       2       0       0       0
    6. O                     G      0           15.999000    200.00   6000.00       0       0       1       0       0
    9. H2O2                  G      0           34.013999    200.00   6000.00       0       2       2       0       0
    4. H                     G      0            1.008000    200.00   6000.00       0       1       0       0       0
   10. HO2                   G      0           33.005999    200.00   6000.00       0       1       2       0       0
    7. H2O                   G      0           18.015000    200.00   6000.00       0       2       1       0       0
    8. OH                    G      0           17.007000    200.00   6000.00       0       1       1       0       0
   18. CH3O2H                G      0           48.040999    300.00   4000.00       1       4       2       0       0
   24. HCO                   G      0           29.017999    200.00   6000.00       1       1       1       0       0
   23. CH2O                  G      0           30.025999    300.00   4000.00       1       2       1       0       0
   16. CH2                   G      0           14.027000    300.00   4000.00       1       2       0       0       0
   17. CH2(S)                G      0           14.027000    300.00   4000.00       1       2       0       0       0
   20. CH3OH                 G      0           32.041999    300.00   4000.00       1       4       1       0       0
   14. CH4                   G      0           16.043000    300.00   4000.00       1       4       0       0       0
   13. HOCO                  G      0           45.016999    200.00   6000.00       1       1       2       0       0
   19. CH3O2                 G      0           47.032999    300.00   4000.00       1       3       2       0       0
   11. CO                    G      0           28.009999    200.00   6000.00       1       0       1       0       0
   12. CO2                   G      0           44.008999    200.00   6000.00       1       0       2       0       0
   15. CH3                   G      0           15.035000    300.00   4000.00       1       3       0       0       0
   21. CH3O                  G      0           31.033999    300.00   4000.00       1       3       1       0       0
   22. CH2OH                 G      0           31.033999    300.00   4000.00       1       3       1       0       0
   30. CH3CO                 G      0           43.044999    300.00   4000.00       2       3       1       0       0
   31. CH2CHO                G      0           43.044999    300.00   4000.00       2       3       1       0       0
   28. C2H3                  G      0           27.045999    300.00   4000.00       2       3       0       0       0
   40. CH2COOH               G      0           59.043999    300.00   5000.00       2       3       2       0       0
   29. C2H2                  G      0           26.037999    300.00   4000.00       2       2       0       0       0
   32. CH2CO                 G      0           42.036999    300.00   4000.00       2       2       1       0       0
   27. C2H4                  G      0           28.053999    300.00   4000.00       2       4       0       0       0
   33. HCCO                  G      0           41.028999    300.00   4000.00       2       1       1       0       0
   39. CH3CO2H               G      0           60.051999    300.00   4000.00       2       4       2       0       0
   41. CH3CO2H(L)            L      0           60.051999    300.00   4000.00       2       4       2       0       0
   26. C2H5                  G      0           29.061999    300.00   4000.00       2       5       0       0       0
   25. C2H6                  G      0           30.069999    300.00   4000.00       2       6       0       0       0
   37. C3H2                  G      0           38.048999    300.00   4000.00       3       2       0       0       0
   36. C3H3                  G      0           39.056999    300.00   4000.00       3       3       0       0       0
   34. C3H4-P                G      0           40.064999    300.00   4000.00       3       4       0       0       0
   35. C3H4-A                G      0           40.064999    300.00   4000.00       3       4       0       0       0
   38. CH3COCH2              G      0           57.071999    300.00   4000.00       3       5       1       0       0
----------------------------------------------------------------------------------------------------------------------

---------------------------------------------------------------------------------------
                                LIQUID MECHANISM                                       
---------------------------------------------------------------------------------------

       Number of materials:       1
       Number of liquid species:   1

       Materials: 
       LIQUIDMIX

       ------------------------------------------------------------------------------------------------------------------
       LIQUIDMIX               global-index    liquid-index    local-index     
       ------------------------------------------------------------------------------------------------------------------
       CH3CO2H(L)              41              1               1               

--------------------------------------------------------------------------------------------------------
                                  CHEMICAL REACTIONS                                                  

                         Units: [kmol, m3, s] and [cal/mol]                                           
--------------------------------------------------------------------------------------------------------


