-----------------------------------------------------------------------------------------------------------------------------------------------------
Name                              MW       Cp@298K        H@298K        G@298K        S@298K      Cp@1000K       H@1000K       G@1000K       S@1000K 
                           [kg/kmol]   [cal/mol/K]    [kcal/mol]    [kcal/mol]   [cal/mol/K]   [cal/mol/K]    [kcal/mol]    [kcal/mol]   [cal/mol/K] 
-----------------------------------------------------------------------------------------------------------------------------------------------------
AR                           39.9480        4.9675       -0.0007      -11.0276       37.0027        4.9675        3.4864      -39.5303       43.0167
N2                           28.0140        6.9601       -0.0010      -13.6455       45.7869        7.8072        5.1295      -49.3995       54.5290
H2                            2.0160        6.8910       -0.0010       -9.3065       31.2266        7.1996        4.9435      -34.7834       39.7269
H                             1.0080        4.9675       52.0966       43.9276       27.4127        4.9675       55.5838       22.1571       33.4267
O2                           31.9980        7.0204       -0.0011      -14.6100       49.0232        8.3367        5.4260      -52.7859       58.2119
O                            15.9990        5.2365       59.5602       48.0909       38.4876        5.0027       63.1119       18.4733       44.6387
H2O                          18.0150        8.0267      -57.7947      -71.2414       45.1232        9.8652      -51.5799     -107.1994       55.6196
OH                           17.0070        7.1421        8.9583       -4.1261       43.9075        7.3371       13.9585      -38.5527       52.5111
H2O2                         34.0140       10.1369      -32.3732      -49.0741       56.0436       15.0622      -23.2871      -94.3972       71.1101
HO2                          33.0060        8.3531        2.9279      -13.3905       54.7597       11.5233       10.0382      -56.5912       66.6295
CO                           28.0100        6.9641      -26.4139      -40.4895       47.2335        7.9221      -21.2295      -77.2819       56.0524
CO2                          44.0090        8.8729      -94.0343     -109.2578       51.0856       12.9840      -86.0501     -150.4070       64.3569
HOCO                         45.0170       10.4198      -43.3334      -61.2595       60.1547       16.3884      -33.4797     -109.8985       76.4187
CH4                          16.0430        8.5282      -17.8292      -31.1005       44.5346       17.6207       -8.5856      -67.9261       59.3405
CH3                          15.0350        9.1798       35.0571       21.2420       46.3595       14.0874       43.3191      -16.6935       60.0126
CH2                          14.0270        8.3671       93.4881       79.6436       46.4580       10.5877      100.1640       42.4538       57.7102
CH2(S)                       14.0270        8.0728      102.4738       88.9995       45.2158       10.5738      108.9709       52.8578       56.1131
CH3O2H                       48.0410       15.9482      -30.2890      -49.9354       65.9276       27.5029      -14.1213     -106.5493       92.4280
CH3O2                        47.0330       11.9505        2.9129      -16.3039       64.4861       22.9127       15.7118      -69.4871       85.1989
CH3OH                        32.0420       10.2539      -48.0365      -65.1735       57.5067       21.3790      -36.5385     -112.4825       75.9440
CH3O                         31.0340       10.1639        5.0410      -11.6419       55.9829       19.6989       16.0428      -57.7369       73.7797
CH2OH                        31.0340       11.3258       -4.1122      -21.4993       58.3460       18.4392        6.7507      -69.4571       76.2078
CH2O                         30.0260        8.4558      -26.0893      -41.6675       52.2759       14.8153      -17.7750      -83.5860       65.8110
HCO                          29.0180        8.2681        9.9889       -5.9837       53.5993       11.6621       17.0401      -48.2949       65.3351
C2H6                         30.0700       12.5424      -20.0407      -36.3630       54.7729       29.3195       -4.6460      -83.8933       79.2473
C2H5                         29.0620       12.1077       28.6041       11.3016       58.0621       25.7910       42.5145      -37.8493       80.3638
C2H4                         28.0540       10.2459       12.5449       -3.0728       52.4085       22.4874       24.6481      -47.1216       71.7697
C2H3                         27.0460       10.0515       70.8751       54.2361       55.8357       18.7810       81.4659        8.4339       73.0320
C2H2                         26.0380       10.5126       54.5336       40.2267       48.0097       16.2290       64.3451        0.0815       64.2636
CH3CO                        43.0450       12.1336       -2.4633      -21.5081       63.9088       23.1932       10.4846      -74.3892       84.8738
CH2CHO                       43.0450       12.9810        3.0457      -15.7679       63.1328       23.8308       16.7619      -68.7029       85.4648
CH2CO                        42.0370       12.3618      -11.6113      -29.5161       60.0833       20.2498        0.3618      -79.4197       79.7815
HCCO                         41.0290       11.9407       42.6083       25.0619       58.8806       16.9329       53.1460      -23.3166       76.4627
C3H4-P                       40.0650       14.5092       44.3120       26.6314       59.3309       27.7085       59.8623      -24.6784       84.5407
C3H4-A                       40.0650       14.0665       45.6239       28.2898       58.1681       27.9877       61.2624      -22.1803       83.4427
C3H3                         39.0570       15.5037       84.0005       65.7247       61.3284       24.8105       98.8182       13.0416       85.7766
C3H2                         38.0490       13.0734      125.7762      107.6501       60.8255       20.9825      138.3574       56.7879       81.5695
CH3COCH2                     57.0720       17.4027       -7.9702      -29.8678       73.4819       34.9105       11.3827      -93.3223      104.7049
CH3CO2H                      60.0520       15.1550     -103.3011     -123.4866       67.7367       33.3125      -85.1793     -181.9271       96.7478
CH2COOH                      59.0440       15.6270      -59.3692      -79.2093       66.5774       29.3571      -42.4828     -136.5157       94.0330
CH3CO2H(L)                   60.0520       15.1550     -103.3011     -123.4866       67.7367       33.3125      -85.1793     -181.9271       96.7478
-----------------------------------------------------------------------------------------------------------------------------------------------------

 ====================================================================================================
   THERMO TABLE FOR MOLECULE AR
 ====================================================================================================
   Elemental Composition:
     AR 1.0000
   Formation Enthalpy at 298K =          -0.0007 kcal/mol
   Formation Free Gibbs Energy at 298K = -11.0276 kcal/mol
   Molecular Weight =                    39.9480 kg/kmol
 -----------------------------------------------------------------------------------------------------
   Temperature       Cp             H             G            S             DH            DG         
       [K]       [cal/mol/K]    [kcal/mol]    [kcal/mol]  [cal/(mol-K)]  [kcal/mol]     [kcal/mol]    
 -----------------------------------------------------------------------------------------------------
     300.0000      4.9675        0.0092        -11.1016      37.0360       0.0099        -0.0740       
     600.0000      4.9675        1.4994        -22.7881      40.4792       1.5002        -11.7605      
     800.0000      4.9675        2.4929        -31.0336      41.9082       2.4937        -20.0061      
     1000.0000     4.9675        3.4864        -39.5303      43.0167       3.4872        -28.5027      
     1200.0000     4.9675        4.4799        -48.2269      43.9224       4.4807        -37.1993      
     1400.0000     4.9675        5.4734        -57.0899      44.6881       5.4742        -46.0624      
     1600.0000     4.9675        6.4669        -66.0954      45.3514       6.4677        -55.0678      
     1800.0000     4.9675        7.4604        -75.2253      45.9365       7.4612        -64.1977      
     2000.0000     4.9675        8.4539        -84.4658      46.4599       8.4547        -73.4383      
     2200.0000     4.9675        9.4474        -93.8059      46.9333       9.4482        -82.7784      
     2400.0000     4.9675        10.4409       -103.2364     47.3656       10.4417       -92.2089      
     2600.0000     4.9675        11.4344       -112.7498     47.7632       11.4352       -101.7223     
 -----------------------------------------------------------------------------------------------------


 ====================================================================================================
   THERMO TABLE FOR MOLECULE N2
 ====================================================================================================
   Elemental Composition:
     N 2.0000
   Formation Enthalpy at 298K =          -0.0010 kcal/mol
   Formation Free Gibbs Energy at 298K = -13.6455 kcal/mol
   Molecular Weight =                    28.0140 kg/kmol
 -----------------------------------------------------------------------------------------------------
   Temperature       Cp             H             G            S             DH            DG         
       [K]       [cal/mol/K]    [kcal/mol]    [kcal/mol]  [cal/(mol-K)]  [kcal/mol]     [kcal/mol]    
 -----------------------------------------------------------------------------------------------------
     300.0000      6.9604        0.0129        -13.7372      45.8335       0.0139        -0.0916       
     600.0000      7.1917        2.1263        -28.2983      50.7077       2.1274        -14.6528      
     800.0000      7.5111        3.5955        -38.6595      52.8187       3.5965        -25.0140      
     1000.0000     7.8072        5.1295        -49.3995      54.5290       5.1305        -35.7540      
     1200.0000     8.0375        6.7147        -60.4535      55.9734       6.7157        -46.8079      
     1400.0000     8.2274        8.3418        -71.7762      57.2272       8.3428        -58.1307      
     1600.0000     8.3824        10.0033       -83.3347      58.3363       10.0043       -69.6892      
     1800.0000     8.5073        11.6927       -95.1031      59.3310       11.6938       -81.4576      
     2000.0000     8.6068        13.4045       -107.0609     60.2327       13.4056       -93.4154      
     2200.0000     8.6851        15.1340       -119.1911     61.0569       15.1351       -105.5455     
     2400.0000     8.7461        16.8774       -131.4793     61.8153       16.8784       -117.8338     
     2600.0000     8.7934        18.6315       -143.9134     62.5173       18.6326       -130.2679     
 -----------------------------------------------------------------------------------------------------


 ====================================================================================================
   THERMO TABLE FOR MOLECULE H2
 ====================================================================================================
   Elemental Composition:
     H 2.0000
   Formation Enthalpy at 298K =          -0.0010 kcal/mol
   Formation Free Gibbs Energy at 298K = -9.3065 kcal/mol
   Molecular Weight =                    2.0160 kg/kmol
 -----------------------------------------------------------------------------------------------------
   Temperature       Cp             H             G            S             DH            DG         
       [K]       [cal/mol/K]    [kcal/mol]    [kcal/mol]  [cal/(mol-K)]  [kcal/mol]     [kcal/mol]    
 -----------------------------------------------------------------------------------------------------
     300.0000      6.8947        0.0128        -9.3690       31.2727       0.0138        -0.0625       
     600.0000      6.9938        2.1084        -19.5586      36.1117       2.1094        -10.2520      
     800.0000      7.0787        3.5130        -26.9922      38.1314       3.5140        -17.6856      
     1000.0000     7.1996        4.9435        -34.7834      39.7269       4.9445        -25.4769      
     1200.0000     7.4256        6.4063        -42.8655      41.0598       6.4073        -33.5589      
     1400.0000     7.6348        7.9126        -51.1960      42.2204       7.9136        -41.8894      
     1600.0000     7.8286        9.4592        -59.7451      43.2527       9.4602        -50.4386      
     1800.0000     8.0084        11.0431       -68.4904      44.1853       11.0442       -59.1839      
     2000.0000     8.1753        12.6617       -77.4139      45.0378       12.6627       -68.1074      
     2200.0000     8.3305        14.3125       -86.5011      45.8244       14.3135       -77.1946      
     2400.0000     8.4750        15.9932       -95.7400      46.5555       15.9942       -86.4334      
     2600.0000     8.6099        17.7018       -105.1202     47.2392       17.7028       -95.8136      
 -----------------------------------------------------------------------------------------------------


 ====================================================================================================
   THERMO TABLE FOR MOLECULE H
 ====================================================================================================
   Elemental Composition:
     H 1.0000
   Formation Enthalpy at 298K =          52.0966 kcal/mol
   Formation Free Gibbs Energy at 298K = 43.9276 kcal/mol
   Molecular Weight =                    1.0080 kg/kmol
 -----------------------------------------------------------------------------------------------------
   Temperature       Cp             H             G            S             DH            DG         
       [K]       [cal/mol/K]    [kcal/mol]    [kcal/mol]  [cal/(mol-K)]  [kcal/mol]     [kcal/mol]    
 -----------------------------------------------------------------------------------------------------
     300.0000      4.9675        52.1065       43.8728       27.4459       0.0099        -0.0549       
     600.0000      4.9676        53.5968       35.0633       30.8891       1.5002        -8.8643       
     800.0000      4.9675        54.5903       28.7357       32.3182       2.4937        -15.1919      
     1000.0000     4.9675        55.5838       22.1571       33.4267       3.4872        -21.7705      
     1200.0000     4.9675        56.5773       15.3785       34.3324       4.4807        -28.5491      
     1400.0000     4.9675        57.5708       8.4335        35.0981       5.4742        -35.4942      
     1600.0000     4.9675        58.5643       1.3460        35.7614       6.4677        -42.5816      
     1800.0000     4.9675        59.5578       -5.8659       36.3465       7.4612        -49.7935      
     2000.0000     4.9675        60.5513       -13.1885      36.8699       8.4547        -57.1161      
     2200.0000     4.9675        61.5448       -20.6105      37.3433       9.4482        -64.5382      
     2400.0000     4.9675        62.5383       -28.1230      37.7756       10.4417       -72.0507      
     2600.0000     4.9675        63.5318       -35.7185      38.1732       11.4352       -79.6461      
 -----------------------------------------------------------------------------------------------------


 ====================================================================================================
   THERMO TABLE FOR MOLECULE O2
 ====================================================================================================
   Elemental Composition:
     O 2.0000
   Formation Enthalpy at 298K =          -0.0011 kcal/mol
   Formation Free Gibbs Energy at 298K = -14.6100 kcal/mol
   Molecular Weight =                    31.9980 kg/kmol
 -----------------------------------------------------------------------------------------------------
   Temperature       Cp             H             G            S             DH            DG         
       [K]       [cal/mol/K]    [kcal/mol]    [kcal/mol]  [cal/(mol-K)]  [kcal/mol]     [kcal/mol]    
 -----------------------------------------------------------------------------------------------------
     300.0000      7.0229        0.0130        -14.7080      49.0701       0.0140        -0.0981       
     600.0000      7.6666        2.2092        -30.2618      54.1184       2.2103        -15.6519      
     800.0000      8.0642        3.7847        -41.3207      56.3818       3.7858        -26.7108      
     1000.0000     8.3367        5.4260        -52.7859      58.2119       5.4271        -38.1760      
     1200.0000     8.5010        7.1100        -64.5859      59.7466       7.1111        -49.9760      
     1400.0000     8.6529        8.8256        -76.6705      61.0686       8.8266        -62.0605      
     1600.0000     8.7935        10.5704       -89.0029      62.2333       10.5715       -74.3930      
     1800.0000     8.9244        12.3424       -101.5557     63.2767       12.3434       -86.9458      
     2000.0000     9.0464        14.1396       -114.3072     64.2234       14.1406       -99.6972      
     2200.0000     9.1609        15.9604       -127.2398     65.0910       15.9615       -112.6299     
     2400.0000     9.2686        17.8035       -140.3392     65.8928       17.8045       -125.7293     
     2600.0000     9.3704        19.6675       -153.5932     66.6387       19.6685       -138.9833     
 -----------------------------------------------------------------------------------------------------


 ====================================================================================================
   THERMO TABLE FOR MOLECULE O
 ====================================================================================================
   Elemental Composition:
     O 1.0000
   Formation Enthalpy at 298K =          59.5602 kcal/mol
   Formation Free Gibbs Energy at 298K = 48.0909 kcal/mol
   Molecular Weight =                    15.9990 kg/kmol
 -----------------------------------------------------------------------------------------------------
   Temperature       Cp             H             G            S             DH            DG         
       [K]       [cal/mol/K]    [kcal/mol]    [kcal/mol]  [cal/(mol-K)]  [kcal/mol]     [kcal/mol]    
 -----------------------------------------------------------------------------------------------------
     300.0000      5.2337        59.5707       48.0139       38.5226       0.0105        -0.0770       
     600.0000      5.0512        61.1046       35.8602       42.0740       1.5445        -12.2306      
     800.0000      5.0151        62.1112       27.2935       43.5221       2.5510        -20.7973      
     1000.0000     5.0027        63.1119       18.4733       44.6387       3.5517        -29.6176      
     1200.0000     4.9932        64.1115       9.4516        45.5499       4.5513        -38.6393      
     1400.0000     4.9854        65.1093       0.2627        46.3190       5.5491        -47.8281      
     1600.0000     4.9798        66.1058       -9.0691       46.9843       6.5456        -57.1600      
     1800.0000     4.9762        67.1013       -18.5257      47.5706       7.5412        -66.6166      
     2000.0000     4.9750        68.0964       -28.0932      48.0948       8.5362        -76.1841      
     2200.0000     4.9761        69.0915       -37.7603      48.5690       9.5313        -85.8512      
     2400.0000     4.9797        70.0870       -47.5181      49.0021       10.5269       -95.6089      
     2600.0000     4.9857        71.0835       -57.3589      49.4009       11.5234       -105.4498     
 -----------------------------------------------------------------------------------------------------


 ====================================================================================================
   THERMO TABLE FOR MOLECULE H2O
 ====================================================================================================
   Elemental Composition:
     H 2.0000
     O 1.0000
   Formation Enthalpy at 298K =          -57.7947 kcal/mol
   Formation Free Gibbs Energy at 298K = -71.2414 kcal/mol
   Molecular Weight =                    18.0150 kg/kmol
 -----------------------------------------------------------------------------------------------------
   Temperature       Cp             H             G            S             DH            DG         
       [K]       [cal/mol/K]    [kcal/mol]    [kcal/mol]  [cal/(mol-K)]  [kcal/mol]     [kcal/mol]    
 -----------------------------------------------------------------------------------------------------
     300.0000      8.0290        -57.7786      -71.3317      45.1769       0.0161        -0.0903       
     600.0000      8.6799        -55.2840      -85.8328      50.9147       2.5106        -14.5915      
     800.0000      9.2556        -53.4911      -96.2829      53.4897       4.3036        -25.0415      
     1000.0000     9.8652        -51.5799      -107.1994     55.6196       6.2148        -35.9581      
     1200.0000     10.4722       -49.5448      -118.5125     57.4730       8.2498        -47.2711      
     1400.0000     11.0070       -47.3958      -130.1755     59.1284       10.3989       -58.9341      
     1600.0000     11.4773       -45.1464      -142.1536     60.6295       12.6483       -70.9122      
     1800.0000     11.8906       -42.8087      -154.4190     62.0057       14.9860       -83.1776      
     2000.0000     12.2532       -40.3935      -166.9489     63.2777       17.4012       -95.7076      
     2200.0000     12.5712       -37.9103      -179.7242     64.4608       19.8843       -108.4828     
     2400.0000     12.8499       -35.3676      -192.7281     65.5669       22.4270       -121.4868     
     2600.0000     13.0938       -32.7727      -205.9464     66.6053       25.0220       -134.7050     
 -----------------------------------------------------------------------------------------------------


 ====================================================================================================
   THERMO TABLE FOR MOLECULE OH
 ====================================================================================================
   Elemental Composition:
     H 1.0000
     O 1.0000
   Formation Enthalpy at 298K =          8.9583 kcal/mol
   Formation Free Gibbs Energy at 298K = -4.1261 kcal/mol
   Molecular Weight =                    17.0070 kg/kmol
 -----------------------------------------------------------------------------------------------------
   Temperature       Cp             H             G            S             DH            DG         
       [K]       [cal/mol/K]    [kcal/mol]    [kcal/mol]  [cal/(mol-K)]  [kcal/mol]     [kcal/mol]    
 -----------------------------------------------------------------------------------------------------
     300.0000      7.1400        8.9726        -4.2140       43.9552       0.0143        -0.0879       
     600.0000      7.0572        11.0928       -18.2216      48.8573       2.1345        -14.0955      
     800.0000      7.1485        12.5120       -28.2064      50.8981       3.5537        -24.0803      
     1000.0000     7.3371        13.9585       -38.5527      52.5111       5.0001        -34.4266      
     1200.0000     7.5746        15.4501       -49.1942      53.8702       6.4918        -45.0681      
     1400.0000     7.7863        16.9866       -60.0891      55.0541       8.0283        -55.9630      
     1600.0000     7.9751        18.5631       -71.2071      56.1064       9.6048        -67.0810      
     1800.0000     8.1435        20.1753       -82.5248      57.0556       11.2169       -78.3987      
     2000.0000     8.2939        21.8193       -94.0238      57.9215       12.8610       -89.8977      
     2200.0000     8.4285        23.4918       -105.6889     58.7185       14.5334       -101.5628     
     2400.0000     8.5493        25.1898       -117.5073     59.4571       16.2314       -113.3812     
     2600.0000     8.6583        26.9107       -129.4684     60.1458       17.9524       -125.3423     
 -----------------------------------------------------------------------------------------------------


 ====================================================================================================
   THERMO TABLE FOR MOLECULE H2O2
 ====================================================================================================
   Elemental Composition:
     H 2.0000
     O 2.0000
   Formation Enthalpy at 298K =          -32.3732 kcal/mol
   Formation Free Gibbs Energy at 298K = -49.0741 kcal/mol
   Molecular Weight =                    34.0140 kg/kmol
 -----------------------------------------------------------------------------------------------------
   Temperature       Cp             H             G            S             DH            DG         
       [K]       [cal/mol/K]    [kcal/mol]    [kcal/mol]  [cal/(mol-K)]  [kcal/mol]     [kcal/mol]    
 -----------------------------------------------------------------------------------------------------
     300.0000      10.1554       -32.3529      -49.1863      56.1114       0.0203        -0.1122       
     600.0000      12.8153       -28.8926      -67.2920      63.9990       3.4806        -18.2178      
     800.0000      14.0564       -26.1975      -80.4911      67.8670       6.1756        -31.4170      
     1000.0000     15.0622       -23.2871      -94.3972      71.1101       9.0860        -45.3231      
     1200.0000     15.8369       -20.1953      -108.9071     73.9265       12.1779       -59.8329      
     1400.0000     16.5026       -16.9596      -123.9463     76.4191       15.4135       -74.8722      
     1600.0000     17.0726       -13.6006      -139.4581     78.6609       18.7726       -90.3839      
     1800.0000     17.5595       -10.1361      -155.3973     80.7006       22.2370       -106.3231     
     2000.0000     17.9750       -6.5816       -171.7272     82.5728       25.7916       -122.6530     
     2200.0000     18.3298       -2.9502       -188.4169     84.3031       29.4230       -139.3428     
     2400.0000     18.6339       0.7470        -205.4403     85.9114       33.1201       -156.3661     
     2600.0000     18.8963       4.5006        -222.7744     87.4135       36.8738       -173.7003     
 -----------------------------------------------------------------------------------------------------


 ====================================================================================================
   THERMO TABLE FOR MOLECULE HO2
 ====================================================================================================
   Elemental Composition:
     H 1.0000
     O 2.0000
   Formation Enthalpy at 298K =          2.9279 kcal/mol
   Formation Free Gibbs Energy at 298K = -13.3905 kcal/mol
   Molecular Weight =                    33.0060 kg/kmol
 -----------------------------------------------------------------------------------------------------
   Temperature       Cp             H             G            S             DH            DG         
       [K]       [cal/mol/K]    [kcal/mol]    [kcal/mol]  [cal/(mol-K)]  [kcal/mol]     [kcal/mol]    
 -----------------------------------------------------------------------------------------------------
     300.0000      8.3628        2.9447        -13.5000      54.8156       0.0167        -0.1096       
     600.0000      10.0445       5.7064        -30.9705      61.1282       2.7784        -17.5801      
     800.0000      10.8583       7.8027        -43.5076      64.1379       4.8747        -30.1172      
     1000.0000     11.5233       10.0382       -56.5912      66.6295       7.1103        -43.2008      
     1200.0000     12.0422       12.3956       -70.1368      68.7770       9.4676        -56.7464      
     1400.0000     12.5144       14.8520       -84.0851      70.6694       11.9241       -70.6946      
     1600.0000     12.9417       17.3983       -98.3917      72.3688       14.4704       -85.0013      
     1800.0000     13.3263       20.0258       -113.0225     73.9157       17.0979       -99.6320      
     2000.0000     13.6702       22.7261       -127.9497     75.3379       19.7982       -114.5593     
     2200.0000     13.9756       25.4914       -143.1507     76.6555       22.5634       -129.7602     
     2400.0000     14.2447       28.3140       -158.6059     77.8833       25.3860       -145.2155     
     2600.0000     14.4796       31.1870       -174.2988     79.0330       28.2590       -160.9083     
 -----------------------------------------------------------------------------------------------------


 ====================================================================================================
   THERMO TABLE FOR MOLECULE CO
 ====================================================================================================
   Elemental Composition:
     C 1.0000
     O 1.0000
   Formation Enthalpy at 298K =          -26.4139 kcal/mol
   Formation Free Gibbs Energy at 298K = -40.4895 kcal/mol
   Molecular Weight =                    28.0100 kg/kmol
 -----------------------------------------------------------------------------------------------------
   Temperature       Cp             H             G            S             DH            DG         
       [K]       [cal/mol/K]    [kcal/mol]    [kcal/mol]  [cal/(mol-K)]  [kcal/mol]     [kcal/mol]    
 -----------------------------------------------------------------------------------------------------
     300.0000      6.9646        -26.4000      -40.5840      47.2800       0.0139        -0.0945       
     600.0000      7.2693        -24.2751      -55.5817      52.1777       2.1388        -15.0922      
     800.0000      7.6228        -22.7865      -66.2397      54.3164       3.6274        -25.7502      
     1000.0000     7.9221        -21.2295      -77.2819      56.0524       5.1845        -36.7924      
     1200.0000     8.1407        -19.6225      -88.6426      57.5167       6.7914        -48.1531      
     1400.0000     8.3200        -17.9758      -100.2756     58.7856       8.4381        -59.7861      
     1600.0000     8.4654        -16.2967      -112.1469     59.9064       10.1172       -71.6574      
     1800.0000     8.5819        -14.5916      -124.2304     60.9104       11.8224       -83.7409      
     2000.0000     8.6739        -12.8656      -136.5048     61.8196       13.5483       -96.0153      
     2200.0000     8.7458        -11.1234      -148.9530     62.6498       15.2906       -108.4635     
     2400.0000     8.8013        -9.3684       -161.5603     63.4133       17.0455       -121.0708     
     2600.0000     8.8439        -7.6037       -174.3145     64.1195       18.8102       -133.8250     
 -----------------------------------------------------------------------------------------------------


 ====================================================================================================
   THERMO TABLE FOR MOLECULE CO2
 ====================================================================================================
   Elemental Composition:
     C 1.0000
     O 2.0000
   Formation Enthalpy at 298K =          -94.0343 kcal/mol
   Formation Free Gibbs Energy at 298K = -109.2578 kcal/mol
   Molecular Weight =                    44.0090 kg/kmol
 -----------------------------------------------------------------------------------------------------
   Temperature       Cp             H             G            S             DH            DG         
       [K]       [cal/mol/K]    [kcal/mol]    [kcal/mol]  [cal/(mol-K)]  [kcal/mol]     [kcal/mol]    
 -----------------------------------------------------------------------------------------------------
     300.0000      8.8947        -94.0166      -109.3601     51.1450       0.0178        -0.1022       
     600.0000      11.3147       -90.9479      -125.8309     58.1382       3.0864        -16.5730      
     800.0000      12.2914       -88.5814      -137.8098     61.5356       5.4529        -28.5520      
     1000.0000     12.9840       -86.0501      -150.4070     64.3569       7.9842        -41.1492      
     1200.0000     13.4156       -83.4087      -163.5250     66.7636       10.6256       -54.2672      
     1400.0000     13.7679       -80.6892      -177.0918     68.8590       13.3452       -67.8339      
     1600.0000     14.0517       -77.9061      -191.0529     70.7167       16.1282       -81.7950      
     1800.0000     14.2771       -75.0724      -205.3659     72.3853       18.9620       -96.1080      
     2000.0000     14.4535       -72.1986      -219.9967     73.8990       21.8358       -110.7388     
     2200.0000     14.5895       -69.2937      -234.9169     75.2833       24.7407       -125.6590     
     2400.0000     14.6932       -66.3649      -250.1026     76.5574       27.6694       -140.8448     
     2600.0000     14.7717       -63.4181      -265.5335     77.7367       30.6163       -156.2757     
 -----------------------------------------------------------------------------------------------------


 ====================================================================================================
   THERMO TABLE FOR MOLECULE HOCO
 ====================================================================================================
   Elemental Composition:
     H 1.0000
     C 1.0000
     O 2.0000
   Formation Enthalpy at 298K =          -43.3334 kcal/mol
   Formation Free Gibbs Energy at 298K = -61.2595 kcal/mol
   Molecular Weight =                    45.0170 kg/kmol
 -----------------------------------------------------------------------------------------------------
   Temperature       Cp             H             G            S             DH            DG         
       [K]       [cal/mol/K]    [kcal/mol]    [kcal/mol]  [cal/(mol-K)]  [kcal/mol]     [kcal/mol]    
 -----------------------------------------------------------------------------------------------------
     300.0000      10.4487       -43.3125      -61.3798      60.2245       0.0209        -0.1204       
     600.0000      13.9751       -39.6059      -80.7938      68.6465       3.7275        -19.5344      
     800.0000      15.3856       -36.6590      -94.9596      72.8757       6.6744        -33.7001      
     1000.0000     16.3884       -33.4797      -109.8985     76.4187       9.8536        -48.6390      
     1200.0000     17.0432       -30.1345      -125.4943     79.4665       13.1989       -64.2348      
     1400.0000     17.5799       -26.6703      -141.6599     82.1354       16.6631       -80.4005      
     1600.0000     18.0142       -23.1093      -158.3290     84.5123       20.2241       -97.0696      
     1800.0000     18.3607       -19.4705      -175.4493     86.6549       23.8629       -114.1898     
     2000.0000     18.6330       -15.7700      -192.9781     88.6041       27.5634       -131.7186     
     2200.0000     18.8435       -12.0214      -210.8800     90.3903       31.3120       -149.6206     
     2400.0000     19.0036       -8.2359       -229.1249     92.0371       35.0974       -167.8655     
     2600.0000     19.1235       -4.4226       -247.6868     93.5632       38.9107       -186.4274     
 -----------------------------------------------------------------------------------------------------


 ====================================================================================================
   THERMO TABLE FOR MOLECULE CH4
 ====================================================================================================
   Elemental Composition:
     C 1.0000
     H 4.0000
   Formation Enthalpy at 298K =          -17.8292 kcal/mol
   Formation Free Gibbs Energy at 298K = -31.1005 kcal/mol
   Molecular Weight =                    16.0430 kg/kmol
 -----------------------------------------------------------------------------------------------------
   Temperature       Cp             H             G            S             DH            DG         
       [K]       [cal/mol/K]    [kcal/mol]    [kcal/mol]  [cal/(mol-K)]  [kcal/mol]     [kcal/mol]    
 -----------------------------------------------------------------------------------------------------
     300.0000      8.5461        -17.8121      -31.1896      44.5917       0.0171        -0.0891       
     600.0000      12.6047       -14.6794      -45.6791      51.6662       3.1498        -14.5786      
     800.0000      15.3060       -11.8794      -56.4194      55.6750       5.9498        -25.3190      
     1000.0000     17.6207       -8.5856       -67.9261      59.3405       9.2436        -36.8256      
     1200.0000     19.4144       -4.8774       -80.1365      62.7159       12.9518       -49.0360      
     1400.0000     20.9445       -0.8374       -92.9948      65.8267       16.9918       -61.8944      
     1600.0000     22.2465       3.4852        -106.4521     68.7108       21.3144       -75.3516      
     1800.0000     23.3536       8.0482        -120.4660     71.3968       25.8774       -89.3655      
     2000.0000     24.2966       12.8157       -134.9991     73.9074       30.6449       -103.8987     
     2200.0000     25.1038       17.7578       -150.0185     76.2620       35.5870       -118.9181     
     2400.0000     25.8011       22.8499       -165.4946     78.4769       40.6791       -134.3941     
     2600.0000     26.4122       28.0725       -181.4010     80.5667       45.9017       -150.3005     
 -----------------------------------------------------------------------------------------------------


 ====================================================================================================
   THERMO TABLE FOR MOLECULE CH3
 ====================================================================================================
   Elemental Composition:
     C 1.0000
     H 3.0000
   Formation Enthalpy at 298K =          35.0571 kcal/mol
   Formation Free Gibbs Energy at 298K = 21.2420 kcal/mol
   Molecular Weight =                    15.0350 kg/kmol
 -----------------------------------------------------------------------------------------------------
   Temperature       Cp             H             G            S             DH            DG         
       [K]       [cal/mol/K]    [kcal/mol]    [kcal/mol]  [cal/(mol-K)]  [kcal/mol]     [kcal/mol]    
 -----------------------------------------------------------------------------------------------------
     300.0000      9.1952        35.0755       21.1492       46.4209       0.0184        -0.0928       
     600.0000      11.5012       38.1837       6.0776        53.5101       3.1265        -15.1644      
     800.0000      12.8625       40.6231       -4.9846       57.0097       5.5660        -26.2266      
     1000.0000     14.0874       43.3191       -16.6935      60.0126       8.2620        -37.9355      
     1200.0000     15.0705       46.2378       -28.9669      62.6706       11.1807       -50.2089      
     1400.0000     15.8908       49.3365       -41.7437      65.0573       14.2794       -62.9857      
     1600.0000     16.5685       52.5846       -54.9752      67.2249       17.5275       -76.2172      
     1800.0000     17.1229       55.9557       -68.6215      69.2095       20.8986       -89.8635      
     2000.0000     17.5715       59.4267       -82.6486      71.0377       24.3696       -103.8906     
     2200.0000     17.9306       62.9783       -97.0275      72.7299       27.9212       -118.2695     
     2400.0000     18.2153       66.5940       -111.7326     74.3028       31.5369       -132.9746     
     2600.0000     18.4392       70.2604       -126.7416     75.7700       35.2033       -147.9835     
 -----------------------------------------------------------------------------------------------------


 ====================================================================================================
   THERMO TABLE FOR MOLECULE CH2
 ====================================================================================================
   Elemental Composition:
     C 1.0000
     H 2.0000
   Formation Enthalpy at 298K =          93.4881 kcal/mol
   Formation Free Gibbs Energy at 298K = 79.6436 kcal/mol
   Molecular Weight =                    14.0270 kg/kmol
 -----------------------------------------------------------------------------------------------------
   Temperature       Cp             H             G            S             DH            DG         
       [K]       [cal/mol/K]    [kcal/mol]    [kcal/mol]  [cal/(mol-K)]  [kcal/mol]     [kcal/mol]    
 -----------------------------------------------------------------------------------------------------
     300.0000      8.3743        93.5048       79.5506       46.5140       0.0167        -0.0930       
     600.0000      9.3885        96.1736       64.5898       52.6396       2.6855        -15.0538      
     800.0000      9.9713        98.1103       53.7732       55.4214       4.6222        -25.8704      
     1000.0000     10.5877       100.1640      42.4538       57.7102       6.6760        -37.1898      
     1200.0000     11.1226       102.3366      30.7095       59.6893       8.8485        -48.9341      
     1400.0000     11.5735       104.6075      18.5933       61.4387       11.1194       -61.0503      
     1600.0000     11.9504       106.9610      6.1459        63.0095       13.4730       -73.4977      
     1800.0000     12.2627       109.3833      -6.6008       64.4357       15.8953       -86.2444      
     2000.0000     12.5192       111.8624      -19.6204      65.7414       18.3743       -99.2640      
     2200.0000     12.7281       114.3878      -32.8906      66.9447       20.8998       -112.5342     
     2400.0000     12.8968       116.9509      -46.3924      68.0597       23.4629       -126.0360     
     2600.0000     13.0322       119.5443      -60.1093      69.0976       26.0563       -139.7529     
 -----------------------------------------------------------------------------------------------------


 ====================================================================================================
   THERMO TABLE FOR MOLECULE CH2(S)
 ====================================================================================================
   Elemental Composition:
     C 1.0000
     H 2.0000
   Formation Enthalpy at 298K =          102.4738 kcal/mol
   Formation Free Gibbs Energy at 298K = 88.9995 kcal/mol
   Molecular Weight =                    14.0270 kg/kmol
 -----------------------------------------------------------------------------------------------------
   Temperature       Cp             H             G            S             DH            DG         
       [K]       [cal/mol/K]    [kcal/mol]    [kcal/mol]  [cal/(mol-K)]  [kcal/mol]     [kcal/mol]    
 -----------------------------------------------------------------------------------------------------
     300.0000      8.0767        102.4899      88.9090       45.2698       0.0161        -0.0905       
     600.0000      9.0399        105.0431      74.3648       51.1304       2.5693        -14.6346      
     800.0000      9.8273        106.9299      63.8587       53.8390       4.4561        -25.1408      
     1000.0000     10.5738       108.9709      52.8578       56.1131       6.4971        -36.1417      
     1200.0000     11.1614       111.1457      41.4329       58.0940       8.6719        -47.5666      
     1400.0000     11.6753       113.4306      29.6349       59.8541       10.9568       -59.3646      
     1600.0000     12.1234       115.8115      17.5026       61.4430       13.3377       -71.4969      
     1800.0000     12.5127       118.2760      5.0668        62.8940       15.8022       -83.9326      
     2000.0000     12.8499       120.8131      -7.6473       64.2302       18.3393       -96.6468      
     2200.0000     13.1414       123.4129      -20.6187      65.4689       20.9391       -109.6182     
     2400.0000     13.3928       126.0670      -33.8293      66.6234       23.5932       -122.8288     
     2600.0000     13.6093       128.7677      -47.2632      67.7042       26.2939       -136.2627     
 -----------------------------------------------------------------------------------------------------


 ====================================================================================================
   THERMO TABLE FOR MOLECULE CH3O2H
 ====================================================================================================
   Elemental Composition:
     C 1.0000
     H 4.0000
     O 2.0000
   Formation Enthalpy at 298K =          -30.2890 kcal/mol
   Formation Free Gibbs Energy at 298K = -49.9354 kcal/mol
   Molecular Weight =                    48.0410 kg/kmol
 -----------------------------------------------------------------------------------------------------
   Temperature       Cp             H             G            S             DH            DG         
       [K]       [cal/mol/K]    [kcal/mol]    [kcal/mol]  [cal/(mol-K)]  [kcal/mol]     [kcal/mol]    
 -----------------------------------------------------------------------------------------------------
     300.0000      16.0090       -30.2570      -50.0674      66.0344       0.0320        -0.1320       
     600.0000      23.0236       -24.2934      -72.0117      79.5305       5.9956        -22.0763      
     800.0000      25.5224       -19.4172      -88.6390      86.5273       10.8718       -38.7037      
     1000.0000     27.5029       -14.1213      -106.5493     92.4280       16.1677       -56.6139      
     1200.0000     28.9402       -8.4726       -125.5607     97.5734       21.8164       -75.6253      
     1400.0000     30.1341       -2.5614       -145.5394     102.1271      27.7276       -95.6040      
     1600.0000     31.1154       3.5668        -166.3807     106.2172      33.8558       -116.4453     
     1800.0000     31.9132       9.8725        -188.0011     109.9298      40.1615       -138.0658     
     2000.0000     32.5543       16.3217       -210.3316     113.3267      46.6107       -160.3962     
     2200.0000     33.0635       22.8855       -233.3139     116.4543      53.1745       -183.3785     
     2400.0000     33.4633       29.5398       -256.8978     119.3490      59.8288       -206.9624     
     2600.0000     33.7743       36.2649       -281.0399     122.0403      66.5539       -231.1045     
 -----------------------------------------------------------------------------------------------------


 ====================================================================================================
   THERMO TABLE FOR MOLECULE CH3O2
 ====================================================================================================
   Elemental Composition:
     C 1.0000
     H 3.0000
     O 2.0000
   Formation Enthalpy at 298K =          2.9129 kcal/mol
   Formation Free Gibbs Energy at 298K = -16.3039 kcal/mol
   Molecular Weight =                    47.0330 kg/kmol
 -----------------------------------------------------------------------------------------------------
   Temperature       Cp             H             G            S             DH            DG         
       [K]       [cal/mol/K]    [kcal/mol]    [kcal/mol]  [cal/(mol-K)]  [kcal/mol]     [kcal/mol]    
 -----------------------------------------------------------------------------------------------------
     300.0000      11.9918       2.9369        -16.4330      64.5662       0.0239        -0.1291       
     600.0000      17.8979       7.4500        -37.4037      74.7560       4.5371        -21.0997      
     800.0000      20.7863       11.3351       -52.9245      80.3246       8.4222        -36.6206      
     1000.0000     22.9127       15.7118       -69.4871      85.1989       12.7989       -53.1832      
     1200.0000     24.4280       20.4670       -86.9729      89.5332       17.5541       -70.6689      
     1400.0000     25.6257       25.4767       -105.2723     93.3921       22.5638       -88.9683      
     1600.0000     26.5821       30.7012       -124.3050     96.8789       27.7883       -108.0010     
     1800.0000     27.3363       36.0961       -144.0031     100.0551      33.1832       -127.6992     
     2000.0000     27.9238       41.6246       -164.3094     102.9670      38.7117       -148.0055     
     2200.0000     28.3767       47.2566       -185.1747     105.6506      44.3437       -168.8708     
     2400.0000     28.7237       52.9682       -206.5564     108.1353      50.0553       -190.2525     
     2600.0000     28.9898       58.7407       -228.4172     110.4454      55.8278       -212.1133     
 -----------------------------------------------------------------------------------------------------


 ====================================================================================================
   THERMO TABLE FOR MOLECULE CH3OH
 ====================================================================================================
   Elemental Composition:
     C 1.0000
     H 4.0000
     O 1.0000
   Formation Enthalpy at 298K =          -48.0365 kcal/mol
   Formation Free Gibbs Energy at 298K = -65.1735 kcal/mol
   Molecular Weight =                    32.0420 kg/kmol
 -----------------------------------------------------------------------------------------------------
   Temperature       Cp             H             G            S             DH            DG         
       [K]       [cal/mol/K]    [kcal/mol]    [kcal/mol]  [cal/(mol-K)]  [kcal/mol]     [kcal/mol]    
 -----------------------------------------------------------------------------------------------------
     300.0000      10.2847       -48.0159      -65.2886      57.5754       0.0205        -0.1151       
     600.0000      15.9810       -44.0908      -83.9388      66.4134       3.9457        -18.7653      
     800.0000      18.9987       -40.5735      -97.7350      71.4518       7.4630        -32.5615      
     1000.0000     21.3790       -36.5385      -112.4825     75.9440       11.4979       -47.3091      
     1200.0000     23.0689       -32.0885      -128.0837     79.9960       15.9480       -62.9102      
     1400.0000     24.4653       -27.3305      -144.4552     83.6605       20.7059       -79.2817      
     1600.0000     25.6060       -22.3195      -161.5266     87.0044       25.7170       -96.3531      
     1800.0000     26.5268       -17.1028      -179.2388     90.0756       30.9337       -114.0653     
     2000.0000     27.2604       -11.7212      -197.5410     92.9099       36.3153       -132.3675     
     2200.0000     27.8372       -6.2091       -216.3889     95.5363       41.8274       -151.2154     
     2400.0000     28.2848       -0.5949       -235.7433     97.9785       47.4416       -170.5698     
     2600.0000     28.6281       5.0979        -255.5694     100.2566      53.1344       -190.3959     
 -----------------------------------------------------------------------------------------------------


 ====================================================================================================
   THERMO TABLE FOR MOLECULE CH3O
 ====================================================================================================
   Elemental Composition:
     C 1.0000
     H 3.0000
     O 1.0000
   Formation Enthalpy at 298K =          5.0410 kcal/mol
   Formation Free Gibbs Energy at 298K = -11.6419 kcal/mol
   Molecular Weight =                    31.0340 kg/kmol
 -----------------------------------------------------------------------------------------------------
   Temperature       Cp             H             G            S             DH            DG         
       [K]       [cal/mol/K]    [kcal/mol]    [kcal/mol]  [cal/(mol-K)]  [kcal/mol]     [kcal/mol]    
 -----------------------------------------------------------------------------------------------------
     300.0000      10.1997       5.0613        -11.7540      56.0510       0.0204        -0.1120       
     600.0000      15.4682       8.9387        -29.9391      64.7963       3.8977        -18.2972      
     800.0000      17.8606       12.2890       -43.3902      69.5991       7.2481        -31.7483      
     1000.0000     19.6989       16.0428       -57.7369      73.7797       11.0018       -46.0950      
     1200.0000     20.8757       20.1041       -72.8704      77.4787       15.0631       -61.2285      
     1400.0000     21.8380       24.3788       -88.7014      80.7716       19.3378       -77.0595      
     1600.0000     22.6147       28.8269       -105.1575     83.7402       23.7859       -93.5156      
     1800.0000     23.2324       33.4141       -122.1797     86.4410       28.3731       -110.5378     
     2000.0000     23.7158       38.1109       -139.7188     88.9148       33.0700       -128.0768     
     2200.0000     24.0877       42.8930       -157.7326     91.1934       37.8520       -146.0907     
     2400.0000     24.3686       47.7399       -176.1848     93.3020       42.6990       -164.5429     
     2600.0000     24.5772       52.6356       -195.0435     95.2612       47.5946       -183.4015     
 -----------------------------------------------------------------------------------------------------


 ====================================================================================================
   THERMO TABLE FOR MOLECULE CH2OH
 ====================================================================================================
   Elemental Composition:
     C 1.0000
     H 3.0000
     O 1.0000
   Formation Enthalpy at 298K =          -4.1122 kcal/mol
   Formation Free Gibbs Energy at 298K = -21.4993 kcal/mol
   Molecular Weight =                    31.0340 kg/kmol
 -----------------------------------------------------------------------------------------------------
   Temperature       Cp             H             G            S             DH            DG         
       [K]       [cal/mol/K]    [kcal/mol]    [kcal/mol]  [cal/(mol-K)]  [kcal/mol]     [kcal/mol]    
 -----------------------------------------------------------------------------------------------------
     300.0000      11.3540       -4.0895       -21.6160      58.4218       0.0227        -0.1168       
     600.0000      15.3576       -0.0556       -40.6036      67.5801       4.0566        -19.1043      
     800.0000      17.0838       3.2021        -54.6011      72.2540       7.3143        -33.1019      
     1000.0000     18.4392       6.7507        -69.4571      76.2078       10.8629       -47.9578      
     1200.0000     19.4246       10.5401       -85.0513      79.6595       14.6523       -63.5520      
     1400.0000     20.2405       14.5093       -101.2947     82.7171       18.6214       -79.7954      
     1600.0000     20.9086       18.6265       -118.1175     85.4650       22.7386       -96.6183      
     1800.0000     21.4488       22.8642       -135.4639     87.9600       26.9763       -113.9646     
     2000.0000     21.8798       27.1987       -153.2874     90.2431       31.3109       -131.7882     
     2200.0000     22.2187       31.6100       -171.5490     92.3450       35.7221       -150.0498     
     2400.0000     22.4813       36.0811       -190.2150     94.2900       40.1933       -168.7157     
     2600.0000     22.6819       40.5984       -209.2559     96.0978       44.7105       -187.7567     
 -----------------------------------------------------------------------------------------------------


 ====================================================================================================
   THERMO TABLE FOR MOLECULE CH2O
 ====================================================================================================
   Elemental Composition:
     C 1.0000
     H 2.0000
     O 1.0000
   Formation Enthalpy at 298K =          -26.0893 kcal/mol
   Formation Free Gibbs Energy at 298K = -41.6675 kcal/mol
   Molecular Weight =                    30.0260 kg/kmol
 -----------------------------------------------------------------------------------------------------
   Temperature       Cp             H             G            S             DH            DG         
       [K]       [cal/mol/K]    [kcal/mol]    [kcal/mol]  [cal/(mol-K)]  [kcal/mol]     [kcal/mol]    
 -----------------------------------------------------------------------------------------------------
     300.0000      8.4703        -26.0723      -41.7721      52.3325       0.0169        -0.1046       
     600.0000      11.5243       -23.0954      -58.5478      59.0873       2.9939        -16.8803      
     800.0000      13.3748       -20.5964      -70.7317      62.6691       5.4929        -29.0642      
     1000.0000     14.8153       -17.7750      -83.5860      65.8110       8.3143        -41.9186      
     1200.0000     15.7913       -14.7112      -97.0328      68.6014       11.3781       -55.3653      
     1400.0000     16.5886       -11.4704      -111.0071     71.0976       14.6189       -69.3396      
     1600.0000     17.2312       -8.0860       -125.4560     73.3563       18.0032       -83.7885      
     1800.0000     17.7414       -4.5867       -140.3363     75.4165       21.5025       -98.6689      
     2000.0000     18.1398       -0.9969       -155.6113     77.3072       25.0924       -113.9438     
     2200.0000     18.4454       2.6630        -171.2495     79.0511       28.7523       -129.5820     
     2400.0000     18.6755       6.3762        -187.2232     80.6664       32.4655       -145.5557     
     2600.0000     18.8455       10.1292       -203.5085     82.1683       36.2185       -161.8410     
 -----------------------------------------------------------------------------------------------------


 ====================================================================================================
   THERMO TABLE FOR MOLECULE HCO
 ====================================================================================================
   Elemental Composition:
     C 1.0000
     H 1.0000
     O 1.0000
   Formation Enthalpy at 298K =          9.9889 kcal/mol
   Formation Free Gibbs Energy at 298K = -5.9837 kcal/mol
   Molecular Weight =                    29.0180 kg/kmol
 -----------------------------------------------------------------------------------------------------
   Temperature       Cp             H             G            S             DH            DG         
       [K]       [cal/mol/K]    [kcal/mol]    [kcal/mol]  [cal/(mol-K)]  [kcal/mol]     [kcal/mol]    
 -----------------------------------------------------------------------------------------------------
     300.0000      8.2766        10.0054       -6.0910       53.6546       0.0165        -0.1073       
     600.0000      9.8372        12.7140       -23.1961      59.8502       2.7251        -17.2124      
     800.0000      10.8498       14.7856       -35.4728      62.8230       4.7967        -29.4891      
     1000.0000     11.6621       17.0401       -48.2949      65.3351       7.0512        -42.3112      
     1200.0000     12.2205       19.4294       -61.5845      67.5116       9.4406        -55.6008      
     1400.0000     12.7189       21.9243       -75.2827      69.4336       11.9354       -69.2990      
     1600.0000     13.1646       24.5135       -89.3451      71.1616       14.5246       -83.3614      
     1800.0000     13.5644       27.1871       -103.7371     72.7357       17.1982       -97.7534      
     2000.0000     13.9242       29.9366       -118.4310     74.1838       19.9477       -112.4473     
     2200.0000     14.2494       32.7545       -133.4036     75.5264       22.7656       -127.4199     
     2400.0000     14.5445       35.6343       -148.6355     76.7791       25.6454       -142.6518     
     2600.0000     14.8136       38.5705       -164.1101     77.9541       28.5817       -158.1264     
 -----------------------------------------------------------------------------------------------------


 ====================================================================================================
   THERMO TABLE FOR MOLECULE C2H6
 ====================================================================================================
   Elemental Composition:
     C 2.0000
     H 6.0000
   Formation Enthalpy at 298K =          -20.0407 kcal/mol
   Formation Free Gibbs Energy at 298K = -36.3630 kcal/mol
   Molecular Weight =                    30.0700 kg/kmol
 -----------------------------------------------------------------------------------------------------
   Temperature       Cp             H             G            S             DH            DG         
       [K]       [cal/mol/K]    [kcal/mol]    [kcal/mol]  [cal/(mol-K)]  [kcal/mol]     [kcal/mol]    
 -----------------------------------------------------------------------------------------------------
     300.0000      12.5989       -20.0156      -36.4727      54.8570       0.0251        -0.1096       
     600.0000      21.3594       -14.9010      -54.6934      66.3207       5.1397        -18.3304      
     800.0000      25.8035       -10.1595      -68.6477      73.1102       9.8812        -32.2846      
     1000.0000     29.3195       -4.6460       -83.8933      79.2473       15.3947       -47.5303      
     1200.0000     31.7967       1.4734        -100.3093     84.8189       21.5141       -63.9463      
     1400.0000     33.8344       8.0433        -117.7869     89.8787       28.0841       -81.4238      
     1600.0000     35.4906       14.9817       -136.2322     94.5087       35.0225       -99.8692      
     1800.0000     36.8188       22.2177       -155.5657     98.7686       42.2584       -119.2027     
     2000.0000     37.8690       29.6907       -175.7181     102.7044      49.7314       -139.3550     
     2200.0000     38.6870       37.3499       -196.6284     106.3537      57.3906       -160.2653     
     2400.0000     39.3144       45.1528       -218.2426     109.7481      65.1935       -181.8795     
     2600.0000     39.7893       53.0655       -240.5124     112.9146      73.1062       -204.1494     
 -----------------------------------------------------------------------------------------------------


 ====================================================================================================
   THERMO TABLE FOR MOLECULE C2H5
 ====================================================================================================
   Elemental Composition:
     C 2.0000
     H 5.0000
   Formation Enthalpy at 298K =          28.6041 kcal/mol
   Formation Free Gibbs Energy at 298K = 11.3016 kcal/mol
   Molecular Weight =                    29.0620 kg/kmol
 -----------------------------------------------------------------------------------------------------
   Temperature       Cp             H             G            S             DH            DG         
       [K]       [cal/mol/K]    [kcal/mol]    [kcal/mol]  [cal/(mol-K)]  [kcal/mol]     [kcal/mol]    
 -----------------------------------------------------------------------------------------------------
     300.0000      12.1554       28.6283       11.1854       58.1433       0.0243        -0.1162       
     600.0000      19.3896       33.3844       -7.9196       68.8400       4.7803        -19.2212      
     800.0000      22.9573       37.6403       -22.3095      74.9372       9.0362        -33.6110      
     1000.0000     25.7910       42.5145       -37.8493      80.3638       13.9105       -49.1509      
     1200.0000     27.8004       47.8800       -54.4194      85.2495       19.2759       -65.7209      
     1400.0000     29.4557       53.6111       -71.9178      89.6635       25.0070       -83.2193      
     1600.0000     30.8033       59.6417       -90.2588      93.6879       31.0377       -101.5604     
     1800.0000     31.8863       65.9148       -109.3708     97.3809       37.3107       -120.6724     
     2000.0000     32.7447       72.3813       -129.1921     100.7867      43.7772       -140.4936     
     2200.0000     33.4154       79.0001       -149.6687     103.9404      50.3961       -160.9703     
     2400.0000     33.9317       85.7372       -170.7534     106.8710      57.1331       -182.0549     
     2600.0000     34.3242       92.5646       -192.4039     109.6033      63.9605       -203.7055     
 -----------------------------------------------------------------------------------------------------


 ====================================================================================================
   THERMO TABLE FOR MOLECULE C2H4
 ====================================================================================================
   Elemental Composition:
     C 2.0000
     H 4.0000
   Formation Enthalpy at 298K =          12.5449 kcal/mol
   Formation Free Gibbs Energy at 298K = -3.0728 kcal/mol
   Molecular Weight =                    28.0540 kg/kmol
 -----------------------------------------------------------------------------------------------------
   Temperature       Cp             H             G            S             DH            DG         
       [K]       [cal/mol/K]    [kcal/mol]    [kcal/mol]  [cal/(mol-K)]  [kcal/mol]     [kcal/mol]    
 -----------------------------------------------------------------------------------------------------
     300.0000      10.2892       12.5654       -3.1777       52.4772       0.0205        -0.1049       
     600.0000      16.9529       16.6763       -20.3469      61.7053       4.1314        -17.2741      
     800.0000      20.0514       20.3992       -33.2320      67.0390       7.8543        -30.1592      
     1000.0000     22.4874       24.6481       -47.1216      71.7697       12.1032       -44.0488      
     1200.0000     24.1883       29.3210       -61.9088      76.0249       16.7761       -58.8360      
     1400.0000     25.5899       34.3035       -77.5038      79.8623       21.7586       -74.4310      
     1600.0000     26.7312       39.5396       -93.8309      83.3566       26.9947       -90.7581      
     1800.0000     27.6487       44.9811       -110.8271     86.5601       32.4362       -107.7542     
     2000.0000     28.3763       50.5865       -128.4382     89.5123       38.0416       -125.3654     
     2200.0000     28.9450       56.3210       -146.6173     92.2447       43.7761       -143.5445     
     2400.0000     29.3832       62.1558       -165.3231     94.7829       49.6109       -162.2503     
     2600.0000     29.7165       68.0673       -184.5190     97.1486       55.5224       -181.4462     
 -----------------------------------------------------------------------------------------------------


 ====================================================================================================
   THERMO TABLE FOR MOLECULE C2H3
 ====================================================================================================
   Elemental Composition:
     C 2.0000
     H 3.0000
   Formation Enthalpy at 298K =          70.8751 kcal/mol
   Formation Free Gibbs Energy at 298K = 54.2361 kcal/mol
   Molecular Weight =                    27.0460 kg/kmol
 -----------------------------------------------------------------------------------------------------
   Temperature       Cp             H             G            S             DH            DG         
       [K]       [cal/mol/K]    [kcal/mol]    [kcal/mol]  [cal/(mol-K)]  [kcal/mol]     [kcal/mol]    
 -----------------------------------------------------------------------------------------------------
     300.0000      10.0856       70.8953       54.1244       55.9030       0.0201        -0.1117       
     600.0000      14.8979       74.6747       36.0102       64.4408       3.7995        -18.2259      
     800.0000      17.0570       77.8850       22.6500       69.0438       7.0099        -31.5861      
     1000.0000     18.7810       81.4659       8.4339        73.0320       10.5908       -45.8022      
     1200.0000     20.0275       85.3505       -6.5332       76.5698       14.4754       -60.7693      
     1400.0000     21.0601       89.4626       -22.1694      79.7372       18.5875       -76.4055      
     1600.0000     21.9064       93.7622       -38.4083      82.6065       22.8871       -92.6444      
     1800.0000     22.5919       98.2145       -55.1955      85.2278       27.3394       -109.4316     
     2000.0000     23.1404       102.7898      -72.4853      87.6376       31.9147       -126.7214     
     2200.0000     23.5739       107.4630      -90.2384      89.8642       36.5879       -144.4745     
     2400.0000     23.9122       112.2130      -108.4204     91.9306       41.3379       -162.6564     
     2600.0000     24.1736       117.0227      -127.0012     93.8553       46.1476       -181.2373     
 -----------------------------------------------------------------------------------------------------


 ====================================================================================================
   THERMO TABLE FOR MOLECULE C2H2
 ====================================================================================================
   Elemental Composition:
     C 2.0000
     H 2.0000
   Formation Enthalpy at 298K =          54.5336 kcal/mol
   Formation Free Gibbs Energy at 298K = 40.2267 kcal/mol
   Molecular Weight =                    26.0380 kg/kmol
 -----------------------------------------------------------------------------------------------------
   Temperature       Cp             H             G            S             DH            DG         
       [K]       [cal/mol/K]    [kcal/mol]    [kcal/mol]  [cal/(mol-K)]  [kcal/mol]     [kcal/mol]    
 -----------------------------------------------------------------------------------------------------
     300.0000      10.5473       54.5547       40.1306       48.0801       0.0211        -0.0961       
     600.0000      13.8872       58.2937       24.3419       56.5863       3.7600        -15.8849      
     800.0000      15.1585       61.2029       12.5931       60.7623       6.6693        -27.6337      
     1000.0000     16.2290       64.3451       0.0815        64.2636       9.8115        -40.1453      
     1200.0000     17.0915       67.6795       -13.0816      67.3009       13.1459       -53.3083      
     1400.0000     17.8205       71.1728       -26.8159      69.9919       16.6392       -67.0426      
     1600.0000     18.4328       74.7999       -41.0604      72.4127       20.2663       -81.2871      
     1800.0000     18.9439       78.5392       -55.7664      74.6142       24.0056       -95.9931      
     2000.0000     19.3685       82.3717       -70.8939      76.6328       27.8381       -111.1207     
     2200.0000     19.7200       86.2817       -86.4092      78.4958       31.7481       -126.6359     
     2400.0000     20.0108       90.2557       -102.2833     80.2246       35.7221       -142.5100     
     2600.0000     20.2525       94.2827       -118.4912     81.8361       39.7491       -158.7179     
 -----------------------------------------------------------------------------------------------------


 ====================================================================================================
   THERMO TABLE FOR MOLECULE CH3CO
 ====================================================================================================
   Elemental Composition:
     C 2.0000
     H 3.0000
     O 1.0000
   Formation Enthalpy at 298K =          -2.4633 kcal/mol
   Formation Free Gibbs Energy at 298K = -21.5081 kcal/mol
   Molecular Weight =                    43.0450 kg/kmol
 -----------------------------------------------------------------------------------------------------
   Temperature       Cp             H             G            S             DH            DG         
       [K]       [cal/mol/K]    [kcal/mol]    [kcal/mol]  [cal/(mol-K)]  [kcal/mol]     [kcal/mol]    
 -----------------------------------------------------------------------------------------------------
     300.0000      12.1747       -2.4390       -21.6360      63.9901       0.0243        -0.1279       
     600.0000      18.1271       2.1355        -42.4562      74.3196       4.5989        -20.9481      
     800.0000      20.9886       6.0645        -57.8965      79.9513       8.5278        -36.3884      
     1000.0000     23.1932       10.4846       -74.3892      84.8738       12.9479       -52.8811      
     1200.0000     24.6456       15.2732       -91.8090      89.2351       17.7365       -70.3008      
     1400.0000     25.8339       20.3252       -110.0521     93.1267       22.7886       -88.5440      
     1600.0000     26.7934       25.5915       -129.0346     96.6413       28.0548       -107.5264     
     1800.0000     27.5570       31.0296       -148.6878     99.8430       33.4929       -127.1796     
     2000.0000     28.1552       36.6033       -168.9541     102.7787      39.0666       -147.4459     
     2200.0000     28.6157       42.2824       -189.7840     105.4847      44.7458       -168.2758     
     2400.0000     28.9642       48.0421       -211.1346     107.9903      50.5054       -189.6265     
     2600.0000     29.2235       53.8622       -232.9683     110.3194      56.3255       -211.4602     
 -----------------------------------------------------------------------------------------------------


 ====================================================================================================
   THERMO TABLE FOR MOLECULE CH2CHO
 ====================================================================================================
   Elemental Composition:
     C 2.0000
     H 3.0000
     O 1.0000
   Formation Enthalpy at 298K =          3.0457 kcal/mol
   Formation Free Gibbs Energy at 298K = -15.7679 kcal/mol
   Molecular Weight =                    43.0450 kg/kmol
 -----------------------------------------------------------------------------------------------------
   Temperature       Cp             H             G            S             DH            DG         
       [K]       [cal/mol/K]    [kcal/mol]    [kcal/mol]  [cal/(mol-K)]  [kcal/mol]     [kcal/mol]    
 -----------------------------------------------------------------------------------------------------
     300.0000      13.0325       3.0717        -15.8942      63.2198       0.0260        -0.1264       
     600.0000      19.4499       8.0192        -36.6160      74.3919       4.9735        -20.8481      
     800.0000      21.9739       12.1823       -52.1080      80.3628       9.1366        -36.3401      
     1000.0000     23.8308       16.7619       -68.7029      85.4648       13.7162       -52.9350      
     1200.0000     25.0982       21.6588       -86.2516      89.9253       18.6130       -70.4837      
     1400.0000     26.1430       26.7863       -104.6391     93.8753       23.7406       -88.8713      
     1600.0000     26.9942       32.1031       -123.7750     97.4238       29.0573       -108.0072     
     1800.0000     27.6790       37.5729       -143.5868     100.6443      34.5272       -127.8189     
     2000.0000     28.2225       43.1652       -164.0144     103.5898      40.1195       -148.2466     
     2200.0000     28.6478       48.8541       -185.0071     106.3005      45.8083       -169.2392     
     2400.0000     28.9759       54.6179       -206.5211     108.8079      51.5722       -190.7532     
     2600.0000     29.2260       60.4392       -228.5184     111.1376      57.3935       -212.7506     
 -----------------------------------------------------------------------------------------------------


 ====================================================================================================
   THERMO TABLE FOR MOLECULE CH2CO
 ====================================================================================================
   Elemental Composition:
     C 2.0000
     H 2.0000
     O 1.0000
   Formation Enthalpy at 298K =          -11.6113 kcal/mol
   Formation Free Gibbs Energy at 298K = -29.5161 kcal/mol
   Molecular Weight =                    42.0370 kg/kmol
 -----------------------------------------------------------------------------------------------------
   Temperature       Cp             H             G            S             DH            DG         
       [K]       [cal/mol/K]    [kcal/mol]    [kcal/mol]  [cal/(mol-K)]  [kcal/mol]     [kcal/mol]    
 -----------------------------------------------------------------------------------------------------
     300.0000      12.4016       -11.5865      -29.6363      60.1661       0.0248        -0.1202       
     600.0000      16.8957       -7.1267       -49.3011      70.2906       4.4845        -19.7850      
     800.0000      18.7943       -3.5479       -63.8882      75.4254       8.0634        -34.3721      
     1000.0000     20.2498       0.3618        -79.4197      79.7815       11.9730       -49.9036      
     1200.0000     21.2764       4.5176        -95.7629      83.5671       16.1289       -66.2469      
     1400.0000     22.1213       8.8602        -112.8173     86.9125       20.4715       -83.3012      
     1600.0000     22.8085       13.3556       -130.5050     89.9129       24.9669       -100.9889     
     1800.0000     23.3601       17.9746       -148.7638     92.6324       29.5858       -119.2477     
     2000.0000     23.7967       22.6920       -167.5423     95.1172       34.3033       -138.0263     
     2200.0000     24.1372       27.4868       -186.7973     97.4019       39.0981       -157.2813     
     2400.0000     24.3988       32.3416       -206.4916     99.5138       43.9529       -176.9755     
     2600.0000     24.5973       37.2422       -226.5928     101.4750      48.8534       -197.0768     
 -----------------------------------------------------------------------------------------------------


 ====================================================================================================
   THERMO TABLE FOR MOLECULE HCCO
 ====================================================================================================
   Elemental Composition:
     C 2.0000
     H 1.0000
     O 1.0000
   Formation Enthalpy at 298K =          42.6083 kcal/mol
   Formation Free Gibbs Energy at 298K = 25.0619 kcal/mol
   Molecular Weight =                    41.0290 kg/kmol
 -----------------------------------------------------------------------------------------------------
   Temperature       Cp             H             G            S             DH            DG         
       [K]       [cal/mol/K]    [kcal/mol]    [kcal/mol]  [cal/(mol-K)]  [kcal/mol]     [kcal/mol]    
 -----------------------------------------------------------------------------------------------------
     300.0000      11.9716       42.6322       24.9440       58.9606       0.0239        -0.1178       
     600.0000      14.9287       46.7320       5.7425        68.3158       4.1237        -19.3194      
     800.0000      16.0808       49.8373       -8.3824       72.7747       7.2290        -33.4443      
     1000.0000     16.9329       53.1460       -23.3166      76.4627       10.5377       -48.3785      
     1200.0000     17.5439       56.5956       -38.9312      79.6056       13.9873       -63.9930      
     1400.0000     18.0494       60.1565       -55.1324      82.3492       17.5482       -80.1943      
     1600.0000     18.4631       63.8092       -71.8505      84.7873       21.2009       -96.9124      
     1800.0000     18.7977       67.5365       -89.0311      86.9820       24.9282       -114.0930     
     2000.0000     19.0651       71.3238       -106.6301     88.9769       28.7155       -131.6919     
     2200.0000     19.2761       75.1588       -124.6108     90.8043       32.5505       -149.6726     
     2400.0000     19.4407       79.0312       -142.9423     92.4889       36.4228       -168.0042     
     2600.0000     19.5680       82.9326       -161.5981     94.0503       40.3243       -186.6600     
 -----------------------------------------------------------------------------------------------------


 ====================================================================================================
   THERMO TABLE FOR MOLECULE C3H4-P
 ====================================================================================================
   Elemental Composition:
     C 3.0000
     H 4.0000
   Formation Enthalpy at 298K =          44.3120 kcal/mol
   Formation Free Gibbs Energy at 298K = 26.6314 kcal/mol
   Molecular Weight =                    40.0650 kg/kmol
 -----------------------------------------------------------------------------------------------------
   Temperature       Cp             H             G            S             DH            DG         
       [K]       [cal/mol/K]    [kcal/mol]    [kcal/mol]  [cal/(mol-K)]  [kcal/mol]     [kcal/mol]    
 -----------------------------------------------------------------------------------------------------
     300.0000      14.5662       44.3411       26.5127       59.4281       0.0291        -0.1188       
     600.0000      21.7975       49.8646       6.7246        71.9001       5.5526        -19.9068      
     800.0000      25.1189       54.5739       -8.3469       78.6510       10.2618       -34.9783      
     1000.0000     27.7085       59.8623       -24.6784      84.5407       15.5502       -51.3098      
     1200.0000     29.5465       65.5935       -42.1188      89.7602       21.2815       -68.7502      
     1400.0000     31.0607       71.6593       -60.5461      94.4325       27.3473       -87.1776      
     1600.0000     32.2934       77.9991       -79.8624      98.6634       33.6870       -106.4938     
     1800.0000     33.2842       84.5605       -99.9870      102.5264      40.2485       -126.6184     
     2000.0000     34.0696       91.2991       -120.8521     106.0756      46.9870       -147.4835     
     2200.0000     34.6832       98.1769       -142.3991     109.3528      53.8649       -169.0305     
     2400.0000     35.1558       105.1630      -164.5773     112.3918      60.8509       -191.2087     
     2600.0000     35.5152       112.2317      -187.3418     115.2206      67.9197       -213.9733     
 -----------------------------------------------------------------------------------------------------


 ====================================================================================================
   THERMO TABLE FOR MOLECULE C3H4-A
 ====================================================================================================
   Elemental Composition:
     C 3.0000
     H 4.0000
   Formation Enthalpy at 298K =          45.6239 kcal/mol
   Formation Free Gibbs Energy at 298K = 28.2898 kcal/mol
   Molecular Weight =                    40.0650 kg/kmol
 -----------------------------------------------------------------------------------------------------
   Temperature       Cp             H             G            S             DH            DG         
       [K]       [cal/mol/K]    [kcal/mol]    [kcal/mol]  [cal/(mol-K)]  [kcal/mol]     [kcal/mol]    
 -----------------------------------------------------------------------------------------------------
     300.0000      14.1284       45.6521       28.1734       58.2624       0.0282        -0.1164       
     600.0000      22.0377       51.1577       8.7591        70.6644       5.5338        -19.5308      
     800.0000      25.3958       55.9241       -6.0738       77.4973       10.3002       -34.3636      
     1000.0000     27.9877       61.2624       -22.1803      83.4427       15.6384       -50.4702      
     1200.0000     29.7863       67.0454       -39.4061      88.7096       21.4215       -67.6959      
     1400.0000     31.2663       73.1556       -57.6270      93.4161       27.5317       -85.9168      
     1600.0000     32.4697       79.5335       -76.7426      97.6726       33.9096       -105.0324     
     1800.0000     33.4355       86.1277       -96.6711      101.5549      40.5038       -124.9609     
     2000.0000     34.1997       92.8943       -117.3434     105.1188      47.2704       -145.6332     
     2200.0000     34.7954       99.7963       -138.7003     108.4076      54.1724       -166.9901     
     2400.0000     35.2530       106.8032      -160.6904     111.4557      61.1793       -188.9802     
     2600.0000     35.5998       113.8901      -183.2684     114.2918      68.2662       -211.5583     
 -----------------------------------------------------------------------------------------------------


 ====================================================================================================
   THERMO TABLE FOR MOLECULE C3H3
 ====================================================================================================
   Elemental Composition:
     C 3.0000
     H 3.0000
   Formation Enthalpy at 298K =          84.0005 kcal/mol
   Formation Free Gibbs Energy at 298K = 65.7247 kcal/mol
   Molecular Weight =                    39.0570 kg/kmol
 -----------------------------------------------------------------------------------------------------
   Temperature       Cp             H             G            S             DH            DG         
       [K]       [cal/mol/K]    [kcal/mol]    [kcal/mol]  [cal/(mol-K)]  [kcal/mol]     [kcal/mol]    
 -----------------------------------------------------------------------------------------------------
     300.0000      15.5563       84.0316       65.6019       61.4322       0.0311        -0.1228       
     600.0000      20.9231       89.6045       45.1475       74.0951       5.6040        -20.5772      
     800.0000      23.1102       94.0168       29.6754       80.4267       10.0162       -36.0492      
     1000.0000     24.8105       98.8182       13.0416       85.7766       14.8177       -52.6831      
     1200.0000     26.0609       103.9092      -4.5878       90.4141       19.9087       -70.3124      
     1400.0000     27.0947       109.2281      -23.0882      94.5117       25.2276       -88.8129      
     1600.0000     27.9398       114.7345      -42.3643      98.1868       30.7340       -108.0890     
     1800.0000     28.6225       120.3932      -62.3401      101.5185      36.3927       -128.0647     
     2000.0000     29.1668       126.1743      -82.9527      104.5635      42.1738       -148.6773     
     2200.0000     29.5952       132.0522      -104.1492     107.3643      48.0517       -169.8739     
     2400.0000     29.9279       138.0060      -125.8843     109.9543      54.0055       -191.6090     
     2600.0000     30.1835       144.0183      -148.1187     112.3604      60.0177       -213.8433     
 -----------------------------------------------------------------------------------------------------


 ====================================================================================================
   THERMO TABLE FOR MOLECULE C3H2
 ====================================================================================================
   Elemental Composition:
     C 3.0000
     H 2.0000
   Formation Enthalpy at 298K =          125.7762 kcal/mol
   Formation Free Gibbs Energy at 298K = 107.6501 kcal/mol
   Molecular Weight =                    38.0490 kg/kmol
 -----------------------------------------------------------------------------------------------------
   Temperature       Cp             H             G            S             DH            DG         
       [K]       [cal/mol/K]    [kcal/mol]    [kcal/mol]  [cal/(mol-K)]  [kcal/mol]     [kcal/mol]    
 -----------------------------------------------------------------------------------------------------
     300.0000      13.1159       125.8023      107.5284      60.9131       0.0262        -0.1217       
     600.0000      17.8613       130.5242      87.5447       71.6326       4.7481        -20.1055      
     800.0000      19.6646       134.2897      72.6605       77.0365       8.5136        -34.9896      
     1000.0000     20.9825       138.3574      56.7879       81.5695       12.5813       -50.8622      
     1200.0000     21.8801       142.6465      40.0741       85.4770       16.8704       -67.5760      
     1400.0000     22.6179       147.0988      22.6288       88.9071       21.3227       -85.0213      
     1600.0000     23.2171       151.6845      4.5358        91.9679       25.9083       -103.1143     
     1800.0000     23.6972       156.3777      -14.1386      94.7313       30.6016       -121.7887     
     2000.0000     24.0764       161.1566      -33.3403      97.2484       35.3805       -140.9904     
     2200.0000     24.3715       166.0027      -53.0241      99.5576       40.2265       -160.6742     
     2400.0000     24.5975       170.9006      -73.1514      101.6884      45.1245       -180.8016     
     2600.0000     24.7684       175.8380      -93.6891      103.6643      50.0619       -201.3393     
 -----------------------------------------------------------------------------------------------------


 ====================================================================================================
   THERMO TABLE FOR MOLECULE CH3COCH2
 ====================================================================================================
   Elemental Composition:
     C 3.0000
     H 5.0000
     O 1.0000
   Formation Enthalpy at 298K =          -7.9702 kcal/mol
   Formation Free Gibbs Energy at 298K = -29.8678 kcal/mol
   Molecular Weight =                    57.0720 kg/kmol
 -----------------------------------------------------------------------------------------------------
   Temperature       Cp             H             G            S             DH            DG         
       [K]       [cal/mol/K]    [kcal/mol]    [kcal/mol]  [cal/(mol-K)]  [kcal/mol]     [kcal/mol]    
 -----------------------------------------------------------------------------------------------------
     300.0000      17.4731       -7.9353       -30.0149      73.5986       0.0349        -0.1471       
     600.0000      27.1746       -1.1699       -54.4732      88.8388       6.8003        -24.6053      
     800.0000      31.5661       4.7335        -73.1065      97.3001       12.7037       -43.2387      
     1000.0000     34.9105       11.3827       -93.3223      104.7049      19.3529       -63.4544      
     1200.0000     37.2394       18.6049       -114.9339     111.2824      26.5751       -85.0661      
     1400.0000     39.1588       26.2511       -137.7895     117.1719      34.2213       -107.9217     
     1600.0000     40.7223       34.2447       -161.7657     122.5065      42.2149       -131.8979     
     1800.0000     41.9797       42.5197       -186.7613     127.3783      50.4899       -156.8935     
     2000.0000     42.9773       51.0193       -212.6907     131.8550      58.9895       -182.8229     
     2200.0000     43.7575       59.6961       -239.4805     135.9894      67.6663       -209.6127     
     2400.0000     44.3592       68.5104       -267.0665     139.8237      76.4806       -237.1987     
     2600.0000     44.8174       77.4302       -295.3924     143.3933      85.4004       -265.5245     
 -----------------------------------------------------------------------------------------------------


 ====================================================================================================
   THERMO TABLE FOR MOLECULE CH3CO2H
 ====================================================================================================
   Elemental Composition:
     C 2.0000
     H 4.0000
     O 2.0000
   Formation Enthalpy at 298K =          -103.3011 kcal/mol
   Formation Free Gibbs Energy at 298K = -123.4866 kcal/mol
   Molecular Weight =                    60.0520 kg/kmol
 -----------------------------------------------------------------------------------------------------
   Temperature       Cp             H             G            S             DH            DG         
       [K]       [cal/mol/K]    [kcal/mol]    [kcal/mol]  [cal/(mol-K)]  [kcal/mol]     [kcal/mol]    
 -----------------------------------------------------------------------------------------------------
     300.0000      15.2306       -103.2707     -123.6222     67.8383       0.0304        -0.1356       
     600.0000      25.4322       -97.0921      -146.1138     81.7027       6.2089        -22.6272      
     800.0000      30.0000       -91.5177      -163.2693     89.6895       11.7833       -39.7827      
     1000.0000     33.3125       -85.1793      -181.9271     96.7478       18.1217       -58.4405      
     1200.0000     35.2599       -78.3149      -201.9150     103.0001      24.9862       -78.4284      
     1400.0000     36.8061       -71.1021      -223.0809     108.5563      32.1990       -99.5943      
     1600.0000     38.0090       -63.6153      -245.3003     113.5531      39.6857       -121.8137     
     1800.0000     38.9220       -55.9178      -268.4712     118.0852      47.3832       -144.9846     
     2000.0000     39.5945       -48.0625      -292.5081     122.2228      55.2385       -169.0215     
     2200.0000     40.0716       -40.0930      -317.3377     126.0203      63.2080       -193.8511     
     2400.0000     40.3941       -32.0442      -342.8965     129.5218      71.2569       -219.4099     
     2600.0000     40.5986       -23.9433      -369.1291     132.7638      79.3578       -245.6425     
 -----------------------------------------------------------------------------------------------------


 ====================================================================================================
   THERMO TABLE FOR MOLECULE CH2COOH
 ====================================================================================================
   Elemental Composition:
     C 2.0000
     H 3.0000
     O 2.0000
   Formation Enthalpy at 298K =          -59.3692 kcal/mol
   Formation Free Gibbs Energy at 298K = -79.2093 kcal/mol
   Molecular Weight =                    59.0440 kg/kmol
 -----------------------------------------------------------------------------------------------------
   Temperature       Cp             H             G            S             DH            DG         
       [K]       [cal/mol/K]    [kcal/mol]    [kcal/mol]  [cal/(mol-K)]  [kcal/mol]     [kcal/mol]    
 -----------------------------------------------------------------------------------------------------
     300.0000      15.7011       -59.3379      -79.3426      66.6822       0.0313        -0.1333       
     600.0000      23.8954       -53.2687      -101.4950     80.3770       6.1005        -22.2857      
     800.0000      27.1315       -48.1451      -118.3248     87.7247       11.2241       -39.1155      
     1000.0000     29.3571       -42.4828      -136.5157     94.0330       16.8865       -57.3064      
     1200.0000     30.9154       -36.4531      -155.8835     99.5254       22.9162       -76.6742      
     1400.0000     32.3135       -30.1276      -176.2848     104.3980      29.2417       -97.0755      
     1600.0000     33.5622       -23.5376      -197.6112     108.7960      35.8316       -118.4019     
     1800.0000     34.6757       -16.7117      -219.7779     112.8146      42.6575       -140.5686     
     2000.0000     35.6672       -9.6755       -242.7162     116.5203      49.6937       -163.5069     
     2200.0000     36.5494       -2.4521       -266.3685     119.9620      56.9171       -187.1592     
     2400.0000     37.3337       4.9377        -290.6859     123.1765      64.3070       -211.4766     
     2600.0000     38.0307       12.4756       -315.6259     126.1929      71.8448       -236.4166     
 -----------------------------------------------------------------------------------------------------


 ====================================================================================================
   THERMO TABLE FOR MOLECULE CH3CO2H(L)
 ====================================================================================================
   Elemental Composition:
     C 2.0000
     H 4.0000
     O 2.0000
   Formation Enthalpy at 298K =          -103.3011 kcal/mol
   Formation Free Gibbs Energy at 298K = -123.4866 kcal/mol
   Molecular Weight =                    60.0520 kg/kmol
 -----------------------------------------------------------------------------------------------------
   Temperature       Cp             H             G            S             DH            DG         
       [K]       [cal/mol/K]    [kcal/mol]    [kcal/mol]  [cal/(mol-K)]  [kcal/mol]     [kcal/mol]    
 -----------------------------------------------------------------------------------------------------
     300.0000      15.2306       -103.2707     -123.6222     67.8383       0.0304        -0.1356       
     600.0000      25.4322       -97.0921      -146.1138     81.7027       6.2089        -22.6272      
     800.0000      30.0000       -91.5177      -163.2693     89.6895       11.7833       -39.7827      
     1000.0000     33.3125       -85.1793      -181.9271     96.7478       18.1217       -58.4405      
     1200.0000     35.2599       -78.3149      -201.9150     103.0001      24.9862       -78.4284      
     1400.0000     36.8061       -71.1021      -223.0809     108.5563      32.1990       -99.5943      
     1600.0000     38.0090       -63.6153      -245.3003     113.5531      39.6857       -121.8137     
     1800.0000     38.9220       -55.9178      -268.4712     118.0852      47.3832       -144.9846     
     2000.0000     39.5945       -48.0625      -292.5081     122.2228      55.2385       -169.0215     
     2200.0000     40.0716       -40.0930      -317.3377     126.0203      63.2080       -193.8511     
     2400.0000     40.3941       -32.0442      -342.8965     129.5218      71.2569       -219.4099     
     2600.0000     40.5986       -23.9433      -369.1291     132.7638      79.3578       -245.6425     
 -----------------------------------------------------------------------------------------------------


