 ----------------------------------------------------------------------------------------------------------------------------------------------------------------------------------------------------------------------------------------------------------
                     SPECIFIC HEAT COEFFICIENTS                                                                     

             Cp = A + B*T + C*T^2 + D*T^3 + E*T^4  [J/kg/K]                                                         

    Species                      Cp(298K)         Cp(1000K)          LT-HT            A(LT)            B(LT)            C(LT)            D(LT)            E(LT)             A(HT)           B(HT)            C(HT)            D(HT)           E(HT)      
 ----------------------------------------------------------------------------------------------------------------------------------------------------------------------------------------------------------------------------------------------------------

    1. CO2                      8.436484e+02     1.234536e+03     1.000000e+03     4.168932e+02     1.907592e+00    -1.882347e-03     1.033721e-06    -2.413232e-10     8.757447e+02     5.187153e-01    -1.886019e-04     3.041972e-08    -1.741937e-12
    2. CH4                      2.224367e+03     4.595925e+03     1.000000e+03     2.668586e+03    -7.080587e+00     2.547014e-02    -2.509662e-05     8.634408e-09     8.568215e+02     5.196246e+00    -1.718871e-03     2.780383e-07    -1.630951e-11
    3. CH3                      2.554859e+03     3.920695e+03     1.000000e+03     2.022446e+03     1.176024e+00     3.018528e-03    -3.659857e-06     1.363554e-09     1.646922e+03     3.206254e+00    -1.092510e-03     1.699379e-07    -9.908459e-12
    4. CH2                      2.496014e+03     3.158433e+03     1.000000e+03     2.203584e+03     7.551079e-01     1.288319e-03    -2.067848e-06     9.792706e-10     1.864971e+03     1.800002e+00    -5.906572e-04     8.919869e-08    -5.081831e-12
    5. CH2(S)                   2.408214e+03     3.154302e+03     1.000000e+03     2.485574e+03    -1.381724e+00     4.834898e-03    -3.929830e-06     1.145384e-09     1.858272e+03     1.716559e+00    -4.840776e-04     6.731988e-08    -3.771429e-12
    6. CH3OH                    1.339083e+03     2.791930e+03     1.000000e+03     1.468306e+03    -4.229198e+00     1.795485e-02    -1.967874e-05     7.276713e-09     9.152780e+02     2.677349e+00    -9.416577e-04     1.498399e-07    -8.879173e-12
    7. CH3O                     1.370430e+03     2.656079e+03     1.000000e+03     9.944468e+02    -7.514022e-01     1.008835e-02    -1.267429e-05     4.998977e-09     1.274682e+03     1.993666e+00    -7.225796e-04     1.173709e-07    -7.060544e-12
    8. CH2OH                    1.527096e+03     2.486230e+03     1.000000e+03     1.199808e+03    -3.618714e-01     7.460986e-03    -9.775331e-06     3.962639e-09     1.364521e+03     1.593445e+00    -5.532344e-04     8.653822e-08    -5.040145e-12
    9. CH2O                     1.178406e+03     2.064667e+03     1.000000e+03     1.327424e+03    -2.743704e+00     1.033479e-02    -1.050274e-05     3.648900e-09     8.776697e+02     1.714953e+00    -6.232008e-04     1.013419e-07    -6.096131e-12
   10. HCO                      1.192271e+03     1.681688e+03     1.000000e+03     1.137729e+03    -4.272748e-01     2.733594e-03    -2.529239e-06     7.668776e-10     1.105370e+03     7.567598e-01    -2.132274e-04     3.533266e-08    -2.547113e-12
   11. N2                       1.039619e+03     1.166151e+03     1.000000e+03     1.049484e+03    -4.697429e-02    -1.267275e-04     7.050185e-07    -4.146493e-10     8.719975e+02     4.209706e-01    -1.493721e-04     2.396798e-08    -1.412943e-12
   12. H2                       1.430297e+04     1.494359e+04     1.000000e+03     9.803073e+03     3.191817e+01    -7.783882e-02     8.063589e-05    -2.957473e-08     1.196885e+04     3.583931e+00    -6.840642e-04     7.871185e-08    -3.840167e-12
   13. H                        2.062101e+04     2.062112e+04     1.000000e+03     2.061920e+04     5.558024e-03     9.222393e-06    -3.053520e-08     1.767102e-11     2.061997e+04     1.934948e-03    -9.582388e-07     1.861749e-10    -1.261951e-14
   14. O2                       9.180628e+02     1.090204e+03     1.000000e+03     9.835019e+02    -7.847322e-01     2.577720e-03    -2.540852e-06     8.545663e-10     9.509754e+02     1.714646e-01    -3.745852e-05     5.577691e-09    -3.546958e-13
   15. O                        1.369578e+03     1.308430e+03     1.000000e+03     1.641723e+03    -1.670844e+00     3.374093e-03    -3.111649e-06     1.075107e-09     1.326032e+03    -1.990843e-02     4.381982e-07     2.085331e-09    -2.169569e-13
   16. H2O                      1.864404e+03     2.291436e+03     1.000000e+03     1.939107e+03    -9.488297e-01     3.030162e-03    -2.551831e-06     8.228276e-10     1.260519e+03     1.362146e+00    -3.855436e-04     5.819366e-08    -3.879306e-12
   17. OH                       1.757254e+03     1.805222e+03     1.000000e+03     1.943733e+03    -1.117372e+00     2.119036e-03    -1.759626e-06     6.194508e-10     1.391277e+03     5.364230e-01    -1.413469e-04     2.000027e-08    -1.131192e-12
   18. H2O2                     1.247050e+03     1.852968e+03     1.000000e+03     1.036079e+03    -6.101548e-02     3.907604e-03    -5.058000e-06     2.028300e-09     1.109811e+03     1.016809e+00    -3.199183e-04     4.908980e-08    -2.823535e-12
   19. HO2                      1.058986e+03     1.460895e+03     1.000000e+03     1.073759e+03    -1.122606e+00     5.168261e-03    -5.939830e-06     2.281311e-09     1.034242e+03     5.140095e-01    -9.216734e-05     4.684802e-09     1.256561e-13
   20. CO                       1.040371e+03     1.183493e+03     1.000000e+03     1.067161e+03    -2.140794e-01     3.806612e-04     1.936665e-07    -2.439171e-10     9.006016e+02     4.076435e-01    -1.473643e-04     2.405232e-08    -1.440654e-12

 ----------------------------------------------------------------------------------------------------------------------------------------------------------------------------------------------------------------------------------------------------------


 -------------------------------------------------------------------------------------------------------------------------------------------------------------------------------------------------------------------------------------------------------------------------------------------
                           ENTHALPY COEFFICIENTS                                                                     

             H/(RT) = A + B*T + C*T^2 + D*T^3 + E*T^4 + F/T  [-]                                                         

    Species                   H(298K)[J/kmol]  H(1000K)[J/kmol]      LT-HT            A(LT)            B(LT)            C(LT)            D(LT)            E(LT)           F(LT)             A(HT)            B(HT)            C(HT)           D(HT)             E(HT)            F(HT)      
 -------------------------------------------------------------------------------------------------------------------------------------------------------------------------------------------------------------------------------------------------------------------------------------------

    1. CO2                     -3.934801e+08    -3.600706e+08     1.000000e+03     2.206643e+00     5.048504e-03    -3.321129e-06     1.367889e-09    -2.554679e-13    -4.835299e+04     4.635375e+00     1.372797e-03    -3.327608e-07     4.025340e-11    -1.844037e-15    -4.902037e+04
    2. CH4                     -7.460492e+07    -3.592585e+07     1.000000e+03     5.149115e+00    -6.831100e-03     1.638180e-05    -1.210617e-08     3.332069e-12    -1.024660e+04     1.653262e+00     5.013155e-03    -1.105537e-06     1.341208e-10    -6.293935e-15    -1.000959e+04
    3. CH3                      1.466941e+08     1.812659e+08     1.000000e+03     3.657180e+00     1.063299e-03     1.819463e-06    -1.654525e-09     4.931415e-13     1.642272e+04     2.978121e+00     2.898926e-03    -6.585267e-07     7.682448e-11    -3.583483e-15     1.650951e+04
    4. CH2                      3.911943e+08     4.191294e+08     1.000000e+03     3.717578e+00     6.369563e-04     7.244908e-07    -8.721462e-10     3.304177e-13     4.587239e+04     3.146319e+00     1.518356e-03    -3.321581e-07     3.762090e-11    -1.714671e-15     4.604126e+04
    5. CH2(S)                   4.287944e+08     4.559812e+08     1.000000e+03     4.193313e+00    -1.165526e-03     2.718922e-06    -1.657465e-09     3.864664e-13     5.036622e+04     3.135017e+00     1.447970e-03    -2.722227e-07     2.839317e-11    -1.272526e-15     5.050405e+04
    6. CH3OH                   -2.010053e+08    -1.528930e+08     1.000000e+03     5.658511e+00    -8.149171e-03     2.306461e-05    -1.895932e-08     5.608551e-12    -2.561197e+04     3.527268e+00     5.158939e-03    -1.209643e-06     1.443620e-10    -6.843653e-15    -2.600288e+04
    7. CH3O                     2.109359e+07     6.712996e+07     1.000000e+03     3.711805e+00    -1.402317e-03     1.255170e-05    -1.182680e-08     3.731768e-12     1.307725e+03     4.757792e+00     3.720712e-03    -8.990173e-07     1.095226e-10    -5.270742e-15     3.901392e+02
    8. CH2OH                   -1.720701e+07     2.824795e+07     1.000000e+03     4.478323e+00    -6.753484e-04     9.282790e-06    -9.121685e-09     2.958136e-12    -3.524767e+03     5.093120e+00     2.973793e-03    -6.883217e-07     8.075168e-11    -3.762501e-15    -4.058132e+03
    9. CH2O                    -1.091687e+08    -7.437827e+07     1.000000e+03     4.793723e+00    -4.954167e-03     1.244067e-05    -9.482131e-09     2.635453e-12    -1.437920e+04     3.169527e+00     3.096603e-03    -7.501879e-07     9.149392e-11    -4.402989e-15    -1.454868e+04
   10. HCO                      4.179776e+07     7.130317e+07     1.000000e+03     3.970747e+00    -7.456080e-04     3.180139e-06    -2.206801e-09     5.352903e-13     3.842033e+03     3.857811e+00     1.320570e-03    -2.480591e-07     3.082831e-11    -1.777917e-15     3.616429e+03
   11. N2                      -4.368615e+03     2.146391e+07     1.000000e+03     3.536035e+00    -7.913547e-05    -1.423281e-07     5.938565e-10    -2.794164e-13    -1.047496e+03     2.938030e+00     7.091902e-04    -1.677603e-07     2.018889e-11    -9.521286e-16    -9.171810e+02
   12. H2                      -4.325295e+03     2.068572e+07     1.000000e+03     2.376942e+00     3.869585e-03    -6.291169e-06     4.887928e-09    -1.434191e-12    -9.211731e+02     2.902076e+00     4.344963e-04    -5.528814e-08     4.771297e-12    -1.862244e-16    -7.979487e+02
   13. H                        2.179946e+08     2.325866e+08     1.000000e+03     2.499759e+00     3.369122e-07     3.726909e-10    -9.254803e-13     4.284676e-16     2.547377e+04     2.499852e+00     1.172913e-07    -3.872388e-11     5.642707e-15    -3.059840e-19     2.547380e+04
   14. O2                      -4.406504e+03     2.270475e+07     1.000000e+03     3.784983e+00    -1.510011e-03     3.306764e-06    -2.444601e-09     6.577554e-13    -1.064136e+03     3.659805e+00     3.299387e-04    -4.805272e-08     5.366401e-12    -2.730076e-16    -1.216030e+03
   15. O                        2.492254e+08     2.640874e+08     1.000000e+03     3.159065e+00    -1.607550e-03     2.164185e-06    -1.496888e-09     4.137522e-13     2.912985e+04     2.551601e+00    -1.915427e-05     2.810658e-10     1.003168e-12    -8.349531e-17     2.922876e+04
   16. H2O                     -2.418378e+08    -2.158323e+08     1.000000e+03     4.201476e+00    -1.027918e-03     2.188491e-06    -1.382267e-09     3.565652e-13    -3.029501e+04     2.731175e+00     1.475685e-03    -2.784533e-07     3.152215e-11    -1.681063e-15    -2.991691e+04
   17. OH                       3.748547e+07     5.840821e+07     1.000000e+03     3.975852e+00    -1.142776e-03     1.444810e-06    -8.998166e-10     2.534139e-13     3.393411e+03     2.845817e+00     5.486191e-04    -9.637370e-08     1.022750e-11    -4.627645e-16     3.717066e+03
   18. H2O2                    -1.354632e+08    -9.744328e+07     1.000000e+03     4.238542e+00    -1.248055e-04     5.328597e-06    -5.172999e-09     1.659533e-12    -1.764860e+04     4.540175e+00     2.079855e-03    -4.362559e-07     5.020590e-11    -2.310185e-15    -1.795140e+04
   19. HO2                      1.225174e+07     4.200428e+07     1.000000e+03     4.262512e+00    -2.228210e-03     6.838831e-06    -5.894850e-09     1.811229e-12     2.624424e+02     4.105640e+00     1.020234e-03    -1.219592e-07     4.649326e-12     9.976366e-17     4.328988e+01
   20. CO                      -1.105272e+08    -8.883326e+07     1.000000e+03     3.595084e+00    -3.605985e-04     4.274608e-07     1.631073e-10    -1.643430e-13    -1.434490e+04     3.033973e+00     6.866406e-04    -1.654817e-07     2.025704e-11    -9.706635e-16    -1.425860e+04

 -------------------------------------------------------------------------------------------------------------------------------------------------------------------------------------------------------------------------------------------------------------------------------------------


 -------------------------------------------------------------------------------------------------------------------------------------------------------------------------------------------------------------------------------------------------------------------------------------------
                             ENTROPY COEFFICIENTS                                                                     

             S/R = A*lnT + B*T + C*T^2 + D*T^3 + E*T^4 + F  [-]                                                         

    Species                 S(298K)[J/kmol/K] S(1000K)[J/kmol/K]     LT-HT            A(LT)            B(LT)            C(LT)            D(LT)            E(LT)           F(LT)             A(HT)            B(HT)            C(HT)           D(HT)             E(HT)            F(HT)      
 -------------------------------------------------------------------------------------------------------------------------------------------------------------------------------------------------------------------------------------------------------------------------------------------

    1. CO2                      2.137641e+05     2.692969e+05     1.000000e+03     2.206643e+00     1.009701e-02    -4.981694e-06     1.823852e-09    -3.193349e-13     1.052619e+01     4.635375e+00     2.745595e-03    -4.991412e-07     5.367120e-11    -2.305047e-15    -1.928876e+00
    2. CH4                      1.863520e+05     2.483061e+05     1.000000e+03     5.149115e+00    -1.366220e-02     2.457270e-05    -1.614156e-08     4.165086e-12    -4.638488e+00     1.653262e+00     1.002631e-02    -1.658306e-06     1.788277e-10    -7.867419e-15     9.905063e+00
    3. CH3                      1.939881e+05     2.511186e+05     1.000000e+03     3.657180e+00     2.126598e-03     2.729194e-06    -2.206033e-09     6.164269e-13     1.673535e+00     2.978121e+00     5.797852e-03    -9.877900e-07     1.024326e-10    -4.479354e-15     4.722480e+00
    4. CH2                      1.944003e+05     2.414845e+05     1.000000e+03     3.717578e+00     1.273913e-03     1.086736e-06    -1.162862e-09     4.130222e-13     1.752979e+00     3.146319e+00     3.036713e-03    -4.982372e-07     5.016119e-11    -2.143339e-15     4.723417e+00
    5. CH2(S)                   1.892023e+05     2.348013e+05     1.000000e+03     4.193313e+00    -2.331052e-03     4.078382e-06    -2.209953e-09     4.830830e-13    -7.467343e-01     3.135017e+00     2.895939e-03    -4.083340e-07     3.785757e-11    -1.590657e-15     4.060306e+00
    6. CH3OH                    2.406329e+05     3.177823e+05     1.000000e+03     5.658511e+00    -1.629834e-02     3.459691e-05    -2.527910e-08     7.010689e-12    -8.973305e-01     3.527268e+00     1.031788e-02    -1.814465e-06     1.924827e-10    -8.554566e-15     5.167587e+00
    7. CH3O                     2.342564e+05     3.087260e+05     1.000000e+03     3.711805e+00    -2.804633e-03     1.882755e-05    -1.576907e-08     4.664711e-12     6.572409e+00     4.757792e+00     7.441425e-03    -1.348526e-06     1.460302e-10    -6.588427e-15    -1.966800e+00
    8. CH2OH                    2.441447e+05     3.188862e+05     1.000000e+03     4.478323e+00    -1.350697e-03     1.392419e-05    -1.216225e-08     3.697669e-12     3.309120e+00     5.093120e+00     5.947585e-03    -1.032483e-06     1.076689e-10    -4.703126e-15    -1.846906e+00
    9. CH2O                     2.187450e+05     2.753817e+05     1.000000e+03     4.793723e+00    -9.908333e-03     1.866100e-05    -1.264284e-08     3.294316e-12     6.027981e-01     3.169527e+00     6.193206e-03    -1.125282e-06     1.219919e-10    -5.503736e-15     6.042079e+00
   10. HCO                      2.242823e+05     2.733900e+05     1.000000e+03     3.970747e+00    -1.491216e-03     4.770209e-06    -2.942401e-09     6.691128e-13     4.446604e+00     3.857811e+00     2.641139e-03    -3.720886e-07     4.110441e-11    -2.222397e-15     3.924512e+00
   11. N2                       1.915921e+05     2.281728e+05     1.000000e+03     3.536035e+00    -1.582709e-04    -2.134921e-07     7.918086e-10    -3.492705e-13     2.946037e+00     2.938030e+00     1.418380e-03    -2.516405e-07     2.691852e-11    -1.190161e-15     5.955220e+00
   12. H2                       1.306653e+05     1.662346e+05     1.000000e+03     2.376942e+00     7.739169e-03    -9.436754e-06     6.517237e-09    -1.792739e-12     5.471847e-01     2.902076e+00     8.689926e-04    -8.293222e-08     6.361730e-12    -2.327804e-16    -8.455913e-01
   13. H                        1.147064e+05     1.398716e+05     1.000000e+03     2.499759e+00     6.738245e-07     5.590363e-10    -1.233974e-12     5.355846e-16    -4.455740e-01     2.499852e+00     2.345825e-07    -5.808582e-11     7.523610e-15    -3.824800e-19    -4.458646e-01
   14. O2                       2.051340e+05     2.435837e+05     1.000000e+03     3.784983e+00    -3.020022e-03     4.960146e-06    -3.259468e-09     8.221943e-13     3.647807e+00     3.659805e+00     6.598774e-04    -7.207909e-08     7.155201e-12    -3.412595e-16     3.420741e+00
   15. O                        1.610488e+05     1.867873e+05     1.000000e+03     3.159065e+00    -3.215100e-03     3.246278e-06    -1.995850e-09     5.171903e-13     2.090783e+00     2.551601e+00    -3.830855e-05     4.215987e-10     1.337557e-12    -1.043691e-16     4.876170e+00
   16. H2O                      1.888149e+05     2.327362e+05     1.000000e+03     4.201476e+00    -2.055835e-03     3.282736e-06    -1.843023e-09     4.457065e-13    -8.606109e-01     2.731175e+00     2.951370e-03    -4.176799e-07     4.202953e-11    -2.101329e-15     6.551830e+00
   17. OH                       1.837277e+05     2.197291e+05     1.000000e+03     3.975852e+00    -2.285553e-03     2.167214e-06    -1.199755e-09     3.167673e-13    -3.553973e-02     2.845817e+00     1.097238e-03    -1.445606e-07     1.363666e-11    -5.784556e-16     5.803399e+00
   18. H2O2                     2.345104e+05     2.975553e+05     1.000000e+03     4.238542e+00    -2.496109e-04     7.992895e-06    -6.897332e-09     2.074416e-12     3.588501e+00     4.540175e+00     4.159710e-03    -6.543839e-07     6.694121e-11    -2.887731e-15     8.558817e-01
   19. HO2                      2.291381e+05     2.788063e+05     1.000000e+03     4.262512e+00    -4.456420e-03     1.025825e-05    -7.859800e-09     2.264036e-12     3.882237e+00     4.105640e+00     2.040468e-03    -1.829388e-07     6.199101e-12     1.247046e-16     3.308081e+00
   20. CO                       1.976451e+05     2.345473e+05     1.000000e+03     3.595084e+00    -7.211969e-04     6.411912e-07     2.174764e-10    -2.054287e-13     3.443556e+00     3.033973e+00     1.373281e-03    -2.482225e-07     2.700938e-11    -1.213329e-15     6.100761e+00

 -------------------------------------------------------------------------------------------------------------------------------------------------------------------------------------------------------------------------------------------------------------------------------------------


