 ----------------------------------------------------------------------------------------------------------------------------------------------------------------------------------------------------------------------------------------------------------
                     SPECIFIC HEAT COEFFICIENTS                                                                     

             Cp = A + B*T + C*T^2 + D*T^3 + E*T^4  [J/kg/K]                                                         

    Species                      Cp(298K)         Cp(1000K)          LT-HT            A(LT)            B(LT)            C(LT)            D(LT)            E(LT)             A(HT)           B(HT)            C(HT)            D(HT)           E(HT)      
 ----------------------------------------------------------------------------------------------------------------------------------------------------------------------------------------------------------------------------------------------------------

    1. CH2O                     1.174811e+03     2.057145e+03     7.000000e+02     1.197966e+03    -1.941551e+00     8.727526e-03    -9.317388e-06     3.418550e-09     3.692181e+02     2.794153e+00    -1.420411e-03     3.473134e-07    -3.312912e-11
    2. N2                       1.039626e+03     1.166660e+03     1.000000e+03     1.047991e+03    -3.670217e-02    -1.492886e-04     7.227908e-07    -4.181308e-10     8.763149e+02     4.145954e-01    -1.462114e-04     2.332852e-08    -1.367506e-12
    3. POM                      9.615372e+01     1.004486e+02     1.000000e+03     9.132794e+01     2.284342e-02    -2.254872e-05    -2.623831e-09     1.144982e-11     8.283512e+01     1.938540e-02    -1.560056e-06    -2.556305e-10     4.382779e-14

 ----------------------------------------------------------------------------------------------------------------------------------------------------------------------------------------------------------------------------------------------------------


 -------------------------------------------------------------------------------------------------------------------------------------------------------------------------------------------------------------------------------------------------------------------------------------------
                           ENTHALPY COEFFICIENTS                                                                     

             H/(RT) = A + B*T + C*T^2 + D*T^3 + E*T^4 + F/T  [-]                                                         

    Species                   H(298K)[J/kmol]  H(1000K)[J/kmol]      LT-HT            A(LT)            B(LT)            C(LT)            D(LT)            E(LT)           F(LT)             A(HT)            B(HT)            C(HT)           D(HT)             E(HT)            F(HT)      
 -------------------------------------------------------------------------------------------------------------------------------------------------------------------------------------------------------------------------------------------------------------------------------------------

    1. CH2O                    -1.091825e+08    -7.441118e+07     7.000000e+02     4.326213e+00    -3.505759e-03     1.050590e-05    -8.411966e-09     2.469080e-12    -1.432702e+04     1.333357e+00     5.045259e-03    -1.709842e-06     3.135630e-10    -2.392782e-14    -1.390802e+04
    2. N2                      -4.368616e+03     2.146458e+07     1.000000e+03     3.531005e+00    -6.183049e-05    -1.676665e-07     6.088265e-10    -2.817625e-13    -1.046976e+03     2.952576e+00     6.984502e-04    -1.642105e-07     1.965025e-11    -9.215104e-16    -9.239487e+02
    3. POM                     -1.882892e+03     2.066684e+07     1.000000e+03     3.298124e+00     4.124721e-04    -2.714338e-07    -2.368859e-11     8.269744e-14    -1.012521e+03     2.991423e+00     3.500322e-04    -1.877943e-08    -2.307895e-12     3.165504e-16    -8.350338e+02

 -------------------------------------------------------------------------------------------------------------------------------------------------------------------------------------------------------------------------------------------------------------------------------------------


 -------------------------------------------------------------------------------------------------------------------------------------------------------------------------------------------------------------------------------------------------------------------------------------------
                             ENTROPY COEFFICIENTS                                                                     

             S/R = A*lnT + B*T + C*T^2 + D*T^3 + E*T^4 + F  [-]                                                         

    Species                 S(298K)[J/kmol/K] S(1000K)[J/kmol/K]     LT-HT            A(LT)            B(LT)            C(LT)            D(LT)            E(LT)           F(LT)             A(HT)            B(HT)            C(HT)           D(HT)             E(HT)            F(HT)      
 -------------------------------------------------------------------------------------------------------------------------------------------------------------------------------------------------------------------------------------------------------------------------------------------

    1. CH2O                     2.187092e+05     2.753421e+05     7.000000e+02     4.326213e+00    -7.011519e-03     1.575885e-05    -1.121595e-08     3.086351e-12     2.620289e+00     1.333357e+00     1.009052e-02    -2.564763e-06     4.180840e-10    -2.990978e-14     1.599161e+01
    2. N2                       1.915940e+05     2.281754e+05     1.000000e+03     3.531005e+00    -1.236610e-04    -2.514997e-07     8.117687e-10    -3.522031e-13     2.967470e+00     2.952576e+00     1.396900e-03    -2.463158e-07     2.620034e-11    -1.151888e-15     5.871888e+00
    3. POM                      1.305810e+05     1.661073e+05     1.000000e+03     3.298124e+00     8.249441e-04    -4.071507e-07    -3.158478e-11     1.033718e-13    -3.294094e+00     2.991423e+00     7.000644e-04    -2.816914e-08    -3.077193e-12     3.956880e-16    -1.355110e+00

 -------------------------------------------------------------------------------------------------------------------------------------------------------------------------------------------------------------------------------------------------------------------------------------------


