-----------------------------------------------------------------------------------------------------------------------------------------------------
Name                              MW       Cp@298K        H@298K        G@298K        S@298K      Cp@1000K       H@1000K       G@1000K       S@1000K 
                           [kg/kmol]   [cal/mol/K]    [kcal/mol]    [kcal/mol]   [cal/mol/K]   [cal/mol/K]    [kcal/mol]    [kcal/mol]   [cal/mol/K] 
-----------------------------------------------------------------------------------------------------------------------------------------------------
CH2O                         30.0260        8.4300      -26.0926      -41.6683       52.2674       14.7613      -17.7829      -83.5844       65.8016
N2                           28.0140        6.9601       -0.0010      -13.6457       45.7873        7.8106        5.1296      -49.4000       54.5296
POM                         300.2600        6.8997       -0.0004       -9.3000       31.2064        7.2078        4.9390      -34.7575       39.6965
-----------------------------------------------------------------------------------------------------------------------------------------------------

 ====================================================================================================
   THERMO TABLE FOR MOLECULE CH2O
 ====================================================================================================
   Elemental Composition:
     C 1.0000
     H 2.0000
     O 1.0000
   Formation Enthalpy at 298K =          -26.0926 kcal/mol
   Formation Free Gibbs Energy at 298K = -41.6683 kcal/mol
   Molecular Weight =                    30.0260 kg/kmol
 -----------------------------------------------------------------------------------------------------
   Temperature       Cp             H             G            S             DH            DG         
       [K]       [cal/mol/K]    [kcal/mol]    [kcal/mol]  [cal/(mol-K)]  [kcal/mol]     [kcal/mol]    
 -----------------------------------------------------------------------------------------------------
     300.0000      8.4464        -26.0757      -41.7728      52.3238       0.0169        -0.1046       
     600.0000      11.5200       -23.0935      -58.5476      59.0902       2.9991        -16.8793      
     800.0000      13.3448       -20.5996      -70.7314      62.6647       5.4929        -29.0632      
     1000.0000     14.7613       -17.7829      -83.5844      65.8016       8.3097        -41.9162      
     1200.0000     15.8458       -14.7172      -97.0291      68.5932       11.3753       -55.3609      
     1400.0000     16.6675       -11.4621      -111.0028     71.1005       14.6305       -69.3346      
     1600.0000     17.2868       -8.0637       -125.4534     73.3686       18.0289       -83.7851      
     1800.0000     17.7548       -4.5574       -140.3367     75.4329       21.5352       -98.6684      
     2000.0000     18.1137       -0.9690       -155.6150     77.3230       25.1235       -113.9467     
     2200.0000     18.3961       2.6830        -171.2559     79.0631       28.7756       -129.5876     
     2400.0000     18.6261       6.3859        -187.2316     80.6740       32.4785       -145.5633     
     2600.0000     18.8181       10.1309       -203.5180     82.1727       36.2235       -161.8498     
 -----------------------------------------------------------------------------------------------------


 ====================================================================================================
   THERMO TABLE FOR MOLECULE N2
 ====================================================================================================
   Elemental Composition:
     N 2.0000
   Formation Enthalpy at 298K =          -0.0010 kcal/mol
   Formation Free Gibbs Energy at 298K = -13.6457 kcal/mol
   Molecular Weight =                    28.0140 kg/kmol
 -----------------------------------------------------------------------------------------------------
   Temperature       Cp             H             G            S             DH            DG         
       [K]       [cal/mol/K]    [kcal/mol]    [kcal/mol]  [cal/(mol-K)]  [kcal/mol]     [kcal/mol]    
 -----------------------------------------------------------------------------------------------------
     300.0000      6.9604        0.0129        -13.7373      45.8339       0.0139        -0.0916       
     600.0000      7.1913        2.1264        -28.2986      50.7083       2.1274        -14.6529      
     800.0000      7.5108        3.5954        -38.6599      52.8191       3.5964        -25.0142      
     1000.0000     7.8106        5.1296        -49.4000      54.5296       5.1307        -35.7543      
     1200.0000     8.0389        6.7153        -60.4541      55.9745       6.7163        -46.8084      
     1400.0000     8.2275        8.3425        -71.7771      57.2283       8.3436        -58.1314      
     1600.0000     8.3816        10.0040       -83.3358      58.3374       10.0050       -69.6901      
     1800.0000     8.5062        11.6932       -95.1045      59.3320       11.6943       -81.4588      
     2000.0000     8.6056        13.4048       -107.0624     60.2336       13.4058       -93.4168      
     2200.0000     8.6840        15.1340       -119.1927     61.0576       15.1351       -105.5471     
     2400.0000     8.7454        16.8772       -131.4811     61.8160       16.8783       -117.8354     
     2600.0000     8.7930        18.6313       -143.9154     62.5179       18.6323       -130.2697     
 -----------------------------------------------------------------------------------------------------


 ====================================================================================================
   THERMO TABLE FOR MOLECULE POM
 ====================================================================================================
   Elemental Composition:
     C 10.0000
     H 20.0000
     O 10.0000
   Formation Enthalpy at 298K =          -0.0004 kcal/mol
   Formation Free Gibbs Energy at 298K = -9.3000 kcal/mol
   Molecular Weight =                    300.2600 kg/kmol
 -----------------------------------------------------------------------------------------------------
   Temperature       Cp             H             G            S             DH            DG         
       [K]       [cal/mol/K]    [kcal/mol]    [kcal/mol]  [cal/(mol-K)]  [kcal/mol]     [kcal/mol]    
 -----------------------------------------------------------------------------------------------------
     300.0000      6.9011        0.0134        -9.3624       31.2526       0.0138        -0.0625       
     600.0000      7.0202        2.1054        -19.5435      36.0814       2.1058        -10.2435      
     800.0000      7.0693        3.5138        -26.9718      38.1069       3.5142        -17.6718      
     1000.0000     7.2078        4.9390        -34.7575      39.6965       4.9394        -25.4576      
     1200.0000     7.4268        6.4027        -42.8336      41.0302       6.4031        -33.5336      
     1400.0000     7.6337        7.9089        -51.1581      42.1908       7.9094        -41.8582      
     1600.0000     7.8285        9.4553        -59.7014      43.2229       9.4558        -50.4014      
     1800.0000     8.0111        11.0395       -68.4407      44.1557       11.0400       -59.1408      
     2000.0000     8.1818        12.6590       -77.3583      45.0087       12.6594       -68.0584      
     2200.0000     8.3408        14.3114       -86.4398      45.7960       14.3119       -77.1399      
     2400.0000     8.4884        15.9945       -95.6731      46.5282       15.9950       -86.3731      
     2600.0000     8.6252        17.7061       -105.0479     47.2131       17.7065       -95.7480      
 -----------------------------------------------------------------------------------------------------


