 ----------------------------------------------------------------------------------------------------------------------------------------------------------------------------------------------------------------------------------------------------------
                     SPECIFIC HEAT COEFFICIENTS                                                                     

             Cp = A + B*T + C*T^2 + D*T^3 + E*T^4  [J/kg/K]                                                         

    Species                      Cp(298K)         Cp(1000K)          LT-HT            A(LT)            B(LT)            C(LT)            D(LT)            E(LT)             A(HT)           B(HT)            C(HT)            D(HT)           E(HT)      
 ----------------------------------------------------------------------------------------------------------------------------------------------------------------------------------------------------------------------------------------------------------

    1. CH3OH                    1.300698e+03     2.777974e+03     1.800000e+03     2.198707e+02     4.231883e+00    -2.201340e-03     5.950135e-07    -6.745400e-11     7.050284e+02     3.153755e+00    -1.302899e-03     2.622579e-07    -2.123794e-11
    2. N2                       1.037140e+03     1.164911e+03     1.050000e+03     1.107350e+03    -5.436120e-01     1.283125e-03    -9.033842e-07     2.214316e-10     8.344916e+02     4.958504e-01    -2.018210e-04     3.943875e-08    -3.050104e-12
    3. O2                       9.191957e+02     1.088754e+03     7.000000e+02     9.728631e+02    -7.268857e-01     2.546782e-03    -2.683131e-06     9.872255e-10     7.327900e+02     6.449603e-01    -3.928883e-04     1.165543e-07    -1.266231e-11
    4. CH3OH(L)                 1.300698e+03     2.777974e+03     1.800000e+03     2.198707e+02     4.231883e+00    -2.201340e-03     5.950135e-07    -6.745400e-11     7.050284e+02     3.153755e+00    -1.302899e-03     2.622579e-07    -2.123794e-11

 ----------------------------------------------------------------------------------------------------------------------------------------------------------------------------------------------------------------------------------------------------------


 -------------------------------------------------------------------------------------------------------------------------------------------------------------------------------------------------------------------------------------------------------------------------------------------
                           ENTHALPY COEFFICIENTS                                                                     

             H/(RT) = A + B*T + C*T^2 + D*T^3 + E*T^4 + F/T  [-]                                                         

    Species                   H(298K)[J/kmol]  H(1000K)[J/kmol]      LT-HT            A(LT)            B(LT)            C(LT)            D(LT)            E(LT)           F(LT)             A(HT)            B(HT)            C(HT)           D(HT)             E(HT)            F(HT)      
 -------------------------------------------------------------------------------------------------------------------------------------------------------------------------------------------------------------------------------------------------------------------------------------------

    1. CH3OH                   -2.011272e+08    -1.529955e+08     1.800000e+03     8.473305e-01     8.154345e-03    -2.827817e-06     5.732609e-10    -5.199040e-14    -2.509625e+04     2.717015e+00     6.076918e-03    -1.673690e-06     2.526702e-10    -1.636922e-14    -2.576934e+04
    2. N2                       1.040434e+03     2.146532e+07     1.050000e+03     3.731007e+00    -9.157987e-04     1.441082e-06    -7.609454e-10     1.492143e-13    -1.062874e+03     2.811661e+00     8.353368e-04    -2.266658e-07     3.322034e-11    -2.055349e-15    -8.698116e+02
    3. O2                      -1.079679e+04     2.268365e+07     7.000000e+02     3.744039e+00    -1.398701e-03     3.267075e-06    -2.581491e-09     7.598625e-13    -1.060698e+03     2.820124e+00     1.241057e-03    -5.040070e-07     1.121391e-10    -9.746113e-15    -9.313501e+02
    4. CH3OH(L)                -2.011272e+08    -1.529955e+08     1.800000e+03     8.473305e-01     8.154345e-03    -2.827817e-06     5.732609e-10    -5.199040e-14    -2.509625e+04     2.717015e+00     6.076918e-03    -1.673690e-06     2.526702e-10    -1.636922e-14    -2.576934e+04

 -------------------------------------------------------------------------------------------------------------------------------------------------------------------------------------------------------------------------------------------------------------------------------------------


 -------------------------------------------------------------------------------------------------------------------------------------------------------------------------------------------------------------------------------------------------------------------------------------------
                             ENTROPY COEFFICIENTS                                                                     

             S/R = A*lnT + B*T + C*T^2 + D*T^3 + E*T^4 + F  [-]                                                         

    Species                 S(298K)[J/kmol/K] S(1000K)[J/kmol/K]     LT-HT            A(LT)            B(LT)            C(LT)            D(LT)            E(LT)           F(LT)             A(HT)            B(HT)            C(HT)           D(HT)             E(HT)            F(HT)      
 -------------------------------------------------------------------------------------------------------------------------------------------------------------------------------------------------------------------------------------------------------------------------------------------

    1. CH3OH                    2.404848e+05     3.177189e+05     1.800000e+03     8.473305e-01     1.630869e-02    -4.241725e-06     7.643478e-10    -6.498800e-14     1.959333e+01     2.717015e+00     1.215384e-02    -2.510535e-06     3.368936e-10    -2.046152e-14     9.474205e+00
    2. N2                       1.916057e+05     2.281742e+05     1.050000e+03     3.731007e+00    -1.831597e-03     2.161623e-06    -1.014594e-09     1.865179e-13     2.168212e+00     2.811661e+00     1.670674e-03    -3.399987e-07     4.429379e-11    -2.569186e-15     6.648381e+00
    3. O2                       2.051131e+05     2.435581e+05     7.000000e+02     3.744039e+00    -2.797401e-03     4.900613e-06    -3.441988e-09     9.498281e-13     3.821326e+00     2.820124e+00     2.482114e-03    -7.560105e-07     1.495187e-10    -1.218264e-14     7.949146e+00
    4. CH3OH(L)                 2.404848e+05     3.177189e+05     1.800000e+03     8.473305e-01     1.630869e-02    -4.241725e-06     7.643478e-10    -6.498800e-14     1.959333e+01     2.717015e+00     1.215384e-02    -2.510535e-06     3.368936e-10    -2.046152e-14     9.474205e+00

 -------------------------------------------------------------------------------------------------------------------------------------------------------------------------------------------------------------------------------------------------------------------------------------------


