-----------------------------------------------------------------------------------------------------------------------------------------------------
Name                              MW       Cp@298K        H@298K        G@298K        S@298K      Cp@1000K       H@1000K       G@1000K       S@1000K 
                           [kg/kmol]   [cal/mol/K]    [kcal/mol]    [kcal/mol]   [cal/mol/K]   [cal/mol/K]    [kcal/mol]    [kcal/mol]   [cal/mol/K] 
-----------------------------------------------------------------------------------------------------------------------------------------------------
CH3OH                        32.0420        9.9600      -48.0656      -65.1921       57.4713       21.2722      -36.5630     -112.4919       75.9288
N2                           28.0140        6.9435        0.0002      -13.6452       45.7902        7.7989        5.1298      -49.3995       54.5293
O2                           31.9980        7.0290       -0.0026      -14.6100       49.0182        8.3256        5.4210      -52.7848       58.2058
CH3OH(L)                     32.0420        9.9600      -48.0656      -65.1921       57.4713       21.2722      -36.5630     -112.4919       75.9288
-----------------------------------------------------------------------------------------------------------------------------------------------------

 ====================================================================================================
   THERMO TABLE FOR MOLECULE CH3OH
 ====================================================================================================
   Elemental Composition:
     C 1.0000
     H 4.0000
     O 1.0000
   Formation Enthalpy at 298K =          -48.0656 kcal/mol
   Formation Free Gibbs Energy at 298K = -65.1921 kcal/mol
   Molecular Weight =                    32.0420 kg/kmol
 -----------------------------------------------------------------------------------------------------
   Temperature       Cp             H             G            S             DH            DG         
       [K]       [cal/mol/K]    [kcal/mol]    [kcal/mol]  [cal/(mol-K)]  [kcal/mol]     [kcal/mol]    
 -----------------------------------------------------------------------------------------------------
     300.0000      10.0070       -48.0457      -65.3071      57.5381       0.0200        -0.1150       
     600.0000      15.9757       -44.0972      -83.9507      66.4225       3.9684        -18.7586      
     800.0000      18.9410       -40.5938      -97.7469      71.4414       7.4718        -32.5548      
     1000.0000     21.2722       -36.5630      -112.4919     75.9288       11.5026       -47.2998      
     1200.0000     23.0987       -32.1185      -128.0890     79.9754       15.9471       -62.8970      
     1400.0000     24.5303       -27.3498      -144.4572     83.6481       20.7158       -79.2651      
     1600.0000     25.6567       -22.3267      -161.5269     87.0002       25.7389       -96.3349      
     1800.0000     26.5478       -17.1028      -179.2388     90.0756       30.9628       -114.0467     
     2000.0000     27.2543       -11.7198      -197.5412     92.9107       36.3458       -132.3491     
     2200.0000     27.8138       -6.2108       -216.3891     95.5356       41.8548       -151.1970     
     2400.0000     28.2572       -0.6020       -235.7430     97.9754       47.4636       -170.5510     
     2600.0000     28.6090       5.0860        -255.5683     100.2516      53.1516       -190.3762     
 -----------------------------------------------------------------------------------------------------


 ====================================================================================================
   THERMO TABLE FOR MOLECULE N2
 ====================================================================================================
   Elemental Composition:
     N 2.0000
   Formation Enthalpy at 298K =          0.0002 kcal/mol
   Formation Free Gibbs Energy at 298K = -13.6452 kcal/mol
   Molecular Weight =                    28.0140 kg/kmol
 -----------------------------------------------------------------------------------------------------
   Temperature       Cp             H             G            S             DH            DG         
       [K]       [cal/mol/K]    [kcal/mol]    [kcal/mol]  [cal/(mol-K)]  [kcal/mol]     [kcal/mol]    
 -----------------------------------------------------------------------------------------------------
     300.0000      6.9435        0.0141        -13.7368      45.8366       0.0139        -0.0916       
     600.0000      7.2081        2.1267        -28.2976      50.7071       2.1264        -14.6524      
     800.0000      7.5104        3.5982        -38.6591      52.8217       3.5979        -25.0139      
     1000.0000     7.7989        5.1298        -49.3995      54.5293       5.1296        -35.7543      
     1200.0000     8.0386        6.7144        -60.4534      55.9732       6.7141        -46.8082      
     1400.0000     8.2321        8.3422        -71.7762      57.2274       8.3419        -58.1310      
     1600.0000     8.3869        10.0046       -83.3348      58.3371       10.0044       -69.6896      
     1800.0000     8.5099        11.6948       -95.1034      59.3324       11.6945       -81.4582      
     2000.0000     8.6070        13.4069       -107.0615     60.2342       13.4066       -93.4163      
     2200.0000     8.6835        15.1362       -119.1919     61.0582       15.1360       -105.5467     
     2400.0000     8.7438        16.8792       -131.4804     61.8165       16.8789       -117.8352     
     2600.0000     8.7915        18.6329       -143.9148     62.5183       18.6326       -130.2696     
 -----------------------------------------------------------------------------------------------------


 ====================================================================================================
   THERMO TABLE FOR MOLECULE O2
 ====================================================================================================
   Elemental Composition:
     O 2.0000
   Formation Enthalpy at 298K =          -0.0026 kcal/mol
   Formation Free Gibbs Energy at 298K = -14.6100 kcal/mol
   Molecular Weight =                    31.9980 kg/kmol
 -----------------------------------------------------------------------------------------------------
   Temperature       Cp             H             G            S             DH            DG         
       [K]       [cal/mol/K]    [kcal/mol]    [kcal/mol]  [cal/(mol-K)]  [kcal/mol]     [kcal/mol]    
 -----------------------------------------------------------------------------------------------------
     300.0000      7.0318        0.0115        -14.7081      49.0652       0.0141        -0.0981       
     600.0000      7.6619        2.2104        -30.2617      54.1201       2.2129        -15.6517      
     800.0000      8.0430        3.7827        -41.3206      56.3791       3.7853        -26.7106      
     1000.0000     8.3256        5.4210        -52.7848      58.2058       5.4235        -38.1748      
     1200.0000     8.5350        7.1080        -64.5838      59.7432       7.1106        -49.9738      
     1400.0000     8.6934        8.8316        -76.6682      61.0713       8.8342        -62.0582      
     1600.0000     8.8196        10.5833       -89.0017      62.2406       10.5859       -74.3917      
     1800.0000     8.9284        12.3583       -101.5562     63.2858       12.3608       -86.9462      
     2000.0000     9.0310        14.1542       -114.3095     64.2319       14.1568       -99.6995      
     2200.0000     9.1348        15.9707       -127.2436     65.0974       15.9733       -112.6336     
     2400.0000     9.2436        17.8085       -140.3440     65.8969       17.8111       -125.7340     
     2600.0000     9.3574        19.6685       -153.5987     66.6412       19.6711       -138.9887     
 -----------------------------------------------------------------------------------------------------


 ====================================================================================================
   THERMO TABLE FOR MOLECULE CH3OH(L)
 ====================================================================================================
   Elemental Composition:
     C 1.0000
     H 4.0000
     O 1.0000
   Formation Enthalpy at 298K =          -48.0656 kcal/mol
   Formation Free Gibbs Energy at 298K = -65.1921 kcal/mol
   Molecular Weight =                    32.0420 kg/kmol
 -----------------------------------------------------------------------------------------------------
   Temperature       Cp             H             G            S             DH            DG         
       [K]       [cal/mol/K]    [kcal/mol]    [kcal/mol]  [cal/(mol-K)]  [kcal/mol]     [kcal/mol]    
 -----------------------------------------------------------------------------------------------------
     300.0000      10.0070       -48.0457      -65.3071      57.5381       0.0200        -0.1150       
     600.0000      15.9757       -44.0972      -83.9507      66.4225       3.9684        -18.7586      
     800.0000      18.9410       -40.5938      -97.7469      71.4414       7.4718        -32.5548      
     1000.0000     21.2722       -36.5630      -112.4919     75.9288       11.5026       -47.2998      
     1200.0000     23.0987       -32.1185      -128.0890     79.9754       15.9471       -62.8970      
     1400.0000     24.5303       -27.3498      -144.4572     83.6481       20.7158       -79.2651      
     1600.0000     25.6567       -22.3267      -161.5269     87.0002       25.7389       -96.3349      
     1800.0000     26.5478       -17.1028      -179.2388     90.0756       30.9628       -114.0467     
     2000.0000     27.2543       -11.7198      -197.5412     92.9107       36.3458       -132.3491     
     2200.0000     27.8138       -6.2108       -216.3891     95.5356       41.8548       -151.1970     
     2400.0000     28.2572       -0.6020       -235.7430     97.9754       47.4636       -170.5510     
     2600.0000     28.6090       5.0860        -255.5683     100.2516      53.1516       -190.3762     
 -----------------------------------------------------------------------------------------------------


