-----------------------------------------------------------------------------------------------------------------------------------------------------
Name                              MW       Cp@298K        H@298K        G@298K        S@298K      Cp@1000K       H@1000K       G@1000K       S@1000K 
                           [kg/kmol]   [cal/mol/K]    [kcal/mol]    [kcal/mol]   [cal/mol/K]   [cal/mol/K]    [kcal/mol]    [kcal/mol]   [cal/mol/K] 
-----------------------------------------------------------------------------------------------------------------------------------------------------
C2H4                         28.0540       10.2459       12.5449       -3.0728       52.4085       22.4874       24.6481      -47.1216       71.7697
N2                           28.0140        6.9601       -0.0010      -13.6457       45.7873        7.8106        5.1296      -49.4000       54.5296
P-HDPE-P                    561.0800      285.9902     -247.6590     -349.5762      342.0041      497.9100       32.9589     -766.9781      799.9370
-----------------------------------------------------------------------------------------------------------------------------------------------------

 ====================================================================================================
   THERMO TABLE FOR MOLECULE C2H4
 ====================================================================================================
   Elemental Composition:
     C 2.0000
     H 4.0000
   Formation Enthalpy at 298K =          12.5449 kcal/mol
   Formation Free Gibbs Energy at 298K = -3.0728 kcal/mol
   Molecular Weight =                    28.0540 kg/kmol
 -----------------------------------------------------------------------------------------------------
   Temperature       Cp             H             G            S             DH            DG         
       [K]       [cal/mol/K]    [kcal/mol]    [kcal/mol]  [cal/(mol-K)]  [kcal/mol]     [kcal/mol]    
 -----------------------------------------------------------------------------------------------------
     300.0000      10.2892       12.5654       -3.1777       52.4772       0.0205        -0.1049       
     600.0000      16.9529       16.6763       -20.3469      61.7053       4.1314        -17.2741      
     800.0000      20.0514       20.3992       -33.2320      67.0390       7.8543        -30.1592      
     1000.0000     22.4874       24.6481       -47.1216      71.7697       12.1032       -44.0488      
     1200.0000     24.1883       29.3210       -61.9088      76.0249       16.7761       -58.8360      
     1400.0000     25.5899       34.3035       -77.5038      79.8623       21.7586       -74.4310      
     1600.0000     26.7312       39.5396       -93.8309      83.3566       26.9947       -90.7581      
     1800.0000     27.6487       44.9811       -110.8271     86.5601       32.4362       -107.7542     
     2000.0000     28.3763       50.5865       -128.4382     89.5123       38.0416       -125.3654     
     2200.0000     28.9450       56.3210       -146.6173     92.2447       43.7761       -143.5445     
     2400.0000     29.3832       62.1558       -165.3231     94.7829       49.6109       -162.2503     
     2600.0000     29.7165       68.0673       -184.5190     97.1486       55.5224       -181.4462     
 -----------------------------------------------------------------------------------------------------


 ====================================================================================================
   THERMO TABLE FOR MOLECULE N2
 ====================================================================================================
   Elemental Composition:
     N 2.0000
   Formation Enthalpy at 298K =          -0.0010 kcal/mol
   Formation Free Gibbs Energy at 298K = -13.6457 kcal/mol
   Molecular Weight =                    28.0140 kg/kmol
 -----------------------------------------------------------------------------------------------------
   Temperature       Cp             H             G            S             DH            DG         
       [K]       [cal/mol/K]    [kcal/mol]    [kcal/mol]  [cal/(mol-K)]  [kcal/mol]     [kcal/mol]    
 -----------------------------------------------------------------------------------------------------
     300.0000      6.9604        0.0129        -13.7373      45.8339       0.0139        -0.0916       
     600.0000      7.1913        2.1264        -28.2986      50.7083       2.1274        -14.6529      
     800.0000      7.5108        3.5954        -38.6599      52.8191       3.5964        -25.0142      
     1000.0000     7.8106        5.1296        -49.4000      54.5296       5.1307        -35.7543      
     1200.0000     8.0389        6.7153        -60.4541      55.9745       6.7163        -46.8084      
     1400.0000     8.2275        8.3425        -71.7771      57.2283       8.3436        -58.1314      
     1600.0000     8.3816        10.0040       -83.3358      58.3374       10.0050       -69.6901      
     1800.0000     8.5062        11.6932       -95.1045      59.3320       11.6943       -81.4588      
     2000.0000     8.6056        13.4048       -107.0624     60.2336       13.4058       -93.4168      
     2200.0000     8.6840        15.1340       -119.1927     61.0576       15.1351       -105.5471     
     2400.0000     8.7454        16.8772       -131.4811     61.8160       16.8783       -117.8354     
     2600.0000     8.7930        18.6313       -143.9154     62.5179       18.6323       -130.2697     
 -----------------------------------------------------------------------------------------------------


 ====================================================================================================
   THERMO TABLE FOR MOLECULE P-HDPE-P
 ====================================================================================================
   Elemental Composition:
     C 40.0000
     H 80.0000
   Formation Enthalpy at 298K =          -247.6590 kcal/mol
   Formation Free Gibbs Energy at 298K = -349.5762 kcal/mol
   Molecular Weight =                    561.0800 kg/kmol
 -----------------------------------------------------------------------------------------------------
   Temperature       Cp             H             G            S             DH            DG         
       [K]       [cal/mol/K]    [kcal/mol]    [kcal/mol]  [cal/(mol-K)]  [kcal/mol]     [kcal/mol]    
 -----------------------------------------------------------------------------------------------------
     300.0000      286.6829      -247.0863     -350.2621     343.9194      0.5727        -0.6859       
     600.0000      388.2851      -145.6449     -490.1912     574.2439      102.0140      -140.6151     
     800.0000      448.2301      -61.8438      -617.3401     694.3704      185.8151      -267.7640     
     1000.0000     497.9100      32.9589       -766.9781     799.9370      280.6178      -417.4020     
     1200.0000     535.8623      136.5344      -936.5680     894.2520      384.1933      -586.9918     
     1400.0000     562.3979      246.5387      -1124.0412    978.9856      494.1977      -774.4650     
     1600.0000     579.6007      360.8674      -1327.6006    1055.2925     608.5263      -978.0244     
     1800.0000     591.3278      478.0100      -1545.6689    1124.2661     725.6690      -1196.0927    
     2000.0000     603.2096      597.4049      -1776.9006    1187.1527     845.0638      -1427.3244    
     2200.0000     622.6495      719.7938      -2020.2242    1245.4627     967.4527      -1670.6480    
     2400.0000     658.8241      847.5764      -2274.9022    1301.0327     1095.2354     -1925.3260    
     2600.0000     722.6831      985.1651      -2540.6005    1356.0637     1232.8241     -2191.0243    
 -----------------------------------------------------------------------------------------------------


