-----------------------------------------------------------------------------------------------------------------------------------------------------
Name                              MW       Cp@298K        H@298K        G@298K        S@298K      Cp@1000K       H@1000K       G@1000K       S@1000K 
                           [kg/kmol]   [cal/mol/K]    [kcal/mol]    [kcal/mol]   [cal/mol/K]   [cal/mol/K]    [kcal/mol]    [kcal/mol]   [cal/mol/K] 
-----------------------------------------------------------------------------------------------------------------------------------------------------
NC10H22                     142.2860       55.9707      -59.8484     -100.4216      136.1518      128.1958        9.1125     -237.1385      246.2510
N2                           28.0140        6.9601       -0.0010      -13.6455       45.7869        7.8072        5.1295      -49.3995       54.5290
O2                           31.9980        7.0204       -0.0011      -14.6100       49.0232        8.3367        5.4260      -52.7859       58.2119
NC10H22(L)                  142.2860       56.7548      -59.3290      -98.9986      133.1193      129.0242       10.3418     -234.0715      244.4133
-----------------------------------------------------------------------------------------------------------------------------------------------------

 ====================================================================================================
   THERMO TABLE FOR MOLECULE NC10H22
 ====================================================================================================
   Elemental Composition:
     C 10.0000
     H 22.0000
   Formation Enthalpy at 298K =          -59.8484 kcal/mol
   Formation Free Gibbs Energy at 298K = -100.4216 kcal/mol
   Molecular Weight =                    142.2860 kg/kmol
 -----------------------------------------------------------------------------------------------------
   Temperature       Cp             H             G            S             DH            DG         
       [K]       [cal/mol/K]    [kcal/mol]    [kcal/mol]  [cal/(mol-K)]  [kcal/mol]     [kcal/mol]    
 -----------------------------------------------------------------------------------------------------
     300.0000      56.2983       -59.7361      -100.6943     136.5273      0.1123        -0.2727       
     600.0000      96.2673       -36.4223      -149.6990     188.7944      23.4261       -49.2773      
     800.0000      114.6378      -15.2397      -190.5493     219.1370      44.6087       -90.1277      
     1000.0000     128.1958      9.1125        -237.1385     246.2510      68.9609       -136.7168     
     1200.0000     138.2132      35.8031       -288.8624     270.5546      95.6515       -188.4408     
     1400.0000     145.6966      64.2306       -345.1999     292.4503      124.0790      -244.7782     
     1600.0000     151.2751      93.9460       -405.7048     312.2817      153.7944      -305.2831     
     1800.0000     155.8335      124.6726      -469.9967     330.3718      184.5210      -369.5750     
     2000.0000     159.5169      156.2211      -537.7554     346.9883      216.0695      -437.3338     
     2200.0000     162.4594      188.4300      -608.7075     362.3352      248.2784      -508.2858     
     2400.0000     164.7840      221.1637      -682.6157     376.5748      281.0121      -582.1941     
     2600.0000     166.6027      254.3099      -759.2724     389.8394      314.1583      -658.8508     
 -----------------------------------------------------------------------------------------------------


 ====================================================================================================
   THERMO TABLE FOR MOLECULE N2
 ====================================================================================================
   Elemental Composition:
     N 2.0000
   Formation Enthalpy at 298K =          -0.0010 kcal/mol
   Formation Free Gibbs Energy at 298K = -13.6455 kcal/mol
   Molecular Weight =                    28.0140 kg/kmol
 -----------------------------------------------------------------------------------------------------
   Temperature       Cp             H             G            S             DH            DG         
       [K]       [cal/mol/K]    [kcal/mol]    [kcal/mol]  [cal/(mol-K)]  [kcal/mol]     [kcal/mol]    
 -----------------------------------------------------------------------------------------------------
     300.0000      6.9604        0.0129        -13.7372      45.8335       0.0139        -0.0916       
     600.0000      7.1917        2.1263        -28.2983      50.7077       2.1274        -14.6528      
     800.0000      7.5111        3.5955        -38.6595      52.8187       3.5965        -25.0140      
     1000.0000     7.8072        5.1295        -49.3995      54.5290       5.1305        -35.7540      
     1200.0000     8.0375        6.7147        -60.4535      55.9734       6.7157        -46.8079      
     1400.0000     8.2274        8.3418        -71.7762      57.2272       8.3428        -58.1307      
     1600.0000     8.3824        10.0033       -83.3347      58.3363       10.0043       -69.6892      
     1800.0000     8.5073        11.6927       -95.1031      59.3310       11.6938       -81.4576      
     2000.0000     8.6068        13.4045       -107.0609     60.2327       13.4056       -93.4154      
     2200.0000     8.6851        15.1340       -119.1911     61.0569       15.1351       -105.5455     
     2400.0000     8.7461        16.8774       -131.4793     61.8153       16.8784       -117.8338     
     2600.0000     8.7934        18.6315       -143.9134     62.5173       18.6326       -130.2679     
 -----------------------------------------------------------------------------------------------------


 ====================================================================================================
   THERMO TABLE FOR MOLECULE O2
 ====================================================================================================
   Elemental Composition:
     O 2.0000
   Formation Enthalpy at 298K =          -0.0011 kcal/mol
   Formation Free Gibbs Energy at 298K = -14.6100 kcal/mol
   Molecular Weight =                    31.9980 kg/kmol
 -----------------------------------------------------------------------------------------------------
   Temperature       Cp             H             G            S             DH            DG         
       [K]       [cal/mol/K]    [kcal/mol]    [kcal/mol]  [cal/(mol-K)]  [kcal/mol]     [kcal/mol]    
 -----------------------------------------------------------------------------------------------------
     300.0000      7.0229        0.0130        -14.7080      49.0701       0.0140        -0.0981       
     600.0000      7.6666        2.2092        -30.2618      54.1184       2.2103        -15.6519      
     800.0000      8.0642        3.7847        -41.3207      56.3818       3.7858        -26.7108      
     1000.0000     8.3367        5.4260        -52.7859      58.2119       5.4271        -38.1760      
     1200.0000     8.5010        7.1100        -64.5859      59.7466       7.1111        -49.9760      
     1400.0000     8.6529        8.8256        -76.6705      61.0686       8.8266        -62.0605      
     1600.0000     8.7935        10.5704       -89.0029      62.2333       10.5715       -74.3930      
     1800.0000     8.9244        12.3424       -101.5557     63.2767       12.3434       -86.9458      
     2000.0000     9.0464        14.1396       -114.3072     64.2234       14.1406       -99.6972      
     2200.0000     9.1609        15.9604       -127.2398     65.0910       15.9615       -112.6299     
     2400.0000     9.2686        17.8035       -140.3392     65.8928       17.8045       -125.7293     
     2600.0000     9.3704        19.6675       -153.5932     66.6387       19.6685       -138.9833     
 -----------------------------------------------------------------------------------------------------


 ====================================================================================================
   THERMO TABLE FOR MOLECULE NC10H22(L)
 ====================================================================================================
   Elemental Composition:
     C 10.0000
     H 22.0000
   Formation Enthalpy at 298K =          -59.3290 kcal/mol
   Formation Free Gibbs Energy at 298K = -98.9986 kcal/mol
   Molecular Weight =                    142.2860 kg/kmol
 -----------------------------------------------------------------------------------------------------
   Temperature       Cp             H             G            S             DH            DG         
       [K]       [cal/mol/K]    [kcal/mol]    [kcal/mol]  [cal/(mol-K)]  [kcal/mol]     [kcal/mol]    
 -----------------------------------------------------------------------------------------------------
     300.0000      57.0836       -59.2152      -99.2652      133.5001      0.1138        -0.2666       
     600.0000      97.3730       -35.6180      -147.4630     186.4083      23.7110       -48.4644      
     800.0000      115.7502      -14.2086      -187.8702     217.0771      45.1205       -88.8717      
     1000.0000     129.0242      10.3418       -234.0715     244.4133      69.6708       -135.0729     
     1200.0000     138.6543      37.1582       -285.4410     268.8327      96.4872       -186.4425     
     1400.0000     146.1155      65.6589       -341.4401     290.7850      124.9879      -242.4415     
     1600.0000     152.8980      95.5591       -401.6217     310.7380      154.8881      -302.6231     
     1800.0000     160.5073      126.8732      -465.6339     329.1706      186.2022      -366.6353     
     2000.0000     170.4645      159.9185      -533.2211     346.5698      219.2475      -434.2225     
     2200.0000     184.3059      195.3179      -604.2258     363.4290      254.6470      -505.2272     
     2400.0000     203.5831      234.0032      -678.5899     380.2471      293.3322      -579.5913     
     2600.0000     229.8632      277.2180      -756.3555     397.5283      336.5470      -657.3569     
 -----------------------------------------------------------------------------------------------------


