------------------------------
  Elements     Atomic Weight  
------------------------------
  1.	C         12.01099968
  2.	H          1.00800002
  3.	N         14.00699997
------------------------------


------------------------------------------------------------------------------------------------------
                                                Molecular        Temperature        Elements
  Species                  Phase  Charge         weight         Low      High       C       H       N
------------------------------------------------------------------------------------------------------
    1. NC7H16                G      0          100.204998    300.00   3500.00       7      16       0
    2. N2                    G      0           28.014000    300.00   3500.00       0       0       2
    3. NC7H16(L)             L      0          100.204998    300.00   3500.00       7      16       0
------------------------------------------------------------------------------------------------------

------------------------------------------------------------------------------------------------------
                                                Molecular        Temperature        Elements
  Species                  Phase  Charge         weight         Low      High       C       H       N
------------------------------------------------------------------------------------------------------
    2. N2                    G      0           28.014000    300.00   3500.00       0       0       2
    1. NC7H16                G      0          100.204998    300.00   3500.00       7      16       0
    3. NC7H16(L)             L      0          100.204998    300.00   3500.00       7      16       0
------------------------------------------------------------------------------------------------------

---------------------------------------------------------------------------------------
                                LIQUID MECHANISM                                       
---------------------------------------------------------------------------------------

       Number of materials:       1
       Number of liquid species:   1

       Materials: 
       LIQUIDMIX

       ------------------------------------------------------------------------------------------------------------------
       LIQUIDMIX               global-index    liquid-index    local-index     
       ------------------------------------------------------------------------------------------------------------------
       NC7H16(L)               3               1               1               

--------------------------------------------------------------------------------------------------------
                                  CHEMICAL REACTIONS                                                  

                         Units: [kmol, m3, s] and [cal/mol]                                           
--------------------------------------------------------------------------------------------------------


