------------------------------
  Elements     Atomic Weight  
------------------------------
  1.	C         12.01099968
  2.	H          1.00800002
  3.	O         15.99899960
  4.	N         14.00699997
------------------------------


--------------------------------------------------------------------------------------------------------------
                                                Molecular        Temperature        Elements
  Species                  Phase  Charge         weight         Low      High       C       H       O       N
--------------------------------------------------------------------------------------------------------------
    1. CH2OHCH2CHO           G      0           74.078998    300.00   4000.00       3       6       2       0
    2. FURFURAL              G      0           96.084998    300.00   4000.00       5       4       2       0
    3. CH2OHCHO              G      0           60.051999    300.00   4000.00       2       4       2       0
    4. CHOCHO                G      0           58.035999    300.00   4000.00       2       2       2       0
    5. CH3CHO                G      0           44.052999    200.00   6000.00       2       4       1       0
    6. C6H6O3                G      0          126.110997    300.00   4000.00       6       6       3       0
    7. CH3OH                 G      0           32.041999    200.00   6000.00       1       4       1       0
    8. CH2O                  G      0           30.025999    300.00   4000.00       1       2       1       0
    9. HCOOH                 G      0           46.024999    300.00   4000.00       1       2       2       0
   10. C6H10O5               G      0          162.140996    300.00   4000.00       6      10       5       0
   11. FURAN                 G      0           68.074998    300.00   3500.00       4       4       1       0
   12. CH3COCH3              G      0           58.079999    300.00   3500.00       3       6       1       0
   13. LVG                   G      0          162.140996    300.00   4000.00       6      10       5       0
   14. H2O                   G      0           18.015000    200.00   6000.00       0       2       1       0
   15. CO                    G      0           28.009999    200.00   6000.00       1       0       1       0
   16. CO2                   G      0           44.008999    200.00   6000.00       1       0       2       0
   17. H2                    G      0            2.016000    200.00   6000.00       0       2       0       0
   18. CH4                   G      0           16.043000    200.00   6000.00       1       4       0       0
   19. N2                    G      0           28.014000    200.00   6000.00       0       0       0       2
   20. CELL                  S      0          162.140996    300.00   4000.00       6      10       5       0
   21. CELLA                 S      0          162.140996    300.00   4000.00       6      10       5       0
   22. CHAR                  S      0           12.011000    300.00   4000.00       1       0       0       0
   23. COH2S                 S      0           30.025999    300.00   4000.00       1       2       1       0
   24. COS                   S      0           28.009999    300.00   4000.00       1       0       1       0
   25. CH2OS                 S      0           30.025999    300.00   4000.00       1       2       1       0
   26. H2S                   S      0            2.016000    300.00   4000.00       0       2       0       0
   27. LVGS                  S      0          162.140996    300.00   4000.00       6      10       5       0
   28. CHARO                 S      0           28.009999    300.00   4000.00       1       0       1       0
   29. COSTIFFS              S      0           28.009999    300.00   4000.00       1       0       1       0
--------------------------------------------------------------------------------------------------------------

--------------------------------------------------------------------------------------------------------------
                                                Molecular        Temperature        Elements
  Species                  Phase  Charge         weight         Low      High       C       H       O       N
--------------------------------------------------------------------------------------------------------------
   19. N2                    G      0           28.014000    200.00   6000.00       0       0       0       2
   17. H2                    G      0            2.016000    200.00   6000.00       0       2       0       0
   14. H2O                   G      0           18.015000    200.00   6000.00       0       2       1       0
   26. H2S                   S      0            2.016000    300.00   4000.00       0       2       0       0
   22. CHAR                  S      0           12.011000    300.00   4000.00       1       0       0       0
   18. CH4                   G      0           16.043000    200.00   6000.00       1       4       0       0
    7. CH3OH                 G      0           32.041999    200.00   6000.00       1       4       1       0
    8. CH2O                  G      0           30.025999    300.00   4000.00       1       2       1       0
   23. COH2S                 S      0           30.025999    300.00   4000.00       1       2       1       0
   25. CH2OS                 S      0           30.025999    300.00   4000.00       1       2       1       0
    9. HCOOH                 G      0           46.024999    300.00   4000.00       1       2       2       0
   15. CO                    G      0           28.009999    200.00   6000.00       1       0       1       0
   24. COS                   S      0           28.009999    300.00   4000.00       1       0       1       0
   28. CHARO                 S      0           28.009999    300.00   4000.00       1       0       1       0
   16. CO2                   G      0           44.008999    200.00   6000.00       1       0       2       0
   29. COSTIFFS              S      0           28.009999    300.00   4000.00       1       0       1       0
    4. CHOCHO                G      0           58.035999    300.00   4000.00       2       2       2       0
    3. CH2OHCHO              G      0           60.051999    300.00   4000.00       2       4       2       0
    5. CH3CHO                G      0           44.052999    200.00   6000.00       2       4       1       0
   12. CH3COCH3              G      0           58.079999    300.00   3500.00       3       6       1       0
    1. CH2OHCH2CHO           G      0           74.078998    300.00   4000.00       3       6       2       0
   11. FURAN                 G      0           68.074998    300.00   3500.00       4       4       1       0
    2. FURFURAL              G      0           96.084998    300.00   4000.00       5       4       2       0
    6. C6H6O3                G      0          126.110997    300.00   4000.00       6       6       3       0
   20. CELL                  S      0          162.140996    300.00   4000.00       6      10       5       0
   27. LVGS                  S      0          162.140996    300.00   4000.00       6      10       5       0
   10. C6H10O5               G      0          162.140996    300.00   4000.00       6      10       5       0
   13. LVG                   G      0          162.140996    300.00   4000.00       6      10       5       0
   21. CELLA                 S      0          162.140996    300.00   4000.00       6      10       5       0
--------------------------------------------------------------------------------------------------------------

---------------------------------------------------------------------------------------
                                SOLID MECHANISM                                      
---------------------------------------------------------------------------------------

       Number of materials:       1
       Number of solid species:   10

       Materials: 
       BIOMASS

       ------------------------------------------------------------------------------------------------------------------
       BIOMASS                 global-index    solid-index     local-index     
       ------------------------------------------------------------------------------------------------------------------
       CELL                    20              1               1               
       CELLA                   21              2               2               
       CHAR                    22              3               3               
       COH2S                   23              4               4               
       COS                     24              5               5               
       CH2OS                   25              6               6               
       H2S                     26              7               7               
       LVGS                    27              8               8               
       CHARO                   28              9               9               
       COSTIFFS                29              10              10              

--------------------------------------------------------------------------------------------------------
                                  CHEMICAL REACTIONS                                                  

                         Units: [kmol, m3, s] and [cal/mol]                                           
--------------------------------------------------------------------------------------------------------


      1. CELL  => CELLA 
         k:       7.000000e+13	    0.00      45000.00


      2. CELLA  => 0.026CH2OHCH2CHO + 0.287FURFURAL + 0.3251CH2OHCHO + 0.02CHOCHO + 0.0431CH3CHO + 0.08C6H6O3 + 0.14CH3OH + 0.2637CH2O + 0.02HCOOH + 0.2FURAN + 0.1323CH3COCH3 + 1.8547H2O + 0.08CO + 0.29CO2 + 0.0023H2 + 0.03CH4 + 1.1CHAR + 0.06COS + 0.05CH2OS + 0.024H2S 
         k:       1.500000e+06	    0.00      20000.00


      3. CELLA  => 0.2C6H10O5 + 0.6LVG + 0.2LVGS 
         k:       5.000000e+04	    0.00      14500.00


      4. CELL  => 4.45H2O + 0.125H2 + 5.45CHAR + 0.12COH2S + 0.25COS + 0.18CH2OS + 0.125H2S 
         k:       8.000000e+07	    0.00      31000.00


      5. COS  => CO 
         k:       5.000000e+12	    0.00      52500.00


      6. CH2OS  => 0.8H2O + 0.2CO + 0.2H2 + 0.8CHAR 
         k:       6.000000e+10	    0.00      50000.00


      7. COH2S  => 0.2H2O + 0.4CO + 0.8H2 + 0.2CHAR + 0.4COSTIFFS 
         k:       1.000000e+09	    0.00      59000.00


      8. COSTIFFS  => 0.8CO + 0.2CHARO 
         k:       1.800000e+08	    0.00      65000.00


      9. H2S  => H2 
         k:       1.800000e+08	    0.00      70000.00


     10. LVGS  => LVG 
         k:       9.500000e-02	    1.00      10000.00


     11. LVGS  => LVG 
         k:       6.000000e+11	    0.00      45000.00


