-----------------------------------------------------------------------------------------------------------------------------------------------------
Name                              MW       Cp@298K        H@298K        G@298K        S@298K      Cp@1000K       H@1000K       G@1000K       S@1000K 
                           [kg/kmol]   [cal/mol/K]    [kcal/mol]    [kcal/mol]   [cal/mol/K]   [cal/mol/K]    [kcal/mol]    [kcal/mol]   [cal/mol/K] 
-----------------------------------------------------------------------------------------------------------------------------------------------------
CH2OHCH2CHO                  74.0790       22.3689      -80.3034     -105.1443       83.3587       43.4081      -56.0187     -178.6888      122.6701
FURFURAL                     96.0850       22.6908      -36.1434      -59.3393       77.8386       47.9409       -9.3090     -130.3395      121.0305
CH2OHCHO                     60.0520       15.8622      -73.2624      -95.2830       73.8946       30.8311      -56.1131     -157.7233      101.6102
CHOCHO                       58.0360       14.4326      -50.6855      -70.0885       65.1108       25.9628      -35.5761     -125.3037       89.7276
CH3CHO                       44.0530       13.2166      -39.7180      -58.5137       63.0726       26.9111      -24.9836     -111.7699       86.7863
C6H6O3                      126.1110       30.8669      -79.8046     -109.0636       98.1845       63.5747      -44.4310     -199.6183      155.1872
CH3OH                        32.0420       10.2539      -48.0365      -65.1735       57.5067       21.3790      -36.5385     -112.4825       75.9440
CH2O                         30.0260        8.4558      -26.0893      -41.6675       52.2759       14.8153      -17.7750      -83.5860       65.8110
HCOOH                        46.0250        9.8688      -90.4879     -108.0873       59.0585       18.1173      -80.1960     -155.9807       75.7847
C6H10O5                     162.1410       40.9338     -200.9061     -234.7737      113.6494       90.8835     -150.3807     -345.0900      194.7092
FURAN                        68.0750       15.9232      -10.1607      -28.1178       60.2588       40.0728       11.9007      -83.4698       95.3704
CH3COCH3                     58.0800       17.4246      -51.3728      -72.4133       70.6057       38.6175      -30.4676     -134.5371      104.0695
LVG                         162.1410       40.9338     -200.9061     -234.7737      113.6494       90.8835     -150.3807     -345.0900      194.7092
H2O                          18.0150        8.0267      -57.7947      -71.2414       45.1232        9.8652      -51.5799     -107.1994       55.6196
CO                           28.0100        6.9641      -26.4139      -40.4895       47.2335        7.9221      -21.2295      -77.2819       56.0524
CO2                          44.0090        8.8729      -94.0343     -109.2578       51.0856       12.9840      -86.0501     -150.4070       64.3569
H2                            2.0160        6.8910       -0.0010       -9.3065       31.2266        7.1996        4.9435      -34.7834       39.7269
CH4                          16.0430        8.5282      -17.8292      -31.1005       44.5346       17.6207       -8.5856      -67.9261       59.3405
N2                           28.0140        6.9601       -0.0010      -13.6457       45.7873        7.8106        5.1296      -49.4000       54.5296
CELL                        162.1410       69.6739     -224.3642     -326.4882      342.6981       96.8770     -165.9048     -606.1772      440.2724
CELLA                       162.1410       69.6739     -229.7350     -331.8591      342.6981       96.8770     -171.2756     -611.5480      440.2724
CHAR                         12.0110        2.7595       -0.4544       -0.9964        1.8187        9.7319        3.9301       -4.6185        8.5486
COH2S                        30.0260       12.9025      -81.8583     -100.7700       63.4624       17.9401      -71.0325     -152.5641       81.5316
COS                          28.0100       12.0362      -16.7809      -34.4229       59.2014       16.7356       -6.6819      -82.7394       76.0574
CH2OS                        30.0260       12.9025      -45.5504      -64.4622       63.4624       17.9401      -34.7246     -116.2562       81.5316
H2S                           2.0160        0.8663        1.7931        0.5233        4.2610        1.2045        2.5199       -2.9542        5.4742
LVGS                        162.1410       69.6739     -230.5583     -332.6823      342.6981       96.8770     -172.0989     -612.3713      440.2724
CHARO                        28.0100        6.4352       -2.0413       -3.3052        4.2412       22.6950        8.1834      -11.7521       19.9355
COSTIFFS                     28.0100       12.0362      -15.5099      -33.1519       59.2014       16.7356       -5.4109      -81.4684       76.0574
-----------------------------------------------------------------------------------------------------------------------------------------------------

 ====================================================================================================
   THERMO TABLE FOR MOLECULE CH2OHCH2CHO
 ====================================================================================================
   Elemental Composition:
     C 3.0000
     H 6.0000
     O 2.0000
   Formation Enthalpy at 298K =          -80.3034 kcal/mol
   Formation Free Gibbs Energy at 298K = -105.1443 kcal/mol
   Molecular Weight =                    74.0790 kg/kmol
 -----------------------------------------------------------------------------------------------------
   Temperature       Cp             H             G            S             DH            DG         
       [K]       [cal/mol/K]    [kcal/mol]    [kcal/mol]  [cal/(mol-K)]  [kcal/mol]     [kcal/mol]    
 -----------------------------------------------------------------------------------------------------
     300.0000      22.4626       -80.2585      -105.3111     83.5087       0.0448        -0.1669       
     600.0000      33.9760       -71.6742      -133.4035     102.8821      8.6291        -28.2592      
     800.0000      39.3616       -64.3149      -155.0594     113.4307      15.9885       -49.9152      
     1000.0000     43.4081       -56.0187      -178.6888     122.6701      24.2847       -73.5446      
     1200.0000     46.4591       -47.0179      -204.0581     130.8669      33.2855       -98.9139      
     1400.0000     48.7775       -37.4831      -230.9788     138.2112      42.8203       -125.8346     
     1600.0000     50.5398       -27.5459      -259.2951     144.8433      52.7575       -154.1509     
     1800.0000     51.9952       -17.2876      -288.8767     150.8828      63.0157       -183.7325     
     2000.0000     53.1863       -6.7654       -319.6151     156.4249      73.5379       -214.4709     
     2200.0000     54.1520       3.9719        -351.4183     161.5410      84.2752       -246.2741     
     2400.0000     54.9284       14.8828       -384.2069     166.2874      95.1861       -279.0626     
     2600.0000     55.5482       25.9328       -417.9117     170.7094      106.2361      -312.7674     
 -----------------------------------------------------------------------------------------------------


 ====================================================================================================
   THERMO TABLE FOR MOLECULE FURFURAL
 ====================================================================================================
   Elemental Composition:
     C 5.0000
     H 4.0000
     O 2.0000
   Formation Enthalpy at 298K =          -36.1434 kcal/mol
   Formation Free Gibbs Energy at 298K = -59.3393 kcal/mol
   Molecular Weight =                    96.0850 kg/kmol
 -----------------------------------------------------------------------------------------------------
   Temperature       Cp             H             G            S             DH            DG         
       [K]       [cal/mol/K]    [kcal/mol]    [kcal/mol]  [cal/(mol-K)]  [kcal/mol]     [kcal/mol]    
 -----------------------------------------------------------------------------------------------------
     300.0000      22.8242       -36.0979      -59.4951      77.9908       0.0455        -0.1558       
     600.0000      37.9486       -26.7587      -86.1365      98.9629       9.3847        -26.7972      
     800.0000      43.9619       -18.5261      -107.1368     110.7634      17.6173       -47.7975      
     1000.0000     47.9409       -9.3090       -130.3395     121.0305      26.8344       -71.0002      
     1200.0000     50.9023       0.5460        -155.4651     130.0093      36.6894       -96.1258      
     1400.0000     52.6070       10.9023       -182.2810     137.9881      47.0457       -122.9417     
     1600.0000     54.0100       21.5687       -210.6032     145.1075      57.7121       -151.2639     
     1800.0000     55.1522       32.4890       -240.2781     151.5372      68.6324       -180.9388     
     2000.0000     56.0711       43.6147       -271.1802     157.3975      79.7581       -211.8409     
     2200.0000     56.8015       54.9048       -303.2051     162.7772      91.0482       -243.8658     
     2400.0000     57.3754       66.3249       -336.2637     167.7452      102.4683      -276.9244     
     2600.0000     57.8215       77.8465       -370.2794     172.3561      113.9899      -310.9401     
 -----------------------------------------------------------------------------------------------------


 ====================================================================================================
   THERMO TABLE FOR MOLECULE CH2OHCHO
 ====================================================================================================
   Elemental Composition:
     C 2.0000
     H 4.0000
     O 2.0000
   Formation Enthalpy at 298K =          -73.2624 kcal/mol
   Formation Free Gibbs Energy at 298K = -95.2830 kcal/mol
   Molecular Weight =                    60.0520 kg/kmol
 -----------------------------------------------------------------------------------------------------
   Temperature       Cp             H             G            S             DH            DG         
       [K]       [cal/mol/K]    [kcal/mol]    [kcal/mol]  [cal/(mol-K)]  [kcal/mol]     [kcal/mol]    
 -----------------------------------------------------------------------------------------------------
     300.0000      15.9154       -73.2307      -95.4309      74.0009       0.0318        -0.1479       
     600.0000      24.0342       -67.2103      -119.7598     87.5825       6.0521        -24.4768      
     800.0000      27.9160       -61.9888      -138.0419     95.0664       11.2736       -42.7589      
     1000.0000     30.8311       -56.1131      -157.7233     101.6102      17.1494       -62.4402      
     1200.0000     32.8253       -49.7411      -178.6372     107.4134      23.5213       -83.3542      
     1400.0000     34.4671       -43.0064      -200.6477     112.6009      30.2560       -105.3647     
     1600.0000     35.8029       -35.9747      -223.6446     117.2937      37.2877       -128.3616     
     1800.0000     36.8758       -28.7028      -247.5378     121.5750      44.5596       -152.2548     
     2000.0000     37.7255       -21.2393      -272.2513     125.5060      52.0232       -176.9683     
     2200.0000     38.3888       -13.6250      -297.7200     129.1341      59.6374       -202.4370     
     2400.0000     38.8992       -5.8939       -323.8873     132.4972      67.3685       -228.6043     
     2600.0000     39.2870       1.9265        -350.7034     135.6269      75.1889       -255.4204     
 -----------------------------------------------------------------------------------------------------


 ====================================================================================================
   THERMO TABLE FOR MOLECULE CHOCHO
 ====================================================================================================
   Elemental Composition:
     C 2.0000
     H 2.0000
     O 2.0000
   Formation Enthalpy at 298K =          -50.6855 kcal/mol
   Formation Free Gibbs Energy at 298K = -70.0885 kcal/mol
   Molecular Weight =                    58.0360 kg/kmol
 -----------------------------------------------------------------------------------------------------
   Temperature       Cp             H             G            S             DH            DG         
       [K]       [cal/mol/K]    [kcal/mol]    [kcal/mol]  [cal/(mol-K)]  [kcal/mol]     [kcal/mol]    
 -----------------------------------------------------------------------------------------------------
     300.0000      14.4839       -50.6566      -70.2188      65.2075       0.0289        -0.1303       
     600.0000      21.4927       -45.1997      -91.7186      77.5316       5.4858        -21.6301      
     800.0000      24.2394       -40.5985      -107.9033     84.1310       10.0870       -37.8148      
     1000.0000     25.9628       -35.5761      -125.3037     89.7276       15.1094       -55.2152      
     1200.0000     26.9323       -30.2833      -143.7431     94.5499       20.4022       -73.6546      
     1400.0000     27.7176       -24.8154      -163.0832     98.7627       25.8701       -92.9947      
     1600.0000     28.3442       -19.2068      -183.2170     102.5064      31.4787       -113.1286     
     1800.0000     28.8355       -13.4868      -204.0608     105.8745      37.1987       -133.9723     
     2000.0000     29.2135       -7.6801       -225.5462     108.9330      43.0053       -155.4577     
     2200.0000     29.4979       -1.8076       -247.6167     111.7314      48.8779       -177.5282     
     2400.0000     29.7071       4.1140        -270.2240     114.3075      54.7995       -200.1355     
     2600.0000     29.8572       10.0713       -293.3269     116.6916      60.7568       -223.2384     
 -----------------------------------------------------------------------------------------------------


 ====================================================================================================
   THERMO TABLE FOR MOLECULE CH3CHO
 ====================================================================================================
   Elemental Composition:
     C 2.0000
     H 4.0000
     O 1.0000
   Formation Enthalpy at 298K =          -39.7180 kcal/mol
   Formation Free Gibbs Energy at 298K = -58.5137 kcal/mol
   Molecular Weight =                    44.0530 kg/kmol
 -----------------------------------------------------------------------------------------------------
   Temperature       Cp             H             G            S             DH            DG         
       [K]       [cal/mol/K]    [kcal/mol]    [kcal/mol]  [cal/(mol-K)]  [kcal/mol]     [kcal/mol]    
 -----------------------------------------------------------------------------------------------------
     300.0000      13.2650       -39.6916      -58.6399      63.1611       0.0265        -0.1262       
     600.0000      20.5799       -34.5898      -79.3818      74.6534       5.1282        -20.8682      
     800.0000      24.1646       -30.0932      -94.9705      81.0967       9.6249        -36.4568      
     1000.0000     26.9111       -24.9836      -111.7699     86.7863       14.7345       -53.2562      
     1200.0000     28.7765       -19.4088      -129.6446     91.8631       20.3092       -71.1309      
     1400.0000     30.3048       -13.4955      -148.4804     96.4178       26.2226       -89.9668      
     1600.0000     31.5408       -7.3064       -168.1835     100.5482      32.4117       -109.6698     
     1800.0000     32.5264       -0.8958       -188.6760     104.3223      38.8222       -130.1623     
     2000.0000     33.3002       5.6901        -209.8921     107.7911      45.4081       -151.3784     
     2200.0000     33.8976       12.4125       -231.7747     110.9942      52.1305       -173.2611     
     2400.0000     34.3511       19.2395       -254.2742     113.9640      58.9575       -195.7605     
     2600.0000     34.6899       26.1453       -277.3466     116.7276      65.8633       -218.8329     
 -----------------------------------------------------------------------------------------------------


 ====================================================================================================
   THERMO TABLE FOR MOLECULE C6H6O3
 ====================================================================================================
   Elemental Composition:
     C 6.0000
     H 6.0000
     O 3.0000
   Formation Enthalpy at 298K =          -79.8046 kcal/mol
   Formation Free Gibbs Energy at 298K = -109.0636 kcal/mol
   Molecular Weight =                    126.1110 kg/kmol
 -----------------------------------------------------------------------------------------------------
   Temperature       Cp             H             G            S             DH            DG         
       [K]       [cal/mol/K]    [kcal/mol]    [kcal/mol]  [cal/(mol-K)]  [kcal/mol]     [kcal/mol]    
 -----------------------------------------------------------------------------------------------------
     300.0000      31.0243       -79.7427      -109.2602     98.3915       0.0619        -0.1966       
     600.0000      49.7024       -67.4053      -143.0948     126.1491      12.3993       -34.0312      
     800.0000      57.8331       -56.6050      -169.9077     141.6283      23.1996       -60.8441      
     1000.0000     63.5747       -44.4310      -199.6183     155.1872      35.3736       -90.5547      
     1200.0000     67.6536       -31.2856      -231.8769     167.1594      48.5190       -122.8133     
     1400.0000     70.6127       -17.4430      -266.3949     177.8228      62.3616       -157.3313     
     1600.0000     72.8015       -3.0945       -302.9335     187.3994      76.7102       -193.8699     
     1800.0000     74.5930       11.6511       -341.2951     196.0812      91.4558       -232.2315     
     2000.0000     76.0437       26.7200       -381.3165     204.0182      106.5247      -272.2529     
     2200.0000     77.2058       42.0494       -422.8603     211.3226      121.8540      -313.7967     
     2400.0000     78.1271       57.5863       -465.8092     218.0814      137.3909      -356.7456     
     2600.0000     78.8510       73.2871       -510.0612     224.3647      153.0917      -400.9976     
 -----------------------------------------------------------------------------------------------------


 ====================================================================================================
   THERMO TABLE FOR MOLECULE CH3OH
 ====================================================================================================
   Elemental Composition:
     C 1.0000
     H 4.0000
     O 1.0000
   Formation Enthalpy at 298K =          -48.0365 kcal/mol
   Formation Free Gibbs Energy at 298K = -65.1735 kcal/mol
   Molecular Weight =                    32.0420 kg/kmol
 -----------------------------------------------------------------------------------------------------
   Temperature       Cp             H             G            S             DH            DG         
       [K]       [cal/mol/K]    [kcal/mol]    [kcal/mol]  [cal/(mol-K)]  [kcal/mol]     [kcal/mol]    
 -----------------------------------------------------------------------------------------------------
     300.0000      10.2847       -48.0159      -65.2886      57.5754       0.0205        -0.1151       
     600.0000      15.9810       -44.0908      -83.9388      66.4134       3.9457        -18.7653      
     800.0000      18.9987       -40.5735      -97.7350      71.4518       7.4630        -32.5615      
     1000.0000     21.3790       -36.5385      -112.4825     75.9440       11.4979       -47.3091      
     1200.0000     23.0689       -32.0885      -128.0837     79.9960       15.9480       -62.9102      
     1400.0000     24.4653       -27.3305      -144.4552     83.6605       20.7059       -79.2817      
     1600.0000     25.6060       -22.3195      -161.5266     87.0044       25.7170       -96.3531      
     1800.0000     26.5268       -17.1028      -179.2388     90.0756       30.9337       -114.0653     
     2000.0000     27.2604       -11.7212      -197.5410     92.9099       36.3153       -132.3675     
     2200.0000     27.8372       -6.2091       -216.3889     95.5363       41.8274       -151.2154     
     2400.0000     28.2848       -0.5949       -235.7433     97.9785       47.4416       -170.5698     
     2600.0000     28.6281       5.0979        -255.5694     100.2566      53.1344       -190.3959     
 -----------------------------------------------------------------------------------------------------


 ====================================================================================================
   THERMO TABLE FOR MOLECULE CH2O
 ====================================================================================================
   Elemental Composition:
     C 1.0000
     H 2.0000
     O 1.0000
   Formation Enthalpy at 298K =          -26.0893 kcal/mol
   Formation Free Gibbs Energy at 298K = -41.6675 kcal/mol
   Molecular Weight =                    30.0260 kg/kmol
 -----------------------------------------------------------------------------------------------------
   Temperature       Cp             H             G            S             DH            DG         
       [K]       [cal/mol/K]    [kcal/mol]    [kcal/mol]  [cal/(mol-K)]  [kcal/mol]     [kcal/mol]    
 -----------------------------------------------------------------------------------------------------
     300.0000      8.4703        -26.0723      -41.7721      52.3325       0.0169        -0.1046       
     600.0000      11.5243       -23.0954      -58.5478      59.0873       2.9939        -16.8803      
     800.0000      13.3748       -20.5964      -70.7317      62.6691       5.4929        -29.0642      
     1000.0000     14.8153       -17.7750      -83.5860      65.8110       8.3143        -41.9186      
     1200.0000     15.7913       -14.7112      -97.0328      68.6014       11.3781       -55.3653      
     1400.0000     16.5886       -11.4704      -111.0071     71.0976       14.6189       -69.3396      
     1600.0000     17.2312       -8.0860       -125.4560     73.3563       18.0032       -83.7885      
     1800.0000     17.7414       -4.5867       -140.3363     75.4165       21.5025       -98.6689      
     2000.0000     18.1398       -0.9969       -155.6113     77.3072       25.0924       -113.9438     
     2200.0000     18.4454       2.6630        -171.2495     79.0511       28.7523       -129.5820     
     2400.0000     18.6755       6.3762        -187.2232     80.6664       32.4655       -145.5557     
     2600.0000     18.8455       10.1292       -203.5085     82.1683       36.2185       -161.8410     
 -----------------------------------------------------------------------------------------------------


 ====================================================================================================
   THERMO TABLE FOR MOLECULE HCOOH
 ====================================================================================================
   Elemental Composition:
     C 1.0000
     H 2.0000
     O 2.0000
   Formation Enthalpy at 298K =          -90.4879 kcal/mol
   Formation Free Gibbs Energy at 298K = -108.0873 kcal/mol
   Molecular Weight =                    46.0250 kg/kmol
 -----------------------------------------------------------------------------------------------------
   Temperature       Cp             H             G            S             DH            DG         
       [K]       [cal/mol/K]    [kcal/mol]    [kcal/mol]  [cal/(mol-K)]  [kcal/mol]     [kcal/mol]    
 -----------------------------------------------------------------------------------------------------
     300.0000      9.8996        -90.4681      -108.2055     59.1246       0.0198        -0.1182       
     600.0000      14.4973       -86.7869      -127.2532     67.4440       3.7010        -19.1659      
     800.0000      16.5729       -83.6638      -141.2013     71.9219       6.8241        -33.1140      
     1000.0000     18.1173       -80.1960      -155.9807     75.7847       10.2919       -47.8934      
     1200.0000     19.1620       -72.1083      -167.1281     79.1832       18.3796       -59.0408      
     1400.0000     20.0225       -68.1870      -183.2724     82.2038       22.3009       -75.1851      
     1600.0000     20.7230       -64.1100      -199.9897     84.9249       26.3779       -91.9024      
     1800.0000     21.2859       -59.9070      -217.2259     87.3994       30.5809       -109.1386     
     2000.0000     21.7320       -55.6034      -234.9357     89.6661       34.8845       -126.8483     
     2200.0000     22.0807       -51.2207      -253.0805     91.7545       39.2672       -144.9932     
     2400.0000     22.3492       -46.7765      -271.6271     93.6878       43.7114       -163.5398     
     2600.0000     22.5535       -42.2853      -290.5466     95.4851       48.2026       -182.4592     
 -----------------------------------------------------------------------------------------------------


 ====================================================================================================
   THERMO TABLE FOR MOLECULE C6H10O5
 ====================================================================================================
   Elemental Composition:
     C 6.0000
     H 10.0000
     O 5.0000
   Formation Enthalpy at 298K =          -200.9061 kcal/mol
   Formation Free Gibbs Energy at 298K = -234.7737 kcal/mol
   Molecular Weight =                    162.1410 kg/kmol
 -----------------------------------------------------------------------------------------------------
   Temperature       Cp             H             G            S             DH            DG         
       [K]       [cal/mol/K]    [kcal/mol]    [kcal/mol]  [cal/(mol-K)]  [kcal/mol]     [kcal/mol]    
 -----------------------------------------------------------------------------------------------------
     300.0000      41.2097       -200.8240     -235.0012     113.9241      0.0821        -0.2276       
     600.0000      71.6214       -183.4053     -275.1762     152.9514      17.5008       -40.4025      
     800.0000      83.2097       -167.8385     -308.0489     175.2631      33.0677       -73.2753      
     1000.0000     90.8835       -150.3807     -345.0900     194.7092      50.5254       -110.3163     
     1200.0000     97.0162       -131.6880     -385.7779     211.7416      69.2182       -151.0042     
     1400.0000     100.6666      -111.9080     -429.6798     226.9798      88.9981       -194.9061     
     1600.0000     103.6624      -91.4650      -476.4639     240.6243      109.4412      -241.6903     
     1800.0000     106.0924      -70.4807      -525.8438     252.9795      130.4254      -291.0701     
     2000.0000     108.0388      -49.0602      -577.5843     264.2620      151.8459      -342.8106     
     2200.0000     109.5774      -27.2924      -631.4880     274.6343      173.6137      -396.7143     
     2400.0000     110.7778      -5.2518       -687.3858     284.2225      195.6543      -452.6122     
     2600.0000     111.7031      17.0004       -745.1315     293.1276      217.9065      -510.3578     
 -----------------------------------------------------------------------------------------------------


 ====================================================================================================
   THERMO TABLE FOR MOLECULE FURAN
 ====================================================================================================
   Elemental Composition:
     C 4.0000
     H 4.0000
     O 1.0000
   Formation Enthalpy at 298K =          -10.1607 kcal/mol
   Formation Free Gibbs Energy at 298K = -28.1178 kcal/mol
   Molecular Weight =                    68.0750 kg/kmol
 -----------------------------------------------------------------------------------------------------
   Temperature       Cp             H             G            S             DH            DG         
       [K]       [cal/mol/K]    [kcal/mol]    [kcal/mol]  [cal/(mol-K)]  [kcal/mol]     [kcal/mol]    
 -----------------------------------------------------------------------------------------------------
     300.0000      16.0693       -10.1287      -28.2384      60.3658       0.0320        -0.1206       
     600.0000      31.5248       -2.7011       -48.8456      76.9076       7.4596        -20.7278      
     800.0000      36.8529       4.1831        -65.2354      86.7731       14.3437       -37.1176      
     1000.0000     40.0728       11.9007       -83.4698      95.3704       22.0613       -55.3520      
     1200.0000     42.2091       20.1411       -103.3108     102.8766      30.3018       -75.1930      
     1400.0000     43.7768       28.7473       -124.5621     109.5067      38.9080       -96.4443      
     1600.0000     44.9437       37.6252       -147.0666     115.4324      47.7858       -118.9488     
     1800.0000     45.8104       46.7048       -170.6965     120.7785      56.8655       -142.5787     
     2000.0000     46.4607       55.9349       -195.3458     125.6404      66.0956       -167.2280     
     2200.0000     46.9613       65.2792       -220.9254     130.0930      75.4398       -192.8076     
     2400.0000     47.3624       74.7129       -247.3598     134.1969      84.8735       -219.2420     
     2600.0000     47.6971       84.2197       -274.5842     138.0015      94.3804       -246.4664     
 -----------------------------------------------------------------------------------------------------


 ====================================================================================================
   THERMO TABLE FOR MOLECULE CH3COCH3
 ====================================================================================================
   Elemental Composition:
     C 3.0000
     H 6.0000
     O 1.0000
   Formation Enthalpy at 298K =          -51.3728 kcal/mol
   Formation Free Gibbs Energy at 298K = -72.4133 kcal/mol
   Molecular Weight =                    58.0800 kg/kmol
 -----------------------------------------------------------------------------------------------------
   Temperature       Cp             H             G            S             DH            DG         
       [K]       [cal/mol/K]    [kcal/mol]    [kcal/mol]  [cal/(mol-K)]  [kcal/mol]     [kcal/mol]    
 -----------------------------------------------------------------------------------------------------
     300.0000      17.5198       -51.3379      -72.5546      70.7225       0.0349        -0.1413       
     600.0000      29.1791       -44.2101      -96.2449      86.7246       7.1626        -23.8316      
     800.0000      34.5848       -37.8075      -114.5251     95.8970       13.5653       -42.1118      
     1000.0000     38.6175       -30.4676      -134.5371     104.0695      20.9052       -62.1238      
     1200.0000     41.6410       -22.4276      -156.0961     111.3905      28.9452       -83.6828      
     1400.0000     43.9455       -13.8590      -179.0452     117.9902      37.5138       -106.6319     
     1600.0000     45.7479       -4.8827       -203.2516     123.9806      46.4901       -130.8383     
     1800.0000     47.1914       4.4164        -228.6031     129.4553      55.7892       -156.1898     
     2000.0000     48.3498       13.9750       -255.0044     134.4897      65.3477       -182.5911     
     2200.0000     49.2619       23.7399       -282.3736     139.1425      75.1127       -209.9603     
     2400.0000     49.9636       33.6657       -310.6391     143.4603      85.0385       -238.2258     
     2600.0000     50.4902       43.7137       -339.7379     147.4814      95.0865       -267.3246     
 -----------------------------------------------------------------------------------------------------


 ====================================================================================================
   THERMO TABLE FOR MOLECULE LVG
 ====================================================================================================
   Elemental Composition:
     C 6.0000
     H 10.0000
     O 5.0000
   Formation Enthalpy at 298K =          -200.9061 kcal/mol
   Formation Free Gibbs Energy at 298K = -234.7737 kcal/mol
   Molecular Weight =                    162.1410 kg/kmol
 -----------------------------------------------------------------------------------------------------
   Temperature       Cp             H             G            S             DH            DG         
       [K]       [cal/mol/K]    [kcal/mol]    [kcal/mol]  [cal/(mol-K)]  [kcal/mol]     [kcal/mol]    
 -----------------------------------------------------------------------------------------------------
     300.0000      41.2097       -200.8240     -235.0012     113.9241      0.0821        -0.2276       
     600.0000      71.6214       -183.4053     -275.1762     152.9514      17.5008       -40.4025      
     800.0000      83.2097       -167.8385     -308.0489     175.2631      33.0677       -73.2753      
     1000.0000     90.8835       -150.3807     -345.0900     194.7092      50.5254       -110.3163     
     1200.0000     97.0162       -131.6880     -385.7779     211.7416      69.2182       -151.0042     
     1400.0000     100.6666      -111.9080     -429.6798     226.9798      88.9981       -194.9061     
     1600.0000     103.6624      -91.4650      -476.4639     240.6243      109.4412      -241.6903     
     1800.0000     106.0924      -70.4807      -525.8438     252.9795      130.4254      -291.0701     
     2000.0000     108.0388      -49.0602      -577.5843     264.2620      151.8459      -342.8106     
     2200.0000     109.5774      -27.2924      -631.4880     274.6343      173.6137      -396.7143     
     2400.0000     110.7778      -5.2518       -687.3858     284.2225      195.6543      -452.6122     
     2600.0000     111.7031      17.0004       -745.1315     293.1276      217.9065      -510.3578     
 -----------------------------------------------------------------------------------------------------


 ====================================================================================================
   THERMO TABLE FOR MOLECULE H2O
 ====================================================================================================
   Elemental Composition:
     H 2.0000
     O 1.0000
   Formation Enthalpy at 298K =          -57.7947 kcal/mol
   Formation Free Gibbs Energy at 298K = -71.2414 kcal/mol
   Molecular Weight =                    18.0150 kg/kmol
 -----------------------------------------------------------------------------------------------------
   Temperature       Cp             H             G            S             DH            DG         
       [K]       [cal/mol/K]    [kcal/mol]    [kcal/mol]  [cal/(mol-K)]  [kcal/mol]     [kcal/mol]    
 -----------------------------------------------------------------------------------------------------
     300.0000      8.0290        -57.7786      -71.3317      45.1769       0.0161        -0.0903       
     600.0000      8.6799        -55.2840      -85.8328      50.9147       2.5106        -14.5915      
     800.0000      9.2556        -53.4911      -96.2829      53.4897       4.3036        -25.0415      
     1000.0000     9.8652        -51.5799      -107.1994     55.6196       6.2148        -35.9581      
     1200.0000     10.4722       -49.5448      -118.5125     57.4730       8.2498        -47.2711      
     1400.0000     11.0070       -47.3958      -130.1755     59.1284       10.3989       -58.9341      
     1600.0000     11.4773       -45.1464      -142.1536     60.6295       12.6483       -70.9122      
     1800.0000     11.8906       -42.8087      -154.4190     62.0057       14.9860       -83.1776      
     2000.0000     12.2532       -40.3935      -166.9489     63.2777       17.4012       -95.7076      
     2200.0000     12.5712       -37.9103      -179.7242     64.4608       19.8843       -108.4828     
     2400.0000     12.8499       -35.3676      -192.7281     65.5669       22.4270       -121.4868     
     2600.0000     13.0938       -32.7727      -205.9464     66.6053       25.0220       -134.7050     
 -----------------------------------------------------------------------------------------------------


 ====================================================================================================
   THERMO TABLE FOR MOLECULE CO
 ====================================================================================================
   Elemental Composition:
     C 1.0000
     O 1.0000
   Formation Enthalpy at 298K =          -26.4139 kcal/mol
   Formation Free Gibbs Energy at 298K = -40.4895 kcal/mol
   Molecular Weight =                    28.0100 kg/kmol
 -----------------------------------------------------------------------------------------------------
   Temperature       Cp             H             G            S             DH            DG         
       [K]       [cal/mol/K]    [kcal/mol]    [kcal/mol]  [cal/(mol-K)]  [kcal/mol]     [kcal/mol]    
 -----------------------------------------------------------------------------------------------------
     300.0000      6.9646        -26.4000      -40.5840      47.2800       0.0139        -0.0945       
     600.0000      7.2693        -24.2751      -55.5817      52.1777       2.1388        -15.0922      
     800.0000      7.6228        -22.7865      -66.2397      54.3164       3.6274        -25.7502      
     1000.0000     7.9221        -21.2295      -77.2819      56.0524       5.1845        -36.7924      
     1200.0000     8.1407        -19.6225      -88.6426      57.5167       6.7914        -48.1531      
     1400.0000     8.3200        -17.9758      -100.2756     58.7856       8.4381        -59.7861      
     1600.0000     8.4654        -16.2967      -112.1469     59.9064       10.1172       -71.6574      
     1800.0000     8.5819        -14.5916      -124.2304     60.9104       11.8224       -83.7409      
     2000.0000     8.6739        -12.8656      -136.5048     61.8196       13.5483       -96.0153      
     2200.0000     8.7458        -11.1234      -148.9530     62.6498       15.2906       -108.4635     
     2400.0000     8.8013        -9.3684       -161.5603     63.4133       17.0455       -121.0708     
     2600.0000     8.8439        -7.6037       -174.3145     64.1195       18.8102       -133.8250     
 -----------------------------------------------------------------------------------------------------


 ====================================================================================================
   THERMO TABLE FOR MOLECULE CO2
 ====================================================================================================
   Elemental Composition:
     C 1.0000
     O 2.0000
   Formation Enthalpy at 298K =          -94.0343 kcal/mol
   Formation Free Gibbs Energy at 298K = -109.2578 kcal/mol
   Molecular Weight =                    44.0090 kg/kmol
 -----------------------------------------------------------------------------------------------------
   Temperature       Cp             H             G            S             DH            DG         
       [K]       [cal/mol/K]    [kcal/mol]    [kcal/mol]  [cal/(mol-K)]  [kcal/mol]     [kcal/mol]    
 -----------------------------------------------------------------------------------------------------
     300.0000      8.8947        -94.0166      -109.3601     51.1450       0.0178        -0.1022       
     600.0000      11.3147       -90.9479      -125.8309     58.1382       3.0864        -16.5730      
     800.0000      12.2914       -88.5814      -137.8098     61.5356       5.4529        -28.5520      
     1000.0000     12.9840       -86.0501      -150.4070     64.3569       7.9842        -41.1492      
     1200.0000     13.4156       -83.4087      -163.5250     66.7636       10.6256       -54.2672      
     1400.0000     13.7679       -80.6892      -177.0918     68.8590       13.3452       -67.8339      
     1600.0000     14.0517       -77.9061      -191.0529     70.7167       16.1282       -81.7950      
     1800.0000     14.2771       -75.0724      -205.3659     72.3853       18.9620       -96.1080      
     2000.0000     14.4535       -72.1986      -219.9967     73.8990       21.8358       -110.7388     
     2200.0000     14.5895       -69.2937      -234.9169     75.2833       24.7407       -125.6590     
     2400.0000     14.6932       -66.3649      -250.1026     76.5574       27.6694       -140.8448     
     2600.0000     14.7717       -63.4181      -265.5335     77.7367       30.6163       -156.2757     
 -----------------------------------------------------------------------------------------------------


 ====================================================================================================
   THERMO TABLE FOR MOLECULE H2
 ====================================================================================================
   Elemental Composition:
     H 2.0000
   Formation Enthalpy at 298K =          -0.0010 kcal/mol
   Formation Free Gibbs Energy at 298K = -9.3065 kcal/mol
   Molecular Weight =                    2.0160 kg/kmol
 -----------------------------------------------------------------------------------------------------
   Temperature       Cp             H             G            S             DH            DG         
       [K]       [cal/mol/K]    [kcal/mol]    [kcal/mol]  [cal/(mol-K)]  [kcal/mol]     [kcal/mol]    
 -----------------------------------------------------------------------------------------------------
     300.0000      6.8947        0.0128        -9.3690       31.2727       0.0138        -0.0625       
     600.0000      6.9938        2.1084        -19.5586      36.1117       2.1094        -10.2520      
     800.0000      7.0787        3.5130        -26.9922      38.1314       3.5140        -17.6856      
     1000.0000     7.1996        4.9435        -34.7834      39.7269       4.9445        -25.4769      
     1200.0000     7.4256        6.4063        -42.8655      41.0598       6.4073        -33.5589      
     1400.0000     7.6348        7.9126        -51.1960      42.2204       7.9136        -41.8894      
     1600.0000     7.8286        9.4592        -59.7451      43.2527       9.4602        -50.4386      
     1800.0000     8.0084        11.0431       -68.4904      44.1853       11.0442       -59.1839      
     2000.0000     8.1753        12.6617       -77.4139      45.0378       12.6627       -68.1074      
     2200.0000     8.3305        14.3125       -86.5011      45.8244       14.3135       -77.1946      
     2400.0000     8.4750        15.9932       -95.7400      46.5555       15.9942       -86.4334      
     2600.0000     8.6099        17.7018       -105.1202     47.2392       17.7028       -95.8136      
 -----------------------------------------------------------------------------------------------------


 ====================================================================================================
   THERMO TABLE FOR MOLECULE CH4
 ====================================================================================================
   Elemental Composition:
     C 1.0000
     H 4.0000
   Formation Enthalpy at 298K =          -17.8292 kcal/mol
   Formation Free Gibbs Energy at 298K = -31.1005 kcal/mol
   Molecular Weight =                    16.0430 kg/kmol
 -----------------------------------------------------------------------------------------------------
   Temperature       Cp             H             G            S             DH            DG         
       [K]       [cal/mol/K]    [kcal/mol]    [kcal/mol]  [cal/(mol-K)]  [kcal/mol]     [kcal/mol]    
 -----------------------------------------------------------------------------------------------------
     300.0000      8.5461        -17.8121      -31.1896      44.5917       0.0171        -0.0891       
     600.0000      12.6047       -14.6794      -45.6791      51.6662       3.1498        -14.5786      
     800.0000      15.3060       -11.8794      -56.4194      55.6750       5.9498        -25.3190      
     1000.0000     17.6207       -8.5856       -67.9261      59.3405       9.2436        -36.8256      
     1200.0000     19.4144       -4.8774       -80.1365      62.7159       12.9518       -49.0360      
     1400.0000     20.9445       -0.8374       -92.9948      65.8267       16.9918       -61.8944      
     1600.0000     22.2465       3.4852        -106.4521     68.7108       21.3144       -75.3516      
     1800.0000     23.3536       8.0482        -120.4660     71.3968       25.8774       -89.3655      
     2000.0000     24.2966       12.8157       -134.9991     73.9074       30.6449       -103.8987     
     2200.0000     25.1038       17.7578       -150.0185     76.2620       35.5870       -118.9181     
     2400.0000     25.8011       22.8499       -165.4946     78.4769       40.6791       -134.3941     
     2600.0000     26.4122       28.0725       -181.4010     80.5667       45.9017       -150.3005     
 -----------------------------------------------------------------------------------------------------


 ====================================================================================================
   THERMO TABLE FOR MOLECULE N2
 ====================================================================================================
   Elemental Composition:
     N 2.0000
   Formation Enthalpy at 298K =          -0.0010 kcal/mol
   Formation Free Gibbs Energy at 298K = -13.6457 kcal/mol
   Molecular Weight =                    28.0140 kg/kmol
 -----------------------------------------------------------------------------------------------------
   Temperature       Cp             H             G            S             DH            DG         
       [K]       [cal/mol/K]    [kcal/mol]    [kcal/mol]  [cal/(mol-K)]  [kcal/mol]     [kcal/mol]    
 -----------------------------------------------------------------------------------------------------
     300.0000      6.9604        0.0129        -13.7373      45.8339       0.0139        -0.0916       
     600.0000      7.1913        2.1264        -28.2986      50.7083       2.1274        -14.6529      
     800.0000      7.5108        3.5954        -38.6599      52.8191       3.5964        -25.0142      
     1000.0000     7.8106        5.1296        -49.4000      54.5296       5.1307        -35.7543      
     1200.0000     8.0389        6.7153        -60.4541      55.9745       6.7163        -46.8084      
     1400.0000     8.2275        8.3425        -71.7771      57.2283       8.3436        -58.1314      
     1600.0000     8.3816        10.0040       -83.3358      58.3374       10.0050       -69.6901      
     1800.0000     8.5062        11.6932       -95.1045      59.3320       11.6943       -81.4588      
     2000.0000     8.6056        13.4048       -107.0624     60.2336       13.4058       -93.4168      
     2200.0000     8.6840        15.1340       -119.1927     61.0576       15.1351       -105.5471     
     2400.0000     8.7454        16.8772       -131.4811     61.8160       16.8783       -117.8354     
     2600.0000     8.7930        18.6313       -143.9154     62.5179       18.6323       -130.2697     
 -----------------------------------------------------------------------------------------------------


 ====================================================================================================
   THERMO TABLE FOR MOLECULE CELL
 ====================================================================================================
   Elemental Composition:
     C 6.0000
     H 10.0000
     O 5.0000
   Formation Enthalpy at 298K =          -224.3642 kcal/mol
   Formation Free Gibbs Energy at 298K = -326.4882 kcal/mol
   Molecular Weight =                    162.1410 kg/kmol
 -----------------------------------------------------------------------------------------------------
   Temperature       Cp             H             G            S             DH            DG         
       [K]       [cal/mol/K]    [kcal/mol]    [kcal/mol]  [cal/(mol-K)]  [kcal/mol]     [kcal/mol]    
 -----------------------------------------------------------------------------------------------------
     300.0000      69.7514       -224.2247     -327.1741     343.1644      0.1394        -0.6859       
     600.0000      81.3767       -201.5555     -438.6033     395.0797      22.8086       -112.1151     
     800.0000      89.1268       -184.5052     -520.1466     419.5517      39.8590       -193.6583     
     1000.0000     96.8770       -165.9048     -606.1772     440.2724      58.4594       -279.6889     
     1200.0000     104.6272      -145.7544     -696.0986     458.6202      78.6098       -369.6104     
     1400.0000     112.3773      -124.0539     -789.5167     475.3305      100.3102      -463.0285     
     1600.0000     120.1275      -100.8034     -886.1512     490.8424      123.5607      -559.6630     
     1800.0000     127.8776      -76.0029      -985.7928     505.4388      148.3612      -659.3046     
     2000.0000     135.6278      -49.6524      -1088.2788    519.3132      174.7118      -761.7905     
     2200.0000     143.3780      -21.7518      -1193.4792    532.6034      202.6124      -866.9910     
     2400.0000     151.1281      7.6988        -1301.2880    545.4112      232.0630      -974.7998     
     2600.0000     158.8783      38.6994       -1411.6167    557.8139      263.0636      -1085.1285    
 -----------------------------------------------------------------------------------------------------


 ====================================================================================================
   THERMO TABLE FOR MOLECULE CELLA
 ====================================================================================================
   Elemental Composition:
     C 6.0000
     H 10.0000
     O 5.0000
   Formation Enthalpy at 298K =          -229.7350 kcal/mol
   Formation Free Gibbs Energy at 298K = -331.8591 kcal/mol
   Molecular Weight =                    162.1410 kg/kmol
 -----------------------------------------------------------------------------------------------------
   Temperature       Cp             H             G            S             DH            DG         
       [K]       [cal/mol/K]    [kcal/mol]    [kcal/mol]  [cal/(mol-K)]  [kcal/mol]     [kcal/mol]    
 -----------------------------------------------------------------------------------------------------
     300.0000      69.7514       -229.5956     -332.5449     343.1644      0.1394        -0.6859       
     600.0000      81.3767       -206.9264     -443.9742     395.0797      22.8086       -112.1151     
     800.0000      89.1268       -189.8760     -525.5174     419.5517      39.8590       -193.6583     
     1000.0000     96.8770       -171.2756     -611.5480     440.2724      58.4594       -279.6889     
     1200.0000     104.6272      -151.1252     -701.4694     458.6202      78.6098       -369.6104     
     1400.0000     112.3773      -129.4248     -794.8875     475.3305      100.3102      -463.0285     
     1600.0000     120.1275      -106.1743     -891.5221     490.8424      123.5607      -559.6630     
     1800.0000     127.8776      -81.3738      -991.1636     505.4388      148.3612      -659.3046     
     2000.0000     135.6278      -55.0232      -1093.6496    519.3132      174.7118      -761.7905     
     2200.0000     143.3780      -27.1227      -1198.8500    532.6034      202.6124      -866.9910     
     2400.0000     151.1281      2.3280        -1306.6588    545.4112      232.0630      -974.7998     
     2600.0000     158.8783      33.3286       -1416.9875    557.8139      263.0636      -1085.1285    
 -----------------------------------------------------------------------------------------------------


 ====================================================================================================
   THERMO TABLE FOR MOLECULE CHAR
 ====================================================================================================
   Elemental Composition:
     C 1.0000
   Formation Enthalpy at 298K =          -0.4544 kcal/mol
   Formation Free Gibbs Energy at 298K = -0.9964 kcal/mol
   Molecular Weight =                    12.0110 kg/kmol
 -----------------------------------------------------------------------------------------------------
   Temperature       Cp             H             G            S             DH            DG         
       [K]       [cal/mol/K]    [kcal/mol]    [kcal/mol]  [cal/(mol-K)]  [kcal/mol]     [kcal/mol]    
 -----------------------------------------------------------------------------------------------------
     300.0000      2.7794        -0.4489       -1.0000       1.8372        0.0055        -0.0037       
     600.0000      5.7590        0.8319        -1.9749       4.6780        1.2863        -0.9786       
     800.0000      7.7454        2.1823        -3.1031       6.6068        2.6367        -2.1068       
     1000.0000     9.7319        3.9301        -4.6185       8.5486        4.3845        -3.6221       
     1200.0000     11.7183       6.0751        -6.5231       10.4985       6.5295        -5.5267       
     1400.0000     13.7047       8.6174        -8.8183       12.4540       9.0718        -7.8219       
     1600.0000     15.6911       11.5570       -11.5050      14.4137       12.0114       -10.5086      
     1800.0000     17.6776       14.8938       -14.5840      16.3766       15.3482       -13.5876      
     2000.0000     19.6640       18.6280       -18.0558      18.3419       19.0824       -17.0594      
     2200.0000     21.6504       22.7594       -21.9209      20.3092       23.2138       -20.9245      
     2400.0000     23.6369       27.2882       -26.1796      22.2782       27.7426       -25.1832      
     2600.0000     25.6233       32.2142       -30.8322      24.2486       32.6686       -29.8359      
 -----------------------------------------------------------------------------------------------------


 ====================================================================================================
   THERMO TABLE FOR MOLECULE COH2S
 ====================================================================================================
   Elemental Composition:
     C 1.0000
     H 2.0000
     O 1.0000
   Formation Enthalpy at 298K =          -81.8583 kcal/mol
   Formation Free Gibbs Energy at 298K = -100.7700 kcal/mol
   Molecular Weight =                    30.0260 kg/kmol
 -----------------------------------------------------------------------------------------------------
   Temperature       Cp             H             G            S             DH            DG         
       [K]       [cal/mol/K]    [kcal/mol]    [kcal/mol]  [cal/(mol-K)]  [kcal/mol]     [kcal/mol]    
 -----------------------------------------------------------------------------------------------------
     300.0000      12.9169       -81.8324      -100.8971     63.5487       0.0258        -0.1270       
     600.0000      15.0697       -77.6345      -121.5320     73.1626       4.2238        -20.7620      
     800.0000      16.5049       -74.4770      -136.6326     77.6945       7.3813        -35.8625      
     1000.0000     17.9401       -71.0325      -152.5641     81.5316       10.8258       -51.7941      
     1200.0000     19.3753       -67.3009      -169.2162     84.9294       14.5573       -68.4461      
     1400.0000     20.8105       -63.2824      -186.5157     88.0238       18.5759       -85.7457      
     1600.0000     22.2457       -58.9767      -204.4110     90.8964       22.8815       -103.6409     
     1800.0000     23.6810       -54.3841      -222.8630     93.5994       27.4742       -122.0930     
     2000.0000     25.1162       -49.5043      -241.8418     96.1688       32.3539       -141.0718     
     2200.0000     26.5514       -44.3376      -261.3233     98.6299       37.5207       -160.5533     
     2400.0000     27.9866       -38.8838      -281.2879     101.0017      42.9745       -180.5178     
     2600.0000     29.4218       -33.1430      -301.7190     103.2985      48.7153       -200.9490     
 -----------------------------------------------------------------------------------------------------


 ====================================================================================================
   THERMO TABLE FOR MOLECULE COS
 ====================================================================================================
   Elemental Composition:
     C 1.0000
     O 1.0000
   Formation Enthalpy at 298K =          -16.7809 kcal/mol
   Formation Free Gibbs Energy at 298K = -34.4229 kcal/mol
   Molecular Weight =                    28.0100 kg/kmol
 -----------------------------------------------------------------------------------------------------
   Temperature       Cp             H             G            S             DH            DG         
       [K]       [cal/mol/K]    [kcal/mol]    [kcal/mol]  [cal/(mol-K)]  [kcal/mol]     [kcal/mol]    
 -----------------------------------------------------------------------------------------------------
     300.0000      12.0496       -16.7568      -34.5414      59.2820       0.0241        -0.1185       
     600.0000      14.0579       -12.8406      -53.7909      68.2504       3.9402        -19.3680      
     800.0000      15.3967       -9.8952       -67.8775      72.4779       6.8857        -33.4546      
     1000.0000     16.7356       -6.6819       -82.7394      76.0574       10.0989       -48.3165      
     1200.0000     18.0744       -3.2009       -98.2734      79.2270       13.5799       -63.8505      
     1400.0000     19.4133       0.5478        -114.4114     82.1138       17.3287       -79.9886      
     1600.0000     20.7521       4.5644        -131.1052     84.7935       21.3452       -96.6823      
     1800.0000     22.0910       8.8487        -148.3183     87.3150       25.6295       -113.8954     
     2000.0000     23.4298       13.4008       -166.0229     89.7118       30.1816       -131.6000     
     2200.0000     24.7687       18.2206       -184.1963     92.0077       35.0015       -149.7735     
     2400.0000     26.1075       23.3082       -202.8204     94.2203       40.0891       -168.3975     
     2600.0000     27.4464       28.6636       -221.8798     96.3628       45.4445       -187.4569     
 -----------------------------------------------------------------------------------------------------


 ====================================================================================================
   THERMO TABLE FOR MOLECULE CH2OS
 ====================================================================================================
   Elemental Composition:
     C 1.0000
     H 2.0000
     O 1.0000
   Formation Enthalpy at 298K =          -45.5504 kcal/mol
   Formation Free Gibbs Energy at 298K = -64.4622 kcal/mol
   Molecular Weight =                    30.0260 kg/kmol
 -----------------------------------------------------------------------------------------------------
   Temperature       Cp             H             G            S             DH            DG         
       [K]       [cal/mol/K]    [kcal/mol]    [kcal/mol]  [cal/(mol-K)]  [kcal/mol]     [kcal/mol]    
 -----------------------------------------------------------------------------------------------------
     300.0000      12.9169       -45.5246      -64.5892      63.5487       0.0258        -0.1270       
     600.0000      15.0697       -41.3266      -85.2242      73.1626       4.2238        -20.7620      
     800.0000      16.5049       -38.1691      -100.3247     77.6945       7.3813        -35.8625      
     1000.0000     17.9401       -34.7246      -116.2562     81.5316       10.8258       -51.7941      
     1200.0000     19.3753       -30.9931      -132.9083     84.9294       14.5573       -68.4461      
     1400.0000     20.8105       -26.9745      -150.2079     88.0238       18.5759       -85.7457      
     1600.0000     22.2457       -22.6689      -168.1031     90.8964       22.8815       -103.6409     
     1800.0000     23.6810       -18.0762      -186.5552     93.5994       27.4742       -122.0930     
     2000.0000     25.1162       -13.1965      -205.5340     96.1688       32.3539       -141.0718     
     2200.0000     26.5514       -8.0297       -225.0155     98.6299       37.5207       -160.5533     
     2400.0000     27.9866       -2.5759       -244.9800     101.0017      42.9745       -180.5178     
     2600.0000     29.4218       3.1649        -265.4112     103.2985      48.7153       -200.9490     
 -----------------------------------------------------------------------------------------------------


 ====================================================================================================
   THERMO TABLE FOR MOLECULE H2S
 ====================================================================================================
   Elemental Composition:
     H 2.0000
   Formation Enthalpy at 298K =          1.7931 kcal/mol
   Formation Free Gibbs Energy at 298K = 0.5233 kcal/mol
   Molecular Weight =                    2.0160 kg/kmol
 -----------------------------------------------------------------------------------------------------
   Temperature       Cp             H             G            S             DH            DG         
       [K]       [cal/mol/K]    [kcal/mol]    [kcal/mol]  [cal/(mol-K)]  [kcal/mol]     [kcal/mol]    
 -----------------------------------------------------------------------------------------------------
     300.0000      0.8673        1.7948        0.5148        4.2668        0.0017        -0.0085       
     600.0000      1.0118        2.0767        -0.8707       4.9123        0.2836        -1.3940       
     800.0000      1.1082        2.2887        -1.8846       5.2165        0.4956        -2.4079       
     1000.0000     1.2045        2.5199        -2.9542       5.4742        0.7269        -3.4775       
     1200.0000     1.3009        2.7705        -4.0723       5.7023        0.9774        -4.5956       
     1400.0000     1.3973        3.0403        -5.2338       5.9101        1.2472        -5.7571       
     1600.0000     1.4936        3.3294        -6.4353       6.1029        1.5363        -6.9586       
     1800.0000     1.5900        3.6378        -7.6742       6.2844        1.8447        -8.1975       
     2000.0000     1.6863        3.9654        -8.9485       6.4569        2.1723        -9.4718       
     2200.0000     1.7827        4.3123        -10.2565      6.6222        2.5192        -10.7798      
     2400.0000     1.8791        4.6785        -11.5970      6.7814        2.8854        -12.1203      
     2600.0000     1.9754        5.0639        -12.9688      6.9356        3.2708        -13.4921      
 -----------------------------------------------------------------------------------------------------


 ====================================================================================================
   THERMO TABLE FOR MOLECULE LVGS
 ====================================================================================================
   Elemental Composition:
     C 6.0000
     H 10.0000
     O 5.0000
   Formation Enthalpy at 298K =          -230.5583 kcal/mol
   Formation Free Gibbs Energy at 298K = -332.6823 kcal/mol
   Molecular Weight =                    162.1410 kg/kmol
 -----------------------------------------------------------------------------------------------------
   Temperature       Cp             H             G            S             DH            DG         
       [K]       [cal/mol/K]    [kcal/mol]    [kcal/mol]  [cal/(mol-K)]  [kcal/mol]     [kcal/mol]    
 -----------------------------------------------------------------------------------------------------
     300.0000      69.7514       -230.4188     -333.3682     343.1644      0.1394        -0.6859       
     600.0000      81.3767       -207.7496     -444.7974     395.0797      22.8086       -112.1151     
     800.0000      89.1268       -190.6993     -526.3407     419.5517      39.8590       -193.6583     
     1000.0000     96.8770       -172.0989     -612.3713     440.2724      58.4594       -279.6889     
     1200.0000     104.6272      -151.9485     -702.2927     458.6202      78.6098       -369.6104     
     1400.0000     112.3773      -130.2480     -795.7108     475.3305      100.3102      -463.0285     
     1600.0000     120.1275      -106.9975     -892.3453     490.8424      123.5607      -559.6630     
     1800.0000     127.8776      -82.1970      -991.9869     505.4388      148.3612      -659.3046     
     2000.0000     135.6278      -55.8465      -1094.4729    519.3132      174.7118      -761.7905     
     2200.0000     143.3780      -27.9459      -1199.6733    532.6034      202.6124      -866.9910     
     2400.0000     151.1281      1.5047        -1307.4821    545.4112      232.0630      -974.7998     
     2600.0000     158.8783      32.5053       -1417.8108    557.8139      263.0636      -1085.1285    
 -----------------------------------------------------------------------------------------------------


 ====================================================================================================
   THERMO TABLE FOR MOLECULE CHARO
 ====================================================================================================
   Elemental Composition:
     C 1.0000
     O 1.0000
   Formation Enthalpy at 298K =          -2.0413 kcal/mol
   Formation Free Gibbs Energy at 298K = -3.3052 kcal/mol
   Molecular Weight =                    28.0100 kg/kmol
 -----------------------------------------------------------------------------------------------------
   Temperature       Cp             H             G            S             DH            DG         
       [K]       [cal/mol/K]    [kcal/mol]    [kcal/mol]  [cal/(mol-K)]  [kcal/mol]     [kcal/mol]    
 -----------------------------------------------------------------------------------------------------
     300.0000      6.4815        -2.0284       -3.3137       4.2844        0.0129        -0.0085       
     600.0000      13.4301       0.9584        -5.5872       10.9093       2.9997        -2.2820       
     800.0000      18.0626       4.1076        -8.2182       15.4073       6.1489        -4.9130       
     1000.0000     22.6950       8.1834        -11.7521      19.9355       10.2247       -8.4469       
     1200.0000     27.3274       13.1856       -16.1937      24.4828       15.2269       -12.8885      
     1400.0000     31.9598       19.1143       -21.5461      29.0432       21.1556       -18.2409      
     1600.0000     36.5922       25.9695       -27.8116      33.6132       28.0108       -24.5064      
     1800.0000     41.2246       33.7512       -34.9919      38.1906       35.7925       -31.6867      
     2000.0000     45.8570       42.4594       -43.0882      42.7738       44.5007       -39.7830      
     2200.0000     50.4894       52.0940       -52.1017      47.3617       54.1353       -48.7965      
     2400.0000     55.1218       62.6551       -62.0332      51.9535       64.6964       -58.7280      
     2600.0000     59.7542       74.1427       -72.8833      56.5485       76.1841       -69.5781      
 -----------------------------------------------------------------------------------------------------


 ====================================================================================================
   THERMO TABLE FOR MOLECULE COSTIFFS
 ====================================================================================================
   Elemental Composition:
     C 1.0000
     O 1.0000
   Formation Enthalpy at 298K =          -15.5099 kcal/mol
   Formation Free Gibbs Energy at 298K = -33.1519 kcal/mol
   Molecular Weight =                    28.0100 kg/kmol
 -----------------------------------------------------------------------------------------------------
   Temperature       Cp             H             G            S             DH            DG         
       [K]       [cal/mol/K]    [kcal/mol]    [kcal/mol]  [cal/(mol-K)]  [kcal/mol]     [kcal/mol]    
 -----------------------------------------------------------------------------------------------------
     300.0000      12.0496       -15.4858      -33.2704      59.2820       0.0241        -0.1185       
     600.0000      14.0579       -11.5696      -52.5199      68.2504       3.9402        -19.3680      
     800.0000      15.3967       -8.6242       -66.6065      72.4779       6.8857        -33.4546      
     1000.0000     16.7356       -5.4109       -81.4684      76.0574       10.0989       -48.3165      
     1200.0000     18.0744       -1.9299       -97.0024      79.2270       13.5799       -63.8505      
     1400.0000     19.4133       1.8188        -113.1404     82.1138       17.3287       -79.9886      
     1600.0000     20.7521       5.8354        -129.8341     84.7935       21.3452       -96.6823      
     1800.0000     22.0910       10.1197       -147.0473     87.3150       25.6295       -113.8954     
     2000.0000     23.4298       14.6718       -164.7519     89.7118       30.1816       -131.6000     
     2200.0000     24.7687       19.4916       -182.9253     92.0077       35.0015       -149.7735     
     2400.0000     26.1075       24.5792       -201.5494     94.2203       40.0891       -168.3975     
     2600.0000     27.4464       29.9346       -220.6088     96.3628       45.4445       -187.4569     
 -----------------------------------------------------------------------------------------------------


