------------------------------
  Elements     Atomic Weight  
------------------------------
  1.	C         12.01099968
  2.	H          1.00800002
  3.	O         15.99899960
  4.	N         14.00699997
------------------------------


--------------------------------------------------------------------------------------------------------------
                                                Molecular        Temperature        Elements
  Species                  Phase  Charge         weight         Low      High       C       H       O       N
--------------------------------------------------------------------------------------------------------------
    1. CH2OHCH2CHO           G      0           74.078998    300.00   4000.00       3       6       2       0
    2. FURFURAL              G      0           96.084998    300.00   4000.00       5       4       2       0
    3. CH2OHCHO              G      0           60.051999    300.00   4000.00       2       4       2       0
    4. CHOCHO                G      0           58.035999    300.00   4000.00       2       2       2       0
    5. CH3CHO                G      0           44.052999    200.00   6000.00       2       4       1       0
    6. HCOOH                 G      0           46.024999    300.00   4000.00       1       2       2       0
    7. FURAN                 G      0           68.074998    300.00   3500.00       4       4       1       0
    8. CH3COCH3              G      0           58.079999    300.00   3500.00       3       6       1       0
    9. LVG                   G      0          162.140996    300.00   4000.00       6      10       5       0
   10. H2O                   G      0           18.015000    200.00   6000.00       0       2       1       0
   11. CO                    G      0           28.009999    200.00   6000.00       1       0       1       0
   12. CO2                   G      0           44.008999    200.00   6000.00       1       0       2       0
   13. H2                    G      0            2.016000    200.00   6000.00       0       2       0       0
   14. N2                    G      0           28.014000    200.00   6000.00       0       0       0       2
--------------------------------------------------------------------------------------------------------------

--------------------------------------------------------------------------------------------------------------
                                                Molecular        Temperature        Elements
  Species                  Phase  Charge         weight         Low      High       C       H       O       N
--------------------------------------------------------------------------------------------------------------
   14. N2                    G      0           28.014000    200.00   6000.00       0       0       0       2
   13. H2                    G      0            2.016000    200.00   6000.00       0       2       0       0
   10. H2O                   G      0           18.015000    200.00   6000.00       0       2       1       0
   11. CO                    G      0           28.009999    200.00   6000.00       1       0       1       0
   12. CO2                   G      0           44.008999    200.00   6000.00       1       0       2       0
    6. HCOOH                 G      0           46.024999    300.00   4000.00       1       2       2       0
    4. CHOCHO                G      0           58.035999    300.00   4000.00       2       2       2       0
    5. CH3CHO                G      0           44.052999    200.00   6000.00       2       4       1       0
    3. CH2OHCHO              G      0           60.051999    300.00   4000.00       2       4       2       0
    8. CH3COCH3              G      0           58.079999    300.00   3500.00       3       6       1       0
    1. CH2OHCH2CHO           G      0           74.078998    300.00   4000.00       3       6       2       0
    7. FURAN                 G      0           68.074998    300.00   3500.00       4       4       1       0
    2. FURFURAL              G      0           96.084998    300.00   4000.00       5       4       2       0
    9. LVG                   G      0          162.140996    300.00   4000.00       6      10       5       0
--------------------------------------------------------------------------------------------------------------

------------------------------------------------------------------------------------------------------------------
  Species                  Shape       eps/kb          sigma             mu           alfa        zRot298         
------------------------------------------------------------------------------------------------------------------
    1. CH2OHCH2CHO           2       503.0720         5.3390         1.6700         7.0160         1.0000
    2. FURFURAL              2       524.6900         5.6530         0.0000         0.0000         1.0000
    3. CH2OHCHO              2       496.0000         5.2000         0.0000         0.0000         1.0000
    4. CHOCHO                1       440.2000         4.0100         0.0000         0.0000         2.0000
    5. CH3CHO                2       436.0000         3.9700         0.0000         0.0000         2.0000
    6. HCOOH                 2       470.6000         3.8550         0.0000         0.0000         1.0000
    7. FURAN                 1       357.0000         5.1800         0.0000         0.0000         1.0000
    8. CH3COCH3              2       435.5000         4.8600         0.0000         0.0000         1.0000
    9. LVG                   2       568.5000         5.2300         0.0000        10.3000         1.0000
   10. H2O                   2       572.4000         2.6050         1.8440         0.0000         4.0000
   11. CO                    1        98.1000         3.6500         0.0000         1.9500         1.8000
   12. CO2                   1       244.0000         3.7630         0.0000         2.6500         2.1000
   13. H2                    1        38.0000         2.9200         0.0000         0.7900       280.0000
   14. N2                    1        97.5300         3.6210         0.0000         1.7600         4.0000
------------------------------------------------------------------------------------------------------------------


------------------------------------------------------------------------------------------------------------------
  Species                  Shape       eps/kb          sigma             mu           alfa        zRot298         
------------------------------------------------------------------------------------------------------------------
    1. CH2OHCH2CHO           2       503.0720         5.3390         1.6700         7.0160         1.0000
    2. FURFURAL              2       524.6900         5.6530         0.0000         0.0000         1.0000
    3. CH2OHCHO              2       496.0000         5.2000         0.0000         0.0000         1.0000
    4. CHOCHO                1       440.2000         4.0100         0.0000         0.0000         2.0000
    5. CH3CHO                2       436.0000         3.9700         0.0000         0.0000         2.0000
    6. HCOOH                 2       470.6000         3.8550         0.0000         0.0000         1.0000
    7. FURAN                 1       357.0000         5.1800         0.0000         0.0000         1.0000
    8. CH3COCH3              2       435.5000         4.8600         0.0000         0.0000         1.0000
    9. LVG                   2       568.5000         5.2300         0.0000        10.3000         1.0000
   10. H2O                   2       572.4000         2.6050         1.8440         0.0000         4.0000
   11. CO                    1        98.1000         3.6500         0.0000         1.9500         1.8000
   12. CO2                   1       244.0000         3.7630         0.0000         2.6500         2.1000
   13. H2                    1        38.0000         2.9200         0.0000         0.7900       280.0000
   14. N2                    1        97.5300         3.6210         0.0000         1.7600         4.0000
------------------------------------------------------------------------------------------------------------------


---------------------------------------------------------------------------------------
                                  CHEMICAL REACTIONS                                   

                          Units: [mol, cm3, s] and [cal/mol]                           
---------------------------------------------------------------------------------------


      1. N2  => N2 
         k:       1.000000e+01	    0.00      10000.00


