------------------------------
  Elements     Atomic Weight  
------------------------------
  1.	C         12.01099968
  2.	H          1.00800002
  3.	O         15.99899960
  4.	N         14.00699997
------------------------------


--------------------------------------------------------------------------------------------------------------
                                                Molecular        Temperature        Elements
  Species                  Phase  Charge         weight         Low      High       C       H       O       N
--------------------------------------------------------------------------------------------------------------
    1. CH2OHCH2CHO           G      0           74.078998    300.00   4000.00       3       6       2       0
    2. FURFURAL              G      0           96.084998    300.00   4000.00       5       4       2       0
    3. CH2OHCHO              G      0           60.051999    300.00   4000.00       2       4       2       0
    4. CHOCHO                G      0           58.035999    300.00   4000.00       2       2       2       0
    5. CH3CHO                G      0           44.052999    200.00   6000.00       2       4       1       0
    6. HCOOH                 G      0           46.024999    300.00   4000.00       1       2       2       0
    7. FURAN                 G      0           68.074998    300.00   3500.00       4       4       1       0
    8. CH3COCH3              G      0           58.079999    300.00   3500.00       3       6       1       0
    9. LVG                   G      0          162.140996    300.00   4000.00       6      10       5       0
   10. H2O                   G      0           18.015000    200.00   6000.00       0       2       1       0
   11. CO                    G      0           28.009999    200.00   6000.00       1       0       1       0
   12. CO2                   G      0           44.008999    200.00   6000.00       1       0       2       0
   13. H2                    G      0            2.016000    200.00   6000.00       0       2       0       0
   14. N2                    G      0           28.014000    200.00   6000.00       0       0       0       2
   15. CELL                  S      0          162.140996    300.00   4000.00       6      10       5       0
   16. CELLA                 S      0          162.140996    300.00   4000.00       6      10       5       0
   17. CHAR                  S      0           12.011000    300.00   4000.00       1       0       0       0
   18. CHARO                 S      0           28.009999    300.00   4000.00       1       0       1       0
--------------------------------------------------------------------------------------------------------------

--------------------------------------------------------------------------------------------------------------
                                                Molecular        Temperature        Elements
  Species                  Phase  Charge         weight         Low      High       C       H       O       N
--------------------------------------------------------------------------------------------------------------
   14. N2                    G      0           28.014000    200.00   6000.00       0       0       0       2
   13. H2                    G      0            2.016000    200.00   6000.00       0       2       0       0
   10. H2O                   G      0           18.015000    200.00   6000.00       0       2       1       0
   18. CHARO                 S      0           28.009999    300.00   4000.00       1       0       1       0
   11. CO                    G      0           28.009999    200.00   6000.00       1       0       1       0
   12. CO2                   G      0           44.008999    200.00   6000.00       1       0       2       0
    6. HCOOH                 G      0           46.024999    300.00   4000.00       1       2       2       0
   17. CHAR                  S      0           12.011000    300.00   4000.00       1       0       0       0
    5. CH3CHO                G      0           44.052999    200.00   6000.00       2       4       1       0
    3. CH2OHCHO              G      0           60.051999    300.00   4000.00       2       4       2       0
    4. CHOCHO                G      0           58.035999    300.00   4000.00       2       2       2       0
    1. CH2OHCH2CHO           G      0           74.078998    300.00   4000.00       3       6       2       0
    8. CH3COCH3              G      0           58.079999    300.00   3500.00       3       6       1       0
    7. FURAN                 G      0           68.074998    300.00   3500.00       4       4       1       0
    2. FURFURAL              G      0           96.084998    300.00   4000.00       5       4       2       0
    9. LVG                   G      0          162.140996    300.00   4000.00       6      10       5       0
   15. CELL                  S      0          162.140996    300.00   4000.00       6      10       5       0
   16. CELLA                 S      0          162.140996    300.00   4000.00       6      10       5       0
--------------------------------------------------------------------------------------------------------------

---------------------------------------------------------------------------------------
                                SOLID MECHANISM                                      
---------------------------------------------------------------------------------------

       Number of materials:       1
       Number of solid species:   4

       Materials: 
       BIOMASS

       ------------------------------------------------------------------------------------------------------------------
       BIOMASS                 global-index    solid-index     local-index     
       ------------------------------------------------------------------------------------------------------------------
       CELL                    15              1               1               
       CELLA                   16              2               2               
       CHAR                    17              3               3               
       CHARO                   18              4               4               

--------------------------------------------------------------------------------------------------------
                                  CHEMICAL REACTIONS                                                  

                         Units: [kmol, m3, s] and [cal/mol]                                           
--------------------------------------------------------------------------------------------------------


      1. CELL  => CELLA 
         k:       7.000000e+13	    0.00      45000.00


      2. CELLA  => 0.026CH2OHCH2CHO + 0.287FURFURAL + 0.3251CH2OHCHO + 0.02CHOCHO + 0.0431CH3CHO + 0.02HCOOH + 0.2FURAN + 0.1323CH3COCH3 + 2.5484H2O + 0.14CO + 0.29CO2 + 0.2263H2 + 2.0637CHAR 
         k:       1.500000e+06	    0.00      20000.00


      3. CELLA  => LVG 
         k:       5.000000e+04	    0.00      14500.00


      4. CELL  => 4.75H2O + 0.25CO + 0.25H2 + 5.75CHAR 
         k:       8.000000e+07	    0.00      31000.00


