 ----------------------------------------------------------------------------------------------------------------------------------------------------------------------------------------------------------------------------------------------------------
                     SPECIFIC HEAT COEFFICIENTS                                                                     

             Cp = A + B*T + C*T^2 + D*T^3 + E*T^4  [J/kg/K]                                                         

    Species                      Cp(298K)         Cp(1000K)          LT-HT            A(LT)            B(LT)            C(LT)            D(LT)            E(LT)             A(HT)           B(HT)            C(HT)            D(HT)           E(HT)      
 ----------------------------------------------------------------------------------------------------------------------------------------------------------------------------------------------------------------------------------------------------------

    1. CH2OHCH2CHO              1.263533e+03     2.451952e+03     1.382000e+03     2.992408e+02     3.886820e+00    -2.406162e-03     7.749674e-07    -1.029152e-10     1.334919e+03     1.617944e+00    -5.359639e-04     8.148871e-08    -4.661078e-12
    2. FURFURAL                 9.881664e+02     2.087789e+03     1.000000e+03    -1.611752e+02     4.940534e+00    -4.121871e-03     1.712902e-06    -2.826024e-10     1.380655e+03     1.056527e+00    -3.629961e-04     5.661112e-08    -3.297405e-12
    3. CH2OHCHO                 1.105282e+03     2.148313e+03     1.000000e+03     8.513921e+02    -8.263347e-01     8.251927e-03    -9.922521e-06     3.793849e-09     9.568427e+02     1.706877e+00    -6.069467e-04     9.734107e-08    -5.801375e-12
    4. CHOCHO                   1.040597e+03     1.871932e+03     1.000000e+03     6.710658e+02     6.848197e-02     6.108639e-03    -8.295240e-06     3.318985e-09     1.249987e+03     9.069990e-01    -3.374936e-04     5.584180e-08    -3.402330e-12
    5. CH3CHO                   1.255397e+03     2.556187e+03     1.000000e+03     8.926273e+02    -6.026934e-01     8.971632e-03    -1.084461e-05     4.139228e-09     1.019959e+03     2.212583e+00    -7.976648e-04     1.290446e-07    -7.735389e-12
    6. HCOOH                    8.972390e+02     1.647163e+03     1.000000e+03     7.042429e+02    -6.428971e-01     6.416821e-03    -7.921539e-06     3.090536e-09     8.334933e+02     1.165133e+00    -4.138398e-04     6.632791e-08    -3.951501e-12
    7. FURAN                    9.787674e+02     2.463195e+03     1.250000e+03    -9.276385e+02     8.631073e+00    -8.699346e-03     4.284972e-06    -8.258653e-10     1.022879e+03     2.389416e+00    -1.209358e-03     2.903123e-07    -2.693332e-11
    8. CH3COCH3                 1.255369e+03     2.782236e+03     1.790000e+03    -1.080223e+00     5.081807e+00    -3.202789e-03     1.042126e-06    -1.378275e-10     1.402218e+03     1.945946e+00    -5.749724e-04     6.342273e-08    -1.137198e-12
    9. LVG                      1.056392e+03     2.345463e+03     1.000000e+03    -4.006146e+02     6.431670e+00    -5.962329e-03     2.793356e-06    -5.166184e-10     1.435051e+03     1.354626e+00    -4.685077e-04     7.329029e-08    -4.274925e-12
   10. H2O                      1.864404e+03     2.291436e+03     1.000000e+03     1.939107e+03    -9.488297e-01     3.030162e-03    -2.551831e-06     8.228276e-10     1.260519e+03     1.362146e+00    -3.855436e-04     5.819366e-08    -3.879306e-12
   11. CO                       1.040371e+03     1.183493e+03     1.000000e+03     1.067161e+03    -2.140794e-01     3.806612e-04     1.936665e-07    -2.439171e-10     9.006016e+02     4.076435e-01    -1.473643e-04     2.405232e-08    -1.440654e-12
   12. CO2                      8.436484e+02     1.234536e+03     1.000000e+03     4.168932e+02     1.907592e+00    -1.882347e-03     1.033721e-06    -2.413232e-10     8.757447e+02     5.187153e-01    -1.886019e-04     3.041972e-08    -1.741937e-12
   13. H2                       1.430297e+04     1.494359e+04     1.000000e+03     9.803073e+03     3.191817e+01    -7.783882e-02     8.063589e-05    -2.957473e-08     1.196885e+04     3.583931e+00    -6.840642e-04     7.871185e-08    -3.840167e-12
   14. N2                       1.039626e+03     1.166660e+03     1.000000e+03     1.047991e+03    -3.670217e-02    -1.492886e-04     7.227908e-07    -4.181308e-10     8.763149e+02     4.145954e-01    -1.462114e-04     2.332852e-08    -1.367506e-12
   15. CELL                     1.798100e+03     2.500139e+03     1.000000e+03     1.500083e+03     1.000056e+00     0.000000e+00     0.000000e+00     0.000000e+00     1.500083e+03     1.000056e+00     0.000000e+00     0.000000e+00     0.000000e+00
   16. CELLA                    1.798100e+03     2.500139e+03     1.000000e+03     1.500083e+03     1.000056e+00     0.000000e+00     0.000000e+00     0.000000e+00     1.500083e+03     1.000056e+00     0.000000e+00     0.000000e+00     0.000000e+00
   17. CHAR                     9.613585e+02     3.390414e+03     1.000000e+03    -6.977888e+01     3.460192e+00     0.000000e+00     0.000000e+00     0.000000e+00    -6.977888e+01     3.460192e+00     0.000000e+00     0.000000e+00     0.000000e+00
   18. CHARO                    9.613585e+02     3.390414e+03     1.000000e+03    -6.977888e+01     3.460192e+00     0.000000e+00     0.000000e+00     0.000000e+00    -6.977888e+01     3.460192e+00     0.000000e+00     0.000000e+00     0.000000e+00

 ----------------------------------------------------------------------------------------------------------------------------------------------------------------------------------------------------------------------------------------------------------


 -------------------------------------------------------------------------------------------------------------------------------------------------------------------------------------------------------------------------------------------------------------------------------------------
                           ENTHALPY COEFFICIENTS                                                                     

             H/(RT) = A + B*T + C*T^2 + D*T^3 + E*T^4 + F/T  [-]                                                         

    Species                   H(298K)[J/kmol]  H(1000K)[J/kmol]      LT-HT            A(LT)            B(LT)            C(LT)            D(LT)            E(LT)           F(LT)             A(HT)            B(HT)            C(HT)           D(HT)             E(HT)            F(HT)      
 -------------------------------------------------------------------------------------------------------------------------------------------------------------------------------------------------------------------------------------------------------------------------------------------

    1. CH2OHCH2CHO             -3.360238e+08    -2.344063e+08     1.382000e+03     2.666133e+00     1.731511e-02    -7.146024e-06     1.726173e-09    -1.833878e-13    -4.257060e+04     1.189367e+01     7.207660e-03    -1.591751e-06     1.815091e-10    -8.305720e-15    -4.592717e+04
    2. FURFURAL                -1.512395e+08    -3.895302e+07     1.000000e+03    -1.862600e+00     2.854732e-02    -1.587795e-05     4.948733e-09    -6.531717e-13    -1.978730e+04     1.595536e+01     6.104807e-03    -1.398306e-06     1.635548e-10    -7.621207e-15    -2.556646e+04
    3. CH2OHCHO                -3.065615e+08    -2.348011e+08     1.000000e+03     6.149261e+00    -2.984141e-03     1.986678e-05    -1.791659e-08     5.480288e-12    -3.883568e+04     6.910888e+00     6.164042e-03    -1.461244e-06     1.757638e-10    -8.380197e-15    -4.002116e+04
    4. CHOCHO                  -2.120898e+08    -1.488656e+08     1.000000e+03     4.684125e+00     2.390064e-04     1.421303e-05    -1.447546e-08     4.633387e-12    -2.719850e+04     8.725069e+00     3.165484e-03    -7.852494e-07     9.744571e-11    -4.749738e-15    -2.910241e+04
    5. CH3CHO                  -1.661973e+08    -1.045420e+08     1.000000e+03     4.729459e+00    -1.596643e-03     1.584497e-05    -1.436465e-08     4.386222e-12    -2.157288e+04     5.404111e+00     5.861529e-03    -1.408771e-06     1.709311e-10    -8.196973e-15    -2.259312e+04
    6. HCOOH                   -3.786402e+08    -3.355747e+08     1.000000e+03     3.898362e+00    -1.779390e-03     1.184018e-05    -1.096249e-08     3.421554e-12    -4.677857e+04     4.613832e+00     3.224818e-03    -7.636084e-07     9.179012e-11    -4.374735e-15    -4.533032e+04
    7. FURAN                   -4.251655e+07     4.979751e+07     1.250000e+03    -7.595078e+00     3.533363e-02    -2.374208e-05     8.770847e-09    -1.352361e-12    -5.425690e+03     8.374865e+00     9.781723e-03    -3.300557e-06     5.942360e-10    -4.410354e-14    -9.418176e+03
    8. CH3COCH3                -2.149659e+08    -1.274895e+08     1.790000e+03    -7.545813e-03     1.774928e-02    -7.457608e-06     1.819921e-09    -1.925566e-13    -2.724496e+04     9.795079e+00     6.796623e-03    -1.338808e-06     1.107586e-10    -1.588761e-15    -3.075429e+04
    9. LVG                     -8.406777e+08    -6.292576e+08     1.000000e+03    -7.812417e+00     6.271226e-02    -3.875729e-05     1.361836e-08    -2.014923e-12    -1.034283e+05     2.798504e+01     1.320833e-02    -3.045469e-06     3.573100e-10    -1.667313e-14    -1.143137e+05
   10. H2O                     -2.418378e+08    -2.158323e+08     1.000000e+03     4.201476e+00    -1.027918e-03     2.188491e-06    -1.382267e-09     3.565652e-13    -3.029501e+04     2.731175e+00     1.475685e-03    -2.784533e-07     3.152215e-11    -1.681063e-15    -2.991691e+04
   11. CO                      -1.105272e+08    -8.883326e+07     1.000000e+03     3.595084e+00    -3.605985e-04     4.274608e-07     1.631073e-10    -1.643430e-13    -1.434490e+04     3.033973e+00     6.866406e-04    -1.654817e-07     2.025704e-11    -9.706635e-16    -1.425860e+04
   12. CO2                     -3.934801e+08    -3.600706e+08     1.000000e+03     2.206643e+00     5.048504e-03    -3.321129e-06     1.367889e-09    -2.554679e-13    -4.835299e+04     4.635375e+00     1.372797e-03    -3.327608e-07     4.025340e-11    -1.844037e-15    -4.902037e+04
   13. H2                      -4.325295e+03     2.068572e+07     1.000000e+03     2.376942e+00     3.869585e-03    -6.291169e-06     4.887928e-09    -1.434191e-12    -9.211731e+02     2.902076e+00     4.344963e-04    -5.528814e-08     4.771297e-12    -1.862244e-16    -7.979487e+02
   14. N2                      -4.368616e+03     2.146458e+07     1.000000e+03     3.531005e+00    -6.183049e-05    -1.676665e-07     6.088265e-10    -2.817625e-13    -1.046976e+03     2.952576e+00     6.984502e-04    -1.642105e-07     1.965025e-11    -9.215104e-16    -9.239487e+02
   15. CELL                    -9.388362e+08    -6.942170e+08     1.000000e+03     2.925325e+01     9.751082e-03     0.000000e+00     0.000000e+00     0.000000e+00    -1.224994e+05     2.925325e+01     9.751082e-03     0.000000e+00     0.000000e+00     0.000000e+00    -1.224994e+05
   16. CELLA                   -9.613101e+08    -7.166909e+08     1.000000e+03     2.925325e+01     9.751082e-03     0.000000e+00     0.000000e+00     0.000000e+00    -1.252024e+05     2.925325e+01     9.751082e-03     0.000000e+00     0.000000e+00     0.000000e+00    -1.252024e+05
   17. CHAR                    -1.901405e+06     1.644506e+07     1.000000e+03    -1.008020e-01     2.499282e-03     0.000000e+00     0.000000e+00     0.000000e+00    -4.205937e+02    -1.008020e-01     2.499282e-03     0.000000e+00     0.000000e+00     0.000000e+00    -4.205937e+02
   18. CHARO                   -8.541712e+06     3.424278e+07     1.000000e+03    -2.350731e-01     5.828398e-03     0.000000e+00     0.000000e+00     0.000000e+00    -1.474865e+03    -2.350731e-01     5.828398e-03     0.000000e+00     0.000000e+00     0.000000e+00    -1.474865e+03

 -------------------------------------------------------------------------------------------------------------------------------------------------------------------------------------------------------------------------------------------------------------------------------------------


 -------------------------------------------------------------------------------------------------------------------------------------------------------------------------------------------------------------------------------------------------------------------------------------------
                             ENTROPY COEFFICIENTS                                                                     

             S/R = A*lnT + B*T + C*T^2 + D*T^3 + E*T^4 + F  [-]                                                         

    Species                 S(298K)[J/kmol/K] S(1000K)[J/kmol/K]     LT-HT            A(LT)            B(LT)            C(LT)            D(LT)            E(LT)           F(LT)             A(HT)            B(HT)            C(HT)           D(HT)             E(HT)            F(HT)      
 -------------------------------------------------------------------------------------------------------------------------------------------------------------------------------------------------------------------------------------------------------------------------------------------

    1. CH2OHCH2CHO              3.488088e+05     5.133046e+05     1.382000e+03     2.666133e+00     3.463023e-02    -1.071904e-05     2.301564e-09    -2.292348e-13     1.733584e+01     1.189367e+01     1.441532e-02    -2.387627e-06     2.420121e-10    -1.038215e-14    -3.272857e+01
    2. FURFURAL                 3.257101e+05     5.064435e+05     1.000000e+03    -1.862600e+00     5.709464e-02    -2.381693e-05     6.598311e-09    -8.164646e-13     3.471799e+01     1.595536e+01     1.220961e-02    -2.097458e-06     2.180730e-10    -9.526508e-15    -5.968305e+01
    3. CH2OHCHO                 3.092068e+05     4.251808e+05     1.000000e+03     6.149261e+00    -5.968281e-03     2.980017e-05    -2.388879e-08     6.850360e-12     1.866446e+00     6.910888e+00     1.232808e-02    -2.191865e-06     2.343517e-10    -1.047525e-14    -6.961326e+00
    4. CHOCHO                   2.724515e+05     3.754589e+05     1.000000e+03     4.684125e+00     4.780128e-04     2.131954e-05    -1.930061e-08     5.791733e-12     4.511872e+00     8.725069e+00     6.330968e-03    -1.177874e-06     1.299276e-10    -5.937173e-15    -2.039039e+01
    5. CH3CHO                   2.639228e+05     3.631512e+05     1.000000e+03     4.729459e+00    -3.193286e-03     2.376746e-05    -1.915287e-08     5.482778e-12     4.103016e+00     5.404111e+00     1.172306e-02    -2.113157e-06     2.279082e-10    -1.024622e-14    -3.480792e+00
    6. HCOOH                    2.471262e+05     3.171156e+05     1.000000e+03     3.898362e+00    -3.558779e-03     1.776027e-05    -1.461665e-08     4.276942e-12     7.349540e+00     4.613832e+00     6.449636e-03    -1.145413e-06     1.223868e-10    -5.468419e-15     8.478838e-01
    7. FURAN                    2.521488e+05     3.990709e+05     1.250000e+03    -7.595078e+00     7.066726e-02    -3.561313e-05     1.169446e-08    -1.690452e-12     5.540399e+01     8.374865e+00     1.956345e-02    -4.950836e-06     7.923146e-10    -5.512942e-14    -2.520534e+01
    8. CH3COCH3                 2.954444e+05     4.354714e+05     1.790000e+03    -7.545813e-03     3.549855e-02    -1.118641e-05     2.426561e-09    -2.406957e-13     2.592930e+01     9.795079e+00     1.359325e-02    -2.008211e-06     1.476781e-10    -1.985951e-15    -2.706994e+01
    9. LVG                      4.755579e+05     8.147471e+05     1.000000e+03    -7.812417e+00     1.254245e-01    -5.813593e-05     1.815782e-08    -2.518654e-12     6.903009e+01     2.798504e+01     2.641667e-02    -4.568204e-06     4.764133e-10    -2.084141e-14    -1.177544e+02
   10. H2O                      1.888149e+05     2.327362e+05     1.000000e+03     4.201476e+00    -2.055835e-03     3.282736e-06    -1.843023e-09     4.457065e-13    -8.606109e-01     2.731175e+00     2.951370e-03    -4.176799e-07     4.202953e-11    -2.101329e-15     6.551830e+00
   11. CO                       1.976451e+05     2.345473e+05     1.000000e+03     3.595084e+00    -7.211969e-04     6.411912e-07     2.174764e-10    -2.054287e-13     3.443556e+00     3.033973e+00     1.373281e-03    -2.482225e-07     2.700938e-11    -1.213329e-15     6.100761e+00
   12. CO2                      2.137641e+05     2.692969e+05     1.000000e+03     2.206643e+00     1.009701e-02    -4.981694e-06     1.823852e-09    -3.193349e-13     1.052619e+01     4.635375e+00     2.745595e-03    -4.991412e-07     5.367120e-11    -2.305047e-15    -1.928876e+00
   13. H2                       1.306653e+05     1.662346e+05     1.000000e+03     2.376942e+00     7.739169e-03    -9.436754e-06     6.517237e-09    -1.792739e-12     5.471847e-01     2.902076e+00     8.689926e-04    -8.293222e-08     6.361730e-12    -2.327804e-16    -8.455913e-01
   14. N2                       1.915940e+05     2.281754e+05     1.000000e+03     3.531005e+00    -1.236610e-04    -2.514997e-07     8.117687e-10    -3.522031e-13     2.967470e+00     2.952576e+00     1.396900e-03    -2.463158e-07     2.620034e-11    -1.151888e-15     5.871888e+00
   15. CELL                     1.433996e+06     1.842289e+06     1.000000e+03     2.925325e+01     1.950216e-02     0.000000e+00     0.000000e+00     0.000000e+00     0.000000e+00     2.925325e+01     1.950216e-02     0.000000e+00     0.000000e+00     0.000000e+00     0.000000e+00
   16. CELLA                    1.433996e+06     1.842289e+06     1.000000e+03     2.925325e+01     1.950216e-02     0.000000e+00     0.000000e+00     0.000000e+00     0.000000e+00     2.925325e+01     1.950216e-02     0.000000e+00     0.000000e+00     0.000000e+00     0.000000e+00
   17. CHAR                     7.610176e+03     3.577088e+04     1.000000e+03    -1.008020e-01     4.998564e-03     0.000000e+00     0.000000e+00     0.000000e+00     0.000000e+00    -1.008020e-01     4.998564e-03     0.000000e+00     0.000000e+00     0.000000e+00     0.000000e+00
   18. CHARO                    1.774715e+04     8.341874e+04     1.000000e+03    -2.350731e-01     1.165680e-02     0.000000e+00     0.000000e+00     0.000000e+00     0.000000e+00    -2.350731e-01     1.165680e-02     0.000000e+00     0.000000e+00     0.000000e+00     0.000000e+00

 -------------------------------------------------------------------------------------------------------------------------------------------------------------------------------------------------------------------------------------------------------------------------------------------


