------------------------------
  Elements     Atomic Weight  
------------------------------
  1.	C         12.01099968
  2.	H          1.00800002
  3.	O         15.99899960
  4.	N         14.00699997
------------------------------


--------------------------------------------------------------------------------------------------------------
                                                Molecular        Temperature        Elements
  Species                  Phase  Charge         weight         Low      High       C       H       O       N
--------------------------------------------------------------------------------------------------------------
    1. CH3OH                 G      0           32.041999    300.00   3500.00       1       4       1       0
    2. O2                    G      0           31.997999    300.00   3500.00       0       0       2       0
    3. CO2                   G      0           44.008999    300.00   3500.00       1       0       2       0
    4. CO                    G      0           28.009999    300.00   3500.00       1       0       1       0
    5. H2O                   G      0           18.015000    300.00   3500.00       0       2       1       0
    6. N2                    G      0           28.014000    300.00   3500.00       0       0       0       2
--------------------------------------------------------------------------------------------------------------

--------------------------------------------------------------------------------------------------------------
                                                Molecular        Temperature        Elements
  Species                  Phase  Charge         weight         Low      High       C       H       O       N
--------------------------------------------------------------------------------------------------------------
    6. N2                    G      0           28.014000    300.00   3500.00       0       0       0       2
    2. O2                    G      0           31.997999    300.00   3500.00       0       0       2       0
    5. H2O                   G      0           18.015000    300.00   3500.00       0       2       1       0
    4. CO                    G      0           28.009999    300.00   3500.00       1       0       1       0
    3. CO2                   G      0           44.008999    300.00   3500.00       1       0       2       0
    1. CH3OH                 G      0           32.041999    300.00   3500.00       1       4       1       0
--------------------------------------------------------------------------------------------------------------

------------------------------------------------------------------------------------------------------------------
  Species                  Shape       eps/kb          sigma             mu           alfa        zRot298         
------------------------------------------------------------------------------------------------------------------
    1. CH3OH                 2       481.8000         3.6260         0.0000         0.0000         1.0000
    2. O2                    1       107.4000         3.4580         0.0000         1.6000         3.8000
    3. CO2                   1       244.0000         3.7630         0.0000         2.6500         2.1000
    4. CO                    1        98.1000         3.6500         0.0000         1.9500         1.8000
    5. H2O                   2       572.4000         2.6050         1.8440         0.0000         4.0000
    6. N2                    1        97.5300         3.6210         0.0000         1.7600         4.0000
------------------------------------------------------------------------------------------------------------------


------------------------------------------------------------------------------------------------------------------
  Species                  Shape       eps/kb          sigma             mu           alfa        zRot298         
------------------------------------------------------------------------------------------------------------------
    1. CH3OH                 2       481.8000         3.6260         0.0000         0.0000         1.0000
    2. O2                    1       107.4000         3.4580         0.0000         1.6000         3.8000
    3. CO2                   1       244.0000         3.7630         0.0000         2.6500         2.1000
    4. CO                    1        98.1000         3.6500         0.0000         1.9500         1.8000
    5. H2O                   2       572.4000         2.6050         1.8440         0.0000         4.0000
    6. N2                    1        97.5300         3.6210         0.0000         1.7600         4.0000
------------------------------------------------------------------------------------------------------------------


---------------------------------------------------------------------------------------
                                  CHEMICAL REACTIONS                                   

                          Units: [mol, cm3, s] and [cal/mol]                           
---------------------------------------------------------------------------------------


      1. CH3OH + O2  => CO + 2H2O 
         k:       3.700000e+12	    0.00      30000.00
         Reaction order of species CH3OH              equal to 0.2500
         Reaction order of species O2                 equal to 1.5000


      2. 0.5O2 + CO  => CO2 
         k:       3.981072e+14	    0.00      40000.00
         Reaction order of species O2                 equal to 0.2500
         Reaction order of species CO                 equal to 1.0000
         Reaction order of species H2O                equal to 0.5000


      3. CO2  => 0.5O2 + CO 
         k:       5.000000e+08	    0.00      40000.00
         Reaction order of species CO2                equal to 1.0000


