------------------------------
  Elements     Atomic Weight  
------------------------------
  1.	C         12.01099968
  2.	H          1.00800002
  3.	O         15.99899960
  4.	N         14.00699997
------------------------------


--------------------------------------------------------------------------------------------------------------
                                                Molecular        Temperature        Elements
  Species                  Phase  Charge         weight         Low      High       C       H       O       N
--------------------------------------------------------------------------------------------------------------
    1. CH3OH                 G      0           32.041999    300.00   3500.00       1       4       1       0
    2. O2                    G      0           31.997999    300.00   3500.00       0       0       2       0
    3. CO2                   G      0           44.008999    300.00   3500.00       1       0       2       0
    4. CO                    G      0           28.009999    300.00   3500.00       1       0       1       0
    5. H2O                   G      0           18.015000    300.00   3500.00       0       2       1       0
    6. N2                    G      0           28.014000    300.00   3500.00       0       0       0       2
    7. CH3OH(L)              G      0           32.041999    300.00   3500.00       1       4       1       0
--------------------------------------------------------------------------------------------------------------

--------------------------------------------------------------------------------------------------------------
                                                Molecular        Temperature        Elements
  Species                  Phase  Charge         weight         Low      High       C       H       O       N
--------------------------------------------------------------------------------------------------------------
    6. N2                    G      0           28.014000    300.00   3500.00       0       0       0       2
    2. O2                    G      0           31.997999    300.00   3500.00       0       0       2       0
    5. H2O                   G      0           18.015000    300.00   3500.00       0       2       1       0
    4. CO                    G      0           28.009999    300.00   3500.00       1       0       1       0
    3. CO2                   G      0           44.008999    300.00   3500.00       1       0       2       0
    1. CH3OH                 G      0           32.041999    300.00   3500.00       1       4       1       0
    7. CH3OH(L)              G      0           32.041999    300.00   3500.00       1       4       1       0
--------------------------------------------------------------------------------------------------------------

---------------------------------------------------------------------------------------
                                LIQUID MECHANISM                                       
---------------------------------------------------------------------------------------

       Number of materials:       1
       Number of liquid species:   1

       Materials: 
       LIQUIDMIX

       ------------------------------------------------------------------------------------------------------------------
       LIQUIDMIX               global-index    liquid-index    local-index     
       ------------------------------------------------------------------------------------------------------------------
       CH3OH(L)                7               1               1               

--------------------------------------------------------------------------------------------------------
                                  CHEMICAL REACTIONS                                                  

                         Units: [kmol, m3, s] and [cal/mol]                                           
--------------------------------------------------------------------------------------------------------


