------------------------------
  Elements     Atomic Weight  
------------------------------
  1.	C         12.01099968
  2.	H          1.00800002
  3.	O         15.99899960
  4.	N         14.00699997
------------------------------


--------------------------------------------------------------------------------------------------------------
                                                Molecular        Temperature        Elements
  Species                  Phase  Charge         weight         Low      High       C       H       O       N
--------------------------------------------------------------------------------------------------------------
    1. C3H6O2                G      0           74.078998    300.00   3500.00       3       6       2       0
    2. C5H4O2                G      0           96.084998    300.00   4000.00       5       4       2       0
    3. CH3COOH               G      0           60.051999    300.00   4000.00       2       4       2       0
    4. C24H28O4              G      0          380.483991    300.00   4000.00      24      28       4       0
    5. C2H3CHO               G      0           56.063999    300.00   4000.00       3       4       1       0
    6. C6H5OCH3              G      0          108.139997    300.00   4000.00       7       8       1       0
    7. U2ME12                G      0          210.316995    300.00   4000.00      13      22       2       0
    8. MLINO                 G      0          294.478994    300.00   4000.00      19      34       2       0
    9. C2H4O2                G      0           60.051999    300.00   4000.00       2       4       2       0
   10. C2H2O2                G      0           58.035999    300.00   4000.00       2       2       2       0
   11. CH3CHO                G      0           44.052999    300.00   4000.00       2       4       1       0
   12. C6H6O3                G      0          126.110997    300.00   4000.00       6       6       3       0
   13. C2H5CHO               G      0           58.079999    300.00   4000.00       3       6       1       0
   14. CH3OH                 G      0           32.041999    300.00   4000.00       1       4       1       0
   15. CH2O                  G      0           30.025999    300.00   4000.00       1       2       1       0
   16. CO                    G      0           28.009999    300.00   4000.00       1       0       1       0
   17. CO2                   G      0           44.008999    300.00   4000.00       1       0       2       0
   18. H2                    G      0            2.016000    200.00   6000.00       0       2       0       0
   19. H2O                   G      0           18.015000    300.00   4000.00       0       2       1       0
   20. HCOOH                 G      0           46.024999    300.00   4000.00       1       2       2       0
   21. C6H10O5               G      0          162.140996    300.00   4000.00       6      10       5       0
   22. C2H5OH                G      0           46.068999    300.00   4000.00       2       6       1       0
   23. C2H4                  G      0           28.053999    300.00   4000.00       2       4       0       0
   24. CH4                   G      0           16.043000    300.00   4000.00       1       4       0       0
   25. C5H8O4                G      0          132.114997    300.00   4000.00       5       8       4       0
   26. C9H10O2               G      0          150.176996    300.00   4000.00       9      10       2       0
   27. C6H5OH                G      0           94.112998    300.00   4000.00       6       6       1       0
   28. C11H12O4              G      0          208.212995    300.00   3500.00      11      12       4       0
   29. N2                    G      0           28.014000    300.00   4000.00       0       0       0       2
   30. O2                    G      0           31.997999    300.00   4000.00       0       0       2       0
--------------------------------------------------------------------------------------------------------------

--------------------------------------------------------------------------------------------------------------
                                                Molecular        Temperature        Elements
  Species                  Phase  Charge         weight         Low      High       C       H       O       N
--------------------------------------------------------------------------------------------------------------
   29. N2                    G      0           28.014000    300.00   4000.00       0       0       0       2
   30. O2                    G      0           31.997999    300.00   4000.00       0       0       2       0
   18. H2                    G      0            2.016000    200.00   6000.00       0       2       0       0
   19. H2O                   G      0           18.015000    300.00   4000.00       0       2       1       0
   17. CO2                   G      0           44.008999    300.00   4000.00       1       0       2       0
   14. CH3OH                 G      0           32.041999    300.00   4000.00       1       4       1       0
   24. CH4                   G      0           16.043000    300.00   4000.00       1       4       0       0
   15. CH2O                  G      0           30.025999    300.00   4000.00       1       2       1       0
   20. HCOOH                 G      0           46.024999    300.00   4000.00       1       2       2       0
   16. CO                    G      0           28.009999    300.00   4000.00       1       0       1       0
   10. C2H2O2                G      0           58.035999    300.00   4000.00       2       2       2       0
    9. C2H4O2                G      0           60.051999    300.00   4000.00       2       4       2       0
    3. CH3COOH               G      0           60.051999    300.00   4000.00       2       4       2       0
   11. CH3CHO                G      0           44.052999    300.00   4000.00       2       4       1       0
   23. C2H4                  G      0           28.053999    300.00   4000.00       2       4       0       0
   22. C2H5OH                G      0           46.068999    300.00   4000.00       2       6       1       0
    1. C3H6O2                G      0           74.078998    300.00   3500.00       3       6       2       0
    5. C2H3CHO               G      0           56.063999    300.00   4000.00       3       4       1       0
   13. C2H5CHO               G      0           58.079999    300.00   4000.00       3       6       1       0
    2. C5H4O2                G      0           96.084998    300.00   4000.00       5       4       2       0
   25. C5H8O4                G      0          132.114997    300.00   4000.00       5       8       4       0
   27. C6H5OH                G      0           94.112998    300.00   4000.00       6       6       1       0
   12. C6H6O3                G      0          126.110997    300.00   4000.00       6       6       3       0
   21. C6H10O5               G      0          162.140996    300.00   4000.00       6      10       5       0
    6. C6H5OCH3              G      0          108.139997    300.00   4000.00       7       8       1       0
   26. C9H10O2               G      0          150.176996    300.00   4000.00       9      10       2       0
   28. C11H12O4              G      0          208.212995    300.00   3500.00      11      12       4       0
    7. U2ME12                G      0          210.316995    300.00   4000.00      13      22       2       0
    8. MLINO                 G      0          294.478994    300.00   4000.00      19      34       2       0
    4. C24H28O4              G      0          380.483991    300.00   4000.00      24      28       4       0
--------------------------------------------------------------------------------------------------------------

------------------------------------------------------------------------------------------------------------------
  Species                  Shape       eps/kb          sigma             mu           alfa        zRot298         
------------------------------------------------------------------------------------------------------------------
    1. C3H6O2                2       503.0720         5.3390         1.6700         7.0160         1.0000
    2. C5H4O2                2       524.6900         5.6530         0.0000         0.0000         1.0000
    3. CH3COOH               2       436.0000         3.9700         0.0000         0.0000         2.0000
    4. C24H28O4              2       436.0000         3.9700         0.0000         0.0000         2.0000
    5. C2H3CHO               2       443.2000         4.1200         0.0000         0.0000         1.0000
    6. C6H5OCH3              2       450.0000         5.5000         0.0000         0.0000         1.0000
    7. U2ME12                2       620.0000         8.0000         0.0000         0.0000         1.0000
    8. MLINO                 2       750.0000         8.3500         0.0000         0.0000         1.0000
    9. C2H4O2                2       496.0000         5.2000         0.0000         0.0000         1.0000
   10. C2H2O2                2       470.6000         4.4100         0.0000         0.0000         1.5000
   11. CH3CHO                2       436.0000         3.9700         0.0000         0.0000         2.0000
   12. C6H6O3                2       567.8410         5.9150         0.0000         0.0000         1.0000
   13. C2H5CHO               2       411.0000         4.8200         0.0000         0.0000         1.0000
   14. CH3OH                 2       481.8000         3.6260         0.0000         0.0000         1.0000
   15. CH2O                  2       498.0000         3.5900         0.0000         0.0000         2.0000
   16. CO                    1        98.1000         3.6500         0.0000         1.9500         1.8000
   17. CO2                   1       244.0000         3.7630         0.0000         2.6500         2.1000
   18. H2                    1        38.0000         2.9200         0.0000         0.7900       280.0000
   19. H2O                   2       572.4000         2.6050         1.8440         0.0000         4.0000
   20. HCOOH                 2       470.6000         3.8550         0.0000         0.0000         1.0000
   21. C6H10O5               2       568.5000         5.2300         0.0000        10.3000         1.0000
   22. C2H5OH                2       362.6000         4.5300         0.0000         0.0000         1.5000
   23. C2H4                  2       280.8000         3.9710         0.0000         0.0000         1.5000
   24. CH4                   2       141.4000         3.7460         0.0000         2.6000        13.0000
   25. C5H8O4                2       568.5000         5.2300         0.0000        10.3000         1.0000
   26. C9H10O2               2       663.4500         6.3620         0.0000         0.0000         1.0000
   27. C6H5OH                2       568.5000         5.2300         0.0000        10.3000         1.0000
   28. C11H12O4              2       663.4500         6.3620         0.0000         0.0000         1.0000
   29. N2                    1        97.5300         3.6210         0.0000         1.7600         4.0000
   30. O2                    1        97.5300         3.6210         0.0000         1.7600         4.0000
------------------------------------------------------------------------------------------------------------------


------------------------------------------------------------------------------------------------------------------
  Species                  Shape       eps/kb          sigma             mu           alfa        zRot298         
------------------------------------------------------------------------------------------------------------------
    1. C3H6O2                2       503.0720         5.3390         1.6700         7.0160         1.0000
    2. C5H4O2                2       524.6900         5.6530         0.0000         0.0000         1.0000
    3. CH3COOH               2       436.0000         3.9700         0.0000         0.0000         2.0000
    4. C24H28O4              2       436.0000         3.9700         0.0000         0.0000         2.0000
    5. C2H3CHO               2       443.2000         4.1200         0.0000         0.0000         1.0000
    6. C6H5OCH3              2       450.0000         5.5000         0.0000         0.0000         1.0000
    7. U2ME12                2       620.0000         8.0000         0.0000         0.0000         1.0000
    8. MLINO                 2       750.0000         8.3500         0.0000         0.0000         1.0000
    9. C2H4O2                2       496.0000         5.2000         0.0000         0.0000         1.0000
   10. C2H2O2                2       470.6000         4.4100         0.0000         0.0000         1.5000
   11. CH3CHO                2       436.0000         3.9700         0.0000         0.0000         2.0000
   12. C6H6O3                2       567.8410         5.9150         0.0000         0.0000         1.0000
   13. C2H5CHO               2       411.0000         4.8200         0.0000         0.0000         1.0000
   14. CH3OH                 2       481.8000         3.6260         0.0000         0.0000         1.0000
   15. CH2O                  2       498.0000         3.5900         0.0000         0.0000         2.0000
   16. CO                    1        98.1000         3.6500         0.0000         1.9500         1.8000
   17. CO2                   1       244.0000         3.7630         0.0000         2.6500         2.1000
   18. H2                    1        38.0000         2.9200         0.0000         0.7900       280.0000
   19. H2O                   2       572.4000         2.6050         1.8440         0.0000         4.0000
   20. HCOOH                 2       470.6000         3.8550         0.0000         0.0000         1.0000
   21. C6H10O5               2       568.5000         5.2300         0.0000        10.3000         1.0000
   22. C2H5OH                2       362.6000         4.5300         0.0000         0.0000         1.5000
   23. C2H4                  2       280.8000         3.9710         0.0000         0.0000         1.5000
   24. CH4                   2       141.4000         3.7460         0.0000         2.6000        13.0000
   25. C5H8O4                2       568.5000         5.2300         0.0000        10.3000         1.0000
   26. C9H10O2               2       663.4500         6.3620         0.0000         0.0000         1.0000
   27. C6H5OH                2       568.5000         5.2300         0.0000        10.3000         1.0000
   28. C11H12O4              2       663.4500         6.3620         0.0000         0.0000         1.0000
   29. N2                    1        97.5300         3.6210         0.0000         1.7600         4.0000
   30. O2                    1        97.5300         3.6210         0.0000         1.7600         4.0000
------------------------------------------------------------------------------------------------------------------


---------------------------------------------------------------------------------------
                                  CHEMICAL REACTIONS                                   

                          Units: [mol, cm3, s] and [cal/mol]                           
---------------------------------------------------------------------------------------


      1. N2  => N2 
         k:       1.000000e+01	    0.00      10000.00


