------------------------------
  Elements     Atomic Weight  
------------------------------
  1.	C         12.01099968
  2.	H          1.00800002
  3.	O         15.99899960
  4.	N         14.00699997
------------------------------


--------------------------------------------------------------------------------------------------------------
                                                Molecular        Temperature        Elements
  Species                  Phase  Charge         weight         Low      High       C       H       O       N
--------------------------------------------------------------------------------------------------------------
    1. C3H6O2                G      0           74.078998    300.00   3500.00       3       6       2       0
    2. C5H4O2                G      0           96.084998    300.00   4000.00       5       4       2       0
    3. CH3COOH               G      0           60.051999    300.00   4000.00       2       4       2       0
    4. C24H28O4              G      0          380.483991    300.00   4000.00      24      28       4       0
    5. C2H3CHO               G      0           56.063999    300.00   4000.00       3       4       1       0
    6. C6H5OCH3              G      0          108.139997    300.00   4000.00       7       8       1       0
    7. U2ME12                G      0          210.316995    300.00   4000.00      13      22       2       0
    8. MLINO                 G      0          294.478994    300.00   4000.00      19      34       2       0
    9. C2H4O2                G      0           60.051999    300.00   4000.00       2       4       2       0
   10. C2H2O2                G      0           58.035999    300.00   4000.00       2       2       2       0
   11. CH3CHO                G      0           44.052999    300.00   4000.00       2       4       1       0
   12. C6H6O3                G      0          126.110997    300.00   4000.00       6       6       3       0
   13. C2H5CHO               G      0           58.079999    300.00   4000.00       3       6       1       0
   14. CH3OH                 G      0           32.041999    300.00   4000.00       1       4       1       0
   15. CH2O                  G      0           30.025999    300.00   4000.00       1       2       1       0
   16. CO                    G      0           28.009999    300.00   4000.00       1       0       1       0
   17. CO2                   G      0           44.008999    300.00   4000.00       1       0       2       0
   18. H2                    G      0            2.016000    200.00   6000.00       0       2       0       0
   19. H2O                   G      0           18.015000    300.00   4000.00       0       2       1       0
   20. HCOOH                 G      0           46.024999    300.00   4000.00       1       2       2       0
   21. C6H10O5               G      0          162.140996    300.00   4000.00       6      10       5       0
   22. C2H5OH                G      0           46.068999    300.00   4000.00       2       6       1       0
   23. C2H4                  G      0           28.053999    300.00   4000.00       2       4       0       0
   24. CH4                   G      0           16.043000    300.00   4000.00       1       4       0       0
   25. C5H8O4                G      0          132.114997    300.00   4000.00       5       8       4       0
   26. C9H10O2               G      0          150.176996    300.00   4000.00       9      10       2       0
   27. C6H5OH                G      0           94.112998    300.00   4000.00       6       6       1       0
   28. C11H12O4              G      0          208.212995    300.00   3500.00      11      12       4       0
   29. N2                    G      0           28.014000    300.00   4000.00       0       0       0       2
   30. O2                    G      0           31.997999    300.00   4000.00       0       0       2       0
   31. CELL                  S      0          162.140996    300.00   4000.00       6      10       5       0
   32. CELLA                 S      0          162.140996    300.00   4000.00       6      10       5       0
   33. HCE                   S      0          132.114997    300.00   4000.00       5       8       4       0
   34. HCE1                  S      0          132.114997    300.00   4000.00       5       8       4       0
   35. HCE2                  S      0          132.114997    300.00   4000.00       5       8       4       0
   36. LIGC                  S      0          258.272994    300.00   4000.00      15      14       4       0
   37. LIGCC                 S      0          258.272994    300.00   4000.00      15      14       4       0
   38. LIGH                  S      0          436.456990    300.00   4000.00      22      28       9       0
   39. LIGOH                 S      0          378.376991    300.00   4000.00      19      22       8       0
   40. LIGO                  S      0          422.385990    300.00   4000.00      20      22      10       0
   41. LIG                   S      0          208.212995    300.00   4000.00      11      12       4       0
   42. CH4S                  S      0           16.043000    300.00   4000.00       1       4       0       0
   43. H2S                   S      0            2.016000    300.00   4000.00       0       2       0       0
   44. CO2S                  S      0           44.008999    300.00   4000.00       1       0       2       0
   45. COH2S                 S      0           30.025999    300.00   4000.00       1       2       1       0
   46. CH3OHS                S      0           32.041999    300.00   4000.00       1       4       1       0
   47. C2H4S                 S      0           28.053999    300.00   4000.00       2       4       0       0
   48. COS                   S      0           28.009999    300.00   4000.00       1       0       1       0
   49. CHAR                  S      0           12.011000    300.00   4000.00       1       0       0       0
   50. ASH                   S      0          100.119998    300.00   4000.00       8       4       0       0
   51. ACQUA                 S      0           18.015000    300.00   4000.00       0       2       1       0
--------------------------------------------------------------------------------------------------------------

--------------------------------------------------------------------------------------------------------------
                                                Molecular        Temperature        Elements
  Species                  Phase  Charge         weight         Low      High       C       H       O       N
--------------------------------------------------------------------------------------------------------------
   30. O2                    G      0           31.997999    300.00   4000.00       0       0       2       0
   29. N2                    G      0           28.014000    300.00   4000.00       0       0       0       2
   43. H2S                   S      0            2.016000    300.00   4000.00       0       2       0       0
   19. H2O                   G      0           18.015000    300.00   4000.00       0       2       1       0
   51. ACQUA                 S      0           18.015000    300.00   4000.00       0       2       1       0
   18. H2                    G      0            2.016000    200.00   6000.00       0       2       0       0
   20. HCOOH                 G      0           46.024999    300.00   4000.00       1       2       2       0
   14. CH3OH                 G      0           32.041999    300.00   4000.00       1       4       1       0
   42. CH4S                  S      0           16.043000    300.00   4000.00       1       4       0       0
   46. CH3OHS                S      0           32.041999    300.00   4000.00       1       4       1       0
   24. CH4                   G      0           16.043000    300.00   4000.00       1       4       0       0
   15. CH2O                  G      0           30.025999    300.00   4000.00       1       2       1       0
   45. COH2S                 S      0           30.025999    300.00   4000.00       1       2       1       0
   16. CO                    G      0           28.009999    300.00   4000.00       1       0       1       0
   17. CO2                   G      0           44.008999    300.00   4000.00       1       0       2       0
   44. CO2S                  S      0           44.008999    300.00   4000.00       1       0       2       0
   48. COS                   S      0           28.009999    300.00   4000.00       1       0       1       0
   49. CHAR                  S      0           12.011000    300.00   4000.00       1       0       0       0
   23. C2H4                  G      0           28.053999    300.00   4000.00       2       4       0       0
   22. C2H5OH                G      0           46.068999    300.00   4000.00       2       6       1       0
   11. CH3CHO                G      0           44.052999    300.00   4000.00       2       4       1       0
   47. C2H4S                 S      0           28.053999    300.00   4000.00       2       4       0       0
   10. C2H2O2                G      0           58.035999    300.00   4000.00       2       2       2       0
    9. C2H4O2                G      0           60.051999    300.00   4000.00       2       4       2       0
    3. CH3COOH               G      0           60.051999    300.00   4000.00       2       4       2       0
    5. C2H3CHO               G      0           56.063999    300.00   4000.00       3       4       1       0
   13. C2H5CHO               G      0           58.079999    300.00   4000.00       3       6       1       0
    1. C3H6O2                G      0           74.078998    300.00   3500.00       3       6       2       0
    2. C5H4O2                G      0           96.084998    300.00   4000.00       5       4       2       0
   35. HCE2                  S      0          132.114997    300.00   4000.00       5       8       4       0
   25. C5H8O4                G      0          132.114997    300.00   4000.00       5       8       4       0
   33. HCE                   S      0          132.114997    300.00   4000.00       5       8       4       0
   34. HCE1                  S      0          132.114997    300.00   4000.00       5       8       4       0
   12. C6H6O3                G      0          126.110997    300.00   4000.00       6       6       3       0
   27. C6H5OH                G      0           94.112998    300.00   4000.00       6       6       1       0
   21. C6H10O5               G      0          162.140996    300.00   4000.00       6      10       5       0
   32. CELLA                 S      0          162.140996    300.00   4000.00       6      10       5       0
   31. CELL                  S      0          162.140996    300.00   4000.00       6      10       5       0
    6. C6H5OCH3              G      0          108.139997    300.00   4000.00       7       8       1       0
   50. ASH                   S      0          100.119998    300.00   4000.00       8       4       0       0
   26. C9H10O2               G      0          150.176996    300.00   4000.00       9      10       2       0
   28. C11H12O4              G      0          208.212995    300.00   3500.00      11      12       4       0
   41. LIG                   S      0          208.212995    300.00   4000.00      11      12       4       0
    7. U2ME12                G      0          210.316995    300.00   4000.00      13      22       2       0
   37. LIGCC                 S      0          258.272994    300.00   4000.00      15      14       4       0
   36. LIGC                  S      0          258.272994    300.00   4000.00      15      14       4       0
   39. LIGOH                 S      0          378.376991    300.00   4000.00      19      22       8       0
    8. MLINO                 G      0          294.478994    300.00   4000.00      19      34       2       0
   40. LIGO                  S      0          422.385990    300.00   4000.00      20      22      10       0
   38. LIGH                  S      0          436.456990    300.00   4000.00      22      28       9       0
    4. C24H28O4              G      0          380.483991    300.00   4000.00      24      28       4       0
--------------------------------------------------------------------------------------------------------------

---------------------------------------------------------------------------------------
                                SOLID MECHANISM                                      
---------------------------------------------------------------------------------------

       Number of materials:       1
       Number of solid species:   21

       Materials: 
       BIOMASS

       ------------------------------------------------------------------------------------------------------------------
       BIOMASS                 global-index    solid-index     local-index     
       ------------------------------------------------------------------------------------------------------------------
       CELL                    31              1               1               
       CELLA                   32              2               2               
       HCE                     33              3               3               
       HCE1                    34              4               4               
       HCE2                    35              5               5               
       LIGC                    36              6               6               
       LIGCC                   37              7               7               
       LIGH                    38              8               8               
       LIGOH                   39              9               9               
       LIGO                    40              10              10              
       LIG                     41              11              11              
       CH4S                    42              12              12              
       H2S                     43              13              13              
       CO2S                    44              14              14              
       COH2S                   45              15              15              
       CH3OHS                  46              16              16              
       C2H4S                   47              17              17              
       COS                     48              18              18              
       CHAR                    49              19              19              
       ASH                     50              20              20              
       ACQUA                   51              21              21              

--------------------------------------------------------------------------------------------------------
                                  CHEMICAL REACTIONS                                                  

                         Units: [kmol, m3, s] and [cal/mol]                                           
--------------------------------------------------------------------------------------------------------


      1. CELL  => CELLA 
         k:       4.000000e+13	    0.00      45000.00


      2. CELLA  => 0.45C2H4O2 + 0.2C2H2O2 + 0.1CH3CHO + 0.25C6H6O3 + 0.3C2H5CHO + 0.15CH3OH + 0.4CH2O + 0.31CO + 0.41CO2 + 0.05H2 + 0.83H2O + 0.02HCOOH + 0.2CH4S + 0.05H2S + 0.61CHAR 
         k:       2.000000e+06	    0.00      19100.00


      3. CELLA  => C6H10O5 
         k:       4.000000e+00	    1.00      10000.00


      4. CELL  => 5H2O + 6CHAR 
         k:       6.500000e+07	    0.00      31000.00


      5. HCE  => 0.58HCE1 + 0.42HCE2 
         k:       1.000000e+10	    0.00      31000.00


      6. HCE1  => 0.1CH3OH + 0.8CH2O + 0.5CO + 0.5CO2 + 0.025H2O + 0.025HCOOH + 0.125C2H5OH + 0.25C2H4 + 0.325CH4 + 0.125H2S + 0.275CO2S + 0.4COH2S + 0.45CH3OHS + 0.875CHAR 
         k:       1.200000e+09	    0.00      30000.00


      7. HCE1  => 0.3CH2O + 0.1CO + 0.8CO2 + 0.25H2O + 0.05HCOOH + 0.625CH4S + 0.2H2S + 0.15CO2S + 1.2COH2S + 0.375C2H4S + 0.15COS + 0.875CHAR 
         k:       1.500000e-01	    1.00       8000.00


      8. HCE1  => C5H8O4 
         k:       3.000000e+00	    1.00      11000.00


      9. HCE2  => 0.2C2H4O2 + 0.5CH2O + 0.175CO + 0.275CO2 + 0.2H2O + 0.025HCOOH + 0.1C2H5OH + 0.25CH4S + 0.4CO2S + 0.925COH2S + 0.3CH3OHS + 0.275C2H4S + CHAR 
         k:       5.000000e+09	    0.00      33000.00


     10. LIGC  => 0.3CH2O + 0.32CO + H2O + 0.41C2H4 + 0.1C9H10O2 + 0.08C6H5OH + 0.35LIGCC + 0.495CH4S + 0.7COH2S + 5.735CHAR 
         k:       1.330000e+15	    0.00      48500.00


     11. LIGH  => 0.25C2H4O2 + 0.5C2H5CHO + 0.5C2H4 + LIGOH 
         k:       6.700000e+12	    0.00      37500.00


     12. LIGO  => CO2 + LIGOH 
         k:       3.300000e+08	    0.00      25500.00


     13. LIGCC  => 0.35C2H4O2 + 0.4CO + 0.7H2O + 0.3C9H10O2 + 0.2C6H5OH + 0.65CH4S + COH2S + 0.6C2H4S + 0.4COS + 6.75CHAR 
         k:       1.670000e+06	    0.00      31500.00


     14. LIGOH  => 0.6CH3OH + 0.55CO + 0.05CO2 + 0.9H2O + 0.05HCOOH + 0.1CH4 + LIG + 0.35CH4S + 0.1H2S + 0.85COH2S + 0.3CH3OHS + 0.2C2H4S + 0.6COS + 4.15CHAR 
         k:       1.000000e+08	    0.00      30000.00


     15. LIG  => C11H12O4 
         k:       4.000000e+00	    1.00      12000.00


     16. LIG  => 0.2CH3CHO + 0.2C2H5CHO + 0.4CH3OH + 0.2CH2O + CO + 0.95H2O + 0.05HCOOH + 0.2CH4 + 0.4CH4S + 0.5COH2S + 0.65C2H4S + 0.45COS + 5.5CHAR 
         k:       4.000000e+08	    0.00      30000.00


     17. LIG  => 0.4CH2O + 0.4CO + 0.6H2O + 0.2CH4 + 0.4CH4S + 2COH2S + 0.4CH3OHS + 0.5C2H4S + 0.2COS + 6CHAR 
         k:       8.300000e-02	    1.00       8000.00


     18. CO2S  => CO2 
         k:       1.000000e+06	    0.00      24000.00


     19. COS  => CO 
         k:       5.000000e+12	    0.00      50000.00


     20. COH2S  => CO + H2 
         k:       5.000000e+11	    0.00      71000.00


     21. H2S  => H2 
         k:       5.000000e+11	    0.00      75000.00


     22. CH4S  => CH4 
         k:       5.000000e+12	    0.00      71667.00


     23. CH3OHS  => CH3OH 
         k:       2.000000e+12	    0.00      50000.00


     24. C2H4S  => C2H4 
         k:       5.000000e+12	    0.00      71667.00


     25. ACQUA  => H2O 
         k:       1.000000e+00	    1.00       7644.00


